accionnoencontrada| |lavarsemanos| |2015-06-17T08:57:32.0000000Z
accionnoencontrada| |lavarsemanos| |2015-06-17T08:57:40.0000000Z
accionnoencontrada| |lavarsemanos| |2015-06-17T08:57:54.0000000Z
accionrealizada|f1t6|llenarvasoconagua|llenarvasoconagua|2015-06-17T08:59:19.0000000Z
dependenciasnobloq|f1t20|apagaragitador| f1t16|2015-06-17T09:02:27.0000000Z
accionrealizada|f1t28|entregarbotellaautoclavada|entregarbotellaautoclavada|2015-06-17T09:06:31.0000000Z
accionrealizada|f1t28|entregarbotellaautoclavada|entregarbotellaautoclavada|2015-06-17T09:06:38.0000000Z
accionnoencontrada| |tomartampote| |2015-06-17T09:11:39.0000000Z
accionrealizada|f1t21|entregarbotella|entregarbotella|2015-06-17T09:13:26.0000000Z
accionrealizada|f1t21|entregarbotella|entregarbotella|2015-06-17T09:13:34.0000000Z
accionnoencontrada| |entregarchopocrecido| |2015-06-17T09:21:35.0000000Z
accionnoencontrada| |bloquearpoyata| |2015-06-17T09:22:21.0000000Z
accionnoencontrada| |bloquearpoyata| |2015-06-17T09:22:26.0000000Z
dependenciabloq|f2t22|tomartampote|f2t6|2015-06-17T09:27:08.0000000Z
accionnoencontrada| |bloquearpoyata| |2015-06-17T09:29:54.0000000Z
dependenciabloq|f2t33|iniciarmezcla|f2t29|2015-06-17T09:36:19.0000000Z
dependenciabloq|f2t33|iniciarmezcla|f2t29|2015-06-17T09:36:24.0000000Z
dependenciabloq|f2t33|iniciarmezcla|f2t29|2015-06-17T09:37:17.0000000Z
dependenciabloq|f2t33|iniciarmezcla|f2t29|2015-06-17T09:37:25.0000000Z
dependenciabloq|f2t33|iniciarmezcla|f2t29|2015-06-17T09:37:51.0000000Z
dependenciabloq|f2t33|iniciarmezcla|f2t29|2015-06-17T09:37:55.0000000Z
dependenciabloq|f2t33|iniciarmezcla|f2t29|2015-06-17T09:37:58.0000000Z
dependenciabloq|f2t33|iniciarmezcla|f2t29|2015-06-17T09:38:02.0000000Z
dependenciabloq|f2t33|iniciarmezcla|f2t29|2015-06-17T09:38:17.0000000Z
dependenciabloq|f2t33|iniciarmezcla|f2t29|2015-06-17T09:38:26.0000000Z
dependenciabloq|f2t33|iniciarmezcla|f2t29|2015-06-17T09:38:30.0000000Z
dependenciabloq|f2t33|iniciarmezcla|f2t29|2015-06-17T09:38:34.0000000Z
dependenciabloq|f2t33|iniciarmezcla|f2t29|2015-06-17T09:38:38.0000000Z
dependenciabloq|f2t33|iniciarmezcla|f2t29|2015-06-17T09:38:42.0000000Z
dependenciabloq|f2t33|iniciarmezcla|f2t29|2015-06-17T09:38:51.0000000Z
dependenciabloq|f2t33|iniciarmezcla|f2t29|2015-06-17T09:38:58.0000000Z
dependenciabloq|f2t33|iniciarmezcla|f2t29|2015-06-17T09:39:04.0000000Z
dependenciabloq|f2t33|iniciarmezcla|f2t29|2015-06-17T09:39:08.0000000Z
dependenciabloq|f2t33|iniciarmezcla|f2t29|2015-06-17T09:39:12.0000000Z
dependenciabloq|f2t33|iniciarmezcla|f2t29|2015-06-17T09:39:16.0000000Z
dependenciabloq|f2t33|iniciarmezcla|f2t29|2015-06-17T09:39:19.0000000Z
dependenciabloq|f2t33|iniciarmezcla|f2t29|2015-06-17T09:40:40.0000000Z
dependenciabloq|f2t33|iniciarmezcla|f2t29|2015-06-17T09:40:50.0000000Z
dependenciabloq|f2t33|iniciarmezcla|f2t29|2015-06-17T09:40:56.0000000Z
dependenciabloq|f2t33|iniciarmezcla|f2t29|2015-06-17T09:41:00.0000000Z
dependenciabloq|f2t33|iniciarmezcla|f2t29|2015-06-17T09:41:04.0000000Z
dependenciabloq|f2t33|iniciarmezcla|f2t29|2015-06-17T09:41:31.0000000Z
dependenciabloq|f2t33|iniciarmezcla|f2t29|2015-06-17T09:41:40.0000000Z
dependenciabloq|f2t33|iniciarmezcla|f2t29|2015-06-17T09:41:44.0000000Z
dependenciabloq|f2t33|iniciarmezcla|f2t29|2015-06-17T09:42:03.0000000Z
dependenciabloq|f2t33|iniciarmezcla|f2t29|2015-06-17T09:42:13.0000000Z
dependenciabloq|f2t33|iniciarmezcla|f2t29|2015-06-17T09:45:03.0000000Z
dependenciabloq|f2t33|iniciarmezcla|f2t29|2015-06-17T09:45:10.0000000Z
dependenciabloq|f2t12|tomardntp|f2t6|2015-06-17T09:46:35.0000000Z
dependenciabloq|f2t33|iniciarmezcla|f2t31|2015-06-17T09:46:53.0000000Z
dependenciabloq|f2t33|iniciarmezcla|f2t31|2015-06-17T09:47:00.0000000Z
dependenciabloq|f2t33|iniciarmezcla|f2t31|2015-06-17T09:48:15.0000000Z
dependenciabloq|f2t33|iniciarmezcla|f2t31|2015-06-17T09:48:34.0000000Z
dependenciabloq|f2t33|iniciarmezcla|f2t31|2015-06-17T09:48:39.0000000Z
dependenciabloq|f2t32|cargarpuntaamarilla|f2t31|2015-06-17T09:48:44.0000000Z
dependenciabloq|f2t33|iniciarmezcla|f2t31|2015-06-17T09:48:52.0000000Z
dependenciabloq|f2t32|cargarpuntaamarilla|f2t31|2015-06-17T09:49:11.0000000Z
accionrealizada|f2t32|cargarpuntaamarilla|cargarpuntaamarilla|2015-06-17T09:49:35.0000000Z
accionnoencontrada| |sacartuboligacion| |2015-06-17T09:49:46.0000000Z
accionnoencontrada| |sacartuboligacion| |2015-06-17T09:50:30.0000000Z
accionnoencontrada| |sacartuboligacion| |2015-06-17T09:50:32.0000000Z
accionrealizada|f2t33|iniciarmezcla|iniciarmezcla|2015-06-17T09:53:36.0000000Z
accionrealizada|f2t34|agregaradn|agregaradn|2015-06-17T09:54:27.0000000Z
accionnoencontrada| |tomaradnplasmidico| |2015-06-17T09:56:00.0000000Z
accionrealizada|f2t31|adjuntarpipetaamarilla|adjuntarpipetaamarilla|2015-06-17T09:56:50.0000000Z
accionnoencontrada| |sacartuboligacion| |2015-06-17T09:56:57.0000000Z
accionrealizada|f2t31|adjuntarpipetaamarilla|adjuntarpipetaamarilla|2015-06-17T09:58:51.0000000Z
accionnoencontrada| |sacartuboligacion| |2015-06-17T09:58:54.0000000Z
accionnoencontrada| |sacartuboligacion| |2015-06-17T09:58:57.0000000Z
accionrealizada|f2t32|cargarpuntaamarilla|cargarpuntaamarilla|2015-06-17T09:59:05.0000000Z
accionnoencontrada| |sacartuboligacion| |2015-06-17T09:59:08.0000000Z
accionnoencontrada| |sacartuboligacion| |2015-06-17T09:59:11.0000000Z
dependenciasnobloq|f2t52|finmezcla|f2t38|2015-06-17T09:59:37.0000000Z
accionrealizada|f2t54|entregartubomezcla|entregartubomezcla|2015-06-17T10:01:26.0000000Z
accionrealizada|f2t54|entregartubomezcla|entregartubomezcla|2015-06-17T10:01:29.0000000Z
accionrealizada|f2t57|cerrarpcr|cerrarpcr|2015-06-17T10:02:24.0000000Z
accionrealizada|f2t58|amplificarfragmento|amplificarfragmento|2015-06-17T10:02:40.0000000Z
accionnoencontrada| |encendertermobloque| |2015-06-17T10:11:40.0000000Z
accionnoencontrada| |encendertermobloque| |2015-06-17T10:11:45.0000000Z
dependenciabloq|f3t60|guardarligacion|f3t59|2015-06-17T10:13:27.0000000Z
accionnoencontrada| |encendertermobloque| |2015-06-17T10:14:06.0000000Z
accionnoencontrada| |encendertermobloque| |2015-06-17T10:14:09.0000000Z
accionnoencontrada| |encendertermobloque| |2015-06-17T10:14:25.0000000Z
dependenciabloq|f3t32|iniciarmezcla|f3t28|2015-06-17T10:18:17.0000000Z
accionnoencontrada| |entregarpipetaazul| |2015-06-17T10:18:32.0000000Z
dependenciabloq|f3t32|iniciarmezcla|f3t30|2015-06-17T10:19:22.0000000Z
dependenciabloq|f3t32|iniciarmezcla|f3t30|2015-06-17T10:19:30.0000000Z
dependenciabloq|f3t32|iniciarmezcla|f3t30|2015-06-17T10:19:41.0000000Z
dependenciabloq|f3t32|iniciarmezcla|f3t30|2015-06-17T10:20:17.0000000Z
accionnoencontrada| |entregarboteeppendorf| |2015-06-17T10:20:34.0000000Z
accionnoencontrada| |entregarboteeppendorf| |2015-06-17T10:20:45.0000000Z
accionrealizada|f3t29|entregarpipetaamarilla|entregarpipetaamarilla|2015-06-17T10:21:05.0000000Z
accionrealizada|f3t32|iniciarmezcla|iniciarmezcla|2015-06-17T10:21:35.0000000Z
accionrealizada|f3t32|iniciarmezcla|iniciarmezcla|2015-06-17T10:21:42.0000000Z
accionrealizada|f3t32|iniciarmezcla|iniciarmezcla|2015-06-17T10:21:49.0000000Z
accionrealizada|f3t8|tomarmezclapcr|tomarmezclapcr|2015-06-17T10:25:39.0000000Z
accionrealizada|f3t8|tomarmezclapcr|tomarmezclapcr|2015-06-17T10:25:53.0000000Z
accionrealizada|f3t32|iniciarmezcla|iniciarmezcla|2015-06-17T10:26:32.0000000Z
accionrealizada|f3t32|iniciarmezcla|iniciarmezcla|2015-06-17T10:26:36.0000000Z
dependenciasnobloq|f3t52|finmezcla|f3t34|2015-06-17T10:27:02.0000000Z
incompatibilidadnobloq|f3t52|finmezcla|f3t43|2015-06-17T10:27:18.0000000Z
accionrealizada|f3t53|soltarpipetaamarilla|soltarpipetaamarilla|2015-06-17T10:28:38.0000000Z
accionrealizada|f3t53|soltarpipetaamarilla|soltarpipetaamarilla|2015-06-17T10:28:43.0000000Z
accionrealizada|f3t53|soltarpipetaamarilla|soltarpipetaamarilla|2015-06-17T10:28:50.0000000Z
dependenciabloq|f3t57|cerrartermobloque|f3t56|2015-06-17T10:30:17.0000000Z
accionnoencontrada| |encendertermobloque| |2015-06-17T10:30:49.0000000Z
accionnoencontrada| |encendertermobloque| |2015-06-17T10:30:52.0000000Z
accionnoencontrada| |encendertermobloque| |2015-06-17T10:31:05.0000000Z
accionrealizada|f3t55|abrirtermobloque|abrirtermobloque|2015-06-17T10:32:58.0000000Z
accionrealizada|f3t57|cerrartermobloque|cerrartermobloque|2015-06-17T10:33:30.0000000Z
accionrealizada|f3t57|cerrartermobloque|cerrartermobloque|2015-06-17T10:33:38.0000000Z
accionrealizada|f3t57|cerrartermobloque|cerrartermobloque|2015-06-17T10:33:47.0000000Z
accionnoencontrada| |encenderpcr| |2015-06-17T10:33:50.0000000Z
accionrealizada|f3t58|amplificarfragmento|amplificarfragmento|2015-06-17T10:34:10.0000000Z
accionrealizada|f3t58|amplificarfragmento|amplificarfragmento|2015-06-17T10:34:15.0000000Z
accionrealizada|f3t60|guardarligacion|guardarligacion|2015-06-17T10:36:37.0000000Z
