dependenciabloq|f0t8|entregarguantes|f0t7|2013-05-23T14:59:17.0000000Z
dependenciabloq|f0t8|entregarguantes|f0t7|2013-05-23T14:59:39.0000000Z
dependenciabloq|f0t8|entregarguantes|f0t7|2013-05-23T15:06:44.0000000Z
accionrealizada|f0t8|entregarguantes|entregarguantes|2013-05-23T15:08:27.0000000Z
accionrealizada|f1t13|agregarsacarosa|agregarsacarosa|2013-05-23T15:13:21.0000000Z
dependenciasnobloq|f1t20|apagaragitador| f1t14-f1t16-ord_f1t20|2013-05-23T15:14:48.0000000Z
accionrealizada|f1t27|autoclavar|autoclavar|2013-05-23T15:27:30.0000000Z
accionrealizada|f1t27|autoclavar|autoclavar|2013-05-23T15:27:33.0000000Z
dependenciabloq|f1t28|entregarbotellaautoclavada|f1t27|2013-05-23T15:27:33.0000000Z
dependenciabloq|f1t28|entregarbotellaautoclavada|f1t27|2013-05-23T15:27:35.0000000Z
accionrealizada|f1t34|entregarbandeja|entregarbandeja|2013-05-23T15:33:26.0000000Z
dependenciabloq|f2t9|tomaroligonucleicoder|f2t6|2013-05-23T15:50:19.0000000Z
accionnoencontrada| |tomaradnplasmidico| |2013-05-23T15:54:22.0000000Z
dependenciabloq|f2t32|cargarpuntaamarilla|f2t31|2013-05-23T15:57:34.0000000Z
dependenciabloq|f2t32|cargarpuntaamarilla|f2t31|2013-05-23T15:57:57.0000000Z
dependenciabloq|f2t33|iniciarmezcla|f2t31|2013-05-23T15:58:29.0000000Z
dependenciabloq|f2t32|cargarpuntaamarilla|f2t31|2013-05-23T15:58:31.0000000Z
dependenciasnobloq|f2t52|finmezcla|f2t34-f2t35-f2t36-f2t37-f2t38-f2t39-f2t40-f2t41|2013-05-23T16:00:22.0000000Z
dependenciabloq|f2t57|cerrarpcr|f2t56|2013-05-23T16:01:21.0000000Z
dependenciabloq|f3t1|encendertermobloque|f2t60|2013-05-23T16:01:29.0000000Z
dependenciabloq|f2t57|cerrarpcr|f2t56|2013-05-23T16:01:40.0000000Z
dependenciabloq|f3t1|encendertermobloque|f2t60|2013-05-23T16:01:43.0000000Z
dependenciabloq|f2t60|guardarpcr|f2t59|2013-05-23T16:02:39.0000000Z
dependenciabloq|f2t23|tomarmezclapcr|f2t6|2013-05-23T16:03:12.0000000Z
dependenciabloq|f2t57|cerrarpcr|f2t56|2013-05-23T16:04:01.0000000Z
dependenciabloq|f2t57|cerrarpcr|f2t56|2013-05-23T16:05:48.0000000Z
dependenciabloq|f2t60|guardarpcr|f2t59|2013-05-23T16:06:07.0000000Z
dependenciabloq|f3t1|encendertermobloque|f2t60|2013-05-23T16:11:21.0000000Z
dependenciabloq|f2t57|cerrarpcr|f2t56|2013-05-23T16:13:15.0000000Z
dependenciabloq|f3t1|encendertermobloque|f2t60|2013-05-23T16:13:19.0000000Z
dependenciabloq|f2t57|cerrarpcr|f2t56|2013-05-23T16:13:37.0000000Z
dependenciabloq|f2t60|guardarpcr|f2t59|2013-05-23T16:15:38.0000000Z
dependenciabloq|f2t57|cerrarpcr|f2t56|2013-05-23T16:21:08.0000000Z
accionrealizada|f3t5|entregarbandejahielo|entregarbandejahielo|2013-05-23T16:31:55.0000000Z
accionnoencontrada| |encenderpcr| |2013-05-23T16:34:48.0000000Z
accionrealizada|f3t5|entregarbandejahielo|entregarbandejahielo|2013-05-23T16:34:53.0000000Z
accionrealizada|f3t5|entregarbandejahielo|entregarbandejahielo|2013-05-23T16:34:56.0000000Z
accionnoencontrada| |tomaragrobacterium| |2013-05-23T16:39:02.0000000Z
accionnoencontrada| |tomaragrobacterium| |2013-05-23T16:39:33.0000000Z
accionnoencontrada| |tomaragrobacterium| |2013-05-23T16:41:33.0000000Z
accionrealizada|f3t5|entregarbandejahielo|entregarbandejahielo|2013-05-23T16:42:02.0000000Z
accionnoencontrada| |entregarguantes| |2013-05-23T16:43:14.0000000Z
accionnoencontrada| |entregarguantes| |2013-05-23T16:46:15.0000000Z
accionrealizada|f3t32|iniciarmezcla|iniciarmezcla|2013-05-23T16:49:31.0000000Z
dependenciasnobloq|f3t52|finmezcla|f3t34-f3t35-f3t36-f3t37|2013-05-23T16:49:56.0000000Z
accionnoencontrada| |encendertermobloque| |2013-05-23T16:50:43.0000000Z
dependenciabloq|f3t57|cerrartermobloque|f3t56|2013-05-23T16:50:53.0000000Z
accionnoencontrada| |lavarsemanos| |2013-05-23T16:53:32.0000000Z
