accionnoencontrada| |entregarbata| |2013-05-08T14:31:42.0000000Z
accionnoencontrada| |entregarbata| |2013-05-08T14:31:44.0000000Z
dependenciabloq|f0t8|entregarguantes|f0t7|2013-05-08T14:39:35.0000000Z
accionnoencontrada| |leerprotocolo| |2013-05-08T14:47:27.0000000Z
accionnoencontrada| |leerprotocolo| |2013-05-08T14:47:33.0000000Z
accionnoencontrada| |leerprotocolo| |2013-05-08T14:47:35.0000000Z
accionnoencontrada| |leerprotocolo| |2013-05-08T14:47:37.0000000Z
accionnoencontrada| |leerprotocolo| |2013-05-08T14:47:39.0000000Z
dependenciabloq|f1t36|llenarbotes|f1t32|2013-05-08T14:57:13.0000000Z
dependenciabloq|f1t36|llenarbotes|f1t32|2013-05-08T14:57:18.0000000Z
dependenciabloq|f1t36|llenarbotes|f1t32|2013-05-08T14:57:20.0000000Z
dependenciabloq|f1t36|llenarbotes|f1t32|2013-05-08T14:57:22.0000000Z
dependenciabloq|f1t36|llenarbotes|f1t32|2013-05-08T14:57:37.0000000Z
dependenciabloq|f1t36|llenarbotes|f1t32|2013-05-08T14:57:41.0000000Z
dependenciabloq|f1t36|llenarbotes|f1t32|2013-05-08T14:57:43.0000000Z
dependenciabloq|f1t36|llenarbotes|f1t32|2013-05-08T14:57:45.0000000Z
dependenciabloq|f1t36|llenarbotes|f1t32|2013-05-08T14:57:47.0000000Z
dependenciabloq|f1t36|llenarbotes|f1t32|2013-05-08T14:57:49.0000000Z
dependenciabloq|f1t36|llenarbotes|f1t32|2013-05-08T14:57:51.0000000Z
dependenciabloq|f1t36|llenarbotes|f1t32|2013-05-08T14:58:00.0000000Z
dependenciabloq|f1t36|llenarbotes|f1t32|2013-05-08T14:58:11.0000000Z
dependenciabloq|f1t36|llenarbotes|f1t32|2013-05-08T14:58:19.0000000Z
accionrealizada|f1t37|esterilizar|esterilizar|2013-05-08T14:58:31.0000000Z
dependenciabloq|f1t36|llenarbotes|f1t32|2013-05-08T14:58:31.0000000Z
dependenciabloq|f1t36|llenarbotes|f1t32|2013-05-08T14:58:33.0000000Z
dependenciabloq|f1t36|llenarbotes|f1t32|2013-05-08T14:59:08.0000000Z
dependenciabloq|f1t36|llenarbotes|f1t32|2013-05-08T14:59:22.0000000Z
dependenciabloq|f1t36|llenarbotes|f1t32|2013-05-08T14:59:50.0000000Z
dependenciabloq|f1t36|llenarbotes|f1t32|2013-05-08T14:59:52.0000000Z
dependenciabloq|f1t36|llenarbotes|f1t32|2013-05-08T14:59:54.0000000Z
dependenciabloq|f1t36|llenarbotes|f1t32|2013-05-08T14:59:56.0000000Z
dependenciabloq|f1t36|llenarbotes|f1t32|2013-05-08T14:59:58.0000000Z
dependenciabloq|f1t36|llenarbotes|f1t32|2013-05-08T15:00:00.0000000Z
dependenciabloq|f1t36|llenarbotes|f1t32|2013-05-08T15:00:02.0000000Z
dependenciabloq|f1t36|llenarbotes|f1t32|2013-05-08T15:00:04.0000000Z
dependenciabloq|f1t36|llenarbotes|f1t32|2013-05-08T15:00:06.0000000Z
dependenciabloq|f1t36|llenarbotes|f1t32|2013-05-08T15:00:08.0000000Z
dependenciabloq|f1t36|llenarbotes|f1t32|2013-05-08T15:00:59.0000000Z
dependenciabloq|f1t36|llenarbotes|f1t32|2013-05-08T15:01:01.0000000Z
dependenciabloq|f1t36|llenarbotes|f1t32|2013-05-08T15:01:03.0000000Z
dependenciabloq|f1t36|llenarbotes|f1t32|2013-05-08T15:01:05.0000000Z
dependenciabloq|f1t36|llenarbotes|f1t32|2013-05-08T15:01:07.0000000Z
dependenciabloq|f1t36|llenarbotes|f1t32|2013-05-08T15:01:36.0000000Z
dependenciabloq|f1t36|llenarbotes|f1t32|2013-05-08T15:01:38.0000000Z
dependenciabloq|f1t36|llenarbotes|f1t32|2013-05-08T15:01:40.0000000Z
dependenciabloq|f1t36|llenarbotes|f1t32|2013-05-08T15:01:42.0000000Z
dependenciabloq|f1t36|llenarbotes|f1t35|2013-05-08T15:02:35.0000000Z
dependenciabloq|f1t36|llenarbotes|f1t35|2013-05-08T15:02:40.0000000Z
dependenciabloq|f1t36|llenarbotes|f1t35|2013-05-08T15:02:43.0000000Z
dependenciabloq|f1t36|llenarbotes|f1t32|2013-05-08T15:04:23.0000000Z
accionrealizada|f1t37|esterilizar|esterilizar|2013-05-08T15:07:55.0000000Z
accionnoencontrada| |leerprotocolo| |2013-05-08T15:11:02.0000000Z
accionrealizada|f2t5|entregarbandejahielo|entregarbandejahielo|2013-05-08T15:11:30.0000000Z
dependenciabloq|f2t60|guardarpcr|f2t59|2013-05-08T15:12:13.0000000Z
dependenciabloq|f2t60|guardarpcr|f2t59|2013-05-08T15:12:35.0000000Z
dependenciabloq|f2t60|guardarpcr|f2t59|2013-05-08T15:12:59.0000000Z
dependenciabloq|f2t60|guardarpcr|f2t59|2013-05-08T15:18:06.0000000Z
dependenciabloq|f2t60|guardarpcr|f2t59|2013-05-08T15:18:35.0000000Z
dependenciabloq|f2t60|guardarpcr|f2t59|2013-05-08T15:18:40.0000000Z
dependenciabloq|f2t60|guardarpcr|f2t59|2013-05-08T15:20:01.0000000Z
dependenciabloq|f2t60|guardarpcr|f2t59|2013-05-08T15:20:21.0000000Z
accionnoencontrada| |leerprotocolo| |2013-05-08T15:21:07.0000000Z
accionnoencontrada| |entregarbandeja| |2013-05-08T15:29:47.0000000Z
accionrealizada|f2t37|agregartamponpolimerasa|agregartamponpolimerasa|2013-05-08T15:32:45.0000000Z
accionrealizada|f2t41|agregaraguadestilada|agregaraguadestilada|2013-05-08T15:33:05.0000000Z
dependenciasnobloq|f2t52|finmezcla|f2t40|2013-05-08T15:33:05.0000000Z
accionnoencontrada| |leerprotocolo| |2013-05-08T15:39:06.0000000Z
accionnoencontrada| |leerprotocolo| |2013-05-08T15:39:08.0000000Z
accionnoencontrada| |leerprotocolo| |2013-05-08T15:39:10.0000000Z
accionnoencontrada| |guardarpcr| |2013-05-08T15:44:45.0000000Z
accionrealizada|f3t57|cerrartermobloque|cerrartermobloque|2013-05-08T15:48:05.0000000Z
dependenciabloq|f3t58|amplificarfragmento|f3t57|2013-05-08T15:48:06.0000000Z
dependenciabloq|f3t58|amplificarfragmento|f3t57|2013-05-08T15:48:08.0000000Z
dependenciabloq|f3t58|amplificarfragmento|f3t57|2013-05-08T15:48:10.0000000Z
accionrealizada|f3t58|amplificarfragmento|amplificarfragmento|2013-05-08T15:48:25.0000000Z
accionrealizada|f3t58|amplificarfragmento|amplificarfragmento|2013-05-08T15:48:27.0000000Z
accionrealizada|f3t58|amplificarfragmento|amplificarfragmento|2013-05-08T15:48:29.0000000Z
accionrealizada|f3t58|amplificarfragmento|amplificarfragmento|2013-05-08T15:48:31.0000000Z
accionrealizada|f3t58|amplificarfragmento|amplificarfragmento|2013-05-08T15:48:33.0000000Z
accionrealizada|f3t58|amplificarfragmento|amplificarfragmento|2013-05-08T15:48:35.0000000Z
accionrealizada|f3t58|amplificarfragmento|amplificarfragmento|2013-05-08T15:48:37.0000000Z
accionrealizada|f3t58|amplificarfragmento|amplificarfragmento|2013-05-08T15:48:45.0000000Z
