f0crearLog|crearLog| | | |2013-05-08T14:32:25.0000000Z
f0t1|entregarbata| | | |2013-05-08T14:32:46.0000000Z
f0t2|bloquearpoyata| | | |2013-05-08T14:37:24.0000000Z
f0t3|leerfundamentos| | | |2013-05-08T14:40:06.0000000Z
f0t7|lavarsemanos| | | |2013-05-08T14:41:16.0000000Z
f0t8|entregarguantes| | | |2013-05-08T14:41:31.0000000Z
f1t1|entregarvaso| | | |2013-05-08T14:42:46.0000000Z
f1t4|soltarvasofregadero| | | |2013-05-08T14:43:43.0000000Z
f1t5|bloquearfregadero| | | |2013-05-08T14:43:47.0000000Z
f1t6|llenarvasoconagua| | | |2013-05-08T14:43:51.0000000Z
f1t7|desbloquearfregadero| | | |2013-05-08T14:44:09.0000000Z
f1t8|soltarvasoagitador| | | |2013-05-08T14:44:32.0000000Z
f1t9|bloquearagitador| | | |2013-05-08T14:44:35.0000000Z
f1t10|bloquearphmetro| | | |2013-05-08T14:44:35.0000000Z
f1t11|encenderagitador| | | |2013-05-08T14:44:45.0000000Z
f1t2|releerfundamentos| | | |2013-05-08T14:47:28.0000000Z
f1t2|releerfundamentos| | | |2013-05-08T14:47:30.0000000Z
f1t2|releerfundamentos| | | |2013-05-08T14:47:30.0000000Z
f1t2|releerfundamentos| | | |2013-05-08T14:47:30.0000000Z
f1t2|releerfundamentos| | | |2013-05-08T14:47:30.0000000Z
f1t2|releerfundamentos| | | |2013-05-08T14:47:31.0000000Z
f1t2|releerfundamentos| | | |2013-05-08T14:47:31.0000000Z
f1t12|agregarmys| | | |2013-05-08T14:48:54.0000000Z
f1t13|agregarsacarosa| | | |2013-05-08T14:49:04.0000000Z
f1t14|ajustarph| | | |2013-05-08T14:49:22.0000000Z
f1t15|desbloquearphmetro| | | |2013-05-08T14:49:22.0000000Z
f1t16|agregaragar| | | |2013-05-08T14:49:37.0000000Z
f1t20|apagaragitador| | | |2013-05-08T14:50:03.0000000Z
f1t21|entregarbotella| | | |2013-05-08T14:50:19.0000000Z
f1t22|soltarbotellaagitador| | | |2013-05-08T14:50:48.0000000Z
f1t23|movermezclaabotella| | | |2013-05-08T14:50:52.0000000Z
f1t24|desbloquearagitador| | | |2013-05-08T14:51:01.0000000Z
f1t25|insetarbotellaenautoclave| | | |2013-05-08T14:51:52.0000000Z
f1t26|bloquearautoclave| | | |2013-05-08T14:51:55.0000000Z
f1t27|autoclavar| | | |2013-05-08T14:52:04.0000000Z
f1t30|encendercabina| | | |2013-05-08T14:52:58.0000000Z
f1t31|contartiempocabina| | | |2013-05-08T14:52:58.0000000Z
f1t37|esterilizar| | | |2013-05-08T14:53:45.0000000Z
f1t38|entregarchopo| | | |2013-05-08T14:54:52.0000000Z
f1t39|soltarchopocabina| | | |2013-05-08T14:55:38.0000000Z
f1t34|entregarbandeja| | | |2013-05-08T15:03:38.0000000Z
f1t35|soltarbandeja| | | |2013-05-08T15:04:19.0000000Z
f1t28|entregarbotellaautoclavada| | | |2013-05-08T15:05:14.0000000Z
f1t29|enfriarbotella| | | |2013-05-08T15:05:19.0000000Z
f1t32|soltarbotellacabina| | | |2013-05-08T15:05:51.0000000Z
f1t33|agregariaa| | | |2013-05-08T15:07:17.0000000Z
f1t36|llenarbotes| | | |2013-05-08T15:07:53.0000000Z
f1t40|cortarplanta| | | |2013-05-08T15:08:19.0000000Z
f1t41|adjuntarbandeja| | | |2013-05-08T15:08:22.0000000Z
f1t42|apagarcabina| | | |2013-05-08T15:08:28.0000000Z
f1t44|bloquearbasefitotron| | | |2013-05-08T15:09:03.0000000Z
f1t43|soltarbandcrecimiento| | | |2013-05-08T15:09:07.0000000Z
f1t45|crecerchopo| | | |2013-05-08T15:09:19.0000000Z
f1t46|fincrecimiento| | | |2013-05-08T15:10:05.0000000Z
f2t1|encenderpcr| | | |2013-05-08T15:10:52.0000000Z
f2t4|calentartermobloque| | | |2013-05-08T15:10:52.0000000Z
f2t2|releerfundamentos| | | |2013-05-08T15:11:02.0000000Z
f2t5|entregarbandejahielo| | | |2013-05-08T15:11:21.0000000Z
f2t2|releerfundamentos| | | |2013-05-08T15:20:59.0000000Z
f2t2|releerfundamentos| | | |2013-05-08T15:21:03.0000000Z
f2t9|tomaroligonucleicoder| | | |2013-05-08T15:25:56.0000000Z
f2t10|tomartamponpolimerasa| | | |2013-05-08T15:26:18.0000000Z
f2t8|tomaroligonucleicoizq| | | |2013-05-08T15:26:44.0000000Z
f2t11|tomarmgcl| | | |2013-05-08T15:26:55.0000000Z
f2t7|tomaradn| | | |2013-05-08T15:27:13.0000000Z
f2t12|tomardntp| | | |2013-05-08T15:27:27.0000000Z
f2t14|tomaraguadestilada| | | |2013-05-08T15:28:32.0000000Z
f2t26|soltarbandejapoyata| | | |2013-05-08T15:29:14.0000000Z
f2t25|soltarbandejapoyataprimeravez| | | |2013-05-08T15:29:17.0000000Z
f2t27|entregarboteeppendorf| | | |2013-05-08T15:29:59.0000000Z
f2t28|soltarboteeppendorf| | | |2013-05-08T15:30:17.0000000Z
f2t29|sacartuboeppendorf| | | |2013-05-08T15:30:26.0000000Z
f2t30|entregarpipetaamarilla| | | |2013-05-08T15:30:36.0000000Z
f2t32|cargarpuntaamarilla| | | |2013-05-08T15:30:49.0000000Z
f2t33|iniciarmezcla| | | |2013-05-08T15:30:59.0000000Z
f2t34|agregaradn| | | |2013-05-08T15:31:15.0000000Z
f2t36|agregaroligonucleicoder| | | |2013-05-08T15:31:35.0000000Z
f2t35|agregaroligonucleicoizq| | | |2013-05-08T15:31:55.0000000Z
f2t37|agregartamponpolimerasa| | | |2013-05-08T15:32:14.0000000Z
f2t38|agregarmgcl| | | |2013-05-08T15:32:23.0000000Z
f2t39|agregardntp| | | |2013-05-08T15:32:31.0000000Z
f2t41|agregaraguadestilada| | | |2013-05-08T15:33:03.0000000Z
f2t52|finmezcla| |f2t40| |2013-05-08T15:33:08.0000000Z
f2t53|soltarpipetaamarilla| | | |2013-05-08T15:33:22.0000000Z
f2t54|entregartubomezcla| | | |2013-05-08T15:33:28.0000000Z
f2t55|abrirpcr| | | |2013-05-08T15:33:49.0000000Z
f2t56|soltarmezcla| | | |2013-05-08T15:33:56.0000000Z
f2t57|cerrarpcr| | | |2013-05-08T15:34:00.0000000Z
f2t58|amplificarfragmento| | | |2013-05-08T15:34:11.0000000Z
f2t59|entregarmezclapcr| | | |2013-05-08T15:34:51.0000000Z
f2t60|guardarpcr| | | |2013-05-08T15:35:10.0000000Z
f2t61|soltartubonevera| | | |2013-05-08T15:35:27.0000000Z
f3t1|encendertermobloque| | | |2013-05-08T15:35:51.0000000Z
f3t4|calentartermobloque| | | |2013-05-08T15:35:56.0000000Z
f3t2|releerfundamentos| | | |2013-05-08T15:36:00.0000000Z
f3t5|entregarbandejahielo| | | |2013-05-08T15:38:49.0000000Z
f3t2|releerfundamentos| | | |2013-05-08T15:39:11.0000000Z
f3t7|tomaradnplasmidico| | | |2013-05-08T15:44:33.0000000Z
f3t10|tomarenzimaligasa| | | |2013-05-08T15:44:55.0000000Z
f3t9|tomartamponligasa| | | |2013-05-08T15:45:02.0000000Z
f3t8|tomarmezclapcr| | | |2013-05-08T15:45:33.0000000Z
f3t11|tomaraguadestilada| | | |2013-05-08T15:45:56.0000000Z
f3t27|soltarbandejapoyata| | | |2013-05-08T15:46:16.0000000Z
f3t26|soltarbandejapoyataprimeravez| | | |2013-05-08T15:46:20.0000000Z
f3t28|sacartuboligacion| | | |2013-05-08T15:46:28.0000000Z
f3t29|entregarpipetaamarilla| | | |2013-05-08T15:46:36.0000000Z
f3t31|cargarpuntaamarilla| | | |2013-05-08T15:46:44.0000000Z
f3t32|iniciarmezcla| | | |2013-05-08T15:46:44.0000000Z
f3t33|agregaradnplasmidico| | | |2013-05-08T15:46:52.0000000Z
f3t36|agregarenzimaligasa| | | |2013-05-08T15:47:00.0000000Z
f3t35|agregartamponligasa| | | |2013-05-08T15:47:03.0000000Z
f3t34|agregarmezclapcr| | | |2013-05-08T15:47:10.0000000Z
f3t37|agregaraguadestilada| | | |2013-05-08T15:47:18.0000000Z
f3t52|finmezcla| | | |2013-05-08T15:47:23.0000000Z
f3t53|soltarpipetaamarilla| | | |2013-05-08T15:47:31.0000000Z
f3t54|entregartubomezcla| | | |2013-05-08T15:47:37.0000000Z
f3t55|abrirtermobloque| | | |2013-05-08T15:47:52.0000000Z
f3t56|soltarmezcla| | | |2013-05-08T15:47:58.0000000Z
f3t57|cerrartermobloque| | | |2013-05-08T15:48:03.0000000Z

f3t58|amplificarfragmento| | | |2013-05-08T15:48:23.0000000Z
f3t59|entregarmezclaligacion| | | |2013-05-08T15:48:54.0000000Z
f3t60|guardarligacion| | | |2013-05-08T15:49:20.0000000Z
f3t61|soltartubonevera| | | |2013-05-08T15:49:39.0000000Z
