dependenciabloq|f0t2|bloquearpoyata|f0t1|2015-06-15T09:30:34.0000000Z
accionnoencontrada| |lavarsemanos| |2015-06-15T09:56:09.0000000Z
accionrealizada|f1t6|llenarvasoconagua|llenarvasoconagua|2015-06-15T09:58:09.0000000Z
dependenciasnobloq|f1t20|apagaragitador| f1t16|2015-06-15T10:01:34.0000000Z
accionrealizada|f1t11|encenderagitador|encenderagitador|2015-06-15T10:02:08.0000000Z
accionrealizada|f1t11|encenderagitador|encenderagitador|2015-06-15T10:02:10.0000000Z
accionnoencontrada| |agregaragarosa| |2015-06-15T10:02:32.0000000Z
accionrealizada|f1t11|encenderagitador|encenderagitador|2015-06-15T10:02:48.0000000Z
accionnoencontrada| |entregarvaso| |2015-06-15T10:03:17.0000000Z
accionrealizada|f2t10|tomartamponpolimerasa|tomartamponpolimerasa|2015-06-15T10:31:40.0000000Z
accionrealizada|f2t10|tomartamponpolimerasa|tomartamponpolimerasa|2015-06-15T10:31:51.0000000Z
accionrealizada|f2t10|tomartamponpolimerasa|tomartamponpolimerasa|2015-06-15T10:32:38.0000000Z
accionrealizada|f2t10|tomartamponpolimerasa|tomartamponpolimerasa|2015-06-15T10:32:51.0000000Z
dependenciabloq|f2t33|iniciarmezcla|f2t29|2015-06-15T10:37:44.0000000Z
accionrealizada|f2t53|soltarpipetaamarilla|soltarpipetaamarilla|2015-06-15T10:49:48.0000000Z
accionrealizada|f2t53|soltarpipetaamarilla|soltarpipetaamarilla|2015-06-15T10:49:51.0000000Z
accionrealizada|f3t8|tomarmezclapcr|tomarmezclapcr|2015-06-15T11:01:08.0000000Z
accionrealizada|f3t8|tomarmezclapcr|tomarmezclapcr|2015-06-15T11:05:54.0000000Z
accionrealizada|f3t32|iniciarmezcla|iniciarmezcla|2015-06-15T11:06:47.0000000Z
dependenciasnobloq|f3t52|finmezcla|f3t34|2015-06-15T11:08:33.0000000Z
accionrealizada|f3t52|finmezcla|finmezcla|2015-06-15T11:09:24.0000000Z
accionrealizada|f3t52|finmezcla|finmezcla|2015-06-15T11:09:51.0000000Z
accionrealizada|f3t53|soltarpipetaamarilla|soltarpipetaamarilla|2015-06-15T11:10:05.0000000Z
accionrealizada|f3t53|soltarpipetaamarilla|soltarpipetaamarilla|2015-06-15T11:10:09.0000000Z
accionrealizada|f3t53|soltarpipetaamarilla|soltarpipetaamarilla|2015-06-15T11:10:12.0000000Z
accionrealizada|f3t54|entregartubomezcla|entregartubomezcla|2015-06-15T11:10:23.0000000Z
accionrealizada|f3t54|entregartubomezcla|entregartubomezcla|2015-06-15T11:10:30.0000000Z
dependenciabloq|f3t57|cerrartermobloque|f3t56|2015-06-15T11:10:49.0000000Z
accionrealizada|f3t58|amplificarfragmento|amplificarfragmento|2015-06-15T11:12:07.0000000Z
accionrealizada|f3t5|entregarbandejahielo|entregarbandejahielo|2015-06-15T11:21:41.0000000Z
accionrealizada|f3t5|entregarbandejahielo|entregarbandejahielo|2015-06-15T11:22:02.0000000Z
