f0crearLog|crearLog| | | |2015-06-15T09:21:07.0000000Z
f0t1|entregarbata| | | |2015-06-15T09:30:52.0000000Z
f0t2|bloquearpoyata| | | |2015-06-15T09:31:55.0000000Z
f0t3|leerfundamentos| | | |2015-06-15T09:39:39.0000000Z
f0t5|releerfundamentos| | | |2015-06-15T09:39:48.0000000Z
f0t5|releerfundamentos| | | |2015-06-15T09:39:58.0000000Z
f0t4|leerprotocolo| | | |2015-06-15T09:41:21.0000000Z
f0t7|lavarsemanos| | | |2015-06-15T09:52:20.0000000Z
f0t8|entregarguantes| | | |2015-06-15T09:52:48.0000000Z
f1t1|entregarvaso| | | |2015-06-15T09:54:52.0000000Z
f1t4|soltarvasofregadero| | | |2015-06-15T09:57:43.0000000Z
f1t5|bloquearfregadero| | | |2015-06-15T09:57:57.0000000Z
f1t6|llenarvasoconagua| | | |2015-06-15T09:58:04.0000000Z
f1t7|desbloquearfregadero| | | |2015-06-15T09:58:22.0000000Z
f1t8|soltarvasoagitador| | | |2015-06-15T09:58:39.0000000Z
f1t9|bloquearagitador| | | |2015-06-15T09:58:43.0000000Z
f1t10|bloquearphmetro| | | |2015-06-15T09:58:43.0000000Z
f1t11|encenderagitador| | | |2015-06-15T09:58:49.0000000Z
f1t12|agregarmys| | | |2015-06-15T10:00:05.0000000Z
f1t13|agregarsacarosa| | | |2015-06-15T10:00:12.0000000Z
f1t14|ajustarph| | | |2015-06-15T10:01:14.0000000Z
f1t15|desbloquearphmetro| | | |2015-06-15T10:01:15.0000000Z
f1t20|apagaragitador| | f1t16| |2015-06-15T10:01:39.0000000Z
f1t21|entregarbotella| | | |2015-06-15T10:03:53.0000000Z
f1t22|soltarbotellaagitador| | | |2015-06-15T10:04:18.0000000Z
f1t23|movermezclaabotella| | | |2015-06-15T10:04:27.0000000Z
f1t24|desbloquearagitador| | | |2015-06-15T10:04:36.0000000Z
f1t25|insetarbotellaenautoclave| | | |2015-06-15T10:10:26.0000000Z
f1t26|bloquearautoclave| | | |2015-06-15T10:10:30.0000000Z
f1t27|autoclavar| | | |2015-06-15T10:10:38.0000000Z
f1t30|encendercabina| | | |2015-06-15T10:11:51.0000000Z
f1t31|contartiempocabina| | | |2015-06-15T10:11:52.0000000Z
f1t28|entregarbotellaautoclavada| | | |2015-06-15T10:12:29.0000000Z
f1t29|enfriarbotella| | | |2015-06-15T10:12:31.0000000Z
f1t32|soltarbotellacabina| | | |2015-06-15T10:13:59.0000000Z
f1t33|agregariaa| | | |2015-06-15T10:15:08.0000000Z
f1t34|entregarbandeja| | | |2015-06-15T10:15:30.0000000Z
f1t35|soltarbandeja| | | |2015-06-15T10:15:57.0000000Z
f1t36|llenarbotes| | | |2015-06-15T10:16:04.0000000Z
f1t37|esterilizar| | | |2015-06-15T10:16:39.0000000Z
f1t38|entregarchopo| | | |2015-06-15T10:19:42.0000000Z
f1t39|soltarchopocabina| | | |2015-06-15T10:20:41.0000000Z
f1t40|cortarplanta| | | |2015-06-15T10:20:53.0000000Z
f1t41|adjuntarbandeja| | | |2015-06-15T10:21:03.0000000Z
f1t42|apagarcabina| | | |2015-06-15T10:21:19.0000000Z
f1t44|bloquearbasefitotron| | | |2015-06-15T10:22:07.0000000Z
f1t43|soltarbandcrecimiento| | | |2015-06-15T10:22:11.0000000Z
f1t45|crecerchopo| | | |2015-06-15T10:22:31.0000000Z
f1t46|fincrecimiento| | | |2015-06-15T10:23:41.0000000Z
f2t1|encenderpcr| | | |2015-06-15T10:25:27.0000000Z
f2t4|calentartermobloque| | | |2015-06-15T10:25:32.0000000Z
f2t5|entregarbandejahielo| | | |2015-06-15T10:27:44.0000000Z
f2t7|tomaradn| | | |2015-06-15T10:28:41.0000000Z
f2t9|tomaroligonucleicoder| | | |2015-06-15T10:29:03.0000000Z
f2t8|tomaroligonucleicoizq| | | |2015-06-15T10:29:14.0000000Z
f2t10|tomartamponpolimerasa| | | |2015-06-15T10:29:29.0000000Z
f2t11|tomarmgcl| | | |2015-06-15T10:29:48.0000000Z
f2t12|tomardntp| | | |2015-06-15T10:30:01.0000000Z
f2t14|tomaraguadestilada| | | |2015-06-15T10:32:45.0000000Z
f2t25|soltarbandejapoyataprimeravez| | | |2015-06-15T10:35:32.0000000Z
f2t27|entregarboteeppendorf| | | |2015-06-15T10:36:41.0000000Z
f2t28|soltarboteeppendorf| | | |2015-06-15T10:38:16.0000000Z
f2t29|sacartuboeppendorf| | | |2015-06-15T10:38:28.0000000Z
f2t30|entregarpipetaamarilla| | | |2015-06-15T10:38:56.0000000Z
f2t32|cargarpuntaamarilla| | | |2015-06-15T10:39:24.0000000Z
f2t13|tomarpolimerasa| | | |2015-06-15T10:44:19.0000000Z
f2t26|soltarbandejapoyata| | | |2015-06-15T10:44:53.0000000Z
f2t33|iniciarmezcla| | | |2015-06-15T10:44:57.0000000Z
f2t34|agregaradn| | | |2015-06-15T10:45:16.0000000Z
f2t36|agregaroligonucleicoder| | | |2015-06-15T10:45:38.0000000Z
f2t35|agregaroligonucleicoizq| | | |2015-06-15T10:45:44.0000000Z
f2t37|agregartamponpolimerasa| | | |2015-06-15T10:45:59.0000000Z
f2t38|agregarmgcl| | | |2015-06-15T10:46:23.0000000Z
f2t39|agregardntp| | | |2015-06-15T10:46:39.0000000Z
f2t40|agregarpolimerasa| | | |2015-06-15T10:47:00.0000000Z
f2t41|agregaraguadestilada| | | |2015-06-15T10:47:11.0000000Z
f2t52|finmezcla| | | |2015-06-15T10:47:25.0000000Z
f2t53|soltarpipetaamarilla| | | |2015-06-15T10:49:45.0000000Z
f2t54|entregartubomezcla| | | |2015-06-15T10:50:03.0000000Z
f2t55|abrirpcr| | | |2015-06-15T10:50:53.0000000Z
f2t56|soltarmezcla| | | |2015-06-15T10:51:05.0000000Z
f2t57|cerrarpcr| | | |2015-06-15T10:51:13.0000000Z
f2t58|amplificarfragmento| | | |2015-06-15T10:51:16.0000000Z
f2t59|entregarmezclapcr| | | |2015-06-15T10:52:01.0000000Z
f2t60|guardarpcr| | | |2015-06-15T10:52:39.0000000Z
f2t61|soltartubonevera| | | |2015-06-15T10:52:56.0000000Z
f3t1|encendertermobloque| | | |2015-06-15T10:54:15.0000000Z
f3t4|calentartermobloque| | | |2015-06-15T10:54:21.0000000Z
f3t5|entregarbandejahielo| | | |2015-06-15T10:54:27.0000000Z
f3t7|tomaradnplasmidico| | | |2015-06-15T10:55:21.0000000Z
f3t8|tomarmezclapcr| | | |2015-06-15T10:56:43.0000000Z
f3t9|tomartamponligasa| | | |2015-06-15T10:57:20.0000000Z
f3t10|tomarenzimaligasa| | | |2015-06-15T10:57:33.0000000Z
f3t11|tomaraguadestilada| | | |2015-06-15T10:57:56.0000000Z
f3t26|soltarbandejapoyataprimeravez| | | |2015-06-15T10:58:34.0000000Z
f3t28|sacartuboligacion| | | |2015-06-15T10:59:05.0000000Z
f3t29|entregarpipetaamarilla| | | |2015-06-15T10:59:18.0000000Z
f3t31|cargarpuntaamarilla| | | |2015-06-15T10:59:53.0000000Z
f3t33|agregaradnplasmidico| | | |2015-06-15T11:01:45.0000000Z
f3t35|agregartamponligasa| | | |2015-06-15T11:02:01.0000000Z
f3t36|agregarenzimaligasa| | | |2015-06-15T11:02:07.0000000Z
f3t37|agregaraguadestilada| | | |2015-06-15T11:02:17.0000000Z
f3t55|abrirtermobloque| | | |2015-06-15T11:03:19.0000000Z
f3t27|soltarbandejapoyata| | | |2015-06-15T11:06:19.0000000Z
f3t32|iniciarmezcla| | | |2015-06-15T11:06:42.0000000Z
f3t52|finmezcla| |f3t34| |2015-06-15T11:08:42.0000000Z
f3t53|soltarpipetaamarilla| | | |2015-06-15T11:10:01.0000000Z
f3t54|entregartubomezcla| | | |2015-06-15T11:10:20.0000000Z
f3t56|soltarmezcla| | | |2015-06-15T11:11:15.0000000Z
f3t57|cerrartermobloque| | | |2015-06-15T11:11:23.0000000Z
f3t58|amplificarfragmento| | | |2015-06-15T11:11:55.0000000Z
f3t59|entregarmezclaligacion| | | |2015-06-15T11:12:15.0000000Z
f3t60|guardarligacion| | | |2015-06-15T11:12:34.0000000Z
f3t61|soltartubonevera| | | |2015-06-15T11:12:59.0000000Z