lavarsemanos|avatarlejosdelavamanos|Lavamanos|2013-05-21T14:47:55.0000000Z
lavarsemanos|avatarlejosdelavamanos|Lavamanos|2013-05-21T15:23:29.0000000Z
soltarvasofregadero|avatarlejosdebasevaso|Vaso|2013-05-21T15:30:36.0000000Z
soltarvasofregadero|avatarlejosdebasevaso|Vaso|2013-05-21T15:31:10.0000000Z
insetarbotellaenautoclave|noseencuentraautoclave|Botella|2013-05-21T15:34:49.0000000Z
insetarbotellaenautoclave|noseencuentraautoclave|Botella|2013-05-21T15:38:21.0000000Z
insetarbotellaenautoclave|noseencuentraautoclave|Botella|2013-05-21T15:38:32.0000000Z
soltarbotellacabina|noseencuentracabina|Botella|2013-05-21T15:39:49.0000000Z
soltarbotellacabina|noseencuentracabina|Botella|2013-05-21T15:40:15.0000000Z
soltarbotellacabina|noseencuentracabina|Botella|2013-05-21T15:40:53.0000000Z
soltarbotellacabina|noseencuentracabina|Botella|2013-05-21T15:41:36.0000000Z
soltarbotellacabina|noseencuentracabina|Botella|2013-05-21T15:42:53.0000000Z
soltarbotellacabina|noseencuentracabina|Botella|2013-05-21T15:43:24.0000000Z
soltarbotellacabina|noseencuentracabina|Botella|2013-05-21T15:43:52.0000000Z
soltarbotellacabina|noseencuentracabina|Botella|2013-05-21T15:44:45.0000000Z
soltarbotellacabina|noseencuentracabina|Botella|2013-05-21T15:45:08.0000000Z
soltarbotellacabina|noseencuentracabina|Botella|2013-05-21T15:45:36.0000000Z
soltarbotellacabina|noseencuentracabina|Botella|2013-05-21T15:45:55.0000000Z
soltarbandcrecimiento|noseencuentrabasefitotron|BandejaBotes|2013-05-21T16:01:40.0000000Z
soltarbandejapoyata|noseencuentrapoyata|BandejaHielo|2013-05-21T16:33:29.0000000Z
