f0crearLog|crearLog| | | |2013-05-22T15:05:57.0000000Z
f0t1|entregarbata| | | |2013-05-22T15:06:49.0000000Z
f0t2|bloquearpoyata| | | |2013-05-22T15:08:13.0000000Z
f0t3|leerfundamentos| | | |2013-05-22T15:09:22.0000000Z
f0t4|leerprotocolo| | | |2013-05-22T15:14:30.0000000Z
f0t5|releerfundamentos| | | |2013-05-22T15:14:36.0000000Z
f0t6|releerprotocolo| | | |2013-05-22T15:16:04.0000000Z
f0t6|releerprotocolo| | | |2013-05-22T15:16:05.0000000Z
f0t7|lavarsemanos| | | |2013-05-22T15:18:19.0000000Z
f0t8|entregarguantes| | | |2013-05-22T15:18:40.0000000Z
f0t6|releerprotocolo| | | |2013-05-22T15:22:04.0000000Z
f0t5|releerfundamentos| | | |2013-05-22T15:23:21.0000000Z
f0t5|releerfundamentos| | | |2013-05-22T15:23:22.0000000Z
f0t5|releerfundamentos| | | |2013-05-22T15:23:22.0000000Z
f0t5|releerfundamentos| | | |2013-05-22T15:23:22.0000000Z
f0t5|releerfundamentos| | | |2013-05-22T15:23:23.0000000Z
f0t5|releerfundamentos| | | |2013-05-22T15:23:23.0000000Z
f0t5|releerfundamentos| | | |2013-05-22T15:23:23.0000000Z
f0t6|releerprotocolo| | | |2013-05-22T15:23:24.0000000Z
f0t5|releerfundamentos| | | |2013-05-22T15:23:25.0000000Z
f0t5|releerfundamentos| | | |2013-05-22T15:23:25.0000000Z
f0t5|releerfundamentos| | | |2013-05-22T15:23:25.0000000Z
f0t5|releerfundamentos| | | |2013-05-22T15:23:25.0000000Z
f0t5|releerfundamentos| | | |2013-05-22T15:23:26.0000000Z
f1t1|entregarvaso| | | |2013-05-22T15:24:18.0000000Z
f1t4|soltarvasofregadero| | | |2013-05-22T15:27:00.0000000Z
f1t5|bloquearfregadero| | | |2013-05-22T15:27:03.0000000Z
f1t6|llenarvasoconagua| | | |2013-05-22T15:27:06.0000000Z
f1t7|desbloquearfregadero| | | |2013-05-22T15:27:23.0000000Z
f1t8|soltarvasoagitador| | | |2013-05-22T15:27:37.0000000Z
f1t9|bloquearagitador| | | |2013-05-22T15:27:41.0000000Z
f1t10|bloquearphmetro| | | |2013-05-22T15:27:41.0000000Z
f1t11|encenderagitador| | | |2013-05-22T15:27:50.0000000Z
f1t12|agregarmys| | | |2013-05-22T15:29:04.0000000Z
f1t20|apagaragitador| | f1t13-f1t14-f1t16| |2013-05-22T15:29:24.0000000Z
f1t21|entregarbotella| | | |2013-05-22T15:29:40.0000000Z
f1t22|soltarbotellaagitador| | | |2013-05-22T15:30:00.0000000Z
f1t23|movermezclaabotella| | | |2013-05-22T15:30:19.0000000Z
f1t24|desbloquearagitador| | | |2013-05-22T15:30:27.0000000Z
f1t15|desbloquearphmetro| | | |2013-05-22T15:30:28.0000000Z
f1t25|insetarbotellaenautoclave| | | |2013-05-22T15:33:41.0000000Z
f1t26|bloquearautoclave| | | |2013-05-22T15:33:44.0000000Z
f1t27|autoclavar| | | |2013-05-22T15:33:46.0000000Z
f1t30|encendercabina| | | |2013-05-22T15:35:27.0000000Z
f1t31|contartiempocabina| | | |2013-05-22T15:35:27.0000000Z
f1t28|entregarbotellaautoclavada| | | |2013-05-22T15:36:02.0000000Z
f1t29|enfriarbotella| | | |2013-05-22T15:36:02.0000000Z
f1t32|soltarbotellacabina| | | |2013-05-22T15:37:47.0000000Z
f1t33|agregariaa| | | |2013-05-22T15:38:17.0000000Z
f1t34|entregarbandeja| | | |2013-05-22T15:39:04.0000000Z
f1t35|soltarbandeja| | | |2013-05-22T15:39:49.0000000Z
f1t36|llenarbotes| | | |2013-05-22T15:39:54.0000000Z
f1t37|esterilizar| | | |2013-05-22T15:41:03.0000000Z
f1t38|entregarchopo| | | |2013-05-22T15:41:40.0000000Z
f1t39|soltarchopocabina| | | |2013-05-22T15:42:27.0000000Z
f1t40|cortarplanta| | | |2013-05-22T15:42:31.0000000Z
f1t41|adjuntarbandeja| | | |2013-05-22T15:42:36.0000000Z
f1t42|apagarcabina| | | |2013-05-22T15:42:42.0000000Z
f1t44|bloquearbasefitotron| | | |2013-05-22T15:43:24.0000000Z
f1t43|soltarbandcrecimiento| | | |2013-05-22T15:43:28.0000000Z
f1t45|crecerchopo| | | |2013-05-22T15:43:42.0000000Z
f1t46|fincrecimiento| | | |2013-05-22T15:44:19.0000000Z
f2t1|encenderpcr| | | |2013-05-22T15:44:58.0000000Z
f2t4|calentartermobloque| | | |2013-05-22T15:44:58.0000000Z
f2t2|releerfundamentos| | | |2013-05-22T15:45:28.0000000Z
f2t2|releerfundamentos| | | |2013-05-22T15:45:28.0000000Z
f2t2|releerfundamentos| | | |2013-05-22T15:45:28.0000000Z
f2t2|releerfundamentos| | | |2013-05-22T15:45:28.0000000Z
f2t2|releerfundamentos| | | |2013-05-22T15:45:29.0000000Z
f2t2|releerfundamentos| | | |2013-05-22T15:45:30.0000000Z
f2t3|releerprotocolo| | | |2013-05-22T15:45:40.0000000Z
f2t3|releerprotocolo| | | |2013-05-22T15:45:40.0000000Z
f2t2|releerfundamentos| | | |2013-05-22T15:45:40.0000000Z
f2t2|releerfundamentos| | | |2013-05-22T15:45:40.0000000Z
f2t2|releerfundamentos| | | |2013-05-22T15:45:50.0000000Z
f2t2|releerfundamentos| | | |2013-05-22T15:45:51.0000000Z
f2t3|releerprotocolo| | | |2013-05-22T15:45:52.0000000Z
f2t3|releerprotocolo| | | |2013-05-22T15:45:52.0000000Z
f2t3|releerprotocolo| | | |2013-05-22T15:45:55.0000000Z
f2t5|entregarbandejahielo| | | |2013-05-22T15:46:12.0000000Z
f2t2|releerfundamentos| | | |2013-05-22T15:47:24.0000000Z
f2t2|releerfundamentos| | | |2013-05-22T15:47:24.0000000Z
f2t2|releerfundamentos| | | |2013-05-22T15:47:24.0000000Z
f2t2|releerfundamentos| | | |2013-05-22T15:47:24.0000000Z
f2t3|releerprotocolo| | | |2013-05-22T15:47:24.0000000Z
f2t3|releerprotocolo| | | |2013-05-22T15:47:24.0000000Z
f2t3|releerprotocolo| | | |2013-05-22T15:47:27.0000000Z
f2t3|releerprotocolo| | | |2013-05-22T15:47:27.0000000Z
f2t2|releerfundamentos| | | |2013-05-22T15:47:27.0000000Z
f2t3|releerprotocolo| | | |2013-05-22T15:49:16.0000000Z
f2t3|releerprotocolo| | | |2013-05-22T15:49:21.0000000Z
f2t2|releerfundamentos| | | |2013-05-22T15:49:22.0000000Z
f2t2|releerfundamentos| | | |2013-05-22T15:49:22.0000000Z
f2t3|releerprotocolo| | | |2013-05-22T15:49:24.0000000Z
f2t26|soltarbandejapoyata| | | |2013-05-22T15:50:20.0000000Z
f2t25|soltarbandejapoyataprimeravez| | | |2013-05-22T15:50:23.0000000Z
f2t27|entregarboteeppendorf| | | |2013-05-22T15:51:03.0000000Z
f2t28|soltarboteeppendorf| | | |2013-05-22T15:51:28.0000000Z
f2t29|sacartuboeppendorf| | | |2013-05-22T15:51:33.0000000Z
f2t30|entregarpipetaamarilla| | | |2013-05-22T15:54:42.0000000Z
f2t32|cargarpuntaamarilla| | | |2013-05-22T15:55:08.0000000Z
f2t33|iniciarmezcla| | | |2013-05-22T15:55:13.0000000Z
f2t52|finmezcla| |f2t34-f2t35-f2t36-f2t37-f2t38-f2t39-f2t40-f2t41| |2013-05-22T15:55:20.0000000Z
f2t53|soltarpipetaamarilla| | | |2013-05-22T15:55:30.0000000Z
f2t54|entregartubomezcla| | | |2013-05-22T15:55:38.0000000Z
f2t55|abrirpcr| | | |2013-05-22T15:56:07.0000000Z
f2t56|soltarmezcla| | | |2013-05-22T15:56:14.0000000Z
f2t57|cerrarpcr| | | |2013-05-22T15:56:20.0000000Z
f2t58|amplificarfragmento| | | |2013-05-22T15:56:23.0000000Z
f2t59|entregarmezclapcr| | | |2013-05-22T15:57:00.0000000Z
f2t60|guardarpcr| | | |2013-05-22T15:59:22.0000000Z
f2t61|soltartubonevera| | | |2013-05-22T15:59:32.0000000Z
f3t1|encendertermobloque| | | |2013-05-22T15:59:57.0000000Z
f3t4|calentartermobloque| | | |2013-05-22T15:59:57.0000000Z
f3t2|releerfundamentos| | | |2013-05-22T16:00:17.0000000Z
f3t3|releerprotocolo| | | |2013-05-22T16:00:17.0000000Z
f3t2|releerfundamentos| | | |2013-05-22T16:00:17.0000000Z
f3t2|releerfundamentos| | | |2013-05-22T16:00:17.0000000Z
f3t5|entregarbandejahielo| | | |2013-05-22T16:00:34.0000000Z
f3t10|tomarenzimaligasa| | | |2013-05-22T16:00:57.0000000Z
f3t27|soltarbandejapoyata| | | |2013-05-22T16:01:34.0000000Z
f3t26|soltarbandejapoyataprimeravez| | | |2013-05-22T16:01:37.0000000Z
f3t28|sacartuboligacion| | | |2013-05-22T16:01:46.0000000Z
f3t29|entregarpipetaamarilla| | | |2013-05-22T16:02:02.0000000Z
f3t31|cargarpuntaamarilla| | | |2013-05-22T16:02:15.0000000Z
f3t32|iniciarmezcla| | | |2013-05-22T16:02:17.0000000Z
f3t36|agregarenzimaligasa| | | |2013-05-22T16:02:26.0000000Z
f3t52|finmezcla| |f3t33-f3t34-f3t35-f3t37| |2013-05-22T16:02:46.0000000Z
f3t53|soltarpipetaamarilla| | | |2013-05-22T16:02:55.0000000Z
f3t54|entregartubomezcla| | | |2013-05-22T16:03:03.0000000Z
f3t55|abrirtermobloque| | | |2013-05-22T16:03:28.0000000Z
f3t56|soltarmezcla| | | |2013-05-22T16:03:37.0000000Z
f3t57|cerrartermobloque| | | |2013-05-22T16:03:44.0000000Z

f3t58|amplificarfragmento| | | |2013-05-22T16:04:04.0000000Z
f3t59|entregarmezclaligacion| | | |2013-05-22T16:04:17.0000000Z
f3t60|guardarligacion| | | |2013-05-22T16:04:41.0000000Z
f3t61|soltartubonevera| | | |2013-05-22T16:04:51.0000000Z
