accionrealizada|f0t7|lavarsemanos|lavarsemanos|2014-05-21T17:11:21.0000000Z
accionnoencontrada| |lavarsemanos| |2014-05-21T17:13:25.0000000Z
accionnoencontrada| |lavarsemanos| |2014-05-21T17:13:33.0000000Z
accionnoencontrada| |lavarsemanos| |2014-05-21T17:13:48.0000000Z
accionnoencontrada| |lavarsemanos| |2014-05-21T17:14:33.0000000Z
accionrealizada|f1t11|encenderagitador|encenderagitador|2014-05-21T17:19:00.0000000Z
accionrealizada|f1t11|encenderagitador|encenderagitador|2014-05-21T17:19:03.0000000Z
accionrealizada|f1t12|agregarmys|agregarmys|2014-05-21T17:20:41.0000000Z
accionrealizada|f1t13|agregarsacarosa|agregarsacarosa|2014-05-21T17:20:47.0000000Z
accionnoencontrada| |agregaragarosa| |2014-05-21T17:21:42.0000000Z
accionnoencontrada| |agregaragarosa| |2014-05-21T17:22:00.0000000Z
dependenciasnobloq|f1t20|apagaragitador| f1t16|2014-05-21T17:22:26.0000000Z
accionrealizada|f1t20|apagaragitador|apagaragitador|2014-05-21T17:22:34.0000000Z
accionnoencontrada| |agregaragarosa| |2014-05-21T17:23:02.0000000Z
accionrealizada|f1t11|encenderagitador|encenderagitador|2014-05-21T17:24:28.0000000Z
accionrealizada|f1t11|encenderagitador|encenderagitador|2014-05-21T17:24:31.0000000Z
dependenciabloq|f1t36|llenarbotes|f1t32|2014-05-21T17:29:30.0000000Z
dependenciabloq|f1t36|llenarbotes|f1t32|2014-05-21T17:29:35.0000000Z
dependenciabloq|f1t36|llenarbotes|f1t32|2014-05-21T17:29:55.0000000Z
dependenciabloq|f1t36|llenarbotes|f1t32|2014-05-21T17:32:47.0000000Z
accionnoencontrada| |encenderpcr| |2014-05-21T17:47:04.0000000Z
accionnoencontrada| |tomaragrobacterium| |2014-05-21T17:49:40.0000000Z
accionrealizada|f2t32|cargarpuntaamarilla|cargarpuntaamarilla|2014-05-21T17:54:03.0000000Z
accionnoencontrada| |sacartuboligacion| |2014-05-21T17:54:16.0000000Z
accionrealizada|f2t33|iniciarmezcla|iniciarmezcla|2014-05-21T17:54:27.0000000Z
accionnoencontrada| |sacartuboligacion| |2014-05-21T17:55:14.0000000Z
accionnoencontrada| |sacartuboligacion| |2014-05-21T17:55:27.0000000Z
dependenciasnobloq|f2t52|finmezcla|f2t34-f2t35-f2t36-f2t37-f2t38-f2t39-f2t40|2014-05-21T17:55:54.0000000Z
incompatibilidadnobloq|f2t52|finmezcla|f2t49|2014-05-21T17:55:59.0000000Z
accionnoencontrada| |tomaragrobacterium| |2014-05-21T18:01:48.0000000Z
accionrealizada|f3t32|iniciarmezcla|iniciarmezcla|2014-05-21T18:04:46.0000000Z
accionrealizada|f3t32|iniciarmezcla|iniciarmezcla|2014-05-21T18:04:51.0000000Z
dependenciasnobloq|f3t52|finmezcla|f3t33-f3t34-f3t35-f3t36|2014-05-21T18:05:35.0000000Z
incompatibilidadnobloq|f3t52|finmezcla|f3t48|2014-05-21T18:05:46.0000000Z
accionrealizada|f3t52|finmezcla|finmezcla|2014-05-21T18:05:57.0000000Z
accionrealizada|f3t54|entregartubomezcla|entregartubomezcla|2014-05-21T18:06:48.0000000Z
dependenciabloq|f3t56|soltarmezcla|f3t55|2014-05-21T18:07:10.0000000Z
accionrealizada|f3t55|abrirtermobloque|abrirtermobloque|2014-05-21T18:07:31.0000000Z
