f0crearLog|crearLog| | | |2014-06-05T16:54:23.0000000Z
f0t1|entregarbata| | | |2014-06-05T16:55:34.0000000Z
f0t2|bloquearpoyata| | | |2014-06-05T16:57:25.0000000Z
f0t3|leerfundamentos| | | |2014-06-05T16:58:41.0000000Z
f0t4|leerprotocolo| | | |2014-06-05T16:59:31.0000000Z
f0t6|releerprotocolo| | | |2014-06-05T17:05:43.0000000Z
f0t6|releerprotocolo| | | |2014-06-05T17:05:49.0000000Z
f0t6|releerprotocolo| | | |2014-06-05T17:05:49.0000000Z
f0t6|releerprotocolo| | | |2014-06-05T17:05:57.0000000Z
f0t6|releerprotocolo| | | |2014-06-05T17:05:58.0000000Z
f0t6|releerprotocolo| | | |2014-06-05T17:06:04.0000000Z
f0t7|lavarsemanos| | | |2014-06-05T17:18:29.0000000Z
f0t8|entregarguantes| | | |2014-06-05T17:18:47.0000000Z
f1t1|entregarvaso| | | |2014-06-05T17:20:15.0000000Z
f1t4|soltarvasofregadero| | | |2014-06-05T17:22:12.0000000Z
f1t5|bloquearfregadero| | | |2014-06-05T17:22:16.0000000Z
f1t6|llenarvasoconagua| | | |2014-06-05T17:22:20.0000000Z
f1t7|desbloquearfregadero| | | |2014-06-05T17:22:39.0000000Z
f1t8|soltarvasoagitador| | | |2014-06-05T17:23:02.0000000Z
f1t9|bloquearagitador| | | |2014-06-05T17:23:06.0000000Z
f1t10|bloquearphmetro| | | |2014-06-05T17:23:07.0000000Z
f1t11|encenderagitador| | | |2014-06-05T17:23:13.0000000Z
f1t12|agregarmys| | | |2014-06-05T17:23:39.0000000Z
f1t13|agregarsacarosa| | | |2014-06-05T17:23:48.0000000Z
f1t20|apagaragitador| | f1t14-f1t16| |2014-06-05T17:24:53.0000000Z
f1t21|entregarbotella| | | |2014-06-05T17:25:27.0000000Z
f1t22|soltarbotellaagitador| | | |2014-06-05T17:25:55.0000000Z
f1t23|movermezclaabotella| | | |2014-06-05T17:26:13.0000000Z
f1t24|desbloquearagitador| | | |2014-06-05T17:26:23.0000000Z
f1t15|desbloquearphmetro| | | |2014-06-05T17:26:24.0000000Z
f1t30|encendercabina| | | |2014-06-05T17:27:47.0000000Z
f1t31|contartiempocabina| | | |2014-06-05T17:27:54.0000000Z
f1t25|insetarbotellaenautoclave| | | |2014-06-05T17:29:53.0000000Z
f1t26|bloquearautoclave| | | |2014-06-05T17:29:58.0000000Z
f1t27|autoclavar| | | |2014-06-05T17:34:27.0000000Z
f1t28|entregarbotellaautoclavada| | | |2014-06-05T17:34:58.0000000Z
f1t29|enfriarbotella| | | |2014-06-05T17:34:59.0000000Z
f1t32|soltarbotellacabina| | | |2014-06-05T17:36:30.0000000Z
f1t33|agregariaa| | | |2014-06-05T17:37:40.0000000Z
f1t34|entregarbandeja| | | |2014-06-05T17:39:09.0000000Z
f1t35|soltarbandeja| | | |2014-06-05T17:39:45.0000000Z
f1t36|llenarbotes| | | |2014-06-05T17:39:59.0000000Z
f1t37|esterilizar| | | |2014-06-05T17:40:11.0000000Z
f1t38|entregarchopo| | | |2014-06-05T17:41:43.0000000Z
f1t39|soltarchopocabina| | | |2014-06-05T17:43:28.0000000Z
f1t40|cortarplanta| | | |2014-06-05T17:43:39.0000000Z
f1t41|adjuntarbandeja| | | |2014-06-05T17:43:47.0000000Z
f1t42|apagarcabina| | | |2014-06-05T17:44:03.0000000Z
f1t44|bloquearbasefitotron| | | |2014-06-05T17:45:41.0000000Z
f1t43|soltarbandcrecimiento| | | |2014-06-05T17:45:46.0000000Z
f1t45|crecerchopo| | | |2014-06-05T17:46:11.0000000Z
f1t46|fincrecimiento| | | |2014-06-05T17:47:59.0000000Z
f2t1|encenderpcr| | | |2014-06-05T17:48:59.0000000Z
f2t4|calentartermobloque| | | |2014-06-05T17:49:01.0000000Z
f2t5|entregarbandejahielo| | | |2014-06-05T17:49:20.0000000Z
f2t10|tomartamponpolimerasa| | | |2014-06-05T17:50:12.0000000Z
f2t14|tomaraguadestilada| | | |2014-06-05T17:50:24.0000000Z
f2t9|tomaroligonucleicoder| | | |2014-06-05T17:50:42.0000000Z
f2t8|tomaroligonucleicoizq| | | |2014-06-05T17:51:06.0000000Z
f2t7|tomaradn| | | |2014-06-05T17:52:49.0000000Z
f2t11|tomarmgcl| | | |2014-06-05T17:53:11.0000000Z
f2t13|tomarpolimerasa| | | |2014-06-05T17:53:52.0000000Z
f2t12|tomardntp| | | |2014-06-05T17:54:23.0000000Z
f2t55|abrirpcr| | | |2014-06-05T17:55:06.0000000Z
f2t27|entregarboteeppendorf| | | |2014-06-05T18:00:09.0000000Z
f2t26|soltarbandejapoyata| | | |2014-06-05T18:02:07.0000000Z
f2t25|soltarbandejapoyataprimeravez| | | |2014-06-05T18:02:17.0000000Z
f2t28|soltarboteeppendorf| | | |2014-06-05T18:03:24.0000000Z
f2t29|sacartuboeppendorf| | | |2014-06-05T18:03:55.0000000Z
f2t30|entregarpipetaamarilla| | | |2014-06-05T18:04:26.0000000Z
f2t32|cargarpuntaamarilla| | | |2014-06-05T18:05:08.0000000Z
f2t33|iniciarmezcla| | | |2014-06-05T18:05:53.0000000Z
f2t34|agregaradn| | | |2014-06-05T18:06:55.0000000Z
f2t36|agregaroligonucleicoder| | | |2014-06-05T18:07:04.0000000Z
f2t37|agregartamponpolimerasa| | | |2014-06-05T18:07:26.0000000Z
f2t41|agregaraguadestilada| | | |2014-06-05T18:07:31.0000000Z
f2t35|agregaroligonucleicoizq| | | |2014-06-05T18:07:52.0000000Z
f2t38|agregarmgcl| | | |2014-06-05T18:08:09.0000000Z
f2t52|finmezcla| |f2t39-f2t40| |2014-06-05T18:08:26.0000000Z
f2t40|agregarpolimerasa| | | |2014-06-05T18:08:45.0000000Z
f2t39|agregardntp| | | |2014-06-05T18:08:51.0000000Z
f2t53|soltarpipetaamarilla| | | |2014-06-05T18:09:03.0000000Z
f2t54|entregartubomezcla| | | |2014-06-05T18:09:37.0000000Z
f2t56|soltarmezcla| | | |2014-06-05T18:10:56.0000000Z
f2t57|cerrarpcr| | | |2014-06-05T18:11:49.0000000Z
f2t58|amplificarfragmento| | | |2014-06-05T18:11:59.0000000Z
f2t59|entregarmezclapcr| | | |2014-06-05T18:12:36.0000000Z
f2t60|guardarpcr| | | |2014-06-05T18:13:34.0000000Z
f2t61|soltartubonevera| | | |2014-06-05T18:13:54.0000000Z
f3t1|encendertermobloque| | | |2014-06-05T18:14:45.0000000Z
f3t4|calentartermobloque| | | |2014-06-05T18:14:50.0000000Z
f3t5|entregarbandejahielo| | | |2014-06-05T18:15:24.0000000Z
f3t10|tomarenzimaligasa| | | |2014-06-05T18:16:36.0000000Z
f3t11|tomaraguadestilada| | | |2014-06-05T18:16:41.0000000Z
f3t7|tomaradnplasmidico| | | |2014-06-05T18:17:52.0000000Z
f3t9|tomartamponligasa| | | |2014-06-05T18:18:19.0000000Z
f3t8|tomarmezclapcr| | | |2014-06-05T18:18:44.0000000Z
f3t27|soltarbandejapoyata| | | |2014-06-05T18:19:20.0000000Z
f3t26|soltarbandejapoyataprimeravez| | | |2014-06-05T18:19:25.0000000Z
f3t28|sacartuboligacion| | | |2014-06-05T18:19:32.0000000Z
f3t29|entregarpipetaamarilla| | | |2014-06-05T18:19:47.0000000Z
f3t31|cargarpuntaamarilla| | | |2014-06-05T18:20:14.0000000Z
f3t32|iniciarmezcla| | | |2014-06-05T18:20:39.0000000Z
f3t36|agregarenzimaligasa| | | |2014-06-05T18:21:07.0000000Z
f3t37|agregaraguadestilada| | | |2014-06-05T18:21:19.0000000Z
f3t33|agregaradnplasmidico| | | |2014-06-05T18:21:27.0000000Z
f3t35|agregartamponligasa| | | |2014-06-05T18:21:38.0000000Z
f3t34|agregarmezclapcr| | | |2014-06-05T18:21:47.0000000Z
f3t52|finmezcla| | | |2014-06-05T18:22:18.0000000Z
f3t53|soltarpipetaamarilla| | | |2014-06-05T18:22:37.0000000Z
f3t54|entregartubomezcla| | | |2014-06-05T18:22:47.0000000Z
f3t55|abrirtermobloque| | | |2014-06-05T18:23:33.0000000Z
f3t56|soltarmezcla| | | |2014-06-05T18:23:52.0000000Z
f3t57|cerrartermobloque| | | |2014-06-05T18:23:59.0000000Z

f3t58|amplificarfragmento| | | |2014-06-05T18:24:28.0000000Z
f3t59|entregarmezclaligacion| | | |2014-06-05T18:24:46.0000000Z
f3t60|guardarligacion| | | |2014-06-05T18:25:35.0000000Z
f3t61|soltartubonevera| | | |2014-06-05T18:25:57.0000000Z
