f0crearLog|crearLog| | | |2013-05-08T14:40:25.0000000Z
f0t1|entregarbata| | | |2013-05-08T14:41:11.0000000Z
f0t7|lavarsemanos| | | |2013-05-08T14:42:56.0000000Z
f0t2|bloquearpoyata| | | |2013-05-08T14:48:08.0000000Z
f0t8|entregarguantes| | | |2013-05-08T14:48:13.0000000Z
f0t3|leerfundamentos| | | |2013-05-08T14:50:08.0000000Z
f0t4|leerprotocolo| | | |2013-05-08T14:53:15.0000000Z
f0t6|releerprotocolo| | | |2013-05-08T14:56:00.0000000Z
f0t6|releerprotocolo| | | |2013-05-08T14:56:07.0000000Z
f0t6|releerprotocolo| | | |2013-05-08T14:56:07.0000000Z
f0t6|releerprotocolo| | | |2013-05-08T14:56:08.0000000Z
f0t6|releerprotocolo| | | |2013-05-08T14:56:09.0000000Z
f0t6|releerprotocolo| | | |2013-05-08T14:56:10.0000000Z
f0t6|releerprotocolo| | | |2013-05-08T14:56:12.0000000Z
f0t6|releerprotocolo| | | |2013-05-08T14:56:13.0000000Z
f1t1|entregarvaso| | | |2013-05-08T15:00:23.0000000Z
f1t4|soltarvasofregadero| | | |2013-05-08T15:04:12.0000000Z
f1t5|bloquearfregadero| | | |2013-05-08T15:04:16.0000000Z
f1t6|llenarvasoconagua| | | |2013-05-08T15:04:19.0000000Z
f1t7|desbloquearfregadero| | | |2013-05-08T15:04:37.0000000Z
f1t8|soltarvasoagitador| | | |2013-05-08T15:05:19.0000000Z
f1t9|bloquearagitador| | | |2013-05-08T15:05:25.0000000Z
f1t10|bloquearphmetro| | | |2013-05-08T15:05:30.0000000Z
f1t11|encenderagitador| | | |2013-05-08T15:05:38.0000000Z
f1t13|agregarsacarosa| | | |2013-05-08T15:07:27.0000000Z
f1t14|ajustarph| | f1t12| |2013-05-08T15:08:05.0000000Z
f1t15|desbloquearphmetro| | | |2013-05-08T15:08:05.0000000Z
f1t16|agregaragar| | f1t12-ord_f1t16| |2013-05-08T15:11:23.0000000Z
f1t21|entregarbotella| | | |2013-05-08T15:13:25.0000000Z
f1t22|soltarbotellaagitador| | | |2013-05-08T15:14:37.0000000Z
f1t20|apagaragitador| | f1t12-ord_f1t20| |2013-05-08T15:17:14.0000000Z
f1t23|movermezclaabotella| | | |2013-05-08T15:17:26.0000000Z
f1t24|desbloquearagitador| | | |2013-05-08T15:17:35.0000000Z
f1t25|insetarbotellaenautoclave| | | |2013-05-08T15:19:04.0000000Z
f1t26|bloquearautoclave| | | |2013-05-08T15:19:07.0000000Z
f1t27|autoclavar| | | |2013-05-08T15:19:13.0000000Z
f1t30|encendercabina| | | |2013-05-08T15:30:54.0000000Z
f1t31|contartiempocabina| | | |2013-05-08T15:30:54.0000000Z
f1t34|entregarbandeja| | | |2013-05-08T15:33:17.0000000Z
f1t35|soltarbandeja| | | |2013-05-08T15:35:13.0000000Z
f1t28|entregarbotellaautoclavada| | | |2013-05-08T15:36:17.0000000Z
f1t29|enfriarbotella| | | |2013-05-08T15:36:20.0000000Z
f1t32|soltarbotellacabina| | | |2013-05-08T15:38:12.0000000Z
f1t36|llenarbotes| | | |2013-05-08T15:38:15.0000000Z
f1t33|agregariaa| | | |2013-05-08T15:41:41.0000000Z
f1t37|esterilizar| | | |2013-05-08T15:43:46.0000000Z
f1t38|entregarchopo| | | |2013-05-08T15:47:15.0000000Z
f1t39|soltarchopocabina| | | |2013-05-08T15:49:08.0000000Z
f1t40|cortarplanta| | | |2013-05-08T15:49:17.0000000Z
f1t41|adjuntarbandeja| | | |2013-05-08T15:49:25.0000000Z
f1t42|apagarcabina| | | |2013-05-08T15:50:19.0000000Z
f1t44|bloquearbasefitotron| | | |2013-05-08T15:51:19.0000000Z
f1t43|soltarbandcrecimiento| | | |2013-05-08T15:51:22.0000000Z
f1t45|crecerchopo| | | |2013-05-08T15:51:49.0000000Z
f1t3|releerprotocolo| | | |2013-05-08T15:56:23.0000000Z
f1t3|releerprotocolo| | | |2013-05-08T15:56:29.0000000Z
f2t1|encenderpcr| | | |2013-05-08T15:58:30.0000000Z
f2t4|calentartermobloque| | | |2013-05-08T15:58:30.0000000Z
f2t5|entregarbandejahielo| | | |2013-05-08T15:59:14.0000000Z
f2t7|tomaradn| | | |2013-05-08T16:01:46.0000000Z
f2t9|tomaroligonucleicoder| | | |2013-05-08T16:01:58.0000000Z
f2t8|tomaroligonucleicoizq| | | |2013-05-08T16:02:17.0000000Z
f2t10|tomartamponpolimerasa| | | |2013-05-08T16:02:30.0000000Z
f2t11|tomarmgcl| | | |2013-05-08T16:02:46.0000000Z
f2t12|tomardntp| | | |2013-05-08T16:03:03.0000000Z
f2t13|tomarpolimerasa| | | |2013-05-08T16:03:59.0000000Z
f2t14|tomaraguadestilada| | | |2013-05-08T16:04:35.0000000Z
f2t26|soltarbandejapoyata| | | |2013-05-08T16:05:11.0000000Z
f2t25|soltarbandejapoyataprimeravez| | | |2013-05-08T16:05:14.0000000Z
f2t27|entregarboteeppendorf| | | |2013-05-08T16:08:26.0000000Z
f2t28|soltarboteeppendorf| | | |2013-05-08T16:09:24.0000000Z
f2t29|sacartuboeppendorf| | | |2013-05-08T16:09:46.0000000Z
f2t30|entregarpipetaamarilla| | | |2013-05-08T16:12:29.0000000Z
f2t32|cargarpuntaamarilla| | | |2013-05-08T16:13:00.0000000Z
f2t33|iniciarmezcla| | | |2013-05-08T16:13:24.0000000Z
f2t34|agregaradn| | | |2013-05-08T16:13:48.0000000Z
f2t36|agregaroligonucleicoder| | | |2013-05-08T16:13:56.0000000Z
f2t35|agregaroligonucleicoizq| | | |2013-05-08T16:14:00.0000000Z
f2t37|agregartamponpolimerasa| | | |2013-05-08T16:14:15.0000000Z
f2t38|agregarmgcl| | | |2013-05-08T16:14:34.0000000Z
f2t39|agregardntp| | | |2013-05-08T16:14:44.0000000Z
f2t40|agregarpolimerasa| | | |2013-05-08T16:14:52.0000000Z
f2t41|agregaraguadestilada| | | |2013-05-08T16:14:59.0000000Z
f2t52|finmezcla| | | |2013-05-08T16:15:02.0000000Z
f2t53|soltarpipetaamarilla| | | |2013-05-08T16:15:13.0000000Z
f2t54|entregartubomezcla| | | |2013-05-08T16:15:19.0000000Z
f2t55|abrirpcr| | | |2013-05-08T16:16:12.0000000Z
f2t56|soltarmezcla| | | |2013-05-08T16:16:29.0000000Z
f2t57|cerrarpcr| | | |2013-05-08T16:16:33.0000000Z
f2t58|amplificarfragmento| | | |2013-05-08T16:16:36.0000000Z
f2t59|entregarmezclapcr| | | |2013-05-08T16:17:12.0000000Z
f2t60|guardarpcr| | | |2013-05-08T16:18:11.0000000Z
f2t61|soltartubonevera| | | |2013-05-08T16:18:22.0000000Z
f3t1|encendertermobloque| | | |2013-05-08T16:20:17.0000000Z
f3t4|calentartermobloque| | | |2013-05-08T16:20:21.0000000Z
f3t5|entregarbandejahielo| | | |2013-05-08T16:20:40.0000000Z
f3t19|tomarplasmidomirna| | | |2013-05-08T16:21:25.0000000Z
f3t7|tomaradnplasmidico| | | |2013-05-08T16:22:00.0000000Z
f3t9|tomartamponligasa| | | |2013-05-08T16:22:29.0000000Z
f3t8|tomarmezclapcr| | | |2013-05-08T16:23:54.0000000Z
f3t10|tomarenzimaligasa| | | |2013-05-08T16:24:12.0000000Z
f3t11|tomaraguadestilada| | | |2013-05-08T16:24:23.0000000Z
f3t27|soltarbandejapoyata| | | |2013-05-08T16:25:45.0000000Z
f3t26|soltarbandejapoyataprimeravez| | | |2013-05-08T16:25:48.0000000Z
f3t28|sacartuboligacion| | | |2013-05-08T16:26:21.0000000Z
f3t29|entregarpipetaamarilla| | | |2013-05-08T16:26:38.0000000Z
f3t31|cargarpuntaamarilla| | | |2013-05-08T16:26:58.0000000Z
f3t32|iniciarmezcla| | | |2013-05-08T16:27:25.0000000Z
f3t33|agregaradnplasmidico| | | |2013-05-08T16:27:50.0000000Z
f3t34|agregarmezclapcr| | | |2013-05-08T16:28:02.0000000Z
f3t35|agregartamponligasa| | | |2013-05-08T16:28:07.0000000Z
f3t36|agregarenzimaligasa| | | |2013-05-08T16:28:16.0000000Z
f3t37|agregaraguadestilada| | | |2013-05-08T16:28:29.0000000Z
f3t52|finmezcla| | | |2013-05-08T16:28:38.0000000Z
f3t53|soltarpipetaamarilla| | | |2013-05-08T16:28:51.0000000Z
f3t54|entregartubomezcla| | | |2013-05-08T16:29:02.0000000Z
f3t55|abrirtermobloque| | | |2013-05-08T16:29:42.0000000Z
f3t56|soltarmezcla| | | |2013-05-08T16:29:49.0000000Z
f3t57|cerrartermobloque| | | |2013-05-08T16:29:51.0000000Z

f3t58|amplificarfragmento| | | |2013-05-08T16:30:09.0000000Z
f3t59|entregarmezclaligacion| | | |2013-05-08T16:30:16.0000000Z
f3t60|guardarligacion| | | |2013-05-08T16:31:06.0000000Z
f3t61|soltartubonevera| | | |2013-05-08T16:31:27.0000000Z
