lavarsemanos|avatarlejosdelavamanos|Lavamanos|2013-05-23T16:16:37.0000000Z
soltarvasofregadero|avatarlejosdebasevaso|Vaso|2013-05-23T16:20:15.0000000Z
soltarbotellacabina|noseencuentracabina|Botella|2013-05-23T16:28:16.0000000Z
soltarbotellacabina|noseencuentracabina|Botella|2013-05-23T16:28:36.0000000Z
soltarbotellacabina|noseencuentracabina|Botella|2013-05-23T16:29:06.0000000Z
soltarbotellacabina|noseencuentracabina|Botella|2013-05-23T16:30:50.0000000Z
soltarbotellacabina|noseencuentracabina|Botella|2013-05-23T16:32:41.0000000Z
soltarbotellacabina|noseencuentracabina|Botella|2013-05-23T16:33:35.0000000Z
soltarbandejapoyata|noseencuentrapoyata|BandejaHielo|2013-05-23T16:50:57.0000000Z
soltarbandejapoyata|noseencuentrapoyata|BandejaHielo|2013-05-23T16:51:05.0000000Z
soltarbandejapoyata|noseencuentrapoyata|BandejaHielo|2013-05-23T16:51:20.0000000Z
soltarbandejapoyata|noseencuentrapoyata|BandejaHielo|2013-05-23T16:51:44.0000000Z
soltarbandejapoyata|noseencuentrapoyata|BandejaHielo|2013-05-23T16:53:32.0000000Z
soltarbandejapoyata|noseencuentrapoyata|BandejaHielo|2013-05-23T16:53:46.0000000Z
soltarbandejapoyata|noseencuentrapoyata|BandejaHielo|2013-05-23T16:53:56.0000000Z
soltarbandejapoyata|noseencuentrapoyata|BandejaHielo|2013-05-23T16:54:15.0000000Z
soltarbandejapoyata|noseencuentrapoyata|BandejaHielo|2013-05-23T16:54:20.0000000Z
iniciarmezcla|noseencuentrapipeta|BandejaHielo|2013-05-23T17:00:45.0000000Z
iniciarmezcla|noseencuentrapipeta|BandejaHielo|2013-05-23T17:11:41.0000000Z
soltarmezcla|noseencuentrabaseparatubo|TuboMezcla|2013-05-23T17:17:28.0000000Z
soltarmezcla|noseencuentrabaseparatubo|TuboMezcla|2013-05-23T17:17:43.0000000Z
soltarmezcla|noseencuentrabaseparatubo|TuboMezcla|2013-05-23T17:17:52.0000000Z
soltarmezcla|noseencuentrabaseparatubo|TuboMezcla|2013-05-23T17:17:56.0000000Z
soltarmezcla|noseencuentrabaseparatubo|TuboMezcla|2013-05-23T17:18:13.0000000Z
soltarmezcla|noseencuentrabaseparatubo|TuboMezcla|2013-05-23T17:18:24.0000000Z
