accionnoencontrada| |entregarbata| |2013-05-08T14:34:20.0000000Z
accionrealizada|f0t8|entregarguantes|entregarguantes|2013-05-08T14:42:48.0000000Z
accionrealizada|f0t8|entregarguantes|entregarguantes|2013-05-08T14:42:50.0000000Z
dependenciabloq|f0t4|leerprotocolo|f0t3|2013-05-08T14:44:18.0000000Z
dependenciabloq|f0t4|leerprotocolo|f0t3|2013-05-08T14:44:25.0000000Z
dependenciabloq|f0t4|leerprotocolo|f0t3|2013-05-08T14:44:27.0000000Z
dependenciasnobloq|f1t20|apagaragitador| f1t13-f1t14-f1t16|2013-05-08T15:08:10.0000000Z
dependenciabloq|f1t36|llenarbotes|f1t32|2013-05-08T15:28:38.0000000Z
dependenciabloq|f1t36|llenarbotes|f1t32|2013-05-08T15:28:43.0000000Z
dependenciabloq|f1t36|llenarbotes|f1t32|2013-05-08T15:34:36.0000000Z
dependenciabloq|f1t36|llenarbotes|f1t32|2013-05-08T15:34:58.0000000Z
dependenciabloq|f1t36|llenarbotes|f1t32|2013-05-08T15:35:00.0000000Z
dependenciabloq|f1t36|llenarbotes|f1t32|2013-05-08T15:35:13.0000000Z
accionrealizada|f1t38|entregarchopo|entregarchopo|2013-05-08T15:39:21.0000000Z
accionrealizada|f2t11|tomarmgcl|tomarmgcl|2013-05-08T16:11:39.0000000Z
dependenciabloq|f2t33|iniciarmezcla|f2t29|2013-05-08T16:15:35.0000000Z
dependenciabloq|f2t33|iniciarmezcla|f2t29|2013-05-08T16:16:39.0000000Z
dependenciabloq|f2t33|iniciarmezcla|f2t29|2013-05-08T16:17:31.0000000Z
dependenciabloq|f2t33|iniciarmezcla|f2t29|2013-05-08T16:17:50.0000000Z
dependenciabloq|f2t33|iniciarmezcla|f2t29|2013-05-08T16:18:22.0000000Z
dependenciabloq|f2t33|iniciarmezcla|f2t32|2013-05-08T16:20:19.0000000Z
accionrealizada|f2t33|iniciarmezcla|iniciarmezcla|2013-05-08T16:20:51.0000000Z
dependenciabloq|f2t57|cerrarpcr|f2t56|2013-05-08T16:26:21.0000000Z
dependenciabloq|f3t1|encendertermobloque|f2t60|2013-05-08T16:26:30.0000000Z
dependenciabloq|f3t1|encendertermobloque|f2t60|2013-05-08T16:28:16.0000000Z
dependenciabloq|f2t57|cerrarpcr|f2t56|2013-05-08T16:28:18.0000000Z
dependenciabloq|f2t60|guardarpcr|f2t59|2013-05-08T16:31:06.0000000Z
dependenciabloq|f2t60|guardarpcr|f2t59|2013-05-08T16:32:02.0000000Z
dependenciabloq|f2t60|guardarpcr|f2t59|2013-05-08T16:32:45.0000000Z
dependenciabloq|f2t57|cerrarpcr|f2t56|2013-05-08T16:36:28.0000000Z
dependenciabloq|f2t57|cerrarpcr|f2t56|2013-05-08T16:45:58.0000000Z
dependenciabloq|f2t59|entregarmezclapcr|f2t58|2013-05-08T16:48:46.0000000Z
dependenciabloq|f2t59|entregarmezclapcr|f2t58|2013-05-08T16:51:11.0000000Z
dependenciabloq|f2t59|entregarmezclapcr|f2t58|2013-05-08T16:55:02.0000000Z
accionrealizada|f2t60|guardarpcr|guardarpcr|2013-05-08T16:58:20.0000000Z
accionrealizada|f2t60|guardarpcr|guardarpcr|2013-05-08T16:58:47.0000000Z
accionrealizada|f3t31|cargarpuntaamarilla|cargarpuntaamarilla|2013-05-08T17:04:08.0000000Z
accionrealizada|f3t54|entregartubomezcla|entregartubomezcla|2013-05-08T17:06:27.0000000Z
dependenciabloq|f3t58|amplificarfragmento|f3t57|2013-05-08T17:07:27.0000000Z
dependenciabloq|f3t58|amplificarfragmento|f3t57|2013-05-08T17:07:52.0000000Z
dependenciabloq|f3t58|amplificarfragmento|f3t57|2013-05-08T17:08:02.0000000Z
dependenciabloq|f3t58|amplificarfragmento|f3t57|2013-05-08T17:08:13.0000000Z
accionnoencontrada| |guardarpcr| |2013-05-08T17:10:03.0000000Z
