f0crearLog|crearLog| | | |2013-05-09T15:57:14.0000000Z
f0t1|entregarbata| | | |2013-05-09T15:57:58.0000000Z
f0t2|bloquearpoyata| | | |2013-05-09T15:59:10.0000000Z
f0t3|leerfundamentos| | | |2013-05-09T15:59:16.0000000Z
f0t4|leerprotocolo| | | |2013-05-09T15:59:27.0000000Z
f0t5|releerfundamentos| | | |2013-05-09T15:59:51.0000000Z
f0t6|releerprotocolo| | | |2013-05-09T16:00:05.0000000Z
f0t6|releerprotocolo| | | |2013-05-09T16:00:06.0000000Z
f1t1|entregarvaso| | f0t7-f0t8| |2013-05-09T16:01:06.0000000Z
f1t4|soltarvasofregadero| | | |2013-05-09T16:02:46.0000000Z
f1t5|bloquearfregadero| | | |2013-05-09T16:02:50.0000000Z
f1t6|llenarvasoconagua| | | |2013-05-09T16:02:52.0000000Z
f1t7|desbloquearfregadero| | | |2013-05-09T16:03:09.0000000Z
f1t8|soltarvasoagitador| | | |2013-05-09T16:03:33.0000000Z
f1t9|bloquearagitador| | | |2013-05-09T16:03:36.0000000Z
f1t10|bloquearphmetro| | | |2013-05-09T16:03:37.0000000Z
f1t11|encenderagitador| | | |2013-05-09T16:03:42.0000000Z
f1t12|agregarmys| | | |2013-05-09T16:04:46.0000000Z
f1t16|agregaragar| | f1t13-f1t14| |2013-05-09T16:04:54.0000000Z
f1t13|agregarsacarosa| | | |2013-05-09T16:05:58.0000000Z
f1t14|ajustarph| | |f1t16|2013-05-09T16:06:30.0000000Z
f1t15|desbloquearphmetro| | | |2013-05-09T16:06:30.0000000Z
f1t21|entregarbotella| |f0t8| |2013-05-09T16:07:06.0000000Z
f1t20|apagaragitador| | ord_f1t20| |2013-05-09T16:07:13.0000000Z
f1t22|soltarbotellaagitador| | | |2013-05-09T16:07:48.0000000Z
f1t23|movermezclaabotella| | | |2013-05-09T16:07:52.0000000Z
f1t24|desbloquearagitador| | | |2013-05-09T16:08:05.0000000Z
f1t25|insetarbotellaenautoclave| | | |2013-05-09T16:08:57.0000000Z
f1t26|bloquearautoclave| | | |2013-05-09T16:09:01.0000000Z
f1t27|autoclavar| | | |2013-05-09T16:09:05.0000000Z
f1t28|entregarbotellaautoclavada| | | |2013-05-09T16:09:54.0000000Z
f1t29|enfriarbotella| | | |2013-05-09T16:09:55.0000000Z
f1t30|encendercabina| | | |2013-05-09T16:11:09.0000000Z
f1t31|contartiempocabina| | | |2013-05-09T16:11:10.0000000Z
f1t32|soltarbotellacabina| | | |2013-05-09T16:11:38.0000000Z
f1t33|agregariaa| | | |2013-05-09T16:12:22.0000000Z
f1t34|entregarbandeja| | | |2013-05-09T16:12:56.0000000Z
f1t35|soltarbandeja| | | |2013-05-09T16:15:38.0000000Z
f1t36|llenarbotes| | | |2013-05-09T16:15:44.0000000Z
f1t37|esterilizar| | | |2013-05-09T16:15:52.0000000Z
f1t38|entregarchopo| | | |2013-05-09T16:16:41.0000000Z
f1t39|soltarchopocabina| | | |2013-05-09T16:17:37.0000000Z
f1t40|cortarplanta| | | |2013-05-09T16:17:50.0000000Z
f1t41|adjuntarbandeja| | | |2013-05-09T16:17:58.0000000Z
f1t42|apagarcabina| | | |2013-05-09T16:18:11.0000000Z
f1t44|bloquearbasefitotron| | | |2013-05-09T16:18:50.0000000Z
f1t43|soltarbandcrecimiento| | | |2013-05-09T16:18:53.0000000Z
f1t45|crecerchopo| | | |2013-05-09T16:19:38.0000000Z
f1t46|fincrecimiento| | | |2013-05-09T16:20:59.0000000Z
f2t1|encenderpcr| | | |2013-05-09T16:22:08.0000000Z
f2t4|calentartermobloque| | | |2013-05-09T16:22:13.0000000Z
f2t2|releerfundamentos| | | |2013-05-09T16:22:50.0000000Z
f2t2|releerfundamentos| | | |2013-05-09T16:22:52.0000000Z
f2t5|entregarbandejahielo| | | |2013-05-09T16:23:58.0000000Z
f2t2|releerfundamentos| | | |2013-05-09T16:24:35.0000000Z
f2t2|releerfundamentos| | | |2013-05-09T16:24:39.0000000Z
f2t3|releerprotocolo| | | |2013-05-09T16:24:39.0000000Z
f2t2|releerfundamentos| | | |2013-05-09T16:28:43.0000000Z
f2t3|releerprotocolo| | | |2013-05-09T16:28:43.0000000Z
f2t7|tomaradn| | | |2013-05-09T16:29:44.0000000Z
f2t9|tomaroligonucleicoder| | | |2013-05-09T16:29:57.0000000Z
f2t8|tomaroligonucleicoizq| | | |2013-05-09T16:30:08.0000000Z
f2t10|tomartamponpolimerasa| | | |2013-05-09T16:30:13.0000000Z
f2t11|tomarmgcl| | | |2013-05-09T16:30:25.0000000Z
f2t12|tomardntp| | | |2013-05-09T16:30:35.0000000Z
f2t14|tomaraguadestilada| | | |2013-05-09T16:31:05.0000000Z
f2t25|soltarbandejapoyataprimeravez| | | |2013-05-09T16:31:37.0000000Z
f2t27|entregarboteeppendorf| | | |2013-05-09T16:32:04.0000000Z
f2t28|soltarboteeppendorf| | | |2013-05-09T16:32:27.0000000Z
f2t29|sacartuboeppendorf| | | |2013-05-09T16:32:39.0000000Z
f2t30|entregarpipetaamarilla| | | |2013-05-09T16:33:03.0000000Z
f2t32|cargarpuntaamarilla| | | |2013-05-09T16:33:19.0000000Z
f2t26|soltarbandejapoyata| | | |2013-05-09T16:34:01.0000000Z
f2t33|iniciarmezcla| | | |2013-05-09T16:34:35.0000000Z
f2t34|agregaradn| | | |2013-05-09T16:34:47.0000000Z
f2t36|agregaroligonucleicoder| | | |2013-05-09T16:34:53.0000000Z
f2t35|agregaroligonucleicoizq| | | |2013-05-09T16:34:55.0000000Z
f2t37|agregartamponpolimerasa| | | |2013-05-09T16:34:58.0000000Z
f2t38|agregarmgcl| | | |2013-05-09T16:35:00.0000000Z
f2t39|agregardntp| | | |2013-05-09T16:35:02.0000000Z
f2t41|agregaraguadestilada| | | |2013-05-09T16:35:04.0000000Z
f2t52|finmezcla| |f2t40| |2013-05-09T16:35:08.0000000Z
f2t53|soltarpipetaamarilla| | | |2013-05-09T16:35:16.0000000Z
f2t54|entregartubomezcla| | | |2013-05-09T16:35:23.0000000Z
f2t55|abrirpcr| | | |2013-05-09T16:35:45.0000000Z
f2t56|soltarmezcla| | | |2013-05-09T16:35:59.0000000Z
f2t57|cerrarpcr| | | |2013-05-09T16:36:03.0000000Z
f2t58|amplificarfragmento| | | |2013-05-09T16:36:05.0000000Z
f2t59|entregarmezclapcr| | | |2013-05-09T16:36:36.0000000Z
f2t60|guardarpcr| | | |2013-05-09T16:37:13.0000000Z
f2t61|soltartubonevera| | | |2013-05-09T16:37:27.0000000Z
f3t1|encendertermobloque| | | |2013-05-09T16:38:06.0000000Z
f3t4|calentartermobloque| | | |2013-05-09T16:38:07.0000000Z
f3t5|entregarbandejahielo| | | |2013-05-09T16:38:20.0000000Z
f3t7|tomaradnplasmidico| | | |2013-05-09T16:39:44.0000000Z
f3t10|tomarenzimaligasa| | | |2013-05-09T16:41:22.0000000Z
f3t9|tomartamponligasa| | | |2013-05-09T16:41:29.0000000Z
f3t25|tomarmezclaligacion| | | |2013-05-09T16:41:46.0000000Z
f3t8|tomarmezclapcr| | | |2013-05-09T16:41:53.0000000Z
f3t11|tomaraguadestilada| | | |2013-05-09T16:42:09.0000000Z
f3t27|soltarbandejapoyata| | | |2013-05-09T16:43:10.0000000Z
f3t26|soltarbandejapoyataprimeravez| | | |2013-05-09T16:43:13.0000000Z
f3t28|sacartuboligacion| | | |2013-05-09T16:43:17.0000000Z
f3t29|entregarpipetaamarilla| | | |2013-05-09T16:43:24.0000000Z
f3t31|cargarpuntaamarilla| | | |2013-05-09T16:43:33.0000000Z
f3t32|iniciarmezcla| | | |2013-05-09T16:43:36.0000000Z
f3t33|agregaradnplasmidico| | | |2013-05-09T16:43:41.0000000Z
f3t35|agregartamponligasa| | | |2013-05-09T16:43:45.0000000Z
f3t34|agregarmezclapcr| | | |2013-05-09T16:43:47.0000000Z
f3t37|agregaraguadestilada| | | |2013-05-09T16:43:49.0000000Z
f3t52|finmezcla| |f3t36| |2013-05-09T16:43:53.0000000Z
f3t53|soltarpipetaamarilla| | | |2013-05-09T16:44:01.0000000Z
f3t54|entregartubomezcla| | | |2013-05-09T16:44:09.0000000Z
f3t55|abrirtermobloque| | | |2013-05-09T16:44:32.0000000Z
f3t56|soltarmezcla| | | |2013-05-09T16:44:51.0000000Z
f3t57|cerrartermobloque| | | |2013-05-09T16:44:51.0000000Z

f3t58|amplificarfragmento| | | |2013-05-09T16:45:08.0000000Z
f3t59|entregarmezclaligacion| | | |2013-05-09T16:45:17.0000000Z
f3t60|guardarligacion| | | |2013-05-09T16:45:38.0000000Z
f3t61|soltartubonevera| | | |2013-05-09T16:45:51.0000000Z
