f0crearLog|crearLog| | | |2015-06-17T09:00:01.0000000Z
f0t1|entregarbata| | | |2015-06-17T09:06:25.0000000Z
f0t2|bloquearpoyata| | | |2015-06-17T09:07:35.0000000Z
f0t3|leerfundamentos| | | |2015-06-17T09:08:20.0000000Z
f0t5|releerfundamentos| | | |2015-06-17T09:08:24.0000000Z
f0t4|leerprotocolo| | | |2015-06-17T09:11:02.0000000Z
f0t7|lavarsemanos| | | |2015-06-17T09:12:03.0000000Z
f0t8|entregarguantes| | | |2015-06-17T09:12:44.0000000Z
f1t1|entregarvaso| | | |2015-06-17T09:16:36.0000000Z
f1t4|soltarvasofregadero| | | |2015-06-17T09:18:28.0000000Z
f1t5|bloquearfregadero| | | |2015-06-17T09:18:32.0000000Z
f1t6|llenarvasoconagua| | | |2015-06-17T09:18:35.0000000Z
f1t7|desbloquearfregadero| | | |2015-06-17T09:18:53.0000000Z
f1t8|soltarvasoagitador| | | |2015-06-17T09:19:01.0000000Z
f1t9|bloquearagitador| | | |2015-06-17T09:19:05.0000000Z
f1t10|bloquearphmetro| | | |2015-06-17T09:19:08.0000000Z
f1t11|encenderagitador| | | |2015-06-17T09:19:18.0000000Z
f1t3|releerprotocolo| | | |2015-06-17T09:20:34.0000000Z
f1t3|releerprotocolo| | | |2015-06-17T09:20:56.0000000Z
f1t12|agregarmys| | | |2015-06-17T09:22:05.0000000Z
f1t13|agregarsacarosa| | | |2015-06-17T09:22:10.0000000Z
f1t20|apagaragitador| | f1t14-f1t16| |2015-06-17T09:22:29.0000000Z
f1t21|entregarbotella| | | |2015-06-17T09:22:50.0000000Z
f1t22|soltarbotellaagitador| | | |2015-06-17T09:23:36.0000000Z
f1t23|movermezclaabotella| | | |2015-06-17T09:23:42.0000000Z
f1t24|desbloquearagitador| | | |2015-06-17T09:23:51.0000000Z
f1t15|desbloquearphmetro| | | |2015-06-17T09:23:52.0000000Z
f1t25|insetarbotellaenautoclave| | | |2015-06-17T09:24:50.0000000Z
f1t26|bloquearautoclave| | | |2015-06-17T09:24:54.0000000Z
f1t27|autoclavar| | | |2015-06-17T09:24:55.0000000Z
f1t30|encendercabina| | | |2015-06-17T09:26:24.0000000Z
f1t31|contartiempocabina| | | |2015-06-17T09:26:25.0000000Z
f1t28|entregarbotellaautoclavada| | | |2015-06-17T09:27:23.0000000Z
f1t29|enfriarbotella| | | |2015-06-17T09:27:28.0000000Z
f1t32|soltarbotellacabina| | | |2015-06-17T09:28:12.0000000Z
f1t33|agregariaa| | | |2015-06-17T09:28:50.0000000Z
f1t34|entregarbandeja| | | |2015-06-17T09:29:16.0000000Z
f1t35|soltarbandeja| | | |2015-06-17T09:29:51.0000000Z
f1t36|llenarbotes| | | |2015-06-17T09:30:00.0000000Z
f1t37|esterilizar| | | |2015-06-17T09:30:22.0000000Z
f1t38|entregarchopo| | | |2015-06-17T09:31:09.0000000Z
f1t39|soltarchopocabina| | | |2015-06-17T09:32:16.0000000Z
f1t40|cortarplanta| | | |2015-06-17T09:32:22.0000000Z
f1t41|adjuntarbandeja| | | |2015-06-17T09:32:34.0000000Z
f1t42|apagarcabina| | | |2015-06-17T09:32:54.0000000Z
f1t44|bloquearbasefitotron| | | |2015-06-17T09:33:35.0000000Z
f1t43|soltarbandcrecimiento| | | |2015-06-17T09:33:39.0000000Z
f1t45|crecerchopo| | | |2015-06-17T09:34:04.0000000Z
f1t46|fincrecimiento| | | |2015-06-17T09:34:54.0000000Z
f2t1|encenderpcr| | | |2015-06-17T09:35:42.0000000Z
f2t4|calentartermobloque| | | |2015-06-17T09:35:44.0000000Z
f2t5|entregarbandejahielo| | | |2015-06-17T09:36:00.0000000Z
f2t3|releerprotocolo| | | |2015-06-17T09:36:29.0000000Z
f2t3|releerprotocolo| | | |2015-06-17T09:36:55.0000000Z
f2t2|releerfundamentos| | | |2015-06-17T09:37:04.0000000Z
f2t3|releerprotocolo| | | |2015-06-17T09:37:06.0000000Z
f2t3|releerprotocolo| | | |2015-06-17T09:38:12.0000000Z
f2t23|tomarmezclapcr| | | |2015-06-17T09:41:28.0000000Z
f2t25|soltarbandejapoyataprimeravez| | | |2015-06-17T09:42:30.0000000Z
f2t27|entregarboteeppendorf| | | |2015-06-17T09:42:55.0000000Z
f2t28|soltarboteeppendorf| | | |2015-06-17T09:43:15.0000000Z
f2t29|sacartuboeppendorf| | | |2015-06-17T09:43:24.0000000Z
f2t30|entregarpipetaamarilla| | | |2015-06-17T09:43:54.0000000Z
f2t32|cargarpuntaamarilla| | | |2015-06-17T09:44:05.0000000Z
f2t3|releerprotocolo| | | |2015-06-17T09:44:34.0000000Z
f2t15|tomarenzimaligasa| | | |2015-06-17T09:45:01.0000000Z
f2t13|tomarpolimerasa| | | |2015-06-17T09:45:11.0000000Z
f2t16|tomartamponligasa| | | |2015-06-17T09:45:19.0000000Z
f2t26|soltarbandejapoyata| | | |2015-06-17T09:45:34.0000000Z
f2t33|iniciarmezcla| | | |2015-06-17T09:45:42.0000000Z
f2t52|finmezcla| |f2t34-f2t35-f2t36-f2t37-f2t38-f2t39-f2t40-f2t41| |2015-06-17T09:45:57.0000000Z
f2t53|soltarpipetaamarilla| | | |2015-06-17T09:46:54.0000000Z
f2t54|entregartubomezcla| | | |2015-06-17T09:47:10.0000000Z
f2t55|abrirpcr| | | |2015-06-17T09:47:56.0000000Z
f2t56|soltarmezcla| | | |2015-06-17T09:48:12.0000000Z
f2t57|cerrarpcr| | | |2015-06-17T09:48:22.0000000Z
f2t58|amplificarfragmento| | | |2015-06-17T09:48:30.0000000Z
f2t59|entregarmezclapcr| | | |2015-06-17T09:49:04.0000000Z
f2t60|guardarpcr| | | |2015-06-17T09:49:36.0000000Z
f2t61|soltartubonevera| | | |2015-06-17T09:49:58.0000000Z
f3t1|encendertermobloque| | | |2015-06-17T09:50:23.0000000Z
f3t4|calentartermobloque| | | |2015-06-17T09:50:27.0000000Z
f3t5|entregarbandejahielo| | | |2015-06-17T09:50:43.0000000Z
f3t12|tomaroligonucleicoizq| | | |2015-06-17T09:51:22.0000000Z
f3t9|tomartamponligasa| | | |2015-06-17T09:51:48.0000000Z
f3t14|tomartamponpolimerasa| | | |2015-06-17T09:51:55.0000000Z
f3t27|soltarbandejapoyata| | | |2015-06-17T09:52:10.0000000Z
f3t26|soltarbandejapoyataprimeravez| | | |2015-06-17T09:52:14.0000000Z
f3t28|sacartuboligacion| | | |2015-06-17T09:52:21.0000000Z
f3t29|entregarpipetaamarilla| | | |2015-06-17T09:52:33.0000000Z
f3t31|cargarpuntaamarilla| | | |2015-06-17T09:52:48.0000000Z
f3t32|iniciarmezcla| | | |2015-06-17T09:53:06.0000000Z
f3t52|finmezcla| |f3t33-f3t34-f3t35-f3t36-f3t37| |2015-06-17T09:53:40.0000000Z
f3t40|agregaroligonucleicoizq| | | |2015-06-17T09:53:45.0000000Z
f3t35|agregartamponligasa| | | |2015-06-17T09:53:51.0000000Z
f3t42|agregartamponpolimerasa| | | |2015-06-17T09:53:56.0000000Z
f3t53|soltarpipetaamarilla| | | |2015-06-17T09:54:24.0000000Z
f3t55|abrirtermobloque| | | |2015-06-17T09:55:13.0000000Z
f3t54|entregartubomezcla| | | |2015-06-17T09:55:34.0000000Z
f3t56|soltarmezcla| | | |2015-06-17T09:59:27.0000000Z
f3t57|cerrartermobloque| | | |2015-06-17T09:59:31.0000000Z
f3t58|amplificarfragmento| | | |2015-06-17T10:01:11.0000000Z
f3t59|entregarmezclaligacion| | | |2015-06-17T10:01:51.0000000Z
f3t60|guardarligacion| | | |2015-06-17T10:02:17.0000000Z
f3t61|soltartubonevera| | | |2015-06-17T10:02:31.0000000Z