f0crearLog|crearLog| | | |2013-05-21T17:04:33.0000000Z
f0t1|entregarbata| | | |2013-05-21T17:13:34.0000000Z
f0t2|bloquearpoyata| | | |2013-05-21T17:15:22.0000000Z
f0t7|lavarsemanos| | | |2013-05-21T17:17:01.0000000Z
f0t8|entregarguantes| | | |2013-05-21T17:17:11.0000000Z
f1t1|entregarvaso| | | |2013-05-21T17:17:40.0000000Z
f1t4|soltarvasofregadero| | | |2013-05-21T17:21:23.0000000Z
f1t5|bloquearfregadero| | | |2013-05-21T17:21:27.0000000Z
f1t6|llenarvasoconagua| | | |2013-05-21T17:21:30.0000000Z
f1t7|desbloquearfregadero| | | |2013-05-21T17:21:47.0000000Z
f1t8|soltarvasoagitador| | | |2013-05-21T17:21:57.0000000Z
f1t9|bloquearagitador| | | |2013-05-21T17:22:01.0000000Z
f1t10|bloquearphmetro| | | |2013-05-21T17:22:01.0000000Z
f1t11|encenderagitador| | | |2013-05-21T17:22:09.0000000Z
f1t12|agregarmys| | | |2013-05-21T17:22:27.0000000Z
f1t13|agregarsacarosa| | | |2013-05-21T17:22:33.0000000Z
f1t20|apagaragitador| | f1t14-f1t16| |2013-05-21T17:23:26.0000000Z
f1t21|entregarbotella| | | |2013-05-21T17:23:42.0000000Z
f1t22|soltarbotellaagitador| | | |2013-05-21T17:29:25.0000000Z
f1t23|movermezclaabotella| | | |2013-05-21T17:29:42.0000000Z
f1t24|desbloquearagitador| | | |2013-05-21T17:29:51.0000000Z
f1t15|desbloquearphmetro| | | |2013-05-21T17:29:51.0000000Z
f1t25|insetarbotellaenautoclave| | | |2013-05-21T17:30:33.0000000Z
f1t26|bloquearautoclave| | | |2013-05-21T17:30:36.0000000Z
f1t31|contartiempocabina| | | |2013-05-21T17:31:35.0000000Z
f1t37|esterilizar| | | |2013-05-21T17:32:21.0000000Z
f1t38|entregarchopo| | | |2013-05-21T17:33:02.0000000Z
f1t39|soltarchopocabina| | | |2013-05-21T17:34:27.0000000Z
f1t27|autoclavar| | | |2013-05-21T17:35:09.0000000Z
f1t28|entregarbotellaautoclavada| | | |2013-05-21T17:37:16.0000000Z
f1t29|enfriarbotella| | | |2013-05-21T17:37:16.0000000Z
f1t32|soltarbotellacabina| | | |2013-05-21T17:38:01.0000000Z
f1t33|agregariaa| | | |2013-05-21T17:38:29.0000000Z
f1t34|entregarbandeja| | | |2013-05-21T17:43:03.0000000Z
f1t30|encendercabina| | | |2013-05-21T17:44:35.0000000Z
f1t35|soltarbandeja| | | |2013-05-21T17:44:42.0000000Z
f1t36|llenarbotes| | | |2013-05-21T17:44:55.0000000Z
f1t40|cortarplanta| | | |2013-05-21T17:45:16.0000000Z
f1t41|adjuntarbandeja| | | |2013-05-21T17:45:24.0000000Z
f1t42|apagarcabina| | | |2013-05-21T17:45:29.0000000Z
f1t44|bloquearbasefitotron| | | |2013-05-21T17:46:05.0000000Z
f1t43|soltarbandcrecimiento| | | |2013-05-21T17:46:09.0000000Z
f1t45|crecerchopo| | | |2013-05-21T17:46:25.0000000Z
f1t46|fincrecimiento| | | |2013-05-21T17:47:17.0000000Z
f2t1|encenderpcr| | | |2013-05-21T17:52:26.0000000Z
f2t4|calentartermobloque| | | |2013-05-21T17:52:26.0000000Z
f2t55|abrirpcr| | | |2013-05-21T17:53:37.0000000Z
f2t5|entregarbandejahielo| | | |2013-05-21T17:56:15.0000000Z
f2t16|tomartamponligasa| | | |2013-05-21T17:58:20.0000000Z
f2t26|soltarbandejapoyata| | | |2013-05-21T17:58:58.0000000Z
f2t25|soltarbandejapoyataprimeravez| | | |2013-05-21T17:59:01.0000000Z
f2t30|entregarpipetaamarilla| | | |2013-05-21T18:06:47.0000000Z
f2t32|cargarpuntaamarilla| | | |2013-05-21T18:08:40.0000000Z
f2t27|entregarboteeppendorf| | | |2013-05-21T18:12:56.0000000Z
f2t28|soltarboteeppendorf| | | |2013-05-21T18:13:26.0000000Z
f2t29|sacartuboeppendorf| | | |2013-05-21T18:13:34.0000000Z
f2t33|iniciarmezcla| | | |2013-05-21T18:15:10.0000000Z
f2t43|agregartamponligasa| | | |2013-05-21T18:16:28.0000000Z
f2t52|finmezcla| |f2t34-f2t35-f2t36-f2t37-f2t38-f2t39-f2t40-f2t41|f2t43|2013-05-21T18:17:18.0000000Z
f2t53|soltarpipetaamarilla| | | |2013-05-21T18:17:27.0000000Z
f2t54|entregartubomezcla| | | |2013-05-21T18:17:41.0000000Z
f2t56|soltarmezcla| | | |2013-05-21T18:19:01.0000000Z
f2t57|cerrarpcr| | | |2013-05-21T18:19:13.0000000Z
f2t58|amplificarfragmento| | | |2013-05-21T18:20:14.0000000Z
f2t59|entregarmezclapcr| | | |2013-05-21T18:21:01.0000000Z
f2t60|guardarpcr| | | |2013-05-21T18:21:24.0000000Z
f2t61|soltartubonevera| | | |2013-05-21T18:21:36.0000000Z
f3t1|encendertermobloque| | | |2013-05-21T18:22:30.0000000Z
f3t4|calentartermobloque| | | |2013-05-21T18:22:31.0000000Z
f3t5|entregarbandejahielo| | | |2013-05-21T18:28:48.0000000Z
f3t26|soltarbandejapoyataprimeravez| | | |2013-05-21T18:29:58.0000000Z
f3t28|sacartuboligacion| | | |2013-05-21T18:30:18.0000000Z
f3t29|entregarpipetaamarilla| | | |2013-05-21T18:30:33.0000000Z
f3t31|cargarpuntaamarilla| | | |2013-05-21T18:31:04.0000000Z
f3t9|tomartamponligasa| | | |2013-05-21T18:32:24.0000000Z
f3t27|soltarbandejapoyata| | | |2013-05-21T18:32:46.0000000Z
f3t32|iniciarmezcla| | | |2013-05-21T18:33:43.0000000Z
f3t35|agregartamponligasa| | | |2013-05-21T18:33:53.0000000Z
f3t52|finmezcla| |f3t33-f3t34-f3t36-f3t37| |2013-05-21T18:34:07.0000000Z
f3t53|soltarpipetaamarilla| | | |2013-05-21T18:34:20.0000000Z
f3t54|entregartubomezcla| | | |2013-05-21T18:34:27.0000000Z
f3t55|abrirtermobloque| | | |2013-05-21T18:35:09.0000000Z
f3t56|soltarmezcla| | | |2013-05-21T18:35:15.0000000Z
f3t57|cerrartermobloque| | | |2013-05-21T18:35:16.0000000Z

f3t58|amplificarfragmento| | | |2013-05-21T18:35:33.0000000Z
f3t59|entregarmezclaligacion| | | |2013-05-21T18:36:02.0000000Z
f3t60|guardarligacion| | | |2013-05-21T18:36:31.0000000Z
f3t61|soltartubonevera| | | |2013-05-21T18:36:42.0000000Z
