accionnoencontrada| |lavarsemanos| |2015-06-15T09:35:31.0000000Z
accionnoencontrada| |lavarsemanos| |2015-06-15T09:35:57.0000000Z
dependenciasnobloq|f1t14|ajustarph| f1t12-f1t13|2015-06-15T09:39:54.0000000Z
dependenciasnobloq|f1t20|apagaragitador| f1t12-f1t13-f1t16|2015-06-15T09:39:59.0000000Z
incompatibilidadnobloq|f1t12|agregarmys|f1t14|2015-06-15T09:42:42.0000000Z
incompatibilidadnobloq|f1t13|agregarsacarosa|f1t14|2015-06-15T09:42:48.0000000Z
accionnoencontrada| |agregaragarosa| |2015-06-15T09:42:59.0000000Z
incompatibilidadnobloq|f1t16|agregaragar|f1t20|2015-06-15T09:43:07.0000000Z
accionrealizada|f1t11|encenderagitador|encenderagitador|2015-06-15T09:43:35.0000000Z
accionrealizada|f1t11|encenderagitador|encenderagitador|2015-06-15T09:43:41.0000000Z
accionrealizada|f1t11|encenderagitador|encenderagitador|2015-06-15T09:44:53.0000000Z
accionrealizada|f1t28|entregarbotellaautoclavada|entregarbotellaautoclavada|2015-06-15T09:51:07.0000000Z
accionnoencontrada| |tomartampote| |2015-06-15T09:52:11.0000000Z
accionnoencontrada| |entregarchopocrecido| |2015-06-15T09:59:00.0000000Z
accionnoencontrada| |bloquearpoyata| |2015-06-15T10:00:19.0000000Z
dependenciabloq|f2t32|cargarpuntaamarilla|f2t31|2015-06-15T10:06:37.0000000Z
dependenciasnobloq|f2t52|finmezcla|f2t34-f2t35-f2t36-f2t37-f2t38-f2t39-f2t40-f2t41|2015-06-15T10:08:17.0000000Z
accionrealizada|f2t31|adjuntarpipetaamarilla|adjuntarpipetaamarilla|2015-06-15T10:08:46.0000000Z
accionrealizada|f2t31|adjuntarpipetaamarilla|adjuntarpipetaamarilla|2015-06-15T10:08:52.0000000Z
accionnoencontrada| |sacartuboligacion| |2015-06-15T10:09:39.0000000Z
accionrealizada|f2t52|finmezcla|finmezcla|2015-06-15T10:09:44.0000000Z
accionrealizada|f2t52|finmezcla|finmezcla|2015-06-15T10:09:53.0000000Z
accionrealizada|f2t31|adjuntarpipetaamarilla|adjuntarpipetaamarilla|2015-06-15T10:10:00.0000000Z
accionrealizada|f2t31|adjuntarpipetaamarilla|adjuntarpipetaamarilla|2015-06-15T10:10:05.0000000Z
accionrealizada|f2t31|adjuntarpipetaamarilla|adjuntarpipetaamarilla|2015-06-15T10:10:10.0000000Z
accionrealizada|f2t52|finmezcla|finmezcla|2015-06-15T10:10:55.0000000Z
accionrealizada|f2t31|adjuntarpipetaamarilla|adjuntarpipetaamarilla|2015-06-15T10:11:45.0000000Z
accionrealizada|f2t31|adjuntarpipetaamarilla|adjuntarpipetaamarilla|2015-06-15T10:13:24.0000000Z
dependenciabloq|f2t9|tomaroligonucleicoder|f2t6|2015-06-15T10:24:17.0000000Z
accionnoencontrada| |tomaradnplasmidico| |2015-06-15T10:26:21.0000000Z
accionrealizada|f2t13|tomarpolimerasa|tomarpolimerasa|2015-06-15T10:26:30.0000000Z
accionrealizada|f2t14|tomaraguadestilada|tomaraguadestilada|2015-06-15T10:26:51.0000000Z
accionrealizada|f2t32|cargarpuntaamarilla|cargarpuntaamarilla|2015-06-15T10:27:16.0000000Z
accionnoencontrada| |sacartuboligacion| |2015-06-15T10:27:22.0000000Z
accionrealizada|f2t41|agregaraguadestilada|agregaraguadestilada|2015-06-15T10:27:29.0000000Z
accionrealizada|f2t37|agregartamponpolimerasa|agregartamponpolimerasa|2015-06-15T10:28:47.0000000Z
accionrealizada|f2t40|agregarpolimerasa|agregarpolimerasa|2015-06-15T10:28:54.0000000Z
accionrealizada|f2t52|finmezcla|finmezcla|2015-06-15T10:29:00.0000000Z
accionrealizada|f2t41|agregaraguadestilada|agregaraguadestilada|2015-06-15T10:29:17.0000000Z
accionrealizada|f2t42|agregarenzimaligasa|agregarenzimaligasa|2015-06-15T10:29:34.0000000Z
accionnoencontrada| |sacartuboligacion| |2015-06-15T10:29:38.0000000Z
accionrealizada|f2t32|cargarpuntaamarilla|cargarpuntaamarilla|2015-06-15T10:29:51.0000000Z
accionrealizada|f2t43|agregartamponligasa|agregartamponligasa|2015-06-15T10:29:56.0000000Z
accionrealizada|f2t10|tomartamponpolimerasa|tomartamponpolimerasa|2015-06-15T10:31:56.0000000Z
accionnoencontrada| |tomaradnplasmidico| |2015-06-15T10:32:09.0000000Z
accionrealizada|f2t10|tomartamponpolimerasa|tomartamponpolimerasa|2015-06-15T10:32:40.0000000Z
accionrealizada|f2t52|finmezcla|finmezcla|2015-06-15T10:33:42.0000000Z
accionnoencontrada| |sacartuboligacion| |2015-06-15T10:36:31.0000000Z
incompatibilidadnobloq|f2t52|finmezcla|f2t42-f2t43-f2t49-f2t51|2015-06-15T10:41:07.0000000Z
accionrealizada|f2t53|soltarpipetaamarilla|soltarpipetaamarilla|2015-06-15T10:42:42.0000000Z
accionrealizada|f2t53|soltarpipetaamarilla|soltarpipetaamarilla|2015-06-15T10:42:46.0000000Z
accionrealizada|f2t53|soltarpipetaamarilla|soltarpipetaamarilla|2015-06-15T10:42:49.0000000Z
accionrealizada|f2t5|entregarbandejahielo|entregarbandejahielo|2015-06-15T10:42:57.0000000Z
dependenciabloq|f2t57|cerrarpcr|f2t56|2015-06-15T10:43:49.0000000Z
accionrealizada|f3t35|agregartamponligasa|agregartamponligasa|2015-06-15T10:56:51.0000000Z
accionrealizada|f3t8|tomarmezclapcr|tomarmezclapcr|2015-06-15T10:57:13.0000000Z
dependenciasnobloq|f3t52|finmezcla|f3t34-f3t37|2015-06-15T10:57:40.0000000Z
accionrealizada|f3t33|agregaradnplasmidico|agregaradnplasmidico|2015-06-15T10:58:02.0000000Z
accionrealizada|f3t30|adjuntarpipetaamarilla|adjuntarpipetaamarilla|2015-06-15T10:58:10.0000000Z
accionrealizada|f3t30|adjuntarpipetaamarilla|adjuntarpipetaamarilla|2015-06-15T10:58:21.0000000Z
accionrealizada|f3t30|adjuntarpipetaamarilla|adjuntarpipetaamarilla|2015-06-15T10:58:28.0000000Z
accionrealizada|f3t30|adjuntarpipetaamarilla|adjuntarpipetaamarilla|2015-06-15T10:58:41.0000000Z
accionrealizada|f3t30|adjuntarpipetaamarilla|adjuntarpipetaamarilla|2015-06-15T10:58:54.0000000Z
accionrealizada|f3t30|adjuntarpipetaamarilla|adjuntarpipetaamarilla|2015-06-15T10:59:34.0000000Z
accionrealizada|f3t30|adjuntarpipetaamarilla|adjuntarpipetaamarilla|2015-06-15T10:59:42.0000000Z
accionrealizada|f3t30|adjuntarpipetaamarilla|adjuntarpipetaamarilla|2015-06-15T11:00:05.0000000Z
accionrealizada|f3t30|adjuntarpipetaamarilla|adjuntarpipetaamarilla|2015-06-15T11:00:24.0000000Z
accionrealizada|f3t30|adjuntarpipetaamarilla|adjuntarpipetaamarilla|2015-06-15T11:01:39.0000000Z
accionrealizada|f3t30|adjuntarpipetaamarilla|adjuntarpipetaamarilla|2015-06-15T11:01:52.0000000Z
accionrealizada|f3t52|finmezcla|finmezcla|2015-06-15T11:01:56.0000000Z
accionrealizada|f3t30|adjuntarpipetaamarilla|adjuntarpipetaamarilla|2015-06-15T11:02:25.0000000Z
accionrealizada|f3t30|adjuntarpipetaamarilla|adjuntarpipetaamarilla|2015-06-15T11:02:32.0000000Z
accionrealizada|f3t30|adjuntarpipetaamarilla|adjuntarpipetaamarilla|2015-06-15T11:02:42.0000000Z
dependenciasnobloq|f3t52|finmezcla|f3t34-f3t37|2015-06-15T11:04:29.0000000Z
accionrealizada|f3t58|amplificarfragmento|amplificarfragmento|2015-06-15T11:06:17.0000000Z
accionrealizada|f3t60|guardarligacion|guardarligacion|2015-06-15T11:09:04.0000000Z
accionrealizada|f3t60|guardarligacion|guardarligacion|2015-06-15T11:09:21.0000000Z
accionrealizada|f3t60|guardarligacion|guardarligacion|2015-06-15T11:10:27.0000000Z
