f0crearLog|crearLog| | | |2015-06-15T09:24:24.0000000Z
f0t1|entregarbata| | | |2015-06-15T09:30:27.0000000Z
f0t2|bloquearpoyata| | | |2015-06-15T09:31:10.0000000Z
f0t3|leerfundamentos| | | |2015-06-15T09:32:24.0000000Z
f0t4|leerprotocolo| | | |2015-06-15T09:32:31.0000000Z
f0t7|lavarsemanos| | | |2015-06-15T09:33:08.0000000Z
f0t8|entregarguantes| | | |2015-06-15T09:33:17.0000000Z
f1t1|entregarvaso| | | |2015-06-15T09:35:00.0000000Z
f1t4|soltarvasofregadero| | | |2015-06-15T09:37:31.0000000Z
f1t5|bloquearfregadero| | | |2015-06-15T09:37:35.0000000Z
f1t6|llenarvasoconagua| | | |2015-06-15T09:37:39.0000000Z
f1t7|desbloquearfregadero| | | |2015-06-15T09:37:57.0000000Z
f1t8|soltarvasoagitador| | | |2015-06-15T09:38:28.0000000Z
f1t9|bloquearagitador| | | |2015-06-15T09:38:33.0000000Z
f1t10|bloquearphmetro| | | |2015-06-15T09:38:33.0000000Z
f1t11|encenderagitador| | | |2015-06-15T09:39:05.0000000Z
f1t14|ajustarph| | f1t12-f1t13| |2015-06-15T09:39:56.0000000Z
f1t15|desbloquearphmetro| | | |2015-06-15T09:39:57.0000000Z
f1t20|apagaragitador| | f1t12-f1t13-f1t16| |2015-06-15T09:40:04.0000000Z
f1t21|entregarbotella| | | |2015-06-15T09:40:37.0000000Z
f1t22|soltarbotellaagitador| | | |2015-06-15T09:40:54.0000000Z
f1t2|releerfundamentos| | | |2015-06-15T09:41:26.0000000Z
f1t2|releerfundamentos| | | |2015-06-15T09:41:26.0000000Z
f1t3|releerprotocolo| | | |2015-06-15T09:41:30.0000000Z
f1t2|releerfundamentos| | | |2015-06-15T09:41:42.0000000Z
f1t12|agregarmys| | |f1t14|2015-06-15T09:42:45.0000000Z
f1t13|agregarsacarosa| | |f1t14|2015-06-15T09:42:50.0000000Z
f1t16|agregaragar| | |f1t20|2015-06-15T09:43:09.0000000Z
f1t17|agregarbisacrilamida| | | |2015-06-15T09:43:17.0000000Z
f1t19|agergaretilenglicol| | | |2015-06-15T09:43:22.0000000Z
f1t23|movermezclaabotella| | | |2015-06-15T09:44:57.0000000Z
f1t24|desbloquearagitador| | | |2015-06-15T09:45:07.0000000Z
f1t25|insetarbotellaenautoclave| | | |2015-06-15T09:48:11.0000000Z
f1t26|bloquearautoclave| | | |2015-06-15T09:48:15.0000000Z
f1t27|autoclavar| | | |2015-06-15T09:48:17.0000000Z
f1t30|encendercabina| | | |2015-06-15T09:50:33.0000000Z
f1t31|contartiempocabina| | | |2015-06-15T09:50:33.0000000Z
f1t28|entregarbotellaautoclavada| | | |2015-06-15T09:51:05.0000000Z
f1t29|enfriarbotella| | | |2015-06-15T09:51:08.0000000Z
f1t32|soltarbotellacabina| | | |2015-06-15T09:51:51.0000000Z
f1t33|agregariaa| | | |2015-06-15T09:52:36.0000000Z
f1t34|entregarbandeja| | | |2015-06-15T09:53:26.0000000Z
f1t35|soltarbandeja| | | |2015-06-15T09:53:53.0000000Z
f1t36|llenarbotes| | | |2015-06-15T09:54:01.0000000Z
f1t37|esterilizar| | | |2015-06-15T09:54:26.0000000Z
f1t38|entregarchopo| | | |2015-06-15T09:55:15.0000000Z
f1t39|soltarchopocabina| | | |2015-06-15T09:56:18.0000000Z
f1t40|cortarplanta| | | |2015-06-15T09:56:25.0000000Z
f1t41|adjuntarbandeja| | | |2015-06-15T09:56:30.0000000Z
f1t42|apagarcabina| | | |2015-06-15T09:56:35.0000000Z
f1t44|bloquearbasefitotron| | | |2015-06-15T09:57:33.0000000Z
f1t43|soltarbandcrecimiento| | | |2015-06-15T09:57:37.0000000Z
f1t45|crecerchopo| | | |2015-06-15T09:57:53.0000000Z
f1t46|fincrecimiento| | | |2015-06-15T09:58:55.0000000Z
f1t3|releerprotocolo| | | |2015-06-15T10:00:40.0000000Z
f1t3|releerprotocolo| | | |2015-06-15T10:00:49.0000000Z
f1t2|releerfundamentos| | | |2015-06-15T10:00:49.0000000Z
f1t2|releerfundamentos| | | |2015-06-15T10:00:51.0000000Z
f1t3|releerprotocolo| | | |2015-06-15T10:00:55.0000000Z
f1t3|releerprotocolo| | | |2015-06-15T10:00:55.0000000Z
f1t2|releerfundamentos| | | |2015-06-15T10:01:22.0000000Z
f1t2|releerfundamentos| | | |2015-06-15T10:01:23.0000000Z
f2t1|encenderpcr| | | |2015-06-15T10:01:48.0000000Z
f2t4|calentartermobloque| | | |2015-06-15T10:01:50.0000000Z
f2t2|releerfundamentos| | | |2015-06-15T10:02:11.0000000Z
f2t3|releerprotocolo| | | |2015-06-15T10:02:12.0000000Z
f2t5|entregarbandejahielo| | | |2015-06-15T10:02:41.0000000Z
f2t22|tomartampote| | | |2015-06-15T10:02:58.0000000Z
f2t14|tomaraguadestilada| | | |2015-06-15T10:03:03.0000000Z
f2t24|agregariaa| | | |2015-06-15T10:03:20.0000000Z
f2t15|tomarenzimaligasa| | | |2015-06-15T10:03:28.0000000Z
f2t13|tomarpolimerasa| | | |2015-06-15T10:03:34.0000000Z
f2t16|tomartamponligasa| | | |2015-06-15T10:03:40.0000000Z
f2t10|tomartamponpolimerasa| | | |2015-06-15T10:03:47.0000000Z
f2t55|abrirpcr| | | |2015-06-15T10:04:44.0000000Z
f2t25|soltarbandejapoyataprimeravez| | | |2015-06-15T10:05:17.0000000Z
f2t27|entregarboteeppendorf| | | |2015-06-15T10:05:38.0000000Z
f2t28|soltarboteeppendorf| | | |2015-06-15T10:06:11.0000000Z
f2t29|sacartuboeppendorf| | | |2015-06-15T10:06:30.0000000Z
f2t30|entregarpipetaamarilla| | | |2015-06-15T10:06:49.0000000Z
f2t32|cargarpuntaamarilla| | | |2015-06-15T10:07:01.0000000Z
f2t2|releerfundamentos| | | |2015-06-15T10:07:28.0000000Z
f2t3|releerprotocolo| | | |2015-06-15T10:07:50.0000000Z
f2t2|releerfundamentos| | | |2015-06-15T10:07:59.0000000Z
f2t49|agregartampote| | | |2015-06-15T10:08:27.0000000Z
f2t41|agregaraguadestilada| | | |2015-06-15T10:08:59.0000000Z
f2t51|agregariaafrombandeja| | | |2015-06-15T10:09:14.0000000Z
f2t42|agregarenzimaligasa| | | |2015-06-15T10:09:19.0000000Z
f2t40|agregarpolimerasa| | | |2015-06-15T10:09:24.0000000Z
f2t43|agregartamponligasa| | | |2015-06-15T10:09:29.0000000Z
f2t37|agregartamponpolimerasa| | | |2015-06-15T10:09:33.0000000Z
f2t2|releerfundamentos| | | |2015-06-15T10:10:59.0000000Z
f2t2|releerfundamentos| | | |2015-06-15T10:11:06.0000000Z
f2t2|releerfundamentos| | | |2015-06-15T10:11:06.0000000Z
f2t3|releerprotocolo| | | |2015-06-15T10:11:15.0000000Z
f2t2|releerfundamentos| | | |2015-06-15T10:11:16.0000000Z
f2t2|releerfundamentos| | | |2015-06-15T10:11:16.0000000Z
f2t2|releerfundamentos| | | |2015-06-15T10:11:29.0000000Z
f2t3|releerprotocolo| | | |2015-06-15T10:11:32.0000000Z
f2t2|releerfundamentos| | | |2015-06-15T10:17:56.0000000Z
f2t3|releerprotocolo| | | |2015-06-15T10:20:15.0000000Z
f2t9|tomaroligonucleicoder| | | |2015-06-15T10:24:59.0000000Z
f2t8|tomaroligonucleicoizq| | | |2015-06-15T10:25:06.0000000Z
f2t7|tomaradn| | | |2015-06-15T10:25:21.0000000Z
f2t11|tomarmgcl| | | |2015-06-15T10:25:31.0000000Z
f2t12|tomardntp| | | |2015-06-15T10:25:48.0000000Z
f2t36|agregaroligonucleicoder| | | |2015-06-15T10:27:49.0000000Z
f2t35|agregaroligonucleicoizq| | | |2015-06-15T10:28:02.0000000Z
f2t34|agregaradn| | | |2015-06-15T10:28:13.0000000Z
f2t38|agregarmgcl| | | |2015-06-15T10:28:21.0000000Z
f2t39|agregardntp| | | |2015-06-15T10:28:29.0000000Z
f2t2|releerfundamentos| | | |2015-06-15T10:29:57.0000000Z
f2t2|releerfundamentos| | | |2015-06-15T10:30:01.0000000Z
f2t3|releerprotocolo| | | |2015-06-15T10:30:02.0000000Z
f2t23|tomarmezclapcr| | | |2015-06-15T10:32:21.0000000Z
f2t26|soltarbandejapoyata| | | |2015-06-15T10:32:55.0000000Z
f2t33|iniciarmezcla| | | |2015-06-15T10:33:32.0000000Z
f2t52|finmezcla| | |f2t42-f2t43-f2t49-f2t51|2015-06-15T10:41:10.0000000Z
f2t53|soltarpipetaamarilla| | | |2015-06-15T10:42:39.0000000Z
f2t54|entregartubomezcla| | | |2015-06-15T10:43:24.0000000Z
f2t56|soltarmezcla| | | |2015-06-15T10:44:30.0000000Z
f2t57|cerrarpcr| | | |2015-06-15T10:44:35.0000000Z
f2t58|amplificarfragmento| | | |2015-06-15T10:44:40.0000000Z
f2t59|entregarmezclapcr| | | |2015-06-15T10:45:34.0000000Z
f2t60|guardarpcr| | | |2015-06-15T10:45:50.0000000Z
f2t61|soltartubonevera| | | |2015-06-15T10:46:11.0000000Z
f3t1|encendertermobloque| | | |2015-06-15T10:46:35.0000000Z
f3t4|calentartermobloque| | | |2015-06-15T10:46:40.0000000Z
f3t3|releerprotocolo| | | |2015-06-15T10:47:27.0000000Z
f3t2|releerfundamentos| | | |2015-06-15T10:47:29.0000000Z
f3t3|releerprotocolo| | | |2015-06-15T10:48:35.0000000Z
f3t5|entregarbandejahielo| | | |2015-06-15T10:48:57.0000000Z
f3t3|releerprotocolo| | | |2015-06-15T10:49:21.0000000Z
f3t2|releerfundamentos| | | |2015-06-15T10:49:38.0000000Z
f3t10|tomarenzimaligasa| | | |2015-06-15T10:51:47.0000000Z
f3t9|tomartamponligasa| | | |2015-06-15T10:52:13.0000000Z
f3t7|tomaradnplasmidico| | | |2015-06-15T10:54:20.0000000Z
f3t8|tomarmezclapcr| | | |2015-06-15T10:54:57.0000000Z
f3t27|soltarbandejapoyata| | | |2015-06-15T10:55:27.0000000Z
f3t26|soltarbandejapoyataprimeravez| | | |2015-06-15T10:55:34.0000000Z
f3t28|sacartuboligacion| | | |2015-06-15T10:55:43.0000000Z
f3t29|entregarpipetaamarilla| | | |2015-06-15T10:55:57.0000000Z
f3t31|cargarpuntaamarilla| | | |2015-06-15T10:56:09.0000000Z
f3t32|iniciarmezcla| | | |2015-06-15T10:56:18.0000000Z
f3t36|agregarenzimaligasa| | | |2015-06-15T10:56:33.0000000Z
f3t35|agregartamponligasa| | | |2015-06-15T10:56:39.0000000Z
f3t33|agregaradnplasmidico| | | |2015-06-15T10:56:57.0000000Z
f3t52|finmezcla| |f3t34-f3t37| |2015-06-15T11:04:41.0000000Z
f3t53|soltarpipetaamarilla| | | |2015-06-15T11:04:55.0000000Z
f3t54|entregartubomezcla| | | |2015-06-15T11:05:06.0000000Z
f3t55|abrirtermobloque| | | |2015-06-15T11:05:29.0000000Z
f3t56|soltarmezcla| | | |2015-06-15T11:05:40.0000000Z
f3t57|cerrartermobloque| | | |2015-06-15T11:05:48.0000000Z
f3t58|amplificarfragmento| | | |2015-06-15T11:06:09.0000000Z
f3t59|entregarmezclaligacion| | | |2015-06-15T11:06:27.0000000Z
f3t60|guardarligacion| | | |2015-06-15T11:08:21.0000000Z
f3t61|soltartubonevera| | | |2015-06-15T11:09:48.0000000Z