f0crearLog|crearLog| | | |2015-06-17T09:24:08.0000000Z
f0t1|entregarbata| | | |2015-06-17T09:24:51.0000000Z
f0t2|bloquearpoyata| | | |2015-06-17T09:25:59.0000000Z
f0t3|leerfundamentos| | | |2015-06-17T09:30:43.0000000Z
f0t5|releerfundamentos| | | |2015-06-17T09:30:48.0000000Z
f0t5|releerfundamentos| | | |2015-06-17T09:30:58.0000000Z
f0t4|leerprotocolo| | | |2015-06-17T09:31:08.0000000Z
f0t6|releerprotocolo| | | |2015-06-17T09:31:24.0000000Z
f0t5|releerfundamentos| | | |2015-06-17T09:31:39.0000000Z
f0t5|releerfundamentos| | | |2015-06-17T09:31:43.0000000Z
f0t7|lavarsemanos| | | |2015-06-17T09:46:26.0000000Z
f0t8|entregarguantes| | | |2015-06-17T09:47:31.0000000Z
f1t1|entregarvaso| | | |2015-06-17T09:49:00.0000000Z
f1t4|soltarvasofregadero| | | |2015-06-17T09:49:46.0000000Z
f1t5|bloquearfregadero| | | |2015-06-17T09:49:54.0000000Z
f1t6|llenarvasoconagua| | | |2015-06-17T09:49:58.0000000Z
f1t7|desbloquearfregadero| | | |2015-06-17T09:50:16.0000000Z
f1t8|soltarvasoagitador| | | |2015-06-17T09:50:33.0000000Z
f1t9|bloquearagitador| | | |2015-06-17T09:50:37.0000000Z
f1t11|encenderagitador| | | |2015-06-17T09:50:47.0000000Z
f1t10|bloquearphmetro| | | |2015-06-17T09:50:48.0000000Z
f1t16|agregaragar| | f1t12-f1t13-f1t14| |2015-06-17T09:54:22.0000000Z
f1t17|agregarbisacrilamida| | | |2015-06-17T09:54:41.0000000Z
f1t18|agegarcaseina| | | |2015-06-17T09:55:04.0000000Z
f1t19|agergaretilenglicol| | | |2015-06-17T09:55:18.0000000Z
f1t12|agregarmys| | | |2015-06-17T09:55:24.0000000Z
f1t13|agregarsacarosa| | | |2015-06-17T09:55:30.0000000Z
f1t20|apagaragitador| | f1t14-ord_f1t20|f1t17-f1t18-f1t19|2015-06-17T09:56:11.0000000Z
f1t34|entregarbandeja| | | |2015-06-17T09:56:38.0000000Z
f1t21|entregarbotella| | | |2015-06-17T10:02:49.0000000Z
f1t22|soltarbotellaagitador| | | |2015-06-17T10:03:26.0000000Z
f1t23|movermezclaabotella| | | |2015-06-17T10:03:36.0000000Z
f1t24|desbloquearagitador| | | |2015-06-17T10:03:45.0000000Z
f1t15|desbloquearphmetro| | | |2015-06-17T10:03:46.0000000Z
f1t25|insetarbotellaenautoclave| | | |2015-06-17T10:10:29.0000000Z
f1t26|bloquearautoclave| | | |2015-06-17T10:10:33.0000000Z
f1t27|autoclavar| | | |2015-06-17T10:10:51.0000000Z
f1t28|entregarbotellaautoclavada| | | |2015-06-17T10:11:57.0000000Z
f1t29|enfriarbotella| | | |2015-06-17T10:11:58.0000000Z
f1t30|encendercabina| | | |2015-06-17T10:17:30.0000000Z
f1t31|contartiempocabina| | | |2015-06-17T10:17:31.0000000Z
f1t32|soltarbotellacabina| | | |2015-06-17T10:18:29.0000000Z
f1t33|agregariaa| | | |2015-06-17T10:19:52.0000000Z
f1t35|soltarbandeja| | | |2015-06-17T10:20:42.0000000Z
f1t36|llenarbotes| | | |2015-06-17T10:20:53.0000000Z
f1t37|esterilizar| | | |2015-06-17T10:21:01.0000000Z
f1t38|entregarchopo| | | |2015-06-17T10:22:23.0000000Z
f1t39|soltarchopocabina| | | |2015-06-17T10:23:38.0000000Z
f1t40|cortarplanta| | | |2015-06-17T10:23:45.0000000Z
f1t41|adjuntarbandeja| | | |2015-06-17T10:23:52.0000000Z
f1t42|apagarcabina| | | |2015-06-17T10:24:03.0000000Z
f1t44|bloquearbasefitotron| | | |2015-06-17T10:25:40.0000000Z
f1t43|soltarbandcrecimiento| | | |2015-06-17T10:25:45.0000000Z
f1t45|crecerchopo| | | |2015-06-17T10:26:09.0000000Z
f1t46|fincrecimiento| | | |2015-06-17T10:27:37.0000000Z
f2t1|encenderpcr| | | |2015-06-17T10:29:26.0000000Z
f2t4|calentartermobloque| | | |2015-06-17T10:30:13.0000000Z
f2t3|releerprotocolo| | | |2015-06-17T10:30:19.0000000Z
f2t5|entregarbandejahielo| | | |2015-06-17T10:41:32.0000000Z
f2t23|tomarmezclapcr| | | |2015-06-17T10:44:25.0000000Z
f2t25|soltarbandejapoyataprimeravez| | | |2015-06-17T10:46:10.0000000Z
f2t55|abrirpcr| | | |2015-06-17T10:46:14.0000000Z
f2t27|entregarboteeppendorf| | | |2015-06-17T10:47:40.0000000Z
f2t28|soltarboteeppendorf| | | |2015-06-17T10:48:12.0000000Z
f2t29|sacartuboeppendorf| | | |2015-06-17T10:48:21.0000000Z
f2t30|entregarpipetaamarilla| | | |2015-06-17T10:48:48.0000000Z
f2t32|cargarpuntaamarilla| | | |2015-06-17T10:49:41.0000000Z
f2t22|tomartampote| | | |2015-06-17T10:52:27.0000000Z
f2t14|tomaraguadestilada| | | |2015-06-17T10:52:39.0000000Z
f2t24|agregariaa| | | |2015-06-17T10:53:14.0000000Z
f2t15|tomarenzimaligasa| | | |2015-06-17T10:53:20.0000000Z
f2t13|tomarpolimerasa| | | |2015-06-17T10:53:25.0000000Z
f2t16|tomartamponligasa| | | |2015-06-17T10:53:31.0000000Z
f2t10|tomartamponpolimerasa| | | |2015-06-17T10:53:36.0000000Z
f2t9|tomaroligonucleicoder| | | |2015-06-17T10:53:41.0000000Z
f2t8|tomaroligonucleicoizq| | | |2015-06-17T10:53:56.0000000Z
f2t11|tomarmgcl| | | |2015-06-17T10:54:03.0000000Z
f2t17|tomarplasmido35s| | | |2015-06-17T10:54:18.0000000Z
f2t18|tomarplasmidomirna| | | |2015-06-17T10:54:27.0000000Z
f2t19|tomarantibioticokanamicina| | | |2015-06-17T10:54:34.0000000Z
f2t20|tomarantibioticogentamicina| | | |2015-06-17T10:54:43.0000000Z
f2t21|tomarantibioticocloranfenicol| | | |2015-06-17T10:54:50.0000000Z
f2t12|tomardntp| | | |2015-06-17T10:55:07.0000000Z
f2t7|tomaradn| | | |2015-06-17T10:55:17.0000000Z
f2t26|soltarbandejapoyata| | | |2015-06-17T10:58:05.0000000Z
f2t33|iniciarmezcla| | | |2015-06-17T10:58:25.0000000Z
f2t52|finmezcla| |f2t34-f2t35-f2t36-f2t37-f2t38-f2t39-f2t40-f2t41| |2015-06-17T10:59:14.0000000Z
f2t53|soltarpipetaamarilla| | | |2015-06-17T11:00:15.0000000Z
f2t54|entregartubomezcla| | | |2015-06-17T11:00:25.0000000Z
f2t56|soltarmezcla| | | |2015-06-17T11:06:53.0000000Z
f2t57|cerrarpcr| | | |2015-06-17T11:06:59.0000000Z
f2t58|amplificarfragmento| | | |2015-06-17T11:07:05.0000000Z
f2t59|entregarmezclapcr| | | |2015-06-17T11:07:40.0000000Z
f2t60|guardarpcr| | | |2015-06-17T11:08:13.0000000Z
f2t61|soltartubonevera| | | |2015-06-17T11:08:29.0000000Z
f3t1|encendertermobloque| | | |2015-06-17T11:09:52.0000000Z
f3t4|calentartermobloque| | | |2015-06-17T11:09:53.0000000Z
f3t5|entregarbandejahielo| | | |2015-06-17T11:11:17.0000000Z
f3t24|agregariaa| | | |2015-06-17T11:11:58.0000000Z
f3t10|tomarenzimaligasa| | | |2015-06-17T11:12:05.0000000Z
f3t17|tomarpolimerasa| | | |2015-06-17T11:12:11.0000000Z
f3t9|tomartamponligasa| | | |2015-06-17T11:12:25.0000000Z
f3t14|tomartamponpolimerasa| | | |2015-06-17T11:12:30.0000000Z
f3t13|tomaroligonucleicoder| | | |2015-06-17T11:12:36.0000000Z
f3t12|tomaroligonucleicoizq| | | |2015-06-17T11:12:43.0000000Z
f3t15|tomarmgcl| | | |2015-06-17T11:12:52.0000000Z
f3t18|tomarplasmido35s| | | |2015-06-17T11:13:01.0000000Z
f3t19|tomarplasmidomirna| | | |2015-06-17T11:13:12.0000000Z
f3t20|tomarantibioticokanamicina| | | |2015-06-17T11:13:20.0000000Z
f3t21|tomarantibioticogentamicina| | | |2015-06-17T11:13:29.0000000Z
f3t22|tomarantibioticocloranfenicol| | | |2015-06-17T11:13:36.0000000Z
f3t16|tomardntp| | | |2015-06-17T11:13:44.0000000Z
f3t7|tomaradnplasmidico| | | |2015-06-17T11:14:14.0000000Z
f3t27|soltarbandejapoyata| | | |2015-06-17T11:14:42.0000000Z
f3t26|soltarbandejapoyataprimeravez| | | |2015-06-17T11:14:47.0000000Z
f3t28|sacartuboligacion| | | |2015-06-17T11:15:00.0000000Z
f3t29|entregarpipetaamarilla| | | |2015-06-17T11:15:14.0000000Z
f3t31|cargarpuntaamarilla| | | |2015-06-17T11:15:40.0000000Z
f3t32|iniciarmezcla| | | |2015-06-17T11:15:49.0000000Z
f3t50|agregariaafrombandeja| | | |2015-06-17T11:16:03.0000000Z
f3t36|agregarenzimaligasa| | | |2015-06-17T11:16:10.0000000Z
f3t39|agregarpolimerasa| | | |2015-06-17T11:16:21.0000000Z
f3t35|agregartamponligasa| | | |2015-06-17T11:16:32.0000000Z
f3t42|agregartamponpolimerasa| | | |2015-06-17T11:16:39.0000000Z
f3t41|agregaroligonucleicoder| | | |2015-06-17T11:16:50.0000000Z
f3t40|agregaroligonucleicoizq| | | |2015-06-17T11:16:57.0000000Z
f3t43|agregarplasmido35s| | | |2015-06-17T11:17:08.0000000Z
f3t49|agregarmgcl| | | |2015-06-17T11:17:17.0000000Z
f3t44|agregarplasmidomirna| | | |2015-06-17T11:17:29.0000000Z
f3t46|agregarantibioticogentamicina| | | |2015-06-17T11:17:42.0000000Z
f3t47|agregarantibioticocloranfenicol| | | |2015-06-17T11:17:50.0000000Z
f3t38|agregardntp| | | |2015-06-17T11:18:03.0000000Z
f3t33|agregaradnplasmidico| | | |2015-06-17T11:18:14.0000000Z
f3t45|agregarantibioticokanamicina| | | |2015-06-17T11:18:21.0000000Z
f3t52|finmezcla| |f3t34-f3t37|f3t39-f3t40-f3t41-f3t42-f3t43-f3t44-f3t45-f3t46-f3t47-f3t49-f3t50|2015-06-17T11:18:48.0000000Z
f3t53|soltarpipetaamarilla| | | |2015-06-17T11:19:02.0000000Z
f3t54|entregartubomezcla| | | |2015-06-17T11:19:11.0000000Z
f3t55|abrirtermobloque| | | |2015-06-17T11:19:47.0000000Z
f3t56|soltarmezcla| | | |2015-06-17T11:20:02.0000000Z
f3t57|cerrartermobloque| | | |2015-06-17T11:20:14.0000000Z
f3t58|amplificarfragmento| | | |2015-06-17T11:20:37.0000000Z
f3t59|entregarmezclaligacion| | | |2015-06-17T11:21:01.0000000Z
f3t60|guardarligacion| | | |2015-06-17T11:29:18.0000000Z
f3t61|soltartubonevera| | | |2015-06-17T11:29:42.0000000Z