accionrealizada|f0t2|bloquearpoyata|bloquearpoyata|2015-06-17T09:39:29.0000000Z
accionrealizada|f0t2|bloquearpoyata|bloquearpoyata|2015-06-17T09:40:17.0000000Z
accionrealizada|f0t2|bloquearpoyata|bloquearpoyata|2015-06-17T09:42:01.0000000Z
dependenciasnobloq|f1t16|agregaragar| f1t12-f1t13-f1t14|2015-06-17T09:54:20.0000000Z
accionnoencontrada| |agregaragarosa| |2015-06-17T09:54:30.0000000Z
accionrealizada|f1t18|agegarcaseina|agegarcaseina|2015-06-17T09:55:06.0000000Z
accionrealizada|f1t16|agregaragar|agregaragar|2015-06-17T09:55:47.0000000Z
dependenciasnobloq|f1t20|apagaragitador| f1t14-ord_f1t20|2015-06-17T09:56:06.0000000Z
incompatibilidadnobloq|f1t20|apagaragitador|f1t17-f1t18-f1t19|2015-06-17T09:56:06.0000000Z
accionrealizada|f1t34|entregarbandeja|entregarbandeja|2015-06-17T10:02:13.0000000Z
accionrealizada|f1t34|entregarbandeja|entregarbandeja|2015-06-17T10:06:16.0000000Z
accionrealizada|f1t34|entregarbandeja|entregarbandeja|2015-06-17T10:09:06.0000000Z
accionrealizada|f1t34|entregarbandeja|entregarbandeja|2015-06-17T10:09:10.0000000Z
accionnoencontrada| |encenderpcr| |2015-06-17T10:29:33.0000000Z
accionnoencontrada| |encenderpcr| |2015-06-17T10:30:01.0000000Z
accionnoencontrada| |bloquearpoyata| |2015-06-17T10:40:55.0000000Z
accionnoencontrada| |bloquearpoyata| |2015-06-17T10:41:05.0000000Z
dependenciabloq|f2t60|guardarpcr|f2t59|2015-06-17T10:42:09.0000000Z
dependenciabloq|f2t60|guardarpcr|f2t59|2015-06-17T10:42:22.0000000Z
accionrealizada|f2t26|soltarbandejapoyata|soltarbandejapoyata|2015-06-17T10:45:23.0000000Z
accionnoencontrada| |bloquearpoyata| |2015-06-17T10:46:02.0000000Z
dependenciabloq|f2t33|iniciarmezcla|f2t29|2015-06-17T10:46:42.0000000Z
dependenciabloq|f2t32|cargarpuntaamarilla|f2t31|2015-06-17T10:48:39.0000000Z
dependenciabloq|f2t33|iniciarmezcla|f2t32|2015-06-17T10:49:29.0000000Z
accionrealizada|f2t33|iniciarmezcla|iniciarmezcla|2015-06-17T10:50:08.0000000Z
dependenciabloq|f2t60|guardarpcr|f2t59|2015-06-17T10:52:50.0000000Z
accionrealizada|f2t23|tomarmezclapcr|tomarmezclapcr|2015-06-17T10:55:31.0000000Z
accionnoencontrada| |tomaradnplasmidico| |2015-06-17T10:55:41.0000000Z
dependenciabloq|f2t60|guardarpcr|f2t59|2015-06-17T10:55:50.0000000Z
accionnoencontrada| |guardarligacion| |2015-06-17T10:56:03.0000000Z
accionrealizada|f2t24|agregariaa|agregariaa|2015-06-17T10:56:23.0000000Z
dependenciasnobloq|f2t52|finmezcla|f2t34-f2t35-f2t36-f2t37-f2t38-f2t39-f2t40-f2t41|2015-06-17T10:59:08.0000000Z
dependenciabloq|f2t54|entregartubomezcla|f2t53|2015-06-17T10:59:39.0000000Z
accionrealizada|f2t54|entregartubomezcla|entregartubomezcla|2015-06-17T11:00:28.0000000Z
dependenciabloq|f2t57|cerrarpcr|f2t56|2015-06-17T11:01:09.0000000Z
dependenciabloq|f2t57|cerrarpcr|f2t56|2015-06-17T11:01:33.0000000Z
dependenciabloq|f2t57|cerrarpcr|f2t56|2015-06-17T11:01:48.0000000Z
dependenciabloq|f3t1|encendertermobloque|f2t60|2015-06-17T11:02:41.0000000Z
dependenciabloq|f2t60|guardarpcr|f2t59|2015-06-17T11:03:34.0000000Z
dependenciabloq|f2t57|cerrarpcr|f2t56|2015-06-17T11:04:09.0000000Z
dependenciabloq|f3t1|encendertermobloque|f2t60|2015-06-17T11:04:14.0000000Z
dependenciabloq|f2t60|guardarpcr|f2t59|2015-06-17T11:04:35.0000000Z
dependenciabloq|f2t60|guardarpcr|f2t59|2015-06-17T11:04:58.0000000Z
dependenciabloq|f2t57|cerrarpcr|f2t56|2015-06-17T11:05:31.0000000Z
dependenciabloq|f3t1|encendertermobloque|f2t60|2015-06-17T11:05:52.0000000Z
dependenciabloq|f3t1|encendertermobloque|f2t60|2015-06-17T11:05:58.0000000Z
dependenciabloq|f3t1|encendertermobloque|f2t60|2015-06-17T11:06:11.0000000Z
dependenciabloq|f2t57|cerrarpcr|f2t56|2015-06-17T11:06:35.0000000Z
accionnoencontrada| |tomaradn| |2015-06-17T11:13:56.0000000Z
accionrealizada|f3t32|iniciarmezcla|iniciarmezcla|2015-06-17T11:15:52.0000000Z
accionrealizada|f3t49|agregarmgcl|agregarmgcl|2015-06-17T11:17:56.0000000Z
dependenciasnobloq|f3t52|finmezcla|f3t34-f3t37|2015-06-17T11:18:37.0000000Z
incompatibilidadnobloq|f3t52|finmezcla|f3t39-f3t40-f3t41-f3t42-f3t43-f3t44-f3t45-f3t46-f3t47-f3t49-f3t50|2015-06-17T11:18:45.0000000Z
accionrealizada|f3t59|entregarmezclaligacion|entregarmezclaligacion|2015-06-17T11:21:23.0000000Z
accionrealizada|f3t60|guardarligacion|guardarligacion|2015-06-17T11:22:12.0000000Z
accionnoencontrada| |encenderpcr| |2015-06-17T11:22:59.0000000Z
accionnoencontrada| |encendertermobloque| |2015-06-17T11:23:02.0000000Z
accionnoencontrada| |encendertermobloque| |2015-06-17T11:23:12.0000000Z
accionnoencontrada| |guardarpcr| |2015-06-17T11:24:37.0000000Z
accionrealizada|f3t60|guardarligacion|guardarligacion|2015-06-17T11:24:43.0000000Z
accionrealizada|f3t60|guardarligacion|guardarligacion|2015-06-17T11:25:03.0000000Z
accionnoencontrada| |guardarpcr| |2015-06-17T11:27:04.0000000Z
accionrealizada|f3t60|guardarligacion|guardarligacion|2015-06-17T11:27:23.0000000Z
accionrealizada|f3t60|guardarligacion|guardarligacion|2015-06-17T11:27:35.0000000Z
accionrealizada|f3t60|guardarligacion|guardarligacion|2015-06-17T11:27:44.0000000Z
accionrealizada|f3t60|guardarligacion|guardarligacion|2015-06-17T11:27:58.0000000Z
accionnoencontrada| |guardarpcr| |2015-06-17T11:29:09.0000000Z
accionrealizada|f3t60|guardarligacion|guardarligacion|2015-06-17T11:29:46.0000000Z
