f0crearLog|crearLog| | | |2014-06-06T16:53:31.0000000Z
f0t1|entregarbata| | | |2014-06-06T16:54:14.0000000Z
f0t2|bloquearpoyata| | | |2014-06-06T16:55:49.0000000Z
f0t3|leerfundamentos| | | |2014-06-06T16:58:54.0000000Z
f0t4|leerprotocolo| | | |2014-06-06T17:10:26.0000000Z
f0t7|lavarsemanos| | | |2014-06-06T17:11:48.0000000Z
f0t8|entregarguantes| | | |2014-06-06T17:12:10.0000000Z
f1t1|entregarvaso| | | |2014-06-06T17:12:45.0000000Z
f1t4|soltarvasofregadero| | | |2014-06-06T17:13:20.0000000Z
f1t5|bloquearfregadero| | | |2014-06-06T17:13:24.0000000Z
f1t6|llenarvasoconagua| | | |2014-06-06T17:13:33.0000000Z
f1t7|desbloquearfregadero| | | |2014-06-06T17:13:51.0000000Z
f1t8|soltarvasoagitador| | | |2014-06-06T17:14:08.0000000Z
f1t9|bloquearagitador| | | |2014-06-06T17:14:12.0000000Z
f1t10|bloquearphmetro| | | |2014-06-06T17:14:14.0000000Z
f1t11|encenderagitador| | | |2014-06-06T17:14:24.0000000Z
f1t12|agregarmys| | | |2014-06-06T17:15:02.0000000Z
f1t13|agregarsacarosa| | | |2014-06-06T17:15:12.0000000Z
f1t19|agergaretilenglicol| | | |2014-06-06T17:15:33.0000000Z
f1t20|apagaragitador| | f1t14-f1t16|f1t19|2014-06-06T17:16:16.0000000Z
f1t21|entregarbotella| | | |2014-06-06T17:16:53.0000000Z
f1t22|soltarbotellaagitador| | | |2014-06-06T17:17:26.0000000Z
f1t23|movermezclaabotella| | | |2014-06-06T17:17:32.0000000Z
f1t24|desbloquearagitador| | | |2014-06-06T17:17:42.0000000Z
f1t15|desbloquearphmetro| | | |2014-06-06T17:17:43.0000000Z
f1t25|insetarbotellaenautoclave| | | |2014-06-06T17:18:40.0000000Z
f1t26|bloquearautoclave| | | |2014-06-06T17:18:44.0000000Z
f1t27|autoclavar| | | |2014-06-06T17:18:47.0000000Z
f1t30|encendercabina| | | |2014-06-06T17:20:28.0000000Z
f1t31|contartiempocabina| | | |2014-06-06T17:20:29.0000000Z
f1t28|entregarbotellaautoclavada| | | |2014-06-06T17:21:29.0000000Z
f1t32|soltarbotellacabina| | | |2014-06-06T17:22:56.0000000Z
f1t33|agregariaa| | | |2014-06-06T17:39:10.0000000Z
f1t34|entregarbandeja| | | |2014-06-06T17:40:08.0000000Z
f1t35|soltarbandeja| | | |2014-06-06T17:41:02.0000000Z
f1t36|llenarbotes| |f1t29| |2014-06-06T17:41:09.0000000Z
f1t37|esterilizar| | | |2014-06-06T17:41:36.0000000Z
f1t38|entregarchopo| | | |2014-06-06T17:42:22.0000000Z
f1t39|soltarchopocabina| | | |2014-06-06T17:43:24.0000000Z
f1t40|cortarplanta| | | |2014-06-06T17:43:37.0000000Z
f1t41|adjuntarbandeja| | | |2014-06-06T17:43:45.0000000Z
f1t42|apagarcabina| | | |2014-06-06T17:43:59.0000000Z
f1t44|bloquearbasefitotron| | | |2014-06-06T17:44:40.0000000Z
f1t43|soltarbandcrecimiento| | | |2014-06-06T17:44:45.0000000Z
f1t45|crecerchopo| | | |2014-06-06T17:45:14.0000000Z
f1t46|fincrecimiento| | | |2014-06-06T17:47:24.0000000Z
f2t1|encenderpcr| | | |2014-06-06T17:48:50.0000000Z
f2t4|calentartermobloque| | | |2014-06-06T17:48:52.0000000Z
f2t2|releerfundamentos| | | |2014-06-06T17:49:10.0000000Z
f2t3|releerprotocolo| | | |2014-06-06T17:49:15.0000000Z
f2t3|releerprotocolo| | | |2014-06-06T17:49:18.0000000Z
f2t2|releerfundamentos| | | |2014-06-06T17:49:21.0000000Z
f2t2|releerfundamentos| | | |2014-06-06T17:49:26.0000000Z
f2t3|releerprotocolo| | | |2014-06-06T17:49:27.0000000Z
f2t5|entregarbandejahielo| | | |2014-06-06T17:50:20.0000000Z
f2t3|releerprotocolo| | | |2014-06-06T17:51:05.0000000Z
f2t3|releerprotocolo| | | |2014-06-06T17:51:06.0000000Z
f2t2|releerfundamentos| | | |2014-06-06T17:51:07.0000000Z
f2t2|releerfundamentos| | | |2014-06-06T17:51:08.0000000Z
f2t2|releerfundamentos| | | |2014-06-06T17:51:09.0000000Z
f2t3|releerprotocolo| | | |2014-06-06T17:51:36.0000000Z
f2t2|releerfundamentos| | | |2014-06-06T17:51:38.0000000Z
f2t13|tomarpolimerasa| | | |2014-06-06T17:55:41.0000000Z
f2t12|tomardntp| | | |2014-06-06T17:55:59.0000000Z
f2t7|tomaradn| | | |2014-06-06T17:56:10.0000000Z
f2t16|tomartamponligasa| | | |2014-06-06T17:56:45.0000000Z
f2t15|tomarenzimaligasa| | | |2014-06-06T17:56:56.0000000Z
f2t24|agregariaa| | | |2014-06-06T17:57:30.0000000Z
f2t26|soltarbandejapoyata| | | |2014-06-06T17:57:54.0000000Z
f2t25|soltarbandejapoyataprimeravez| | | |2014-06-06T17:57:58.0000000Z
f2t27|entregarboteeppendorf| | | |2014-06-06T17:58:37.0000000Z
f2t28|soltarboteeppendorf| | | |2014-06-06T17:59:12.0000000Z
f2t29|sacartuboeppendorf| | | |2014-06-06T17:59:21.0000000Z
f2t30|entregarpipetaamarilla| | | |2014-06-06T18:15:36.0000000Z
f2t32|cargarpuntaamarilla| | | |2014-06-06T18:16:16.0000000Z
f2t33|iniciarmezcla| | | |2014-06-06T18:16:42.0000000Z
f2t40|agregarpolimerasa| | | |2014-06-06T18:17:01.0000000Z
f2t39|agregardntp| | | |2014-06-06T18:17:10.0000000Z
f2t34|agregaradn| | | |2014-06-06T18:17:15.0000000Z
f2t42|agregarenzimaligasa| | | |2014-06-06T18:17:20.0000000Z
f2t52|finmezcla| |f2t35-f2t36-f2t37-f2t38-f2t41|f2t42|2014-06-06T18:17:35.0000000Z
f2t53|soltarpipetaamarilla| | | |2014-06-06T18:17:47.0000000Z
f2t54|entregartubomezcla| | | |2014-06-06T18:18:15.0000000Z
f2t55|abrirpcr| | | |2014-06-06T18:23:16.0000000Z
f2t56|soltarmezcla| | | |2014-06-06T18:29:56.0000000Z
f2t57|cerrarpcr| | | |2014-06-06T18:30:03.0000000Z
f2t58|amplificarfragmento| | | |2014-06-06T18:30:07.0000000Z
f2t59|entregarmezclapcr| | | |2014-06-06T18:30:44.0000000Z
f2t60|guardarpcr| | | |2014-06-06T18:31:12.0000000Z
f2t61|soltartubonevera| | | |2014-06-06T18:31:28.0000000Z
f3t1|encendertermobloque| | | |2014-06-06T18:31:59.0000000Z
f3t4|calentartermobloque| | | |2014-06-06T18:32:01.0000000Z
f3t3|releerprotocolo| | | |2014-06-06T18:32:16.0000000Z
f3t2|releerfundamentos| | | |2014-06-06T18:32:29.0000000Z
f3t2|releerfundamentos| | | |2014-06-06T18:32:31.0000000Z
f3t2|releerfundamentos| | | |2014-06-06T18:32:33.0000000Z
f3t3|releerprotocolo| | | |2014-06-06T18:32:35.0000000Z
f3t5|entregarbandejahielo| | | |2014-06-06T18:35:40.0000000Z
f3t10|tomarenzimaligasa| | | |2014-06-06T18:36:31.0000000Z
f3t9|tomartamponligasa| | | |2014-06-06T18:36:41.0000000Z
f3t18|tomarplasmido35s| | | |2014-06-06T18:37:23.0000000Z
f3t19|tomarplasmidomirna| | | |2014-06-06T18:37:46.0000000Z
f3t11|tomaraguadestilada| | | |2014-06-06T18:38:00.0000000Z
f3t27|soltarbandejapoyata| | | |2014-06-06T18:38:25.0000000Z
f3t26|soltarbandejapoyataprimeravez| | | |2014-06-06T18:38:30.0000000Z
f3t28|sacartuboligacion| | | |2014-06-06T18:38:41.0000000Z
f3t29|entregarpipetaamarilla| | | |2014-06-06T18:38:51.0000000Z
f3t31|cargarpuntaamarilla| | | |2014-06-06T18:39:10.0000000Z
f3t32|iniciarmezcla| | | |2014-06-06T18:39:21.0000000Z
f3t36|agregarenzimaligasa| | | |2014-06-06T18:39:48.0000000Z
f3t35|agregartamponligasa| | | |2014-06-06T18:39:55.0000000Z
f3t43|agregarplasmido35s| | | |2014-06-06T18:40:02.0000000Z
f3t37|agregaraguadestilada| | | |2014-06-06T18:40:10.0000000Z
f3t52|finmezcla| |f3t33-f3t34|f3t43|2014-06-06T18:40:35.0000000Z
f3t53|soltarpipetaamarilla| | | |2014-06-06T18:40:49.0000000Z
f3t54|entregartubomezcla| | | |2014-06-06T18:41:00.0000000Z
f3t55|abrirtermobloque| | | |2014-06-06T18:41:26.0000000Z
f3t56|soltarmezcla| | | |2014-06-06T18:41:34.0000000Z
f3t57|cerrartermobloque| | | |2014-06-06T18:42:05.0000000Z

f3t58|amplificarfragmento| | | |2014-06-06T18:42:28.0000000Z
f3t59|entregarmezclaligacion| | | |2014-06-06T18:42:46.0000000Z
f3t60|guardarligacion| | | |2014-06-06T18:46:27.0000000Z
f3t61|soltartubonevera| | | |2014-06-06T18:46:51.0000000Z
