f0crearLog|crearLog| | | |2013-05-10T15:18:09.0000000Z
f0t1|entregarbata| | | |2013-05-10T15:18:40.0000000Z
f0t2|bloquearpoyata| | | |2013-05-10T15:20:20.0000000Z
f0t3|leerfundamentos| | | |2013-05-10T15:24:26.0000000Z
f0t4|leerprotocolo| | | |2013-05-10T15:24:36.0000000Z
f0t6|releerprotocolo| | | |2013-05-10T15:24:49.0000000Z
f0t5|releerfundamentos| | | |2013-05-10T15:25:00.0000000Z
f0t6|releerprotocolo| | | |2013-05-10T15:27:54.0000000Z
f0t6|releerprotocolo| | | |2013-05-10T15:28:02.0000000Z
f0t7|lavarsemanos| | | |2013-05-10T15:29:36.0000000Z
f0t8|entregarguantes| | | |2013-05-10T15:29:52.0000000Z
f1t1|entregarvaso| | | |2013-05-10T15:32:24.0000000Z
f1t4|soltarvasofregadero| | | |2013-05-10T15:33:43.0000000Z
f1t5|bloquearfregadero| | | |2013-05-10T15:33:49.0000000Z
f1t6|llenarvasoconagua| | | |2013-05-10T15:33:58.0000000Z
f1t7|desbloquearfregadero| | | |2013-05-10T15:34:16.0000000Z
f1t8|soltarvasoagitador| | | |2013-05-10T15:34:29.0000000Z
f1t9|bloquearagitador| | | |2013-05-10T15:34:32.0000000Z
f1t10|bloquearphmetro| | | |2013-05-10T15:34:32.0000000Z
f1t11|encenderagitador| | | |2013-05-10T15:34:51.0000000Z
f1t12|agregarmys| | | |2013-05-10T15:35:46.0000000Z
f1t13|agregarsacarosa| | | |2013-05-10T15:35:53.0000000Z
f1t20|apagaragitador| | f1t14-f1t16| |2013-05-10T15:36:27.0000000Z
f1t21|entregarbotella| | | |2013-05-10T15:37:09.0000000Z
f1t22|soltarbotellaagitador| | | |2013-05-10T15:37:42.0000000Z
f1t23|movermezclaabotella| | | |2013-05-10T15:37:49.0000000Z
f1t24|desbloquearagitador| | | |2013-05-10T15:38:00.0000000Z
f1t15|desbloquearphmetro| | | |2013-05-10T15:38:00.0000000Z
f1t3|releerprotocolo| | | |2013-05-10T15:40:10.0000000Z
f1t3|releerprotocolo| | | |2013-05-10T15:40:25.0000000Z
f1t3|releerprotocolo| | | |2013-05-10T15:40:40.0000000Z
f1t2|releerfundamentos| | | |2013-05-10T15:40:48.0000000Z
f1t3|releerprotocolo| | | |2013-05-10T15:41:01.0000000Z
f1t3|releerprotocolo| | | |2013-05-10T15:47:29.0000000Z
f1t3|releerprotocolo| | | |2013-05-10T15:49:24.0000000Z
f1t34|entregarbandeja| | | |2013-05-10T15:52:25.0000000Z
f1t3|releerprotocolo| | | |2013-05-10T16:00:29.0000000Z
f1t30|encendercabina| | | |2013-05-10T16:11:18.0000000Z
f1t31|contartiempocabina| | | |2013-05-10T16:11:19.0000000Z
f1t35|soltarbandeja| |f1t31| |2013-05-10T16:11:40.0000000Z
f1t37|esterilizar| | | |2013-05-10T16:22:17.0000000Z
f1t38|entregarchopo| | | |2013-05-10T16:23:13.0000000Z
f1t39|soltarchopocabina| | | |2013-05-10T16:24:03.0000000Z
f1t25|insetarbotellaenautoclave| | | |2013-05-10T16:40:29.0000000Z
f1t26|bloquearautoclave| | | |2013-05-10T16:40:32.0000000Z
f1t27|autoclavar| | | |2013-05-10T16:40:36.0000000Z
f1t28|entregarbotellaautoclavada| | | |2013-05-10T16:41:31.0000000Z
f1t29|enfriarbotella| | | |2013-05-10T16:41:31.0000000Z
f1t32|soltarbotellacabina| | | |2013-05-10T16:43:29.0000000Z
f1t33|agregariaa| | | |2013-05-10T16:44:40.0000000Z
f1t36|llenarbotes| | | |2013-05-10T16:45:22.0000000Z
f1t40|cortarplanta| | | |2013-05-10T16:45:40.0000000Z
f1t41|adjuntarbandeja| | | |2013-05-10T16:45:43.0000000Z
f1t42|apagarcabina| | | |2013-05-10T16:45:58.0000000Z
f1t44|bloquearbasefitotron| | | |2013-05-10T16:46:41.0000000Z
f1t43|soltarbandcrecimiento| | | |2013-05-10T16:46:44.0000000Z
f1t45|crecerchopo| | | |2013-05-10T16:47:02.0000000Z
f1t46|fincrecimiento| | | |2013-05-10T16:47:52.0000000Z
f2t1|encenderpcr| | | |2013-05-10T16:48:51.0000000Z
f2t4|calentartermobloque| | | |2013-05-10T16:48:52.0000000Z
f2t3|releerprotocolo| | | |2013-05-10T16:49:04.0000000Z
f2t5|entregarbandejahielo| | | |2013-05-10T16:50:25.0000000Z
f2t22|tomartampote| | | |2013-05-10T16:53:31.0000000Z
f2t14|tomaraguadestilada| | | |2013-05-10T16:53:36.0000000Z
f2t55|abrirpcr| | | |2013-05-10T16:53:55.0000000Z
f2t3|releerprotocolo| | | |2013-05-10T16:55:51.0000000Z
f2t9|tomaroligonucleicoder| | | |2013-05-10T16:59:29.0000000Z
f2t16|tomartamponligasa| | | |2013-05-10T16:59:36.0000000Z
f2t10|tomartamponpolimerasa| | | |2013-05-10T16:59:59.0000000Z
f2t26|soltarbandejapoyata| | | |2013-05-10T17:01:40.0000000Z
f2t25|soltarbandejapoyataprimeravez| | | |2013-05-10T17:01:43.0000000Z
f2t27|entregarboteeppendorf| | | |2013-05-10T17:02:48.0000000Z
f2t28|soltarboteeppendorf| | | |2013-05-10T17:04:13.0000000Z
f2t29|sacartuboeppendorf| | | |2013-05-10T17:04:20.0000000Z
f2t30|entregarpipetaamarilla| | | |2013-05-10T17:04:29.0000000Z
f2t32|cargarpuntaamarilla| | | |2013-05-10T17:04:50.0000000Z
f2t33|iniciarmezcla| | | |2013-05-10T17:04:57.0000000Z
f2t49|agregartampote| | | |2013-05-10T17:05:07.0000000Z
f2t36|agregaroligonucleicoder| | | |2013-05-10T17:05:12.0000000Z
f2t37|agregartamponpolimerasa| | | |2013-05-10T17:05:17.0000000Z
f2t41|agregaraguadestilada| | | |2013-05-10T17:05:25.0000000Z
f2t43|agregartamponligasa| | | |2013-05-10T17:05:32.0000000Z
f2t52|finmezcla| |f2t34-f2t35-f2t38-f2t39-f2t40|f2t43-f2t49|2013-05-10T17:05:46.0000000Z
f2t53|soltarpipetaamarilla| | | |2013-05-10T17:05:56.0000000Z
f2t54|entregartubomezcla| | | |2013-05-10T17:06:07.0000000Z
f2t3|releerprotocolo| | | |2013-05-10T17:15:18.0000000Z
f2t56|soltarmezcla| | | |2013-05-10T17:24:44.0000000Z
f2t57|cerrarpcr| | | |2013-05-10T17:25:30.0000000Z
f2t58|amplificarfragmento| | | |2013-05-10T17:25:37.0000000Z
f2t59|entregarmezclapcr| | | |2013-05-10T17:26:17.0000000Z
f2t60|guardarpcr| | | |2013-05-10T17:26:24.0000000Z
f2t61|soltartubonevera| | | |2013-05-10T17:26:37.0000000Z
f3t1|encendertermobloque| | | |2013-05-10T17:26:54.0000000Z
f3t4|calentartermobloque| | | |2013-05-10T17:26:54.0000000Z
f3t3|releerprotocolo| | | |2013-05-10T17:27:04.0000000Z
f3t3|releerprotocolo| | | |2013-05-10T17:27:16.0000000Z
f3t3|releerprotocolo| | | |2013-05-10T17:27:28.0000000Z
f3t3|releerprotocolo| | | |2013-05-10T17:27:40.0000000Z
f3t5|entregarbandejahielo| | | |2013-05-10T17:28:04.0000000Z
f3t3|releerprotocolo| | | |2013-05-10T17:28:51.0000000Z
f3t9|tomartamponligasa| | | |2013-05-10T17:29:53.0000000Z
f3t10|tomarenzimaligasa| | | |2013-05-10T17:30:18.0000000Z
f3t11|tomaraguadestilada| | | |2013-05-10T17:30:29.0000000Z
f3t17|tomarpolimerasa| | | |2013-05-10T17:31:47.0000000Z
f3t27|soltarbandejapoyata| | | |2013-05-10T17:33:40.0000000Z
f3t26|soltarbandejapoyataprimeravez| | | |2013-05-10T17:33:43.0000000Z
f3t28|sacartuboligacion| | | |2013-05-10T17:33:52.0000000Z
f3t29|entregarpipetaamarilla| | | |2013-05-10T17:33:59.0000000Z
f3t31|cargarpuntaamarilla| | | |2013-05-10T17:34:08.0000000Z
f3t32|iniciarmezcla| | | |2013-05-10T17:34:11.0000000Z
f3t35|agregartamponligasa| | | |2013-05-10T17:34:19.0000000Z
f3t37|agregaraguadestilada| | | |2013-05-10T17:34:26.0000000Z
f3t39|agregarpolimerasa| | | |2013-05-10T17:34:34.0000000Z
f3t36|agregarenzimaligasa| | | |2013-05-10T17:34:49.0000000Z
f3t52|finmezcla| |f3t33-f3t34|f3t39|2013-05-10T17:34:59.0000000Z
f3t53|soltarpipetaamarilla| | | |2013-05-10T17:35:07.0000000Z
f3t54|entregartubomezcla| | | |2013-05-10T17:35:12.0000000Z
f3t55|abrirtermobloque| | | |2013-05-10T17:36:50.0000000Z
f3t56|soltarmezcla| | | |2013-05-10T17:37:26.0000000Z
f3t57|cerrartermobloque| | | |2013-05-10T17:37:27.0000000Z

f3t58|amplificarfragmento| | | |2013-05-10T17:37:40.0000000Z
f3t59|entregarmezclaligacion| | | |2013-05-10T17:37:48.0000000Z
f3t60|guardarligacion| | | |2013-05-10T17:38:02.0000000Z
f3t61|soltartubonevera| | | |2013-05-10T17:38:12.0000000Z
