lavarsemanos|avatarlejosdelavamanos|Lavamanos|2013-05-10T15:29:20.0000000Z
lavarsemanos|avatarlejosdelavamanos|Lavamanos|2013-05-10T15:32:59.0000000Z
soltarvasofregadero|avatarlejosdebasevaso|Vaso|2013-05-10T15:33:12.0000000Z
soltarbotellaagitador|avatarlejosdeagitador|Botella|2013-05-10T15:37:27.0000000Z
soltarbotellaagitador|avatarlejosdeagitador|Botella|2013-05-10T15:37:33.0000000Z
insetarbotellaenautoclave|noseencuentraautoclave|Botella|2013-05-10T15:42:11.0000000Z
insetarbotellaenautoclave|noseencuentraautoclave|Botella|2013-05-10T15:42:19.0000000Z
insetarbotellaenautoclave|noseencuentraautoclave|Botella|2013-05-10T15:42:27.0000000Z
insetarbotellaenautoclave|noseencuentraautoclave|Botella|2013-05-10T15:42:37.0000000Z
insetarbotellaenautoclave|noseencuentraautoclave|Botella|2013-05-10T15:42:47.0000000Z
insetarbotellaenautoclave|noseencuentraautoclave|Botella|2013-05-10T15:44:09.0000000Z
insetarbotellaenautoclave|noseencuentraautoclave|Botella|2013-05-10T15:44:16.0000000Z
insetarbotellaenautoclave|noseencuentraautoclave|Botella|2013-05-10T15:45:53.0000000Z
insetarbotellaenautoclave|noseencuentraautoclave|Botella|2013-05-10T15:45:59.0000000Z
insetarbotellaenautoclave|noseencuentraautoclave|Botella|2013-05-10T15:46:05.0000000Z
soltarbandeja|noseencuentracabina|BandejaBotes|2013-05-10T15:52:58.0000000Z
soltarbandeja|noseencuentracabina|BandejaBotes|2013-05-10T15:53:18.0000000Z
soltarbandeja|noseencuentracabina|BandejaBotes|2013-05-10T15:53:42.0000000Z
soltarbandeja|noseencuentracabina|BandejaBotes|2013-05-10T15:54:11.0000000Z
soltarbandeja|noseencuentracabina|BandejaBotes|2013-05-10T15:55:10.0000000Z
soltarbandeja|noseencuentracabina|BandejaBotes|2013-05-10T15:55:31.0000000Z
soltarbandeja|noseencuentracabina|BandejaBotes|2013-05-10T15:56:35.0000000Z
soltarbandeja|noseencuentracabina|BandejaBotes|2013-05-10T15:57:06.0000000Z
soltarbandeja|noseencuentracabina|BandejaBotes|2013-05-10T16:05:09.0000000Z
soltarbandeja|noseencuentracabina|BandejaBotes|2013-05-10T16:13:19.0000000Z
insetarbotellaenautoclave|noseencuentraautoclave|Botella|2013-05-10T16:14:21.0000000Z
insetarbotellaenautoclave|noseencuentraautoclave|Botella|2013-05-10T16:14:28.0000000Z
insetarbotellaenautoclave|noseencuentraautoclave|Botella|2013-05-10T16:14:36.0000000Z
insetarbotellaenautoclave|noseencuentraautoclave|Botella|2013-05-10T16:16:58.0000000Z
insetarbotellaenautoclave|noseencuentraautoclave|Botella|2013-05-10T16:18:54.0000000Z
insetarbotellaenautoclave|noseencuentraautoclave|Botella|2013-05-10T16:19:03.0000000Z
insetarbotellaenautoclave|noseencuentraautoclave|Botella|2013-05-10T16:19:11.0000000Z
insetarbotellaenautoclave|noseencuentraautoclave|Botella|2013-05-10T16:19:36.0000000Z
insetarbotellaenautoclave|noseencuentraautoclave|Botella|2013-05-10T16:20:19.0000000Z
insetarbotellaenautoclave|noseencuentraautoclave|Botella|2013-05-10T16:21:05.0000000Z
insetarbotellaenautoclave|noseencuentraautoclave|Botella|2013-05-10T16:21:12.0000000Z
insetarbotellaenautoclave|noseencuentraautoclave|Botella|2013-05-10T16:21:33.0000000Z
insetarbotellaenautoclave|noseencuentraautoclave|Botella|2013-05-10T16:25:06.0000000Z
insetarbotellaenautoclave|noseencuentraautoclave|Botella|2013-05-10T16:25:20.0000000Z
insetarbotellaenautoclave|noseencuentraautoclave|Botella|2013-05-10T16:25:27.0000000Z
insetarbotellaenautoclave|noseencuentraautoclave|Botella|2013-05-10T16:28:47.0000000Z
insetarbotellaenautoclave|noseencuentraautoclave|Botella|2013-05-10T16:36:33.0000000Z
insetarbotellaenautoclave|noseencuentraautoclave|Botella|2013-05-10T16:36:42.0000000Z
soltarbotellacabina|noseencuentracabina|Botella|2013-05-10T16:43:21.0000000Z
soltarbandejapoyata|noseencuentrapoyata|BandejaHielo|2013-05-10T16:53:58.0000000Z
soltarbandejapoyata|noseencuentrapoyata|BandejaHielo|2013-05-10T16:54:04.0000000Z
soltarbandejapoyata|noseencuentrapoyata|BandejaHielo|2013-05-10T17:00:47.0000000Z
soltarbandejapoyata|noseencuentrapoyata|BandejaHielo|2013-05-10T17:01:00.0000000Z
soltarbandejapoyata|noseencuentrapoyata|BandejaHielo|2013-05-10T17:01:13.0000000Z
soltarmezcla|noseencuentrabaseparatubo|TuboMezcla|2013-05-10T17:12:09.0000000Z
soltarmezcla|noseencuentrabaseparatubo|TuboMezcla|2013-05-10T17:36:02.0000000Z
soltarmezcla|noseencuentrabaseparatubo|TuboMezcla|2013-05-10T17:36:08.0000000Z
soltarmezcla|noseencuentrabaseparatubo|TuboMezcla|2013-05-10T17:36:23.0000000Z
soltarmezcla|noseencuentrabaseparatubo|TuboMezcla|2013-05-10T17:36:55.0000000Z
soltarmezcla|noseencuentrabaseparatubo|TuboMezcla|2013-05-10T17:37:05.0000000Z
soltarmezcla|noseencuentrabaseparatubo|TuboMezcla|2013-05-10T17:37:20.0000000Z
