f0crearLog|crearLog| | | |2013-05-23T15:44:10.0000000Z
f0t1|entregarbata| | | |2013-05-23T15:44:57.0000000Z
f0t2|bloquearpoyata| | | |2013-05-23T15:46:15.0000000Z
f0t3|leerfundamentos| | | |2013-05-23T15:50:17.0000000Z
f0t5|releerfundamentos| | | |2013-05-23T15:51:00.0000000Z
f0t5|releerfundamentos| | | |2013-05-23T15:54:28.0000000Z
f0t5|releerfundamentos| | | |2013-05-23T15:54:46.0000000Z
f0t4|leerprotocolo| | | |2013-05-23T16:06:44.0000000Z
f0t7|lavarsemanos| | | |2013-05-23T16:08:35.0000000Z
f0t8|entregarguantes| | | |2013-05-23T16:09:05.0000000Z
f1t1|entregarvaso| | | |2013-05-23T16:11:11.0000000Z
f1t4|soltarvasofregadero| | | |2013-05-23T16:15:03.0000000Z
f1t5|bloquearfregadero| | | |2013-05-23T16:15:07.0000000Z
f1t6|llenarvasoconagua| | | |2013-05-23T16:15:15.0000000Z
f1t7|desbloquearfregadero| | | |2013-05-23T16:15:32.0000000Z
f1t8|soltarvasoagitador| | | |2013-05-23T16:15:55.0000000Z
f1t9|bloquearagitador| | | |2013-05-23T16:15:59.0000000Z
f1t10|bloquearphmetro| | | |2013-05-23T16:15:59.0000000Z
f1t11|encenderagitador| | | |2013-05-23T16:16:40.0000000Z
f1t12|agregarmys| | | |2013-05-23T16:17:43.0000000Z
f1t13|agregarsacarosa| | | |2013-05-23T16:17:56.0000000Z
f1t2|releerfundamentos| | | |2013-05-23T16:18:36.0000000Z
f1t20|apagaragitador| | f1t14-f1t16| |2013-05-23T16:20:41.0000000Z
f1t21|entregarbotella| | | |2013-05-23T16:21:15.0000000Z
f1t22|soltarbotellaagitador| | | |2013-05-23T16:22:02.0000000Z
f1t23|movermezclaabotella| | | |2013-05-23T16:22:11.0000000Z
f1t24|desbloquearagitador| | | |2013-05-23T16:22:26.0000000Z
f1t15|desbloquearphmetro| | | |2013-05-23T16:22:29.0000000Z
f1t25|insetarbotellaenautoclave| | | |2013-05-23T16:24:38.0000000Z
f1t26|bloquearautoclave| | | |2013-05-23T16:24:41.0000000Z
f1t27|autoclavar| | | |2013-05-23T16:24:52.0000000Z
f1t28|entregarbotellaautoclavada| | | |2013-05-23T16:26:05.0000000Z
f1t29|enfriarbotella| | | |2013-05-23T16:26:38.0000000Z
f1t30|encendercabina| | | |2013-05-23T16:28:37.0000000Z
f1t31|contartiempocabina| | | |2013-05-23T16:31:48.0000000Z
f1t32|soltarbotellacabina| |f1t31| |2013-05-23T16:33:16.0000000Z
f1t37|esterilizar| |f1t31| |2013-05-23T16:34:12.0000000Z
f1t33|agregariaa| | | |2013-05-23T16:34:46.0000000Z
f1t34|entregarbandeja| | | |2013-05-23T16:37:00.0000000Z
f1t35|soltarbandeja| | | |2013-05-23T16:38:15.0000000Z
f1t36|llenarbotes| | | |2013-05-23T16:38:22.0000000Z
f1t38|entregarchopo| | | |2013-05-23T16:41:17.0000000Z
f1t39|soltarchopocabina| | | |2013-05-23T16:42:14.0000000Z
f1t40|cortarplanta| | | |2013-05-23T16:42:21.0000000Z
f1t41|adjuntarbandeja| | | |2013-05-23T16:42:34.0000000Z
f1t42|apagarcabina| | | |2013-05-23T16:42:46.0000000Z
f1t44|bloquearbasefitotron| | | |2013-05-23T16:43:27.0000000Z
f1t43|soltarbandcrecimiento| | | |2013-05-23T16:43:30.0000000Z
f1t45|crecerchopo| | | |2013-05-23T16:43:49.0000000Z
f2t1|encenderpcr| | | |2013-05-23T16:48:58.0000000Z
f2t4|calentartermobloque| | | |2013-05-23T16:49:05.0000000Z
f2t5|entregarbandejahielo| | | |2013-05-23T16:49:18.0000000Z
f2t23|tomarmezclapcr| | | |2013-05-23T16:51:12.0000000Z
f2t25|soltarbandejapoyataprimeravez| | | |2013-05-23T16:52:00.0000000Z
f2t27|entregarboteeppendorf| | | |2013-05-23T16:53:51.0000000Z
f2t28|soltarboteeppendorf| | | |2013-05-23T16:54:49.0000000Z
f2t29|sacartuboeppendorf| | | |2013-05-23T16:54:55.0000000Z
f2t30|entregarpipetaamarilla| | | |2013-05-23T16:55:14.0000000Z
f2t32|cargarpuntaamarilla| | | |2013-05-23T16:57:13.0000000Z
f2t2|releerfundamentos| | | |2013-05-23T16:57:42.0000000Z
f2t3|releerprotocolo| | | |2013-05-23T16:58:08.0000000Z
f2t7|tomaradn| | | |2013-05-23T17:00:15.0000000Z
f2t9|tomaroligonucleicoder| | | |2013-05-23T17:00:28.0000000Z
f2t8|tomaroligonucleicoizq| | | |2013-05-23T17:00:36.0000000Z
f2t10|tomartamponpolimerasa| | | |2013-05-23T17:00:43.0000000Z
f2t12|tomardntp| | | |2013-05-23T17:00:55.0000000Z
f2t14|tomaraguadestilada| | | |2013-05-23T17:02:13.0000000Z
f2t3|releerprotocolo| | | |2013-05-23T17:03:28.0000000Z
f2t13|tomarpolimerasa| | | |2013-05-23T17:06:49.0000000Z
f2t26|soltarbandejapoyata| | | |2013-05-23T17:07:05.0000000Z
f2t33|iniciarmezcla| | | |2013-05-23T17:07:17.0000000Z
f2t52|finmezcla| |f2t34-f2t35-f2t36-f2t37-f2t38-f2t39-f2t40-f2t41| |2013-05-23T17:07:54.0000000Z
f2t53|soltarpipetaamarilla| | | |2013-05-23T17:08:05.0000000Z
f2t54|entregartubomezcla| | | |2013-05-23T17:08:12.0000000Z
f2t55|abrirpcr| | | |2013-05-23T17:08:50.0000000Z
f2t56|soltarmezcla| | | |2013-05-23T17:09:04.0000000Z
f2t57|cerrarpcr| | | |2013-05-23T17:09:11.0000000Z
f2t58|amplificarfragmento| | | |2013-05-23T17:09:13.0000000Z
f2t59|entregarmezclapcr| | | |2013-05-23T17:09:48.0000000Z
f2t60|guardarpcr| | | |2013-05-23T17:10:12.0000000Z
f2t61|soltartubonevera| | | |2013-05-23T17:10:26.0000000Z
f3t1|encendertermobloque| | | |2013-05-23T17:11:54.0000000Z
f3t4|calentartermobloque| | | |2013-05-23T17:11:59.0000000Z
f3t5|entregarbandejahielo| | | |2013-05-23T17:12:13.0000000Z
f3t3|releerprotocolo| | | |2013-05-23T17:12:48.0000000Z
f3t3|releerprotocolo| | | |2013-05-23T17:12:51.0000000Z
f3t7|tomaradnplasmidico| | | |2013-05-23T17:14:14.0000000Z
f3t8|tomarmezclapcr| | | |2013-05-23T17:15:12.0000000Z
f3t9|tomartamponligasa| | | |2013-05-23T17:15:19.0000000Z
f3t10|tomarenzimaligasa| | | |2013-05-23T17:15:24.0000000Z
f3t11|tomaraguadestilada| | | |2013-05-23T17:15:36.0000000Z
f3t27|soltarbandejapoyata| | | |2013-05-23T17:15:56.0000000Z
f3t26|soltarbandejapoyataprimeravez| | | |2013-05-23T17:16:00.0000000Z
f3t3|releerprotocolo| | | |2013-05-23T17:16:00.0000000Z
f3t3|releerprotocolo| | | |2013-05-23T17:16:07.0000000Z
f3t28|sacartuboligacion| | | |2013-05-23T17:17:20.0000000Z
f3t29|entregarpipetaamarilla| | | |2013-05-23T17:17:30.0000000Z
f3t31|cargarpuntaamarilla| | | |2013-05-23T17:17:41.0000000Z
f3t32|iniciarmezcla| | | |2013-05-23T17:17:49.0000000Z
f3t33|agregaradnplasmidico| | | |2013-05-23T17:17:57.0000000Z
f3t34|agregarmezclapcr| | | |2013-05-23T17:18:02.0000000Z
f3t35|agregartamponligasa| | | |2013-05-23T17:18:07.0000000Z
f3t36|agregarenzimaligasa| | | |2013-05-23T17:18:11.0000000Z
f3t37|agregaraguadestilada| | | |2013-05-23T17:18:15.0000000Z
f3t52|finmezcla| | | |2013-05-23T17:18:22.0000000Z
f3t53|soltarpipetaamarilla| | | |2013-05-23T17:18:30.0000000Z
f3t54|entregartubomezcla| | | |2013-05-23T17:18:42.0000000Z
f3t55|abrirtermobloque| | | |2013-05-23T17:19:13.0000000Z
f3t56|soltarmezcla| | | |2013-05-23T17:19:57.0000000Z
f3t57|cerrartermobloque| | | |2013-05-23T17:20:00.0000000Z

f3t58|amplificarfragmento| | | |2013-05-23T17:20:19.0000000Z
f3t59|entregarmezclaligacion| | | |2013-05-23T17:20:31.0000000Z
f3t60|guardarligacion| | | |2013-05-23T17:21:04.0000000Z
f3t61|soltartubonevera| | | |2013-05-23T17:21:16.0000000Z