f0crearLog|crearLog| | | |2013-05-09T15:13:59.0000000Z
f0t1|entregarbata| | | |2013-05-09T15:14:54.0000000Z
f0t2|bloquearpoyata| | | |2013-05-09T15:16:20.0000000Z
f0t3|leerfundamentos| | | |2013-05-09T15:17:48.0000000Z
f0t5|releerfundamentos| | | |2013-05-09T15:18:18.0000000Z
f0t5|releerfundamentos| | | |2013-05-09T15:18:20.0000000Z
f0t4|leerprotocolo| | | |2013-05-09T15:18:26.0000000Z
f0t5|releerfundamentos| | | |2013-05-09T15:18:54.0000000Z
f0t5|releerfundamentos| | | |2013-05-09T15:20:54.0000000Z
f0t6|releerprotocolo| | | |2013-05-09T15:22:41.0000000Z
f0t6|releerprotocolo| | | |2013-05-09T15:28:26.0000000Z
f1t1|entregarvaso| | f0t7-f0t8| |2013-05-09T15:31:53.0000000Z
f1t4|soltarvasofregadero| | | |2013-05-09T15:33:12.0000000Z
f1t5|bloquearfregadero| | | |2013-05-09T15:33:15.0000000Z
f1t6|llenarvasoconagua| | | |2013-05-09T15:33:22.0000000Z
f1t7|desbloquearfregadero| | | |2013-05-09T15:33:40.0000000Z
f1t8|soltarvasoagitador| | | |2013-05-09T15:33:55.0000000Z
f1t9|bloquearagitador| | | |2013-05-09T15:33:58.0000000Z
f1t10|bloquearphmetro| | | |2013-05-09T15:33:58.0000000Z
f1t11|encenderagitador| | | |2013-05-09T15:34:05.0000000Z
f1t3|releerprotocolo| | | |2013-05-09T15:36:07.0000000Z
f1t3|releerprotocolo| | | |2013-05-09T15:36:11.0000000Z
f1t12|agregarmys| | | |2013-05-09T15:37:35.0000000Z
f1t13|agregarsacarosa| | | |2013-05-09T15:37:38.0000000Z
f1t20|apagaragitador| | f1t14-f1t16| |2013-05-09T15:38:03.0000000Z
f1t21|entregarbotella| |f0t8| |2013-05-09T15:38:37.0000000Z
f1t22|soltarbotellaagitador| | | |2013-05-09T15:38:59.0000000Z
f1t23|movermezclaabotella| | | |2013-05-09T15:39:10.0000000Z
f1t24|desbloquearagitador| | | |2013-05-09T15:39:19.0000000Z
f1t15|desbloquearphmetro| | | |2013-05-09T15:39:20.0000000Z
f1t25|insetarbotellaenautoclave| | | |2013-05-09T15:43:46.0000000Z
f1t26|bloquearautoclave| | | |2013-05-09T15:43:49.0000000Z
f1t27|autoclavar| | | |2013-05-09T15:44:04.0000000Z
f1t28|entregarbotellaautoclavada| | | |2013-05-09T15:44:52.0000000Z
f1t29|enfriarbotella| | | |2013-05-09T15:44:52.0000000Z
f1t30|encendercabina| | | |2013-05-09T15:46:53.0000000Z
f1t31|contartiempocabina| | | |2013-05-09T15:46:54.0000000Z
f1t32|soltarbotellacabina| |f1t31| |2013-05-09T15:47:01.0000000Z
f1t33|agregariaa| | | |2013-05-09T15:47:44.0000000Z
f1t34|entregarbandeja| | | |2013-05-09T15:48:02.0000000Z
f1t35|soltarbandeja| | | |2013-05-09T15:48:30.0000000Z
f1t36|llenarbotes| | | |2013-05-09T15:48:49.0000000Z
f1t37|esterilizar| | | |2013-05-09T15:49:00.0000000Z
f1t38|entregarchopo| | | |2013-05-09T15:49:52.0000000Z
f1t39|soltarchopocabina| | | |2013-05-09T15:50:39.0000000Z
f1t40|cortarplanta| | | |2013-05-09T15:50:46.0000000Z
f1t41|adjuntarbandeja| | | |2013-05-09T15:50:49.0000000Z
f1t42|apagarcabina| | | |2013-05-09T15:50:57.0000000Z
f1t44|bloquearbasefitotron| | | |2013-05-09T15:52:05.0000000Z
f1t43|soltarbandcrecimiento| | | |2013-05-09T15:52:08.0000000Z
f1t45|crecerchopo| | | |2013-05-09T15:52:26.0000000Z
f1t46|fincrecimiento| | | |2013-05-09T15:53:40.0000000Z
f2t1|encenderpcr| | | |2013-05-09T15:55:44.0000000Z
f2t4|calentartermobloque| | | |2013-05-09T15:55:44.0000000Z
f2t5|entregarbandejahielo| | | |2013-05-09T15:55:55.0000000Z
f2t15|tomarenzimaligasa| | | |2013-05-09T15:56:25.0000000Z
f2t10|tomartamponpolimerasa| | | |2013-05-09T15:56:30.0000000Z
f2t9|tomaroligonucleicoder| | | |2013-05-09T15:56:35.0000000Z
f2t8|tomaroligonucleicoizq| | | |2013-05-09T15:56:56.0000000Z
f2t11|tomarmgcl| | | |2013-05-09T15:57:04.0000000Z
f2t12|tomardntp| | | |2013-05-09T15:57:14.0000000Z
f2t7|tomaradn| | | |2013-05-09T15:57:31.0000000Z
f2t13|tomarpolimerasa| | | |2013-05-09T15:57:53.0000000Z
f2t14|tomaraguadestilada| | | |2013-05-09T15:58:02.0000000Z
f2t26|soltarbandejapoyata| | | |2013-05-09T15:58:25.0000000Z
f2t25|soltarbandejapoyataprimeravez| | | |2013-05-09T15:58:28.0000000Z
f2t27|entregarboteeppendorf| | | |2013-05-09T15:59:21.0000000Z
f2t28|soltarboteeppendorf| | | |2013-05-09T16:00:10.0000000Z
f2t29|sacartuboeppendorf| | | |2013-05-09T16:00:26.0000000Z
f2t30|entregarpipetaamarilla| | | |2013-05-09T16:00:35.0000000Z
f2t32|cargarpuntaamarilla| | | |2013-05-09T16:01:01.0000000Z
f2t33|iniciarmezcla| | | |2013-05-09T16:01:01.0000000Z
f2t52|finmezcla| |f2t34-f2t35-f2t36-f2t37-f2t38-f2t39-f2t40-f2t41| |2013-05-09T16:01:37.0000000Z
f2t53|soltarpipetaamarilla| | | |2013-05-09T16:04:22.0000000Z
f2t54|entregartubomezcla| | | |2013-05-09T16:04:34.0000000Z
f2t55|abrirpcr| | | |2013-05-09T16:04:57.0000000Z
f2t56|soltarmezcla| | | |2013-05-09T16:05:08.0000000Z
f2t57|cerrarpcr| | | |2013-05-09T16:05:31.0000000Z
f2t58|amplificarfragmento| | | |2013-05-09T16:05:36.0000000Z
f2t59|entregarmezclapcr| | | |2013-05-09T16:06:08.0000000Z
f2t60|guardarpcr| | | |2013-05-09T16:06:49.0000000Z
f2t61|soltartubonevera| | | |2013-05-09T16:07:01.0000000Z
f3t1|encendertermobloque| | | |2013-05-09T16:08:02.0000000Z
f3t4|calentartermobloque| | | |2013-05-09T16:08:05.0000000Z
f3t5|entregarbandejahielo| | | |2013-05-09T16:08:47.0000000Z
f3t3|releerprotocolo| | | |2013-05-09T16:09:54.0000000Z
f3t7|tomaradnplasmidico| | | |2013-05-09T16:14:16.0000000Z
f3t10|tomarenzimaligasa| | | |2013-05-09T16:14:53.0000000Z
f3t9|tomartamponligasa| | | |2013-05-09T16:14:57.0000000Z
f3t11|tomaraguadestilada| | | |2013-05-09T16:15:19.0000000Z
f3t8|tomarmezclapcr| | | |2013-05-09T16:15:47.0000000Z
f3t27|soltarbandejapoyata| | | |2013-05-09T16:16:13.0000000Z
f3t26|soltarbandejapoyataprimeravez| | | |2013-05-09T16:16:16.0000000Z
f3t28|sacartuboligacion| | | |2013-05-09T16:16:20.0000000Z
f3t29|entregarpipetaamarilla| | | |2013-05-09T16:16:28.0000000Z
f3t31|cargarpuntaamarilla| | | |2013-05-09T16:16:35.0000000Z
f3t32|iniciarmezcla| | | |2013-05-09T16:16:41.0000000Z
f3t33|agregaradnplasmidico| | | |2013-05-09T16:16:50.0000000Z
f3t36|agregarenzimaligasa| | | |2013-05-09T16:16:59.0000000Z
f3t35|agregartamponligasa| | | |2013-05-09T16:17:02.0000000Z
f3t37|agregaraguadestilada| | | |2013-05-09T16:17:04.0000000Z
f3t34|agregarmezclapcr| | | |2013-05-09T16:17:12.0000000Z
f3t52|finmezcla| | | |2013-05-09T16:17:20.0000000Z
f3t53|soltarpipetaamarilla| | | |2013-05-09T16:17:28.0000000Z
f3t54|entregartubomezcla| | | |2013-05-09T16:17:34.0000000Z
f3t55|abrirtermobloque| | | |2013-05-09T16:17:55.0000000Z
f3t56|soltarmezcla| | | |2013-05-09T16:18:09.0000000Z
f3t57|cerrartermobloque| | | |2013-05-09T16:18:11.0000000Z

f3t58|amplificarfragmento| | | |2013-05-09T16:18:29.0000000Z
f3t59|entregarmezclaligacion| | | |2013-05-09T16:18:36.0000000Z
f3t60|guardarligacion| | | |2013-05-09T16:19:05.0000000Z
f3t61|soltartubonevera| | | |2013-05-09T16:19:15.0000000Z
