f0crearLog|crearLog| | | |2015-06-15T09:31:08.0000000Z
f0t1|entregarbata| | | |2015-06-15T09:31:58.0000000Z
f0t2|bloquearpoyata| | | |2015-06-15T09:32:45.0000000Z
f0t3|leerfundamentos| | | |2015-06-15T09:34:10.0000000Z
f0t5|releerfundamentos| | | |2015-06-15T09:34:18.0000000Z
f0t5|releerfundamentos| | | |2015-06-15T09:34:19.0000000Z
f0t5|releerfundamentos| | | |2015-06-15T09:34:22.0000000Z
f0t5|releerfundamentos| | | |2015-06-15T09:34:22.0000000Z
f0t4|leerprotocolo| | | |2015-06-15T09:40:06.0000000Z
f0t6|releerprotocolo| | | |2015-06-15T09:41:29.0000000Z
f0t6|releerprotocolo| | | |2015-06-15T09:42:24.0000000Z
f0t7|lavarsemanos| | | |2015-06-15T09:47:00.0000000Z
f0t8|entregarguantes| | | |2015-06-15T09:47:13.0000000Z
f0t6|releerprotocolo| | | |2015-06-15T09:49:50.0000000Z
f1t1|entregarvaso| | | |2015-06-15T09:51:08.0000000Z
f1t4|soltarvasofregadero| | | |2015-06-15T09:51:35.0000000Z
f1t5|bloquearfregadero| | | |2015-06-15T09:51:40.0000000Z
f1t6|llenarvasoconagua| | | |2015-06-15T09:51:42.0000000Z
f1t7|desbloquearfregadero| | | |2015-06-15T09:52:02.0000000Z
f1t8|soltarvasoagitador| | | |2015-06-15T09:52:14.0000000Z
f1t9|bloquearagitador| | | |2015-06-15T09:52:18.0000000Z
f1t10|bloquearphmetro| | | |2015-06-15T09:52:19.0000000Z
f1t11|encenderagitador| | | |2015-06-15T09:52:25.0000000Z
f1t12|agregarmys| | | |2015-06-15T09:52:56.0000000Z
f1t3|releerprotocolo| | | |2015-06-15T09:53:33.0000000Z
f1t3|releerprotocolo| | | |2015-06-15T09:53:37.0000000Z
f1t3|releerprotocolo| | | |2015-06-15T09:53:37.0000000Z
f1t13|agregarsacarosa| | | |2015-06-15T09:54:17.0000000Z
f1t20|apagaragitador| | f1t14-f1t16| |2015-06-15T09:54:34.0000000Z
f1t21|entregarbotella| | | |2015-06-15T09:56:48.0000000Z
f1t22|soltarbotellaagitador| | | |2015-06-15T09:57:14.0000000Z
f1t23|movermezclaabotella| | | |2015-06-15T09:57:30.0000000Z
f1t24|desbloquearagitador| | | |2015-06-15T09:57:39.0000000Z
f1t15|desbloquearphmetro| | | |2015-06-15T09:57:40.0000000Z
f1t25|insetarbotellaenautoclave| | | |2015-06-15T10:00:20.0000000Z
f1t26|bloquearautoclave| | | |2015-06-15T10:00:24.0000000Z
f1t27|autoclavar| | | |2015-06-15T10:00:31.0000000Z
f1t30|encendercabina| | | |2015-06-15T10:02:08.0000000Z
f1t31|contartiempocabina| | | |2015-06-15T10:02:08.0000000Z
f1t28|entregarbotellaautoclavada| | | |2015-06-15T10:02:46.0000000Z
f1t29|enfriarbotella| | | |2015-06-15T10:02:47.0000000Z
f1t32|soltarbotellacabina| | | |2015-06-15T10:04:05.0000000Z
f1t37|esterilizar| | | |2015-06-15T10:04:55.0000000Z
f1t38|entregarchopo| | | |2015-06-15T10:06:41.0000000Z
f1t39|soltarchopocabina| | | |2015-06-15T10:07:44.0000000Z
f1t34|entregarbandeja| | | |2015-06-15T10:11:29.0000000Z
f1t35|soltarbandeja| | | |2015-06-15T10:11:56.0000000Z
f1t36|llenarbotes| | | |2015-06-15T10:12:05.0000000Z
f1t40|cortarplanta| | | |2015-06-15T10:13:00.0000000Z
f1t41|adjuntarbandeja| | | |2015-06-15T10:13:08.0000000Z
f1t42|apagarcabina| | | |2015-06-15T10:13:20.0000000Z
f1t44|bloquearbasefitotron| | | |2015-06-15T10:14:11.0000000Z
f1t43|soltarbandcrecimiento| | | |2015-06-15T10:14:15.0000000Z
f1t45|crecerchopo| | | |2015-06-15T10:14:35.0000000Z
f1t46|fincrecimiento| | | |2015-06-15T10:16:46.0000000Z
f2t1|encenderpcr| | | |2015-06-15T10:18:10.0000000Z
f2t4|calentartermobloque| | | |2015-06-15T10:18:11.0000000Z
f2t3|releerprotocolo| | | |2015-06-15T10:18:24.0000000Z
f2t3|releerprotocolo| | | |2015-06-15T10:18:54.0000000Z
f2t5|entregarbandejahielo| | | |2015-06-15T10:19:56.0000000Z
f2t55|abrirpcr| | | |2015-06-15T10:23:42.0000000Z
f2t26|soltarbandejapoyata| | | |2015-06-15T10:24:37.0000000Z
f2t25|soltarbandejapoyataprimeravez| | | |2015-06-15T10:24:41.0000000Z
f2t27|entregarboteeppendorf| | | |2015-06-15T10:25:47.0000000Z
f2t28|soltarboteeppendorf| | | |2015-06-15T10:27:26.0000000Z
f2t29|sacartuboeppendorf| | | |2015-06-15T10:27:44.0000000Z
f2t30|entregarpipetaamarilla| | | |2015-06-15T10:28:06.0000000Z
f2t32|cargarpuntaamarilla| | | |2015-06-15T10:28:20.0000000Z
f2t33|iniciarmezcla| | | |2015-06-15T10:28:45.0000000Z
f2t52|finmezcla| |f2t34-f2t35-f2t36-f2t37-f2t38-f2t39-f2t40-f2t41| |2015-06-15T10:29:02.0000000Z
f2t53|soltarpipetaamarilla| | | |2015-06-15T10:29:17.0000000Z
f2t54|entregartubomezcla| | | |2015-06-15T10:29:38.0000000Z
f2t3|releerprotocolo| | | |2015-06-15T10:39:18.0000000Z
f2t3|releerprotocolo| | | |2015-06-15T10:39:33.0000000Z
f2t3|releerprotocolo| | | |2015-06-15T10:42:18.0000000Z
f2t60|guardarpcr| | | |2015-06-15T10:42:18.0000000Z
f3t1|encendertermobloque| | | |2015-06-15T10:48:35.0000000Z
f3t4|calentartermobloque| | | |2015-06-15T10:48:36.0000000Z
f3t5|entregarbandejahielo| | | |2015-06-15T10:48:58.0000000Z
f3t3|releerprotocolo| | | |2015-06-15T10:50:33.0000000Z
f3t10|tomarenzimaligasa| | | |2015-06-15T10:51:32.0000000Z
f3t9|tomartamponligasa| | | |2015-06-15T10:51:40.0000000Z
f3t7|tomaradnplasmidico| | | |2015-06-15T10:52:28.0000000Z
f3t3|releerprotocolo| | | |2015-06-15T10:53:47.0000000Z
f3t2|releerfundamentos| | | |2015-06-15T10:54:24.0000000Z
f3t3|releerprotocolo| | | |2015-06-15T10:54:46.0000000Z
f3t3|releerprotocolo| | | |2015-06-15T10:54:47.0000000Z
f3t3|releerprotocolo| | | |2015-06-15T10:54:49.0000000Z
f3t11|tomaraguadestilada| | | |2015-06-15T10:55:47.0000000Z
f3t8|tomarmezclapcr| | | |2015-06-15T10:56:38.0000000Z
f3t26|soltarbandejapoyataprimeravez| | | |2015-06-15T10:56:59.0000000Z
f3t28|sacartuboligacion| | | |2015-06-15T10:57:09.0000000Z
f3t29|entregarpipetaamarilla| | | |2015-06-15T10:57:21.0000000Z
f3t31|cargarpuntaamarilla| | | |2015-06-15T10:57:42.0000000Z
f3t36|agregarenzimaligasa| | | |2015-06-15T10:58:10.0000000Z
f3t35|agregartamponligasa| | | |2015-06-15T10:58:15.0000000Z
f3t33|agregaradnplasmidico| | | |2015-06-15T10:58:23.0000000Z
f3t37|agregaraguadestilada| | | |2015-06-15T10:58:49.0000000Z
f3t27|soltarbandejapoyata| | | |2015-06-15T10:59:44.0000000Z
f3t32|iniciarmezcla| | | |2015-06-15T10:59:51.0000000Z
f3t52|finmezcla| |f3t34| |2015-06-15T11:00:11.0000000Z
f3t53|soltarpipetaamarilla| | | |2015-06-15T11:01:02.0000000Z
f3t54|entregartubomezcla| | | |2015-06-15T11:01:24.0000000Z
f3t55|abrirtermobloque| | | |2015-06-15T11:01:59.0000000Z
f3t56|soltarmezcla| | | |2015-06-15T11:02:24.0000000Z
f3t57|cerrartermobloque| | | |2015-06-15T11:02:32.0000000Z
f3t58|amplificarfragmento| | | |2015-06-15T11:02:53.0000000Z
f3t59|entregarmezclaligacion| | | |2015-06-15T11:03:06.0000000Z
f3t60|guardarligacion| | | |2015-06-15T11:03:29.0000000Z
f3t61|soltartubonevera| | | |2015-06-15T11:04:04.0000000Z