lavarsemanos|avatarlejosdelavamanos|Lavamanos|2015-06-17T09:04:55.0000000Z
lavarsemanos|avatarlejosdelavamanos|Lavamanos|2015-06-17T09:05:00.0000000Z
soltarvasofregadero|avatarlejosdebasevaso|Vaso|2015-06-17T09:13:49.0000000Z
soltarvasofregadero|avatarlejosdebasevaso|Vaso|2015-06-17T09:13:56.0000000Z
soltarvasofregadero|avatarlejosdebasevaso|Vaso|2015-06-17T09:14:14.0000000Z
soltarbandejapoyata|noseencuentrapoyata|BandejaHielo|2015-06-17T09:50:56.0000000Z
soltarbandejapoyata|noseencuentrapoyata|BandejaHielo|2015-06-17T09:51:04.0000000Z
soltarbandejapoyata|noseencuentrapoyata|BandejaHielo|2015-06-17T09:51:15.0000000Z
soltarbandejapoyata|noseencuentrapoyata|BandejaHielo|2015-06-17T09:51:34.0000000Z
soltarbandejapoyata|noseencuentrapoyata|BandejaHielo|2015-06-17T09:52:13.0000000Z
soltarbandejapoyata|noseencuentrapoyata|BandejaHielo|2015-06-17T09:52:35.0000000Z
soltarbandejapoyata|noseencuentrapoyata|BandejaHielo|2015-06-17T09:52:43.0000000Z
soltarbandejapoyata|noseencuentrapoyata|BandejaHielo|2015-06-17T09:52:58.0000000Z
soltarbandejapoyata|noseencuentrapoyata|BandejaHielo|2015-06-17T09:53:47.0000000Z
iniciarmezcla|noseencuentrapipeta|BandejaHielo|2015-06-17T09:55:29.0000000Z
soltarboteeppendorf|noseencuentrapoyata|BoteTubosEppendorf|2015-06-17T09:57:56.0000000Z
soltarboteeppendorf|noseencuentrapoyata|BoteTubosEppendorf|2015-06-17T09:58:05.0000000Z
iniciarmezcla|noseencuentrapipeta|BandejaHielo|2015-06-17T09:58:25.0000000Z
iniciarmezcla|noseencuentrapipeta|BandejaHielo|2015-06-17T09:58:29.0000000Z
iniciarmezcla|noseencuentrapipeta|BandejaHielo|2015-06-17T09:58:40.0000000Z
iniciarmezcla|noseencuentrapipeta|BandejaHielo|2015-06-17T09:59:04.0000000Z
iniciarmezcla|noseencuentrapipeta|BandejaHielo|2015-06-17T09:59:12.0000000Z
iniciarmezcla|noseencuentrapipeta|BandejaHielo|2015-06-17T10:02:38.0000000Z
iniciarmezcla|noseencuentrapipeta|BandejaHielo|2015-06-17T10:03:18.0000000Z
iniciarmezcla|noseencuentrapipeta|BandejaHielo|2015-06-17T10:32:21.0000000Z
