f0crearLog|crearLog| | | |2014-05-21T18:00:04.0000000Z
f0t1|entregarbata| | | |2014-05-21T18:00:31.0000000Z
f0t2|bloquearpoyata| | | |2014-05-21T18:01:40.0000000Z
f0t3|leerfundamentos| | | |2014-05-21T18:06:30.0000000Z
f0t4|leerprotocolo| | | |2014-05-21T18:06:54.0000000Z
f0t7|lavarsemanos| | | |2014-05-21T18:08:07.0000000Z
f0t8|entregarguantes| | | |2014-05-21T18:08:23.0000000Z
f1t1|entregarvaso| | | |2014-05-21T18:09:02.0000000Z
f1t4|soltarvasofregadero| | | |2014-05-21T18:09:58.0000000Z
f1t5|bloquearfregadero| | | |2014-05-21T18:10:14.0000000Z
f1t6|llenarvasoconagua| | | |2014-05-21T18:10:34.0000000Z
f1t7|desbloquearfregadero| | | |2014-05-21T18:11:09.0000000Z
f1t8|soltarvasoagitador| | | |2014-05-21T18:11:24.0000000Z
f1t9|bloquearagitador| | | |2014-05-21T18:11:29.0000000Z
f1t10|bloquearphmetro| | | |2014-05-21T18:11:30.0000000Z
f1t11|encenderagitador| | | |2014-05-21T18:11:36.0000000Z
f1t12|agregarmys| | | |2014-05-21T18:11:54.0000000Z
f1t13|agregarsacarosa| | | |2014-05-21T18:12:02.0000000Z
f1t14|ajustarph| | | |2014-05-21T18:12:13.0000000Z
f1t15|desbloquearphmetro| | | |2014-05-21T18:12:18.0000000Z
f1t16|agregaragar| | | |2014-05-21T18:12:44.0000000Z
f1t20|apagaragitador| | | |2014-05-21T18:14:09.0000000Z
f1t21|entregarbotella| | | |2014-05-21T18:14:36.0000000Z
f1t22|soltarbotellaagitador| | | |2014-05-21T18:15:05.0000000Z
f1t23|movermezclaabotella| | | |2014-05-21T18:15:11.0000000Z
f1t24|desbloquearagitador| | | |2014-05-21T18:15:22.0000000Z
f1t25|insetarbotellaenautoclave| | | |2014-05-21T18:16:11.0000000Z
f1t26|bloquearautoclave| | | |2014-05-21T18:16:16.0000000Z
f1t27|autoclavar| | | |2014-05-21T18:16:21.0000000Z
f1t30|encendercabina| | | |2014-05-21T18:17:08.0000000Z
f1t31|contartiempocabina| | | |2014-05-21T18:17:10.0000000Z
f1t37|esterilizar| | | |2014-05-21T18:19:24.0000000Z
f1t3|releerprotocolo| | | |2014-05-21T18:46:36.0000000Z
f1t32|soltarbotellacabina| | | |2014-05-21T18:50:20.0000000Z
f1t33|agregariaa| | | |2014-05-21T18:50:54.0000000Z
f1t34|entregarbandeja| | | |2014-05-21T18:55:27.0000000Z
f1t35|soltarbandeja| | | |2014-05-21T18:55:50.0000000Z
f1t36|llenarbotes| |f1t29| |2014-05-21T18:56:03.0000000Z
f1t38|entregarchopo| | | |2014-05-21T18:57:50.0000000Z
f1t39|soltarchopocabina| | | |2014-05-21T18:58:36.0000000Z
f1t40|cortarplanta| | | |2014-05-21T18:59:15.0000000Z
f1t41|adjuntarbandeja| | | |2014-05-21T18:59:32.0000000Z
f1t42|apagarcabina| | | |2014-05-21T18:59:46.0000000Z
f1t44|bloquearbasefitotron| | | |2014-05-21T19:00:50.0000000Z
f1t43|soltarbandcrecimiento| | | |2014-05-21T19:00:55.0000000Z
f1t45|crecerchopo| | | |2014-05-21T19:01:13.0000000Z
f1t46|fincrecimiento| | | |2014-05-21T19:02:19.0000000Z
f1t3|releerprotocolo| | | |2014-05-21T19:03:02.0000000Z
f2t1|encenderpcr| | | |2014-05-21T19:06:42.0000000Z
f2t4|calentartermobloque| | | |2014-05-21T19:06:44.0000000Z
f2t5|entregarbandejahielo| | | |2014-05-21T19:07:03.0000000Z
f2t3|releerprotocolo| | | |2014-05-21T19:10:51.0000000Z
f2t22|tomartampote| | | |2014-05-21T19:13:04.0000000Z
f2t14|tomaraguadestilada| | | |2014-05-21T19:13:12.0000000Z
f2t7|tomaradn| | | |2014-05-21T19:13:57.0000000Z
f2t26|soltarbandejapoyata| | | |2014-05-21T19:14:40.0000000Z
f2t25|soltarbandejapoyataprimeravez| | | |2014-05-21T19:14:44.0000000Z
f2t27|entregarboteeppendorf| | | |2014-05-21T19:15:58.0000000Z
f2t28|soltarboteeppendorf| | | |2014-05-21T19:16:52.0000000Z
f2t29|sacartuboeppendorf| | | |2014-05-21T19:17:21.0000000Z
f2t30|entregarpipetaamarilla| | | |2014-05-21T19:17:36.0000000Z
f2t32|cargarpuntaamarilla| | | |2014-05-21T19:18:06.0000000Z
f2t33|iniciarmezcla| | | |2014-05-21T19:18:16.0000000Z
f2t34|agregaradn| | | |2014-05-21T19:18:33.0000000Z
f2t41|agregaraguadestilada| | | |2014-05-21T19:18:38.0000000Z
f2t49|agregartampote| | | |2014-05-21T19:18:49.0000000Z
f2t52|finmezcla| |f2t35-f2t36-f2t37-f2t38-f2t39-f2t40|f2t49|2014-05-21T19:19:21.0000000Z
f2t53|soltarpipetaamarilla| | | |2014-05-21T19:19:43.0000000Z
f2t54|entregartubomezcla| | | |2014-05-21T19:19:52.0000000Z
f2t55|abrirpcr| | | |2014-05-21T19:20:19.0000000Z
f2t56|soltarmezcla| | | |2014-05-21T19:20:31.0000000Z
f2t57|cerrarpcr| | | |2014-05-21T19:20:39.0000000Z
f2t58|amplificarfragmento| | | |2014-05-21T19:20:43.0000000Z
f2t3|releerprotocolo| | | |2014-05-21T19:21:19.0000000Z
f2t59|entregarmezclapcr| | | |2014-05-21T19:21:31.0000000Z
f2t60|guardarpcr| | | |2014-05-21T19:22:29.0000000Z
f2t61|soltartubonevera| | | |2014-05-21T19:22:47.0000000Z
f2t3|releerprotocolo| | | |2014-05-21T19:23:07.0000000Z
f2t3|releerprotocolo| | | |2014-05-21T19:23:35.0000000Z
f3t1|encendertermobloque| | | |2014-05-21T19:25:05.0000000Z
f3t4|calentartermobloque| | | |2014-05-21T19:25:07.0000000Z
f3t5|entregarbandejahielo| | | |2014-05-21T19:25:20.0000000Z
f3t7|tomaradnplasmidico| | | |2014-05-21T19:25:59.0000000Z
f3t10|tomarenzimaligasa| | | |2014-05-21T19:26:45.0000000Z
f3t9|tomartamponligasa| | | |2014-05-21T19:27:03.0000000Z
f3t8|tomarmezclapcr| | | |2014-05-21T19:27:39.0000000Z
f3t11|tomaraguadestilada| | | |2014-05-21T19:28:06.0000000Z
f3t27|soltarbandejapoyata| | | |2014-05-21T19:28:38.0000000Z
f3t26|soltarbandejapoyataprimeravez| | | |2014-05-21T19:28:43.0000000Z
f3t28|sacartuboligacion| | | |2014-05-21T19:28:52.0000000Z
f3t29|entregarpipetaamarilla| | | |2014-05-21T19:29:02.0000000Z
f3t31|cargarpuntaamarilla| | | |2014-05-21T19:29:46.0000000Z
f3t32|iniciarmezcla| | | |2014-05-21T19:30:03.0000000Z
f3t37|agregaraguadestilada| | | |2014-05-21T19:30:21.0000000Z
f3t34|agregarmezclapcr| | | |2014-05-21T19:30:31.0000000Z
f3t35|agregartamponligasa| | | |2014-05-21T19:30:38.0000000Z
f3t36|agregarenzimaligasa| | | |2014-05-21T19:30:46.0000000Z
f3t33|agregaradnplasmidico| | | |2014-05-21T19:30:54.0000000Z
f3t52|finmezcla| | | |2014-05-21T19:31:25.0000000Z
f3t53|soltarpipetaamarilla| | | |2014-05-21T19:31:46.0000000Z
f3t54|entregartubomezcla| | | |2014-05-21T19:31:57.0000000Z
f3t55|abrirtermobloque| | | |2014-05-21T19:32:25.0000000Z
f3t56|soltarmezcla| | | |2014-05-21T19:32:37.0000000Z
f3t57|cerrartermobloque| | | |2014-05-21T19:32:46.0000000Z

f3t58|amplificarfragmento| | | |2014-05-21T19:33:09.0000000Z
f3t59|entregarmezclaligacion| | | |2014-05-21T19:33:41.0000000Z
f3t60|guardarligacion| | | |2014-05-21T19:34:16.0000000Z
f3t61|soltartubonevera| | | |2014-05-21T19:34:34.0000000Z
