f0crearLog|crearLog| | | |2015-06-17T10:48:35.0000000Z
f0t1|entregarbata| | | |2015-06-17T10:48:53.0000000Z
f0t2|bloquearpoyata| | | |2015-06-17T10:49:26.0000000Z
f0t3|leerfundamentos| | | |2015-06-17T10:49:36.0000000Z
f0t5|releerfundamentos| | | |2015-06-17T10:49:49.0000000Z
f0t4|leerprotocolo| | | |2015-06-17T10:49:58.0000000Z
f0t7|lavarsemanos| | | |2015-06-17T10:50:58.0000000Z
f0t8|entregarguantes| | | |2015-06-17T10:51:14.0000000Z
f1t1|entregarvaso| | | |2015-06-17T10:52:24.0000000Z
f1t4|soltarvasofregadero| | | |2015-06-17T10:52:44.0000000Z
f1t5|bloquearfregadero| | | |2015-06-17T10:52:48.0000000Z
f1t6|llenarvasoconagua| | | |2015-06-17T10:52:53.0000000Z
f1t7|desbloquearfregadero| | | |2015-06-17T10:53:10.0000000Z
f1t8|soltarvasoagitador| | | |2015-06-17T10:53:42.0000000Z
f1t9|bloquearagitador| | | |2015-06-17T10:53:46.0000000Z
f1t10|bloquearphmetro| | | |2015-06-17T10:53:52.0000000Z
f1t11|encenderagitador| | | |2015-06-17T10:54:08.0000000Z
f1t12|agregarmys| | | |2015-06-17T10:55:26.0000000Z
f1t13|agregarsacarosa| | | |2015-06-17T10:55:34.0000000Z
f1t20|apagaragitador| | f1t14-f1t16| |2015-06-17T10:56:09.0000000Z
f1t14|ajustarph| | | |2015-06-17T10:56:20.0000000Z
f1t15|desbloquearphmetro| | | |2015-06-17T10:56:26.0000000Z
f1t21|entregarbotella| | | |2015-06-17T10:58:04.0000000Z
f1t22|soltarbotellaagitador| | | |2015-06-17T10:59:02.0000000Z
f1t23|movermezclaabotella| | | |2015-06-17T10:59:19.0000000Z
f1t24|desbloquearagitador| | | |2015-06-17T10:59:37.0000000Z
f1t25|insetarbotellaenautoclave| | | |2015-06-17T11:00:31.0000000Z
f1t26|bloquearautoclave| | | |2015-06-17T11:00:36.0000000Z
f1t30|encendercabina| | | |2015-06-17T11:01:08.0000000Z
f1t31|contartiempocabina| | | |2015-06-17T11:01:12.0000000Z
f1t34|entregarbandeja| | | |2015-06-17T11:03:01.0000000Z
f1t35|soltarbandeja| | | |2015-06-17T11:03:44.0000000Z
f1t27|autoclavar| | | |2015-06-17T11:04:23.0000000Z
f1t28|entregarbotellaautoclavada| | | |2015-06-17T11:04:53.0000000Z
f1t29|enfriarbotella| | | |2015-06-17T11:05:00.0000000Z
f1t32|soltarbotellacabina| | | |2015-06-17T11:06:04.0000000Z
f1t36|llenarbotes| | | |2015-06-17T11:06:09.0000000Z
f1t33|agregariaa| | | |2015-06-17T11:06:33.0000000Z
f1t38|entregarchopo| | | |2015-06-17T11:07:49.0000000Z
f1t39|soltarchopocabina| | | |2015-06-17T11:08:33.0000000Z
f1t40|cortarplanta| |f1t37| |2015-06-17T11:08:38.0000000Z
f1t41|adjuntarbandeja| | | |2015-06-17T11:08:45.0000000Z
f1t42|apagarcabina| | | |2015-06-17T11:08:55.0000000Z
f1t44|bloquearbasefitotron| | | |2015-06-17T11:10:43.0000000Z
f1t43|soltarbandcrecimiento| | | |2015-06-17T11:10:47.0000000Z
f1t45|crecerchopo| | | |2015-06-17T11:11:11.0000000Z
f2t1|encenderpcr| | | |2015-06-17T11:13:50.0000000Z
f2t4|calentartermobloque| | | |2015-06-17T11:13:57.0000000Z
f2t5|entregarbandejahielo| | | |2015-06-17T11:14:06.0000000Z
f2t14|tomaraguadestilada| | | |2015-06-17T11:14:30.0000000Z
f2t10|tomartamponpolimerasa| | | |2015-06-17T11:14:55.0000000Z
f2t8|tomaroligonucleicoizq| | | |2015-06-17T11:15:07.0000000Z
f2t12|tomardntp| | | |2015-06-17T11:15:33.0000000Z
f2t7|tomaradn| | | |2015-06-17T11:16:16.0000000Z
f2t11|tomarmgcl| | | |2015-06-17T11:16:27.0000000Z
f2t13|tomarpolimerasa| | | |2015-06-17T11:17:23.0000000Z
f2t55|abrirpcr| | | |2015-06-17T11:18:09.0000000Z
f2t26|soltarbandejapoyata| | | |2015-06-17T11:18:50.0000000Z
f2t25|soltarbandejapoyataprimeravez| | | |2015-06-17T11:18:54.0000000Z
f2t27|entregarboteeppendorf| | | |2015-06-17T11:19:17.0000000Z
f2t28|soltarboteeppendorf| | | |2015-06-17T11:19:32.0000000Z
f2t29|sacartuboeppendorf| | | |2015-06-17T11:19:41.0000000Z
f2t30|entregarpipetaamarilla| | | |2015-06-17T11:19:53.0000000Z
f2t32|cargarpuntaamarilla| | | |2015-06-17T11:20:08.0000000Z
f2t33|iniciarmezcla| | | |2015-06-17T11:20:17.0000000Z
f2t41|agregaraguadestilada| | | |2015-06-17T11:20:29.0000000Z
f2t37|agregartamponpolimerasa| | | |2015-06-17T11:20:41.0000000Z
f2t35|agregaroligonucleicoizq| | | |2015-06-17T11:20:45.0000000Z
f2t39|agregardntp| | | |2015-06-17T11:20:48.0000000Z
f2t34|agregaradn| | | |2015-06-17T11:20:52.0000000Z
f2t38|agregarmgcl| | | |2015-06-17T11:21:04.0000000Z
f2t40|agregarpolimerasa| | | |2015-06-17T11:21:08.0000000Z
f2t52|finmezcla| |f2t36| |2015-06-17T11:21:19.0000000Z
f2t53|soltarpipetaamarilla| | | |2015-06-17T11:21:30.0000000Z
f2t54|entregartubomezcla| | | |2015-06-17T11:21:38.0000000Z
f2t56|soltarmezcla| | | |2015-06-17T11:22:47.0000000Z
f2t57|cerrarpcr| | | |2015-06-17T11:22:53.0000000Z
f2t58|amplificarfragmento| | | |2015-06-17T11:22:56.0000000Z
f2t59|entregarmezclapcr| | | |2015-06-17T11:23:31.0000000Z
f2t60|guardarpcr| | | |2015-06-17T11:23:59.0000000Z
f2t61|soltartubonevera| | | |2015-06-17T11:24:15.0000000Z
f3t1|encendertermobloque| | | |2015-06-17T11:24:32.0000000Z
f3t4|calentartermobloque| | | |2015-06-17T11:24:34.0000000Z
f3t5|entregarbandejahielo| | | |2015-06-17T11:24:52.0000000Z
f3t11|tomaraguadestilada| | | |2015-06-17T11:25:46.0000000Z
f3t7|tomaradnplasmidico| | | |2015-06-17T11:26:17.0000000Z
f3t9|tomartamponligasa| | | |2015-06-17T11:26:29.0000000Z
f3t10|tomarenzimaligasa| | | |2015-06-17T11:26:38.0000000Z
f3t8|tomarmezclapcr| | | |2015-06-17T11:30:50.0000000Z
f3t27|soltarbandejapoyata| | | |2015-06-17T11:31:08.0000000Z
f3t26|soltarbandejapoyataprimeravez| | | |2015-06-17T11:31:13.0000000Z
f3t28|sacartuboligacion| | | |2015-06-17T11:31:21.0000000Z
f3t29|entregarpipetaamarilla| | | |2015-06-17T11:32:41.0000000Z
f3t31|cargarpuntaamarilla| | | |2015-06-17T11:33:01.0000000Z
f3t32|iniciarmezcla| | | |2015-06-17T11:33:09.0000000Z
f3t37|agregaraguadestilada| | | |2015-06-17T11:33:27.0000000Z
f3t33|agregaradnplasmidico| | | |2015-06-17T11:33:32.0000000Z
f3t35|agregartamponligasa| | | |2015-06-17T11:33:36.0000000Z
f3t36|agregarenzimaligasa| | | |2015-06-17T11:33:41.0000000Z
f3t52|finmezcla| |f3t34| |2015-06-17T11:33:54.0000000Z
f3t53|soltarpipetaamarilla| | | |2015-06-17T11:34:05.0000000Z
f3t54|entregartubomezcla| | | |2015-06-17T11:34:12.0000000Z
f3t55|abrirtermobloque| | | |2015-06-17T11:34:23.0000000Z
f3t56|soltarmezcla| | | |2015-06-17T11:34:47.0000000Z
f3t57|cerrartermobloque| | | |2015-06-17T11:34:50.0000000Z
f3t58|amplificarfragmento| | | |2015-06-17T11:35:10.0000000Z
f3t59|entregarmezclaligacion| | | |2015-06-17T11:35:24.0000000Z
f3t60|guardarligacion| | | |2015-06-17T11:35:53.0000000Z
f3t61|soltartubonevera| | | |2015-06-17T11:36:07.0000000Z