dependenciabloq|f0t4|leerprotocolo|f0t3|2014-06-05T16:54:11.0000000Z
dependenciasnobloq|f1t1|entregarvaso| f0t7-f0t8|2014-06-05T16:59:48.0000000Z
accionnoencontrada| |entregarvaso| |2014-06-05T17:03:33.0000000Z
accionnoencontrada| |entregarbata| |2014-06-05T17:11:22.0000000Z
dependenciasnobloq|f1t20|apagaragitador| f1t14-f1t16|2014-06-05T17:16:20.0000000Z
dependenciasnobloq|f1t21|entregarbotella|f0t8|2014-06-05T17:16:40.0000000Z
accionrealizada|f1t34|entregarbandeja|entregarbandeja|2014-06-05T17:19:36.0000000Z
dependenciabloq|f1t28|entregarbotellaautoclavada|f1t27|2014-06-05T17:32:23.0000000Z
accionrealizada|f1t28|entregarbotellaautoclavada|entregarbotellaautoclavada|2014-06-05T17:32:55.0000000Z
accionrealizada|f1t28|entregarbotellaautoclavada|entregarbotellaautoclavada|2014-06-05T17:32:58.0000000Z
accionrealizada|f1t38|entregarchopo|entregarchopo|2014-06-05T17:39:27.0000000Z
accionrealizada|f1t38|entregarchopo|entregarchopo|2014-06-05T17:39:39.0000000Z
accionrealizada|f1t38|entregarchopo|entregarchopo|2014-06-05T17:39:48.0000000Z
accionrealizada|f1t38|entregarchopo|entregarchopo|2014-06-05T17:39:51.0000000Z
accionrealizada|f1t36|llenarbotes|llenarbotes|2014-06-05T17:40:48.0000000Z
accionrealizada|f1t41|adjuntarbandeja|adjuntarbandeja|2014-06-05T17:41:08.0000000Z
accionrealizada|f1t30|encendercabina|encendercabina|2014-06-05T17:41:52.0000000Z
accionrealizada|f2t55|abrirpcr|abrirpcr|2014-06-05T18:04:45.0000000Z
accionrealizada|f2t55|abrirpcr|abrirpcr|2014-06-05T18:04:48.0000000Z
accionrealizada|f2t55|abrirpcr|abrirpcr|2014-06-05T18:04:54.0000000Z
accionrealizada|f2t55|abrirpcr|abrirpcr|2014-06-05T18:05:00.0000000Z
dependenciabloq|f2t33|iniciarmezcla|f2t29|2014-06-05T18:05:46.0000000Z
dependenciabloq|f2t57|cerrarpcr|f2t56|2014-06-05T18:06:15.0000000Z
dependenciabloq|f2t57|cerrarpcr|f2t56|2014-06-05T18:06:19.0000000Z
dependenciabloq|f2t57|cerrarpcr|f2t56|2014-06-05T18:06:26.0000000Z
dependenciabloq|f2t57|cerrarpcr|f2t56|2014-06-05T18:06:31.0000000Z
dependenciabloq|f2t57|cerrarpcr|f2t56|2014-06-05T18:06:35.0000000Z
dependenciabloq|f2t57|cerrarpcr|f2t56|2014-06-05T18:06:45.0000000Z
dependenciabloq|f3t1|encendertermobloque|f2t60|2014-06-05T18:07:06.0000000Z
dependenciabloq|f3t1|encendertermobloque|f2t60|2014-06-05T18:07:10.0000000Z
dependenciabloq|f2t57|cerrarpcr|f2t56|2014-06-05T18:07:14.0000000Z
dependenciabloq|f3t1|encendertermobloque|f2t60|2014-06-05T18:07:18.0000000Z
dependenciabloq|f2t57|cerrarpcr|f2t56|2014-06-05T18:07:33.0000000Z
dependenciabloq|f3t1|encendertermobloque|f2t60|2014-06-05T18:07:37.0000000Z
dependenciabloq|f3t1|encendertermobloque|f2t60|2014-06-05T18:07:45.0000000Z
dependenciabloq|f2t33|iniciarmezcla|f2t29|2014-06-05T18:07:55.0000000Z
dependenciabloq|f2t57|cerrarpcr|f2t56|2014-06-05T18:08:28.0000000Z
accionnoencontrada| |entregarpipetaazul| |2014-06-05T18:10:46.0000000Z
accionrealizada|f2t32|cargarpuntaamarilla|cargarpuntaamarilla|2014-06-05T18:11:27.0000000Z
accionrealizada|f2t32|cargarpuntaamarilla|cargarpuntaamarilla|2014-06-05T18:11:30.0000000Z
accionrealizada|f2t32|cargarpuntaamarilla|cargarpuntaamarilla|2014-06-05T18:11:33.0000000Z
dependenciabloq|f2t33|iniciarmezcla|f2t29|2014-06-05T18:11:41.0000000Z
dependenciabloq|f2t57|cerrarpcr|f2t56|2014-06-05T18:12:14.0000000Z
dependenciabloq|f2t57|cerrarpcr|f2t56|2014-06-05T18:12:47.0000000Z
dependenciabloq|f3t1|encendertermobloque|f2t60|2014-06-05T18:12:52.0000000Z
dependenciabloq|f2t57|cerrarpcr|f2t56|2014-06-05T18:13:00.0000000Z
dependenciabloq|f2t60|guardarpcr|f2t59|2014-06-05T18:13:56.0000000Z
dependenciabloq|f2t57|cerrarpcr|f2t56|2014-06-05T18:14:10.0000000Z
dependenciabloq|f3t1|encendertermobloque|f2t60|2014-06-05T18:14:15.0000000Z
dependenciabloq|f2t57|cerrarpcr|f2t56|2014-06-05T18:14:19.0000000Z
dependenciabloq|f2t33|iniciarmezcla|f2t29|2014-06-05T18:15:16.0000000Z
dependenciabloq|f2t33|iniciarmezcla|f2t29|2014-06-05T18:15:26.0000000Z
dependenciabloq|f2t33|iniciarmezcla|f2t29|2014-06-05T18:15:31.0000000Z
dependenciabloq|f2t33|iniciarmezcla|f2t29|2014-06-05T18:15:35.0000000Z
dependenciabloq|f2t33|iniciarmezcla|f2t29|2014-06-05T18:15:39.0000000Z
dependenciabloq|f2t33|iniciarmezcla|f2t29|2014-06-05T18:15:44.0000000Z
dependenciabloq|f2t33|iniciarmezcla|f2t29|2014-06-05T18:15:48.0000000Z
dependenciabloq|f2t33|iniciarmezcla|f2t29|2014-06-05T18:15:52.0000000Z
dependenciabloq|f2t33|iniciarmezcla|f2t29|2014-06-05T18:16:04.0000000Z
dependenciabloq|f2t33|iniciarmezcla|f2t29|2014-06-05T18:16:08.0000000Z
dependenciabloq|f2t33|iniciarmezcla|f2t29|2014-06-05T18:16:18.0000000Z
dependenciabloq|f2t33|iniciarmezcla|f2t29|2014-06-05T18:16:22.0000000Z
dependenciabloq|f2t33|iniciarmezcla|f2t29|2014-06-05T18:16:26.0000000Z
accionrealizada|f2t5|entregarbandejahielo|entregarbandejahielo|2014-06-05T18:16:45.0000000Z
dependenciabloq|f2t33|iniciarmezcla|f2t29|2014-06-05T18:17:05.0000000Z
dependenciabloq|f2t33|iniciarmezcla|f2t29|2014-06-05T18:17:09.0000000Z
dependenciabloq|f2t33|iniciarmezcla|f2t29|2014-06-05T18:17:13.0000000Z
dependenciabloq|f2t33|iniciarmezcla|f2t29|2014-06-05T18:17:17.0000000Z
dependenciabloq|f2t33|iniciarmezcla|f2t29|2014-06-05T18:17:22.0000000Z
dependenciabloq|f2t33|iniciarmezcla|f2t29|2014-06-05T18:17:31.0000000Z
dependenciabloq|f2t33|iniciarmezcla|f2t29|2014-06-05T18:17:36.0000000Z
dependenciabloq|f2t33|iniciarmezcla|f2t29|2014-06-05T18:17:40.0000000Z
dependenciabloq|f2t33|iniciarmezcla|f2t29|2014-06-05T18:17:44.0000000Z
dependenciabloq|f2t33|iniciarmezcla|f2t29|2014-06-05T18:17:54.0000000Z
accionrealizada|f2t27|entregarboteeppendorf|entregarboteeppendorf|2014-06-05T18:18:26.0000000Z
accionrealizada|f2t29|sacartuboeppendorf|sacartuboeppendorf|2014-06-05T18:18:54.0000000Z
accionrealizada|f2t29|sacartuboeppendorf|sacartuboeppendorf|2014-06-05T18:18:57.0000000Z
accionrealizada|f2t30|entregarpipetaamarilla|entregarpipetaamarilla|2014-06-05T18:19:35.0000000Z
accionrealizada|f2t30|entregarpipetaamarilla|entregarpipetaamarilla|2014-06-05T18:19:38.0000000Z
accionnoencontrada| |sacartuboligacion| |2014-06-05T18:20:47.0000000Z
accionrealizada|f2t30|entregarpipetaamarilla|entregarpipetaamarilla|2014-06-05T18:20:50.0000000Z
accionrealizada|f2t33|iniciarmezcla|iniciarmezcla|2014-06-05T18:20:56.0000000Z
dependenciabloq|f2t60|guardarpcr|f2t59|2014-06-05T18:22:20.0000000Z
accionrealizada|f2t15|tomarenzimaligasa|tomarenzimaligasa|2014-06-05T18:45:15.0000000Z
accionrealizada|f2t13|tomarpolimerasa|tomarpolimerasa|2014-06-05T18:45:24.0000000Z
accionrealizada|f2t9|tomaroligonucleicoder|tomaroligonucleicoder|2014-06-05T18:45:58.0000000Z
accionnoencontrada| |sacartuboligacion| |2014-06-05T18:46:50.0000000Z
accionnoencontrada| |sacartuboligacion| |2014-06-05T18:46:58.0000000Z
accionnoencontrada| |sacartuboligacion| |2014-06-05T18:47:05.0000000Z
accionrealizada|f2t27|entregarboteeppendorf|entregarboteeppendorf|2014-06-05T18:47:55.0000000Z
accionrealizada|f2t27|entregarboteeppendorf|entregarboteeppendorf|2014-06-05T18:48:01.0000000Z
accionnoencontrada| |sacartuboligacion| |2014-06-05T18:48:40.0000000Z
dependenciabloq|f2t33|iniciarmezcla|f2t31|2014-06-05T18:48:49.0000000Z
accionnoencontrada| |sacartuboligacion| |2014-06-05T18:48:54.0000000Z
accionrealizada|f2t30|entregarpipetaamarilla|entregarpipetaamarilla|2014-06-05T18:49:06.0000000Z
accionrealizada|f2t32|cargarpuntaamarilla|cargarpuntaamarilla|2014-06-05T18:49:31.0000000Z
accionrealizada|f2t33|iniciarmezcla|iniciarmezcla|2014-06-05T18:52:07.0000000Z
dependenciasnobloq|f2t52|finmezcla|f2t34-f2t35-f2t38-f2t39-f2t41|2014-06-05T18:55:19.0000000Z
incompatibilidadnobloq|f2t52|finmezcla|f2t42-f2t51|2014-06-05T18:55:25.0000000Z
accionrealizada|f2t52|finmezcla|finmezcla|2014-06-05T18:55:31.0000000Z
dependenciabloq|f2t57|cerrarpcr|f2t56|2014-06-05T18:56:12.0000000Z
dependenciabloq|f3t1|encendertermobloque|f2t60|2014-06-05T18:56:20.0000000Z
dependenciabloq|f2t57|cerrarpcr|f2t56|2014-06-05T18:58:27.0000000Z
dependenciabloq|f3t1|encendertermobloque|f2t60|2014-06-05T18:58:52.0000000Z
dependenciabloq|f3t1|encendertermobloque|f2t60|2014-06-05T18:59:02.0000000Z
accionrealizada|f2t57|cerrarpcr|cerrarpcr|2014-06-05T18:59:28.0000000Z
accionrealizada|f2t57|cerrarpcr|cerrarpcr|2014-06-05T18:59:32.0000000Z
dependenciabloq|f2t59|entregarmezclapcr|f2t58|2014-06-05T18:59:50.0000000Z
accionrealizada|f2t59|entregarmezclapcr|entregarmezclapcr|2014-06-05T19:00:22.0000000Z
accionnoencontrada| |encenderpcr| |2014-06-05T19:00:37.0000000Z
accionnoencontrada| |encendertermobloque| |2014-06-05T19:02:02.0000000Z
accionnoencontrada| |encendertermobloque| |2014-06-05T19:02:05.0000000Z
accionrealizada|f3t14|tomartamponpolimerasa|tomartamponpolimerasa|2014-06-05T19:06:47.0000000Z
accionrealizada|f3t17|tomarpolimerasa|tomarpolimerasa|2014-06-05T19:07:02.0000000Z
accionrealizada|f3t9|tomartamponligasa|tomartamponligasa|2014-06-05T19:07:31.0000000Z
accionrealizada|f3t31|cargarpuntaamarilla|cargarpuntaamarilla|2014-06-05T19:09:11.0000000Z
accionrealizada|f3t32|iniciarmezcla|iniciarmezcla|2014-06-05T19:09:28.0000000Z
accionrealizada|f3t32|iniciarmezcla|iniciarmezcla|2014-06-05T19:09:33.0000000Z
accionrealizada|f3t32|iniciarmezcla|iniciarmezcla|2014-06-05T19:09:38.0000000Z
dependenciasnobloq|f3t52|finmezcla|f3t33-f3t34-f3t37|2014-06-05T19:10:45.0000000Z
incompatibilidadnobloq|f3t52|finmezcla|f3t39-f3t41-f3t42-f3t50|2014-06-05T19:11:04.0000000Z
accionnoencontrada| |encendertermobloque| |2014-06-05T19:12:05.0000000Z
accionnoencontrada| |encendertermobloque| |2014-06-05T19:12:21.0000000Z
accionnoencontrada| |encendertermobloque| |2014-06-05T19:12:25.0000000Z
accionnoencontrada| |encendertermobloque| |2014-06-05T19:12:29.0000000Z
accionrealizada|f3t55|abrirtermobloque|abrirtermobloque|2014-06-05T19:12:45.0000000Z
accionrealizada|f3t55|abrirtermobloque|abrirtermobloque|2014-06-05T19:12:50.0000000Z
accionrealizada|f3t55|abrirtermobloque|abrirtermobloque|2014-06-05T19:12:54.0000000Z
accionrealizada|f3t59|entregarmezclaligacion|entregarmezclaligacion|2014-06-05T19:14:26.0000000Z
accionrealizada|f3t60|guardarligacion|guardarligacion|2014-06-05T19:15:33.0000000Z
accionrealizada|f3t60|guardarligacion|guardarligacion|2014-06-05T19:15:46.0000000Z
accionrealizada|f3t60|guardarligacion|guardarligacion|2014-06-05T19:16:42.0000000Z
accionrealizada|f3t60|guardarligacion|guardarligacion|2014-06-05T19:17:11.0000000Z
accionrealizada|f3t60|guardarligacion|guardarligacion|2014-06-05T19:18:31.0000000Z
accionrealizada|f3t61|soltartubonevera|soltartubonevera|2014-06-05T19:21:41.0000000Z
accionrealizada|f3t61|soltartubonevera|soltartubonevera|2014-06-05T19:21:45.0000000Z
