dependenciabloq|f0t7|lavarsemanos|f0t4|2015-06-15T09:26:02.0000000Z
accionnoencontrada| |agregaragarosa| |2015-06-15T09:44:00.0000000Z
accionnoencontrada| |agregaragarosa| |2015-06-15T09:44:47.0000000Z
dependenciasnobloq|f1t16|agregaragar| f1t14|2015-06-15T09:45:02.0000000Z
accionnoencontrada| |agregaragarosa| |2015-06-15T09:45:09.0000000Z
accionrealizada|f1t12|agregarmys|agregarmys|2015-06-15T09:45:28.0000000Z
dependenciasnobloq|f1t20|apagaragitador| f1t14|2015-06-15T09:47:16.0000000Z
incompatibilidadnobloq|f1t20|apagaragitador|f1t17-f1t18-f1t19|2015-06-15T09:47:16.0000000Z
accionrealizada|f1t11|encenderagitador|encenderagitador|2015-06-15T09:47:31.0000000Z
accionrealizada|f1t11|encenderagitador|encenderagitador|2015-06-15T09:47:49.0000000Z
accionrealizada|f1t23|movermezclaabotella|movermezclaabotella|2015-06-15T09:48:33.0000000Z
accionrealizada|f1t34|entregarbandeja|entregarbandeja|2015-06-15T09:49:58.0000000Z
accionrealizada|f1t34|entregarbandeja|entregarbandeja|2015-06-15T09:50:09.0000000Z
dependenciabloq|f1t36|llenarbotes|f1t32|2015-06-15T09:54:36.0000000Z
dependenciabloq|f1t36|llenarbotes|f1t32|2015-06-15T09:54:41.0000000Z
dependenciabloq|f1t36|llenarbotes|f1t32|2015-06-15T09:55:08.0000000Z
dependenciabloq|f1t36|llenarbotes|f1t32|2015-06-15T09:55:11.0000000Z
dependenciabloq|f1t36|llenarbotes|f1t32|2015-06-15T09:55:35.0000000Z
dependenciabloq|f1t36|llenarbotes|f1t32|2015-06-15T09:55:38.0000000Z
dependenciabloq|f1t36|llenarbotes|f1t32|2015-06-15T09:55:44.0000000Z
dependenciabloq|f1t36|llenarbotes|f1t32|2015-06-15T09:55:47.0000000Z
dependenciabloq|f1t36|llenarbotes|f1t32|2015-06-15T09:55:49.0000000Z
dependenciabloq|f1t36|llenarbotes|f1t32|2015-06-15T09:55:54.0000000Z
dependenciabloq|f1t36|llenarbotes|f1t32|2015-06-15T09:56:49.0000000Z
dependenciabloq|f1t36|llenarbotes|f1t32|2015-06-15T09:56:51.0000000Z
dependenciabloq|f1t36|llenarbotes|f1t32|2015-06-15T09:56:54.0000000Z
dependenciabloq|f1t36|llenarbotes|f1t32|2015-06-15T09:56:57.0000000Z
dependenciabloq|f1t36|llenarbotes|f1t32|2015-06-15T09:56:59.0000000Z
dependenciabloq|f1t36|llenarbotes|f1t32|2015-06-15T09:57:02.0000000Z
accionrealizada|f1t37|esterilizar|esterilizar|2015-06-15T09:57:16.0000000Z
accionrealizada|f1t37|esterilizar|esterilizar|2015-06-15T09:57:18.0000000Z
accionrealizada|f1t37|esterilizar|esterilizar|2015-06-15T09:57:21.0000000Z
dependenciabloq|f1t36|llenarbotes|f1t32|2015-06-15T09:57:22.0000000Z
accionrealizada|f1t37|esterilizar|esterilizar|2015-06-15T09:57:26.0000000Z
dependenciabloq|f1t36|llenarbotes|f1t32|2015-06-15T09:58:15.0000000Z
accionrealizada|f1t37|esterilizar|esterilizar|2015-06-15T09:58:26.0000000Z
accionrealizada|f1t34|entregarbandeja|entregarbandeja|2015-06-15T09:59:51.0000000Z
dependenciabloq|f1t28|entregarbotellaautoclavada|f1t27|2015-06-15T10:00:36.0000000Z
dependenciabloq|f1t36|llenarbotes|f1t32|2015-06-15T10:03:01.0000000Z
dependenciabloq|f1t36|llenarbotes|f1t32|2015-06-15T10:03:14.0000000Z
accionrealizada|f1t37|esterilizar|esterilizar|2015-06-15T10:03:18.0000000Z
dependenciabloq|f1t36|llenarbotes|f1t32|2015-06-15T10:05:10.0000000Z
accionnoencontrada| |tomartampote| |2015-06-15T10:06:35.0000000Z
accionrealizada|f1t37|esterilizar|esterilizar|2015-06-15T10:07:15.0000000Z
dependenciabloq|f1t40|cortarplanta|f1t39|2015-06-15T10:07:19.0000000Z
dependenciabloq|f1t40|cortarplanta|f1t39|2015-06-15T10:08:23.0000000Z
dependenciabloq|f1t40|cortarplanta|f1t39|2015-06-15T10:12:25.0000000Z
accionnoencontrada| |entregarchopocrecido| |2015-06-15T10:17:03.0000000Z
dependenciabloq|f2t57|cerrarpcr|f2t56|2015-06-15T10:19:41.0000000Z
dependenciabloq|f2t57|cerrarpcr|f2t56|2015-06-15T10:20:33.0000000Z
dependenciabloq|f3t1|encendertermobloque|f2t60|2015-06-15T10:23:44.0000000Z
dependenciabloq|f3t1|encendertermobloque|f2t60|2015-06-15T10:23:49.0000000Z
dependenciabloq|f2t57|cerrarpcr|f2t56|2015-06-15T10:23:56.0000000Z
dependenciabloq|f3t1|encendertermobloque|f2t60|2015-06-15T10:24:01.0000000Z
dependenciabloq|f2t60|guardarpcr|f2t59|2015-06-15T10:26:24.0000000Z
accionnoencontrada| |guardarligacion| |2015-06-15T10:26:30.0000000Z
dependenciabloq|f2t33|iniciarmezcla|f2t29|2015-06-15T10:27:06.0000000Z
accionrealizada|f2t29|sacartuboeppendorf|sacartuboeppendorf|2015-06-15T10:27:16.0000000Z
dependenciabloq|f2t33|iniciarmezcla|f2t32|2015-06-15T10:27:47.0000000Z
accionrealizada|f2t33|iniciarmezcla|iniciarmezcla|2015-06-15T10:28:16.0000000Z
dependenciasnobloq|f2t52|finmezcla|f2t34-f2t35-f2t36-f2t37-f2t38-f2t39-f2t40-f2t41|2015-06-15T10:28:25.0000000Z
accionrealizada|f2t52|finmezcla|finmezcla|2015-06-15T10:29:41.0000000Z
accionrealizada|f2t52|finmezcla|finmezcla|2015-06-15T10:30:10.0000000Z
dependenciabloq|f3t1|encendertermobloque|f2t60|2015-06-15T10:31:13.0000000Z
dependenciabloq|f3t1|encendertermobloque|f2t60|2015-06-15T10:31:20.0000000Z
dependenciabloq|f2t57|cerrarpcr|f2t56|2015-06-15T10:31:23.0000000Z
accionnoencontrada| |sacartuboligacion| |2015-06-15T10:32:02.0000000Z
accionnoencontrada| |sacartuboligacion| |2015-06-15T10:32:07.0000000Z
accionrealizada|f2t22|tomartampote|tomartampote|2015-06-15T10:34:15.0000000Z
accionnoencontrada| |guardarligacion| |2015-06-15T10:35:02.0000000Z
dependenciabloq|f2t60|guardarpcr|f2t59|2015-06-15T10:35:06.0000000Z
accionrealizada|f2t49|agregartampote|agregartampote|2015-06-15T10:36:00.0000000Z
accionrealizada|f2t41|agregaraguadestilada|agregaraguadestilada|2015-06-15T10:36:04.0000000Z
accionrealizada|f2t42|agregarenzimaligasa|agregarenzimaligasa|2015-06-15T10:36:33.0000000Z
accionrealizada|f2t52|finmezcla|finmezcla|2015-06-15T10:36:45.0000000Z
accionrealizada|f2t52|finmezcla|finmezcla|2015-06-15T10:36:49.0000000Z
accionrealizada|f2t52|finmezcla|finmezcla|2015-06-15T10:36:58.0000000Z
accionrealizada|f2t52|finmezcla|finmezcla|2015-06-15T10:37:07.0000000Z
accionrealizada|f2t52|finmezcla|finmezcla|2015-06-15T10:38:35.0000000Z
accionnoencontrada| |sacartuboligacion| |2015-06-15T10:38:38.0000000Z
accionnoencontrada| |sacartuboligacion| |2015-06-15T10:38:40.0000000Z
accionnoencontrada| |sacartuboligacion| |2015-06-15T10:38:43.0000000Z
accionnoencontrada| |sacartuboligacion| |2015-06-15T10:38:46.0000000Z
accionnoencontrada| |sacartuboligacion| |2015-06-15T10:38:48.0000000Z
accionrealizada|f2t31|adjuntarpipetaamarilla|adjuntarpipetaamarilla|2015-06-15T10:42:54.0000000Z
accionrealizada|f2t31|adjuntarpipetaamarilla|adjuntarpipetaamarilla|2015-06-15T10:42:59.0000000Z
accionrealizada|f2t31|adjuntarpipetaamarilla|adjuntarpipetaamarilla|2015-06-15T10:43:03.0000000Z
accionrealizada|f2t31|adjuntarpipetaamarilla|adjuntarpipetaamarilla|2015-06-15T10:43:08.0000000Z
accionrealizada|f2t31|adjuntarpipetaamarilla|adjuntarpipetaamarilla|2015-06-15T10:43:12.0000000Z
accionrealizada|f2t31|adjuntarpipetaamarilla|adjuntarpipetaamarilla|2015-06-15T10:43:33.0000000Z
accionrealizada|f2t31|adjuntarpipetaamarilla|adjuntarpipetaamarilla|2015-06-15T10:43:38.0000000Z
accionrealizada|f2t31|adjuntarpipetaamarilla|adjuntarpipetaamarilla|2015-06-15T10:43:43.0000000Z
accionrealizada|f2t31|adjuntarpipetaamarilla|adjuntarpipetaamarilla|2015-06-15T10:45:14.0000000Z
accionrealizada|f2t31|adjuntarpipetaamarilla|adjuntarpipetaamarilla|2015-06-15T10:45:18.0000000Z
accionrealizada|f2t31|adjuntarpipetaamarilla|adjuntarpipetaamarilla|2015-06-15T10:47:01.0000000Z
accionrealizada|f2t31|adjuntarpipetaamarilla|adjuntarpipetaamarilla|2015-06-15T10:47:13.0000000Z
accionrealizada|f2t52|finmezcla|finmezcla|2015-06-15T10:49:12.0000000Z
dependenciasnobloq|f2t52|finmezcla|f2t34-f2t35-f2t38-f2t39|2015-06-15T10:50:15.0000000Z
incompatibilidadnobloq|f2t52|finmezcla|f2t42-f2t43-f2t49-f2t51|2015-06-15T10:50:18.0000000Z
dependenciabloq|f2t57|cerrarpcr|f2t56|2015-06-15T10:51:11.0000000Z
accionnoencontrada| |abrirtermobloque| |2015-06-15T10:51:18.0000000Z
dependenciabloq|f3t1|encendertermobloque|f2t60|2015-06-15T10:51:23.0000000Z
dependenciabloq|f2t57|cerrarpcr|f2t56|2015-06-15T10:53:05.0000000Z
dependenciabloq|f2t57|cerrarpcr|f2t56|2015-06-15T10:53:09.0000000Z
dependenciabloq|f2t57|cerrarpcr|f2t56|2015-06-15T10:53:12.0000000Z
dependenciabloq|f2t57|cerrarpcr|f2t56|2015-06-15T10:53:16.0000000Z
dependenciabloq|f2t57|cerrarpcr|f2t56|2015-06-15T10:53:19.0000000Z
dependenciabloq|f2t57|cerrarpcr|f2t56|2015-06-15T10:53:23.0000000Z
dependenciabloq|f2t57|cerrarpcr|f2t56|2015-06-15T10:53:26.0000000Z
dependenciabloq|f2t57|cerrarpcr|f2t56|2015-06-15T10:53:30.0000000Z
dependenciabloq|f2t57|cerrarpcr|f2t56|2015-06-15T10:53:33.0000000Z
dependenciabloq|f2t57|cerrarpcr|f2t56|2015-06-15T10:53:37.0000000Z
dependenciabloq|f2t57|cerrarpcr|f2t56|2015-06-15T10:53:40.0000000Z
dependenciabloq|f2t57|cerrarpcr|f2t56|2015-06-15T10:53:44.0000000Z
accionrealizada|f2t57|cerrarpcr|cerrarpcr|2015-06-15T10:53:59.0000000Z
accionrealizada|f2t57|cerrarpcr|cerrarpcr|2015-06-15T10:54:02.0000000Z
accionrealizada|f2t59|entregarmezclapcr|entregarmezclapcr|2015-06-15T10:54:59.0000000Z
accionnoencontrada| |encendertermobloque| |2015-06-15T10:56:47.0000000Z
accionnoencontrada| |encendertermobloque| |2015-06-15T10:56:50.0000000Z
accionnoencontrada| |encendertermobloque| |2015-06-15T10:56:53.0000000Z
accionrealizada|f3t28|sacartuboligacion|sacartuboligacion|2015-06-15T10:59:17.0000000Z
accionrealizada|f3t28|sacartuboligacion|sacartuboligacion|2015-06-15T10:59:20.0000000Z
accionrealizada|f3t32|iniciarmezcla|iniciarmezcla|2015-06-15T11:00:14.0000000Z
accionrealizada|f3t32|iniciarmezcla|iniciarmezcla|2015-06-15T11:00:18.0000000Z
accionnoencontrada| |agregaragrobacterium| |2015-06-15T11:00:24.0000000Z
accionnoencontrada| |guardarpcr| |2015-06-15T11:00:55.0000000Z
dependenciabloq|f3t60|guardarligacion|f3t59|2015-06-15T11:01:12.0000000Z
dependenciabloq|f3t57|cerrartermobloque|f3t56|2015-06-15T11:04:06.0000000Z
dependenciasnobloq|f3t52|finmezcla|f3t33-f3t34|2015-06-15T11:05:29.0000000Z
incompatibilidadnobloq|f3t52|finmezcla|f3t39-f3t42-f3t48-f3t50|2015-06-15T11:05:35.0000000Z
accionrealizada|f3t52|finmezcla|finmezcla|2015-06-15T11:05:42.0000000Z
accionrealizada|f3t53|soltarpipetaamarilla|soltarpipetaamarilla|2015-06-15T11:05:59.0000000Z
accionrealizada|f3t53|soltarpipetaamarilla|soltarpipetaamarilla|2015-06-15T11:06:02.0000000Z
accionrealizada|f3t53|soltarpipetaamarilla|soltarpipetaamarilla|2015-06-15T11:06:06.0000000Z
accionrealizada|f3t54|entregartubomezcla|entregartubomezcla|2015-06-15T11:06:17.0000000Z
accionrealizada|f3t54|entregartubomezcla|entregartubomezcla|2015-06-15T11:06:21.0000000Z
accionrealizada|f3t54|entregartubomezcla|entregartubomezcla|2015-06-15T11:06:24.0000000Z
accionrealizada|f3t54|entregartubomezcla|entregartubomezcla|2015-06-15T11:06:28.0000000Z
accionrealizada|f3t54|entregartubomezcla|entregartubomezcla|2015-06-15T11:06:31.0000000Z
accionrealizada|f3t54|entregartubomezcla|entregartubomezcla|2015-06-15T11:06:35.0000000Z
accionrealizada|f3t54|entregartubomezcla|entregartubomezcla|2015-06-15T11:06:38.0000000Z
accionrealizada|f3t54|entregartubomezcla|entregartubomezcla|2015-06-15T11:06:41.0000000Z
dependenciabloq|f3t57|cerrartermobloque|f3t56|2015-06-15T11:06:44.0000000Z
dependenciabloq|f3t57|cerrartermobloque|f3t56|2015-06-15T11:06:48.0000000Z
dependenciabloq|f3t57|cerrartermobloque|f3t56|2015-06-15T11:06:53.0000000Z
