f0crearLog|crearLog| | | |2014-05-23T17:22:52.0000000Z
f0t1|entregarbata| | | |2014-05-23T17:23:45.0000000Z
f0t2|bloquearpoyata| | | |2014-05-23T17:25:19.0000000Z
f0t3|leerfundamentos| | | |2014-05-23T17:32:58.0000000Z
f0t5|releerfundamentos| | | |2014-05-23T17:33:12.0000000Z
f0t4|leerprotocolo| | | |2014-05-23T17:33:23.0000000Z
f1t1|entregarvaso| | f0t7-f0t8| |2014-05-23T17:39:57.0000000Z
f1t4|soltarvasofregadero| | | |2014-05-23T17:41:38.0000000Z
f1t5|bloquearfregadero| | | |2014-05-23T17:41:45.0000000Z
f1t6|llenarvasoconagua| | | |2014-05-23T17:41:54.0000000Z
f1t7|desbloquearfregadero| | | |2014-05-23T17:42:12.0000000Z
f1t8|soltarvasoagitador| | | |2014-05-23T17:42:44.0000000Z
f1t9|bloquearagitador| | | |2014-05-23T17:42:49.0000000Z
f1t10|bloquearphmetro| | | |2014-05-23T17:42:56.0000000Z
f1t11|encenderagitador| | | |2014-05-23T17:43:02.0000000Z
f1t3|releerprotocolo| | | |2014-05-23T17:47:09.0000000Z
f1t12|agregarmys| | | |2014-05-23T17:48:34.0000000Z
f1t13|agregarsacarosa| | | |2014-05-23T17:48:46.0000000Z
f1t14|ajustarph| | | |2014-05-23T17:49:25.0000000Z
f1t15|desbloquearphmetro| | | |2014-05-23T17:49:47.0000000Z
f1t3|releerprotocolo| | | |2014-05-23T17:50:05.0000000Z
f1t3|releerprotocolo| | | |2014-05-23T17:53:05.0000000Z
f1t16|agregaragar| | | |2014-05-23T17:59:04.0000000Z
f1t3|releerprotocolo| | | |2014-05-23T18:00:22.0000000Z
f1t20|apagaragitador| | | |2014-05-23T18:01:50.0000000Z
f1t21|entregarbotella| |f0t8| |2014-05-23T18:02:22.0000000Z
f1t22|soltarbotellaagitador| | | |2014-05-23T18:03:00.0000000Z
f1t23|movermezclaabotella| | | |2014-05-23T18:03:12.0000000Z
f1t24|desbloquearagitador| | | |2014-05-23T18:03:22.0000000Z
f1t25|insetarbotellaenautoclave| | | |2014-05-23T18:09:23.0000000Z
f1t26|bloquearautoclave| | | |2014-05-23T18:09:28.0000000Z
f1t27|autoclavar| | | |2014-05-23T18:09:38.0000000Z
f1t30|encendercabina| | | |2014-05-23T18:10:57.0000000Z
f1t31|contartiempocabina| | | |2014-05-23T18:10:58.0000000Z
f1t28|entregarbotellaautoclavada| | | |2014-05-23T18:11:49.0000000Z
f1t29|enfriarbotella| | | |2014-05-23T18:11:51.0000000Z
f1t32|soltarbotellacabina| | | |2014-05-23T18:12:59.0000000Z
f1t33|agregariaa| | | |2014-05-23T18:15:51.0000000Z
f1t34|entregarbandeja| | | |2014-05-23T18:16:25.0000000Z
f1t35|soltarbandeja| | | |2014-05-23T18:17:51.0000000Z
f1t36|llenarbotes| | | |2014-05-23T18:18:12.0000000Z
f1t37|esterilizar| | | |2014-05-23T18:19:20.0000000Z
f1t38|entregarchopo| | | |2014-05-23T18:21:02.0000000Z
f1t39|soltarchopocabina| | | |2014-05-23T18:22:23.0000000Z
f1t40|cortarplanta| | | |2014-05-23T18:23:01.0000000Z
f1t41|adjuntarbandeja| | | |2014-05-23T18:23:37.0000000Z
f1t42|apagarcabina| | | |2014-05-23T18:24:18.0000000Z
f1t44|bloquearbasefitotron| | | |2014-05-23T18:26:35.0000000Z
f1t43|soltarbandcrecimiento| | | |2014-05-23T18:26:53.0000000Z
f1t45|crecerchopo| | | |2014-05-23T18:27:18.0000000Z
f1t46|fincrecimiento| | | |2014-05-23T18:33:51.0000000Z
f2t1|encenderpcr| | | |2014-05-23T18:35:36.0000000Z
f2t4|calentartermobloque| | | |2014-05-23T18:35:38.0000000Z
f2t3|releerprotocolo| | | |2014-05-23T18:36:26.0000000Z
f2t2|releerfundamentos| | | |2014-05-23T18:37:41.0000000Z
f2t3|releerprotocolo| | | |2014-05-23T18:38:19.0000000Z
f2t5|entregarbandejahielo| | | |2014-05-23T18:41:32.0000000Z
f2t3|releerprotocolo| | | |2014-05-23T18:49:31.0000000Z
f2t9|tomaroligonucleicoder| | | |2014-05-23T18:52:57.0000000Z
f2t10|tomartamponpolimerasa| | | |2014-05-23T18:53:26.0000000Z
f2t8|tomaroligonucleicoizq| | | |2014-05-23T18:53:38.0000000Z
f2t11|tomarmgcl| | | |2014-05-23T18:53:54.0000000Z
f2t12|tomardntp| | | |2014-05-23T18:54:23.0000000Z
f2t7|tomaradn| | | |2014-05-23T18:55:15.0000000Z
f2t14|tomaraguadestilada| | | |2014-05-23T18:57:14.0000000Z
f2t13|tomarpolimerasa| | | |2014-05-23T18:57:51.0000000Z
f2t26|soltarbandejapoyata| | | |2014-05-23T18:59:08.0000000Z
f2t25|soltarbandejapoyataprimeravez| | | |2014-05-23T18:59:13.0000000Z
f2t27|entregarboteeppendorf| | | |2014-05-23T18:59:44.0000000Z
f2t28|soltarboteeppendorf| | | |2014-05-23T19:00:19.0000000Z
f2t3|releerprotocolo| | | |2014-05-23T19:04:46.0000000Z
f2t29|sacartuboeppendorf| | | |2014-05-23T19:06:40.0000000Z
f2t30|entregarpipetaamarilla| | | |2014-05-23T19:07:46.0000000Z
f2t32|cargarpuntaamarilla| | | |2014-05-23T19:08:19.0000000Z
f2t33|iniciarmezcla| | | |2014-05-23T19:08:51.0000000Z
f2t36|agregaroligonucleicoder| | | |2014-05-23T19:09:49.0000000Z
f2t37|agregartamponpolimerasa| | | |2014-05-23T19:10:15.0000000Z
f2t35|agregaroligonucleicoizq| | | |2014-05-23T19:10:22.0000000Z
f2t38|agregarmgcl| | | |2014-05-23T19:10:31.0000000Z
f2t39|agregardntp| | | |2014-05-23T19:10:38.0000000Z
f2t34|agregaradn| | | |2014-05-23T19:10:44.0000000Z
f2t41|agregaraguadestilada| | | |2014-05-23T19:10:50.0000000Z
f2t40|agregarpolimerasa| | | |2014-05-23T19:10:59.0000000Z
f2t52|finmezcla| | | |2014-05-23T19:11:42.0000000Z
f2t53|soltarpipetaamarilla| | | |2014-05-23T19:12:07.0000000Z
f2t54|entregartubomezcla| | | |2014-05-23T19:12:21.0000000Z
f2t55|abrirpcr| | | |2014-05-23T19:12:58.0000000Z
f2t56|soltarmezcla| | | |2014-05-23T19:13:15.0000000Z
f2t57|cerrarpcr| | | |2014-05-23T19:13:23.0000000Z
f2t58|amplificarfragmento| | | |2014-05-23T19:13:33.0000000Z
f2t59|entregarmezclapcr| | | |2014-05-23T19:14:12.0000000Z
f2t60|guardarpcr| | | |2014-05-23T19:15:13.0000000Z
f2t61|soltartubonevera| | | |2014-05-23T19:15:32.0000000Z
f3t1|encendertermobloque| | | |2014-05-23T19:16:20.0000000Z
f3t4|calentartermobloque| | | |2014-05-23T19:16:22.0000000Z
f3t3|releerprotocolo| | | |2014-05-23T19:16:40.0000000Z
f3t3|releerprotocolo| | | |2014-05-23T19:20:09.0000000Z
f3t5|entregarbandejahielo| | | |2014-05-23T19:23:07.0000000Z
f3t11|tomaraguadestilada| | | |2014-05-23T19:23:32.0000000Z
f3t10|tomarenzimaligasa| | | |2014-05-23T19:23:50.0000000Z
f3t7|tomaradnplasmidico| | | |2014-05-23T19:24:26.0000000Z
f3t9|tomartamponligasa| | | |2014-05-23T19:25:13.0000000Z
f3t8|tomarmezclapcr| | | |2014-05-23T19:28:09.0000000Z
f3t3|releerprotocolo| | | |2014-05-23T19:29:17.0000000Z
f3t27|soltarbandejapoyata| | | |2014-05-23T19:31:06.0000000Z
f3t26|soltarbandejapoyataprimeravez| | | |2014-05-23T19:31:11.0000000Z
f3t29|entregarpipetaamarilla| | | |2014-05-23T19:32:13.0000000Z
f3t31|cargarpuntaamarilla| | | |2014-05-23T19:32:41.0000000Z
f3t32|iniciarmezcla| | | |2014-05-23T19:32:54.0000000Z
f3t37|agregaraguadestilada| | | |2014-05-23T19:33:35.0000000Z
f3t36|agregarenzimaligasa| | | |2014-05-23T19:33:49.0000000Z
f3t33|agregaradnplasmidico| | | |2014-05-23T19:33:57.0000000Z
f3t35|agregartamponligasa| | | |2014-05-23T19:34:05.0000000Z
f3t34|agregarmezclapcr| | | |2014-05-23T19:34:14.0000000Z
f3t52|finmezcla| | | |2014-05-23T19:35:01.0000000Z
f3t53|soltarpipetaamarilla| | | |2014-05-23T19:35:21.0000000Z
f3t3|releerprotocolo| | | |2014-05-23T19:37:35.0000000Z
f3t54|entregartubomezcla| | | |2014-05-23T19:41:13.0000000Z
f3t55|abrirtermobloque| | | |2014-05-23T19:42:06.0000000Z
f3t56|soltarmezcla| | | |2014-05-23T19:42:28.0000000Z
f3t57|cerrartermobloque| | | |2014-05-23T19:42:44.0000000Z

f3t58|amplificarfragmento| | | |2014-05-23T19:43:16.0000000Z
f3t59|entregarmezclaligacion| | | |2014-05-23T19:43:33.0000000Z
f3t60|guardarligacion| | | |2014-05-23T19:44:17.0000000Z
f3t61|soltartubonevera| | | |2014-05-23T19:44:40.0000000Z
