f0crearLog|crearLog| | | |2013-05-10T15:02:53.0000000Z
f0t1|entregarbata| | | |2013-05-10T15:04:58.0000000Z
f0t2|bloquearpoyata| | | |2013-05-10T15:05:57.0000000Z
f0t3|leerfundamentos| | | |2013-05-10T15:08:56.0000000Z
f0t5|releerfundamentos| | | |2013-05-10T15:09:04.0000000Z
f0t5|releerfundamentos| | | |2013-05-10T15:09:12.0000000Z
f0t4|leerprotocolo| | | |2013-05-10T15:09:17.0000000Z
f0t7|lavarsemanos| | | |2013-05-10T15:09:55.0000000Z
f0t8|entregarguantes| | | |2013-05-10T15:10:42.0000000Z
f1t1|entregarvaso| | | |2013-05-10T15:12:23.0000000Z
f1t4|soltarvasofregadero| | | |2013-05-10T15:13:58.0000000Z
f1t5|bloquearfregadero| | | |2013-05-10T15:14:02.0000000Z
f1t6|llenarvasoconagua| | | |2013-05-10T15:14:17.0000000Z
f1t7|desbloquearfregadero| | | |2013-05-10T15:14:34.0000000Z
f1t8|soltarvasoagitador| | | |2013-05-10T15:18:03.0000000Z
f1t9|bloquearagitador| | | |2013-05-10T15:18:06.0000000Z
f1t10|bloquearphmetro| | | |2013-05-10T15:18:07.0000000Z
f1t11|encenderagitador| | | |2013-05-10T15:18:18.0000000Z
f1t2|releerfundamentos| | | |2013-05-10T15:20:15.0000000Z
f1t2|releerfundamentos| | | |2013-05-10T15:20:25.0000000Z
f1t12|agregarmys| | | |2013-05-10T15:22:41.0000000Z
f1t13|agregarsacarosa| | | |2013-05-10T15:23:08.0000000Z
f1t16|agregaragar| | f1t14| |2013-05-10T15:23:19.0000000Z
f1t19|agergaretilenglicol| | | |2013-05-10T15:23:58.0000000Z
f1t20|apagaragitador| | f1t14|f1t19|2013-05-10T15:24:22.0000000Z
f1t21|entregarbotella| | | |2013-05-10T15:24:52.0000000Z
f1t22|soltarbotellaagitador| | | |2013-05-10T15:25:47.0000000Z
f1t23|movermezclaabotella| | | |2013-05-10T15:25:56.0000000Z
f1t24|desbloquearagitador| | | |2013-05-10T15:26:05.0000000Z
f1t15|desbloquearphmetro| | | |2013-05-10T15:26:05.0000000Z
f1t2|releerfundamentos| | | |2013-05-10T15:28:49.0000000Z
f1t2|releerfundamentos| | | |2013-05-10T15:28:56.0000000Z
f1t2|releerfundamentos| | | |2013-05-10T15:29:05.0000000Z
f1t3|releerprotocolo| | | |2013-05-10T15:29:15.0000000Z
f1t2|releerfundamentos| | | |2013-05-10T15:30:18.0000000Z
f1t25|insetarbotellaenautoclave| | | |2013-05-10T15:33:22.0000000Z
f1t26|bloquearautoclave| | | |2013-05-10T15:33:26.0000000Z
f1t27|autoclavar| | | |2013-05-10T15:33:28.0000000Z
f1t30|encendercabina| | | |2013-05-10T15:48:23.0000000Z
f1t31|contartiempocabina| | | |2013-05-10T15:48:23.0000000Z
f1t28|entregarbotellaautoclavada| | | |2013-05-10T15:37:05.0000000Z
f1t29|enfriarbotella| | | |2013-05-10T15:37:10.0000000Z
f1t32|soltarbotellacabina| | | |2013-05-10T15:37:53.0000000Z
f1t33|agregariaa| | | |2013-05-10T15:39:50.0000000Z
f1t34|entregarbandeja| | | |2013-05-10T16:01:48.0000000Z
f1t35|soltarbandeja| | | |2013-05-10T16:02:14.0000000Z
f1t36|llenarbotes| | | |2013-05-10T16:02:22.0000000Z
f1t37|esterilizar| | | |2013-05-10T16:02:43.0000000Z
f1t38|entregarchopo| | | |2013-05-10T16:03:27.0000000Z
f1t39|soltarchopocabina| | | |2013-05-10T16:04:13.0000000Z
f1t40|cortarplanta| | | |2013-05-10T16:04:21.0000000Z
f1t41|adjuntarbandeja| | | |2013-05-10T16:04:36.0000000Z
f1t42|apagarcabina| | | |2013-05-10T16:04:47.0000000Z
f1t44|bloquearbasefitotron| | | |2013-05-10T16:06:11.0000000Z
f1t43|soltarbandcrecimiento| | | |2013-05-10T16:06:14.0000000Z
f1t45|crecerchopo| | | |2013-05-10T16:06:36.0000000Z
f1t46|fincrecimiento| | | |2013-05-10T16:09:30.0000000Z
f2t1|encenderpcr| | | |2013-05-10T16:12:05.0000000Z
f2t4|calentartermobloque| | | |2013-05-10T16:12:13.0000000Z
f2t2|releerfundamentos| | | |2013-05-10T16:12:13.0000000Z
f2t3|releerprotocolo| | | |2013-05-10T16:14:11.0000000Z
f2t3|releerprotocolo| | | |2013-05-10T16:14:16.0000000Z
f2t5|entregarbandejahielo| | | |2013-05-10T16:15:22.0000000Z
f2t55|abrirpcr| | | |2013-05-10T16:19:22.0000000Z
f2t2|releerfundamentos| | | |2013-05-10T16:26:50.0000000Z
f2t3|releerprotocolo| | | |2013-05-10T16:27:27.0000000Z
f2t14|tomaraguadestilada| | | |2013-05-10T16:29:46.0000000Z
f2t13|tomarpolimerasa| | | |2013-05-10T16:30:26.0000000Z
f2t25|soltarbandejapoyataprimeravez| | | |2013-05-10T16:31:54.0000000Z
f2t27|entregarboteeppendorf| | | |2013-05-10T16:34:04.0000000Z
f2t28|soltarboteeppendorf| | | |2013-05-10T16:37:04.0000000Z
f2t29|sacartuboeppendorf| | | |2013-05-10T16:37:17.0000000Z
f2t30|entregarpipetaamarilla| | | |2013-05-10T16:42:50.0000000Z
f2t32|cargarpuntaamarilla| | | |2013-05-10T16:43:12.0000000Z
f2t15|tomarenzimaligasa| | | |2013-05-10T16:44:50.0000000Z
f2t16|tomartamponligasa| | | |2013-05-10T16:45:00.0000000Z
f2t10|tomartamponpolimerasa| | | |2013-05-10T16:45:41.0000000Z
f2t9|tomaroligonucleicoder| | | |2013-05-10T16:45:49.0000000Z
f2t26|soltarbandejapoyata| | | |2013-05-10T16:46:39.0000000Z
f2t33|iniciarmezcla| | | |2013-05-10T16:46:57.0000000Z
f2t41|agregaraguadestilada| | | |2013-05-10T16:47:28.0000000Z
f2t40|agregarpolimerasa| | | |2013-05-10T16:47:39.0000000Z
f2t42|agregarenzimaligasa| | | |2013-05-10T16:47:58.0000000Z
f2t43|agregartamponligasa| | | |2013-05-10T16:48:14.0000000Z
f2t52|finmezcla| |f2t34-f2t35-f2t36-f2t37-f2t38-f2t39|f2t42-f2t43|2013-05-10T16:48:43.0000000Z
f2t53|soltarpipetaamarilla| | | |2013-05-10T16:48:51.0000000Z
f2t54|entregartubomezcla| | | |2013-05-10T16:49:10.0000000Z
f2t56|soltarmezcla| | | |2013-05-10T17:03:45.0000000Z
f2t57|cerrarpcr| | | |2013-05-10T17:03:54.0000000Z
f2t58|amplificarfragmento| | | |2013-05-10T17:03:57.0000000Z
f2t59|entregarmezclapcr| | | |2013-05-10T17:04:27.0000000Z
f2t60|guardarpcr| | | |2013-05-10T17:04:59.0000000Z
f2t61|soltartubonevera| | | |2013-05-10T17:05:10.0000000Z
f3t1|encendertermobloque| | | |2013-05-10T17:06:07.0000000Z
f3t4|calentartermobloque| | | |2013-05-10T17:06:07.0000000Z
f3t3|releerprotocolo| | | |2013-05-10T17:06:41.0000000Z
f3t5|entregarbandejahielo| | | |2013-05-10T17:07:33.0000000Z
f3t3|releerprotocolo| | | |2013-05-10T17:08:36.0000000Z
f3t2|releerfundamentos| | | |2013-05-10T17:09:24.0000000Z
f3t3|releerprotocolo| | | |2013-05-10T17:10:06.0000000Z
f3t9|tomartamponligasa| | | |2013-05-10T17:11:14.0000000Z
f3t17|tomarpolimerasa| | | |2013-05-10T17:11:40.0000000Z
f3t11|tomaraguadestilada| | | |2013-05-10T17:12:24.0000000Z
f3t27|soltarbandejapoyata| | | |2013-05-10T17:13:30.0000000Z
f3t26|soltarbandejapoyataprimeravez| | | |2013-05-10T17:13:34.0000000Z
f3t28|sacartuboligacion| | | |2013-05-10T17:13:51.0000000Z
f3t29|entregarpipetaamarilla| | | |2013-05-10T17:14:00.0000000Z
f3t32|iniciarmezcla| | | |2013-05-10T17:14:09.0000000Z
f3t35|agregartamponligasa| | | |2013-05-10T17:14:18.0000000Z
f3t39|agregarpolimerasa| | | |2013-05-10T17:14:21.0000000Z
f3t37|agregaraguadestilada| | | |2013-05-10T17:14:28.0000000Z
f3t52|finmezcla| |f3t33-f3t34-f3t36|f3t39|2013-05-10T17:14:35.0000000Z
f3t53|soltarpipetaamarilla| | | |2013-05-10T17:14:44.0000000Z
f3t54|entregartubomezcla| | | |2013-05-10T17:14:49.0000000Z
f3t55|abrirtermobloque| | | |2013-05-10T17:15:04.0000000Z
f3t56|soltarmezcla| | | |2013-05-10T17:15:16.0000000Z
f3t57|cerrartermobloque| | | |2013-05-10T17:15:16.0000000Z

f3t58|amplificarfragmento| | | |2013-05-10T17:15:28.0000000Z
f3t59|entregarmezclaligacion| | | |2013-05-10T17:15:35.0000000Z
f3t60|guardarligacion| | | |2013-05-10T17:15:47.0000000Z
f3t61|soltartubonevera| | | |2013-05-10T17:16:00.0000000Z
