f0crearLog|crearLog| | | |2013-05-06T14:52:43.0000000Z
f0t1|entregarbata| | | |2013-05-06T14:53:23.0000000Z
f0t2|bloquearpoyata| | | |2013-05-06T15:01:30.0000000Z
f0t3|leerfundamentos| | | |2013-05-06T15:02:51.0000000Z
f0t7|lavarsemanos| | | |2013-05-06T15:09:26.0000000Z
f0t8|entregarguantes| | | |2013-05-06T15:09:36.0000000Z
f1t1|entregarvaso| | | |2013-05-06T15:11:29.0000000Z
f1t4|soltarvasofregadero| | | |2013-05-06T15:14:22.0000000Z
f1t5|bloquearfregadero| | | |2013-05-06T15:14:25.0000000Z
f1t6|llenarvasoconagua| | | |2013-05-06T15:14:32.0000000Z
f1t7|desbloquearfregadero| | | |2013-05-06T15:14:53.0000000Z
f1t8|soltarvasoagitador| | | |2013-05-06T15:17:20.0000000Z
f1t9|bloquearagitador| | | |2013-05-06T15:17:23.0000000Z
f1t10|bloquearphmetro| | | |2013-05-06T15:17:26.0000000Z
f1t11|encenderagitador| | | |2013-05-06T15:17:40.0000000Z
f1t17|agregarbisacrilamida| | | |2013-05-06T15:18:54.0000000Z
f1t18|agegarcaseina| | | |2013-05-06T15:18:59.0000000Z
f1t19|agergaretilenglicol| | | |2013-05-06T15:19:09.0000000Z
f1t12|agregarmys| | | |2013-05-06T15:19:13.0000000Z
f1t13|agregarsacarosa| | | |2013-05-06T15:19:17.0000000Z
f1t16|agregaragar| | f1t14| |2013-05-06T15:19:48.0000000Z
f1t21|entregarbotella| | | |2013-05-06T15:28:21.0000000Z
f1t20|apagaragitador| | f1t14|f1t17-f1t18-f1t19|2013-05-06T15:31:56.0000000Z
f1t22|soltarbotellaagitador| | | |2013-05-06T15:32:15.0000000Z
f1t23|movermezclaabotella| | | |2013-05-06T15:32:25.0000000Z
f1t24|desbloquearagitador| | | |2013-05-06T15:32:37.0000000Z
f1t15|desbloquearphmetro| | | |2013-05-06T15:32:38.0000000Z
f1t25|insetarbotellaenautoclave| | | |2013-05-06T15:33:26.0000000Z
f1t26|bloquearautoclave| | | |2013-05-06T15:33:30.0000000Z
f1t27|autoclavar| | | |2013-05-06T15:33:31.0000000Z
f1t28|entregarbotellaautoclavada| | | |2013-05-06T15:34:03.0000000Z
f1t29|enfriarbotella| | | |2013-05-06T15:34:04.0000000Z
f1t30|encendercabina| | | |2013-05-06T15:35:13.0000000Z
f1t31|contartiempocabina| | | |2013-05-06T15:35:13.0000000Z
f1t32|soltarbotellacabina| | | |2013-05-06T15:35:46.0000000Z
f1t33|agregariaa| | | |2013-05-06T15:38:26.0000000Z
f1t34|entregarbandeja| | | |2013-05-06T15:39:01.0000000Z
f1t35|soltarbandeja| | | |2013-05-06T15:39:47.0000000Z
f1t36|llenarbotes| | | |2013-05-06T15:39:52.0000000Z
f1t37|esterilizar| | | |2013-05-06T15:40:25.0000000Z
f1t38|entregarchopo| | | |2013-05-06T15:41:28.0000000Z
f1t39|soltarchopocabina| | | |2013-05-06T15:42:51.0000000Z
f1t40|cortarplanta| | | |2013-05-06T15:42:54.0000000Z
f1t41|adjuntarbandeja| | | |2013-05-06T15:43:04.0000000Z
f1t44|bloquearbasefitotron| | | |2013-05-06T15:43:56.0000000Z
f1t43|soltarbandcrecimiento| | | |2013-05-06T15:43:59.0000000Z
f1t45|crecerchopo| | | |2013-05-06T15:44:18.0000000Z
f1t46|fincrecimiento| | | |2013-05-06T15:46:26.0000000Z
f1t2|releerfundamentos| | | |2013-05-06T15:47:44.0000000Z
f1t2|releerfundamentos| | | |2013-05-06T15:47:59.0000000Z
f1t2|releerfundamentos| | | |2013-05-06T15:48:09.0000000Z
f1t2|releerfundamentos| | | |2013-05-06T15:48:38.0000000Z
f1t2|releerfundamentos| | | |2013-05-06T15:48:48.0000000Z
f1t2|releerfundamentos| | | |2013-05-06T15:48:48.0000000Z
f1t2|releerfundamentos| | | |2013-05-06T15:48:49.0000000Z
f1t2|releerfundamentos| | | |2013-05-06T15:48:57.0000000Z
f1t2|releerfundamentos| | | |2013-05-06T15:48:57.0000000Z
f2t1|encenderpcr| | | |2013-05-06T15:55:06.0000000Z
f2t4|calentartermobloque| | | |2013-05-06T15:55:06.0000000Z
f2t2|releerfundamentos| | | |2013-05-06T15:55:29.0000000Z
f2t2|releerfundamentos| | | |2013-05-06T15:55:39.0000000Z
f2t2|releerfundamentos| | | |2013-05-06T15:55:45.0000000Z
f2t5|entregarbandejahielo| | | |2013-05-06T15:56:27.0000000Z
f2t13|tomarpolimerasa| | | |2013-05-06T15:58:17.0000000Z
f2t9|tomaroligonucleicoder| | | |2013-05-06T15:58:49.0000000Z
f2t7|tomaradn| | | |2013-05-06T15:59:14.0000000Z
f2t8|tomaroligonucleicoizq| | | |2013-05-06T15:59:22.0000000Z
f2t55|abrirpcr| | | |2013-05-06T16:00:30.0000000Z
f2t26|soltarbandejapoyata| | | |2013-05-06T16:01:04.0000000Z
f2t25|soltarbandejapoyataprimeravez| | | |2013-05-06T16:01:08.0000000Z
f2t27|entregarboteeppendorf| | | |2013-05-06T16:02:11.0000000Z
f2t28|soltarboteeppendorf| | | |2013-05-06T16:03:01.0000000Z
f2t29|sacartuboeppendorf| | | |2013-05-06T16:03:23.0000000Z
f2t30|entregarpipetaamarilla| | | |2013-05-06T16:05:03.0000000Z
f2t32|cargarpuntaamarilla| | | |2013-05-06T16:05:13.0000000Z
f2t33|iniciarmezcla| | | |2013-05-06T16:05:17.0000000Z
f2t40|agregarpolimerasa| | | |2013-05-06T16:05:24.0000000Z
f2t36|agregaroligonucleicoder| | | |2013-05-06T16:05:31.0000000Z
f2t34|agregaradn| | | |2013-05-06T16:05:36.0000000Z
f2t35|agregaroligonucleicoizq| | | |2013-05-06T16:05:38.0000000Z
f2t52|finmezcla| |f2t37-f2t38-f2t39-f2t41| |2013-05-06T16:05:42.0000000Z
f2t53|soltarpipetaamarilla| | | |2013-05-06T16:05:52.0000000Z
f2t54|entregartubomezcla| | | |2013-05-06T16:06:19.0000000Z
f2t56|soltarmezcla| | | |2013-05-06T16:08:05.0000000Z
f2t57|cerrarpcr| | | |2013-05-06T16:08:19.0000000Z
f2t58|amplificarfragmento| | | |2013-05-06T16:08:31.0000000Z
f2t59|entregarmezclapcr| | | |2013-05-06T16:09:24.0000000Z
f2t60|guardarpcr| | | |2013-05-06T16:10:42.0000000Z
f2t61|soltartubonevera| | | |2013-05-06T16:11:07.0000000Z
f3t1|encendertermobloque| | | |2013-05-06T16:12:04.0000000Z
f3t4|calentartermobloque| | | |2013-05-06T16:12:15.0000000Z
f3t2|releerfundamentos| | | |2013-05-06T16:13:26.0000000Z
f3t2|releerfundamentos| | | |2013-05-06T16:13:38.0000000Z
f3t5|entregarbandejahielo| | | |2013-05-06T16:14:06.0000000Z
f3t10|tomarenzimaligasa| | | |2013-05-06T16:15:48.0000000Z
f3t25|tomarmezclaligacion| | | |2013-05-06T16:16:23.0000000Z
f3t27|soltarbandejapoyata| | | |2013-05-06T16:16:49.0000000Z
f3t26|soltarbandejapoyataprimeravez| | | |2013-05-06T16:16:52.0000000Z
f3t28|sacartuboligacion| | | |2013-05-06T16:17:11.0000000Z
f3t29|entregarpipetaamarilla| | | |2013-05-06T16:17:30.0000000Z
f3t31|cargarpuntaamarilla| |f3t30| |2013-05-06T16:18:01.0000000Z
f3t32|iniciarmezcla| | | |2013-05-06T16:18:15.0000000Z
f3t36|agregarenzimaligasa| | | |2013-05-06T16:18:26.0000000Z
f3t52|finmezcla| |f3t33-f3t34-f3t35-f3t37| |2013-05-06T16:18:32.0000000Z
f3t53|soltarpipetaamarilla| | | |2013-05-06T16:18:39.0000000Z
f3t55|abrirtermobloque| | | |2013-05-06T16:19:26.0000000Z
f3t54|entregartubomezcla| | | |2013-05-06T16:26:23.0000000Z
f3t56|soltarmezcla| | | |2013-05-06T16:27:08.0000000Z
f3t57|cerrartermobloque| | | |2013-05-06T16:27:13.0000000Z
f3t58|amplificarfragmento| | | |2013-05-06T16:27:27.0000000Z
f3t59|entregarmezclaligacion| | | |2013-05-21T16:27:58.0000000Z
f3t60|guardarligacion| | | |2013-05-06T16:28:28.0000000Z
f3t61|soltartubonevera| | | |2013-05-06T16:28:40.0000000Z

