f0crearLog|crearLog| | | |2013-05-10T14:55:03.0000000Z
f0t1|entregarbata| | | |2013-05-10T14:55:44.0000000Z
f0t2|bloquearpoyata| | | |2013-05-10T14:57:06.0000000Z
f0t3|leerfundamentos| | | |2013-05-10T14:58:46.0000000Z
f0t4|leerprotocolo| | | |2013-05-10T14:59:04.0000000Z
f0t7|lavarsemanos| | | |2013-05-10T15:04:08.0000000Z
f0t8|entregarguantes| | | |2013-05-10T15:04:26.0000000Z
f1t1|entregarvaso| | | |2013-05-10T15:06:05.0000000Z
f1t4|soltarvasofregadero| | | |2013-05-10T15:17:16.0000000Z
f1t5|bloquearfregadero| | | |2013-05-10T15:17:26.0000000Z
f1t6|llenarvasoconagua| | | |2013-05-10T15:17:28.0000000Z
f1t7|desbloquearfregadero| | | |2013-05-10T15:17:45.0000000Z
f1t8|soltarvasoagitador| | | |2013-05-10T15:18:06.0000000Z
f1t9|bloquearagitador| | | |2013-05-10T15:18:10.0000000Z
f1t10|bloquearphmetro| | | |2013-05-10T15:18:13.0000000Z
f1t11|encenderagitador| | | |2013-05-10T15:18:23.0000000Z
f1t12|agregarmys| | | |2013-05-10T15:19:01.0000000Z
f1t13|agregarsacarosa| | | |2013-05-10T15:19:17.0000000Z
f1t3|releerprotocolo| | | |2013-05-10T15:19:54.0000000Z
f1t2|releerfundamentos| | | |2013-05-10T15:20:39.0000000Z
f1t3|releerprotocolo| | | |2013-05-10T15:21:12.0000000Z
f1t20|apagaragitador| | f1t14-f1t16| |2013-05-10T15:22:46.0000000Z
f1t21|entregarbotella| | | |2013-05-10T15:23:24.0000000Z
f1t22|soltarbotellaagitador| | | |2013-05-10T15:23:46.0000000Z
f1t23|movermezclaabotella| | | |2013-05-10T15:24:01.0000000Z
f1t24|desbloquearagitador| | | |2013-05-10T15:24:10.0000000Z
f1t15|desbloquearphmetro| | | |2013-05-10T15:24:10.0000000Z
f1t34|entregarbandeja| | | |2013-05-10T15:28:28.0000000Z
f1t25|insetarbotellaenautoclave| | | |2013-05-10T15:28:35.0000000Z
f1t26|bloquearautoclave| | | |2013-05-10T15:28:38.0000000Z
f1t27|autoclavar| | | |2013-05-10T15:28:47.0000000Z
f1t30|encendercabina| | | |2013-05-10T15:29:49.0000000Z
f1t31|contartiempocabina| | | |2013-05-10T15:29:49.0000000Z
f1t28|entregarbotellaautoclavada| | | |2013-05-10T15:37:10.0000000Z
f1t29|enfriarbotella| | | |2013-05-10T15:37:12.0000000Z
f1t32|soltarbotellacabina| | | |2013-05-10T15:37:56.0000000Z
f1t33|agregariaa| | | |2013-05-10T15:39:28.0000000Z
f1t35|soltarbandeja| | | |2013-05-10T15:40:02.0000000Z
f1t36|llenarbotes| | | |2013-05-10T15:40:09.0000000Z
f1t37|esterilizar| | | |2013-05-10T15:40:22.0000000Z
f1t38|entregarchopo| | | |2013-05-10T15:46:33.0000000Z
f1t39|soltarchopocabina| | | |2013-05-10T15:49:00.0000000Z
f1t40|cortarplanta| | | |2013-05-10T15:49:06.0000000Z
f1t41|adjuntarbandeja| | | |2013-05-10T15:49:15.0000000Z
f1t42|apagarcabina| | | |2013-05-10T15:49:20.0000000Z
f1t44|bloquearbasefitotron| | | |2013-05-10T16:01:05.0000000Z
f1t43|soltarbandcrecimiento| | | |2013-05-10T16:01:08.0000000Z
f1t45|crecerchopo| | | |2013-05-10T16:01:33.0000000Z
f1t46|fincrecimiento| | | |2013-05-10T16:02:57.0000000Z
f1t3|releerprotocolo| | | |2013-05-10T16:12:36.0000000Z
f1t2|releerfundamentos| | | |2013-05-10T16:12:45.0000000Z
f1t2|releerfundamentos| | | |2013-05-10T16:13:52.0000000Z
f1t3|releerprotocolo| | | |2013-05-10T16:14:11.0000000Z
f1t3|releerprotocolo| | | |2013-05-10T16:14:38.0000000Z
f1t2|releerfundamentos| | | |2013-05-10T16:14:40.0000000Z
f1t3|releerprotocolo| | | |2013-05-10T16:15:50.0000000Z
f2t1|encenderpcr| | | |2013-05-10T16:18:36.0000000Z
f2t4|calentartermobloque| | | |2013-05-10T16:18:36.0000000Z
f2t5|entregarbandejahielo| | | |2013-05-10T16:18:54.0000000Z
f2t22|tomartampote| | | |2013-05-10T16:21:27.0000000Z
f2t14|tomaraguadestilada| | | |2013-05-10T16:21:32.0000000Z
f2t2|releerfundamentos| | | |2013-05-10T16:23:26.0000000Z
f2t3|releerprotocolo| | | |2013-05-10T16:24:09.0000000Z
f2t13|tomarpolimerasa| | | |2013-05-10T16:26:28.0000000Z
f2t10|tomartamponpolimerasa| | | |2013-05-10T16:26:47.0000000Z
f2t7|tomaradn| | | |2013-05-10T16:27:13.0000000Z
f2t9|tomaroligonucleicoder| | | |2013-05-10T16:27:27.0000000Z
f2t11|tomarmgcl| | | |2013-05-10T16:27:38.0000000Z
f2t12|tomardntp| | | |2013-05-10T16:28:09.0000000Z
f2t26|soltarbandejapoyata| | | |2013-05-10T16:29:54.0000000Z
f2t25|soltarbandejapoyataprimeravez| | | |2013-05-10T16:29:58.0000000Z
f2t27|entregarboteeppendorf| | | |2013-05-10T16:30:55.0000000Z
f2t28|soltarboteeppendorf| | | |2013-05-10T16:31:21.0000000Z
f2t29|sacartuboeppendorf| | | |2013-05-10T16:31:29.0000000Z
f2t30|entregarpipetaamarilla| | | |2013-05-10T16:31:41.0000000Z
f2t32|cargarpuntaamarilla| | | |2013-05-10T16:32:11.0000000Z
f2t33|iniciarmezcla| | | |2013-05-10T16:32:18.0000000Z
f2t52|finmezcla| |f2t34-f2t35-f2t36-f2t37-f2t38-f2t39-f2t40-f2t41| |2013-05-10T16:32:26.0000000Z
f2t53|soltarpipetaamarilla| | | |2013-05-10T16:32:54.0000000Z
f2t54|entregartubomezcla| | | |2013-05-10T16:33:05.0000000Z
f2t55|abrirpcr| | | |2013-05-10T16:33:29.0000000Z
f2t56|soltarmezcla| | | |2013-05-10T16:33:39.0000000Z
f2t57|cerrarpcr| | | |2013-05-10T16:33:43.0000000Z
f2t58|amplificarfragmento| | | |2013-05-10T16:33:50.0000000Z
f2t59|entregarmezclapcr| | | |2013-05-10T16:34:23.0000000Z
f2t60|guardarpcr| | | |2013-05-10T16:35:04.0000000Z
f2t61|soltartubonevera| | | |2013-05-10T16:35:16.0000000Z
f3t1|encendertermobloque| | | |2013-05-10T16:37:13.0000000Z
f3t4|calentartermobloque| | | |2013-05-10T16:37:17.0000000Z
f3t5|entregarbandejahielo| | | |2013-05-10T16:37:27.0000000Z
f3t2|releerfundamentos| | | |2013-05-10T16:38:00.0000000Z
f3t3|releerprotocolo| | | |2013-05-10T16:38:43.0000000Z
f3t7|tomaradnplasmidico| | | |2013-05-10T16:47:26.0000000Z
f3t9|tomartamponligasa| | | |2013-05-10T16:48:07.0000000Z
f3t10|tomarenzimaligasa| | | |2013-05-10T16:48:16.0000000Z
f3t11|tomaraguadestilada| | | |2013-05-10T16:49:19.0000000Z
f3t8|tomarmezclapcr| | | |2013-05-10T16:49:58.0000000Z
f3t26|soltarbandejapoyataprimeravez| | | |2013-05-10T16:50:45.0000000Z
f3t28|sacartuboligacion| | | |2013-05-10T16:50:51.0000000Z
f3t29|entregarpipetaamarilla| | | |2013-05-10T16:50:59.0000000Z
f3t31|cargarpuntaamarilla| | | |2013-05-10T16:51:21.0000000Z
f3t27|soltarbandejapoyata| | | |2013-05-10T16:51:44.0000000Z
f3t32|iniciarmezcla| | | |2013-05-10T16:52:17.0000000Z
f3t33|agregaradnplasmidico| | | |2013-05-10T16:52:27.0000000Z
f3t35|agregartamponligasa| | | |2013-05-10T16:52:34.0000000Z
f3t36|agregarenzimaligasa| | | |2013-05-10T16:52:50.0000000Z
f3t37|agregaraguadestilada| | | |2013-05-10T16:52:53.0000000Z
f3t34|agregarmezclapcr| | | |2013-05-10T16:53:00.0000000Z
f3t52|finmezcla| | | |2013-05-10T16:53:05.0000000Z
f3t53|soltarpipetaamarilla| | | |2013-05-10T16:53:14.0000000Z
f3t54|entregartubomezcla| | | |2013-05-10T16:53:23.0000000Z
f3t55|abrirtermobloque| | | |2013-05-10T16:53:43.0000000Z
f3t56|soltarmezcla| | | |2013-05-10T16:54:06.0000000Z
f3t57|cerrartermobloque| | | |2013-05-10T16:54:09.0000000Z

f3t58|amplificarfragmento| | | |2013-05-10T16:54:42.0000000Z
f3t59|entregarmezclaligacion| | | |2013-05-10T16:54:55.0000000Z
f3t60|guardarligacion| | | |2013-05-10T16:55:17.0000000Z
f3t61|soltartubonevera| | | |2013-05-10T16:55:30.0000000Z
