dependenciabloq|f0t4|leerprotocolo|f0t3|2013-05-22T15:16:45.0000000Z
dependenciabloq|f0t8|entregarguantes|f0t7|2013-05-22T15:17:04.0000000Z
accionrealizada|f0t1|entregarbata|entregarbata|2013-05-22T15:17:16.0000000Z
dependenciasnobloq|f1t16|agregaragar| f1t12-f1t13-f1t14|2013-05-22T15:21:27.0000000Z
incompatibilidadnobloq|f1t14|ajustarph|f1t16|2013-05-22T15:22:19.0000000Z
dependenciasnobloq|f1t20|apagaragitador|ord_f1t20|2013-05-22T15:22:28.0000000Z
accionrealizada|f1t37|esterilizar|esterilizar|2013-05-22T15:29:28.0000000Z
accionrealizada|f1t37|esterilizar|esterilizar|2013-05-22T15:35:40.0000000Z
accionrealizada|f1t37|esterilizar|esterilizar|2013-05-22T15:39:06.0000000Z
dependenciabloq|f1t36|llenarbotes|f1t32|2013-05-22T15:45:26.0000000Z
dependenciabloq|f1t36|llenarbotes|f1t32|2013-05-22T15:45:36.0000000Z
dependenciabloq|f1t36|llenarbotes|f1t32|2013-05-22T15:47:17.0000000Z
dependenciabloq|f1t36|llenarbotes|f1t32|2013-05-22T15:47:25.0000000Z
accionnoencontrada| |leerprotocolo| |2013-05-22T16:03:05.0000000Z
dependenciabloq|f2t55|abrirpcr|f2t4|2013-05-22T16:03:32.0000000Z
accionrealizada|f2t30|entregarpipetaamarilla|entregarpipetaamarilla|2013-05-22T16:11:08.0000000Z
dependenciasnobloq|f2t52|finmezcla|f2t34-f2t35-f2t36-f2t37-f2t38-f2t39-f2t40-f2t41|2013-05-22T16:11:29.0000000Z
accionnoencontrada| |tomaragrobacterium| |2013-05-22T16:20:21.0000000Z
accionnoencontrada| |leerprotocolo| |2013-05-22T16:22:13.0000000Z
accionnoencontrada| |leerprotocolo| |2013-05-22T16:22:51.0000000Z
dependenciasnobloq|f3t52|finmezcla|f3t33-f3t34-f3t35-f3t36-f3t37|2013-05-22T16:26:50.0000000Z
dependenciabloq|f3t54|entregartubomezcla|f3t53|2013-05-22T16:26:54.0000000Z
accionnoencontrada| |guardarpcr| |2013-05-22T16:28:55.0000000Z
