accionrealizada|f0t1|entregarbata|entregarbata|2014-05-29T16:57:45.0000000Z
accionrealizada|f0t1|entregarbata|entregarbata|2014-05-29T16:58:24.0000000Z
accionrealizada|f0t2|bloquearpoyata|bloquearpoyata|2014-05-29T17:06:06.0000000Z
dependenciabloq|f0t2|bloquearpoyata|f0t1|2014-05-29T17:20:34.0000000Z
dependenciabloq|f0t8|entregarguantes|f0t7|2014-05-29T17:30:10.0000000Z
dependenciasnobloq|f1t20|apagaragitador| f1t12-f1t13-f1t14-f1t16|2014-05-29T17:37:29.0000000Z
accionrealizada|f1t11|encenderagitador|encenderagitador|2014-05-29T17:37:46.0000000Z
accionrealizada|f1t11|encenderagitador|encenderagitador|2014-05-29T17:37:48.0000000Z
accionnoencontrada| |entregarbandejahielo| |2014-05-29T17:38:48.0000000Z
accionrealizada|f1t34|entregarbandeja|entregarbandeja|2014-05-29T17:41:14.0000000Z
accionrealizada|f1t11|encenderagitador|encenderagitador|2014-05-29T17:45:31.0000000Z
incompatibilidadnobloq|f1t16|agregaragar|f1t20|2014-05-29T17:48:22.0000000Z
accionrealizada|f1t30|encendercabina|encendercabina|2014-05-29T17:51:59.0000000Z
accionrealizada|f1t34|entregarbandeja|entregarbandeja|2014-05-29T17:57:10.0000000Z
dependenciabloq|f2t9|tomaroligonucleicoder|f2t6|2014-05-29T18:05:16.0000000Z
dependenciabloq|f2t9|tomaroligonucleicoder|f2t6|2014-05-29T18:05:22.0000000Z
dependenciabloq|f2t7|tomaradn|f2t6|2014-05-29T18:05:31.0000000Z
accionnoencontrada| |entregarbandeja| |2014-05-29T18:11:16.0000000Z
accionrealizada|f2t37|agregartamponpolimerasa|agregartamponpolimerasa|2014-05-29T18:16:44.0000000Z
dependenciasnobloq|f2t52|finmezcla|f2t40|2014-05-29T18:17:11.0000000Z
accionrealizada|f2t52|finmezcla|finmezcla|2014-05-29T18:17:27.0000000Z
accionnoencontrada| |lavarsemanos| |2014-05-29T18:21:06.0000000Z
accionrealizada|f3t5|entregarbandejahielo|entregarbandejahielo|2014-05-29T18:22:10.0000000Z
accionnoencontrada| |tomaradn| |2014-05-29T18:23:51.0000000Z
accionrealizada|f3t7|tomaradnplasmidico|tomaradnplasmidico|2014-05-29T18:24:42.0000000Z
accionnoencontrada| |encenderpcr| |2014-05-29T18:25:26.0000000Z
accionrealizada|f3t28|sacartuboligacion|sacartuboligacion|2014-05-29T18:26:27.0000000Z
accionrealizada|f3t31|cargarpuntaamarilla|cargarpuntaamarilla|2014-05-29T18:27:31.0000000Z
accionrealizada|f3t32|iniciarmezcla|iniciarmezcla|2014-05-29T18:27:47.0000000Z
accionrealizada|f3t52|finmezcla|finmezcla|2014-05-29T18:29:32.0000000Z
dependenciabloq|f3t57|cerrartermobloque|f3t56|2014-05-29T18:30:28.0000000Z
dependenciabloq|f3t58|amplificarfragmento|f3t57|2014-05-29T18:30:52.0000000Z
accionnoencontrada| |guardarpcr| |2014-05-29T18:31:58.0000000Z
