accionrealizada|f0t1|entregarbata|entregarbata|2013-05-21T14:50:10.0000000Z
accionrealizada|f0t1|entregarbata|entregarbata|2013-05-21T14:50:13.0000000Z
accionrealizada|f0t1|entregarbata|entregarbata|2013-05-21T14:50:21.0000000Z
accionrealizada|f0t1|entregarbata|entregarbata|2013-05-21T14:50:26.0000000Z
accionrealizada|f0t1|entregarbata|entregarbata|2013-05-21T14:50:40.0000000Z
accionrealizada|f0t1|entregarbata|entregarbata|2013-05-21T14:50:53.0000000Z
accionrealizada|f0t1|entregarbata|entregarbata|2013-05-21T14:51:01.0000000Z
accionrealizada|f0t1|entregarbata|entregarbata|2013-05-21T14:51:08.0000000Z
accionrealizada|f0t1|entregarbata|entregarbata|2013-05-21T14:51:35.0000000Z
accionrealizada|f0t1|entregarbata|entregarbata|2013-05-21T14:51:55.0000000Z
accionrealizada|f0t1|entregarbata|entregarbata|2013-05-21T14:52:16.0000000Z
accionrealizada|f0t1|entregarbata|entregarbata|2013-05-21T14:53:06.0000000Z
accionrealizada|f0t1|entregarbata|entregarbata|2013-05-21T14:55:59.0000000Z
accionrealizada|f0t1|entregarbata|entregarbata|2013-05-21T14:56:36.0000000Z
accionrealizada|f0t1|entregarbata|entregarbata|2013-05-21T14:56:39.0000000Z
accionrealizada|f0t1|entregarbata|entregarbata|2013-05-21T14:56:57.0000000Z
accionrealizada|f0t1|entregarbata|entregarbata|2013-05-21T15:03:58.0000000Z
accionrealizada|f0t1|entregarbata|entregarbata|2013-05-21T15:04:03.0000000Z
accionrealizada|f0t1|entregarbata|entregarbata|2013-05-21T15:04:20.0000000Z
accionrealizada|f0t1|entregarbata|entregarbata|2013-05-21T15:04:24.0000000Z
accionrealizada|f0t1|entregarbata|entregarbata|2013-05-21T15:04:50.0000000Z
accionrealizada|f0t1|entregarbata|entregarbata|2013-05-21T15:04:58.0000000Z
accionrealizada|f0t1|entregarbata|entregarbata|2013-05-21T15:10:45.0000000Z
accionnoencontrada| |lavarsemanos| |2013-05-21T15:13:40.0000000Z
dependenciasnobloq|f1t16|agregaragar| f1t12-f1t13-f1t14|2013-05-21T15:18:15.0000000Z
accionnoencontrada| |agregaragarosa| |2013-05-21T15:18:25.0000000Z
accionrealizada|f1t16|agregaragar|agregaragar|2013-05-21T15:18:33.0000000Z
dependenciasnobloq|f1t20|apagaragitador| f1t14-ord_f1t20|2013-05-21T15:19:28.0000000Z
incompatibilidadnobloq|f1t20|apagaragitador|f1t17-f1t18-f1t19|2013-05-21T15:19:28.0000000Z
dependenciabloq|f1t28|entregarbotellaautoclavada|f1t27|2013-05-21T15:29:37.0000000Z
dependenciabloq|f1t28|entregarbotellaautoclavada|f1t27|2013-05-21T15:29:39.0000000Z
dependenciasnobloq|f1t32|soltarbotellacabina|f1t31|2013-05-21T15:34:53.0000000Z
dependenciabloq|f2t22|tomartampote|f2t6|2013-05-21T15:48:53.0000000Z
accionrealizada|f2t22|tomartampote|tomartampote|2013-05-21T15:51:24.0000000Z
dependenciabloq|f2t16|tomartamponligasa|f2t6|2013-05-21T15:51:36.0000000Z
accionnoencontrada| |tomaradnplasmidico| |2013-05-21T15:52:21.0000000Z
dependenciasnobloq|f2t52|finmezcla|f2t37-f2t40|2013-05-21T15:56:56.0000000Z
incompatibilidadnobloq|f2t52|finmezcla|f2t43-f2t49|2013-05-21T15:56:56.0000000Z
dependenciabloq|f2t59|entregarmezclapcr|f2t58|2013-05-21T15:58:26.0000000Z
accionrealizada|f2t59|entregarmezclapcr|entregarmezclapcr|2013-05-21T15:58:49.0000000Z
accionrealizada|f3t8|tomarmezclapcr|tomarmezclapcr|2013-05-21T16:05:04.0000000Z
accionnoencontrada| |tomaradn| |2013-05-21T16:05:15.0000000Z
dependenciabloq|f3t31|cargarpuntaamarilla|f3t30|2013-05-21T16:05:53.0000000Z
dependenciasnobloq|f3t52|finmezcla|f3t33|2013-05-21T16:06:29.0000000Z
accionnoencontrada| |encenderpcr| |2013-05-21T16:07:22.0000000Z
accionrealizada|f3t60|guardarligacion|guardarligacion|2013-05-21T16:08:31.0000000Z
accionrealizada|f3t60|guardarligacion|guardarligacion|2013-05-21T16:10:36.0000000Z
accionrealizada|f3t60|guardarligacion|guardarligacion|2013-05-21T16:11:43.0000000Z
accionrealizada|f3t60|guardarligacion|guardarligacion|2013-05-21T16:13:55.0000000Z
accionrealizada|f3t60|guardarligacion|guardarligacion|2013-05-21T16:14:10.0000000Z
accionrealizada|f3t60|guardarligacion|guardarligacion|2013-05-21T16:14:25.0000000Z
