f0crearLog|crearLog| | | |2013-05-21T15:01:39.0000000Z
f0t1|entregarbata| | | |2013-05-21T15:02:11.0000000Z
f0t2|bloquearpoyata| | | |2013-05-21T15:06:11.0000000Z
f0t3|leerfundamentos| | | |2013-05-21T15:06:53.0000000Z
f0t5|releerfundamentos| | | |2013-05-21T15:06:56.0000000Z
f0t4|leerprotocolo| | | |2013-05-21T15:09:50.0000000Z
f0t6|releerprotocolo| | | |2013-05-21T15:09:54.0000000Z
f0t6|releerprotocolo| | | |2013-05-21T15:10:06.0000000Z
f0t7|lavarsemanos| | | |2013-05-21T15:11:09.0000000Z
f0t8|entregarguantes| | | |2013-05-21T15:12:21.0000000Z
f1t1|entregarvaso| | | |2013-05-21T15:12:47.0000000Z
f1t4|soltarvasofregadero| | | |2013-05-21T15:14:39.0000000Z
f1t5|bloquearfregadero| | | |2013-05-21T15:14:42.0000000Z
f1t6|llenarvasoconagua| | | |2013-05-21T15:14:44.0000000Z
f1t7|desbloquearfregadero| | | |2013-05-21T15:15:02.0000000Z
f1t8|soltarvasoagitador| | | |2013-05-21T15:16:06.0000000Z
f1t9|bloquearagitador| | | |2013-05-21T15:16:10.0000000Z
f1t10|bloquearphmetro| | | |2013-05-21T15:16:10.0000000Z
f1t11|encenderagitador| | | |2013-05-21T15:16:17.0000000Z
f1t16|agregaragar| | f1t12-f1t13-f1t14| |2013-05-21T15:18:17.0000000Z
f1t17|agregarbisacrilamida| | | |2013-05-21T15:18:48.0000000Z
f1t18|agegarcaseina| | | |2013-05-21T15:18:54.0000000Z
f1t19|agergaretilenglicol| | | |2013-05-21T15:19:01.0000000Z
f1t12|agregarmys| | | |2013-05-21T15:19:07.0000000Z
f1t13|agregarsacarosa| | | |2013-05-21T15:19:11.0000000Z
f1t20|apagaragitador| | f1t14-ord_f1t20|f1t17-f1t18-f1t19|2013-05-21T15:19:33.0000000Z
f1t21|entregarbotella| | | |2013-05-21T15:19:54.0000000Z
f1t22|soltarbotellaagitador| | | |2013-05-21T15:20:22.0000000Z
f1t23|movermezclaabotella| | | |2013-05-21T15:20:37.0000000Z
f1t24|desbloquearagitador| | | |2013-05-21T15:20:45.0000000Z
f1t15|desbloquearphmetro| | | |2013-05-21T15:20:46.0000000Z
f1t34|entregarbandeja| | | |2013-05-21T15:23:14.0000000Z
f1t25|insetarbotellaenautoclave| | | |2013-05-21T15:29:09.0000000Z
f1t26|bloquearautoclave| | | |2013-05-21T15:29:13.0000000Z
f1t27|autoclavar| | | |2013-05-21T15:29:25.0000000Z
f1t28|entregarbotellaautoclavada| | | |2013-05-21T15:29:54.0000000Z
f1t29|enfriarbotella| | | |2013-05-21T15:29:54.0000000Z
f1t30|encendercabina| | | |2013-05-21T15:34:44.0000000Z
f1t31|contartiempocabina| | | |2013-05-21T15:34:44.0000000Z
f1t32|soltarbotellacabina| |f1t31| |2013-05-21T15:34:56.0000000Z
f1t33|agregariaa| | | |2013-05-21T15:35:37.0000000Z
f1t35|soltarbandeja| | | |2013-05-21T15:36:01.0000000Z
f1t36|llenarbotes| | | |2013-05-21T15:36:13.0000000Z
f1t37|esterilizar| | | |2013-05-21T15:38:07.0000000Z
f1t38|entregarchopo| | | |2013-05-21T15:39:12.0000000Z
f1t39|soltarchopocabina| | | |2013-05-21T15:40:15.0000000Z
f1t40|cortarplanta| | | |2013-05-21T15:40:29.0000000Z
f1t41|adjuntarbandeja| | | |2013-05-21T15:40:35.0000000Z
f1t42|apagarcabina| | | |2013-05-21T15:40:57.0000000Z
f1t44|bloquearbasefitotron| | | |2013-05-21T15:41:47.0000000Z
f1t43|soltarbandcrecimiento| | | |2013-05-21T15:41:50.0000000Z
f1t45|crecerchopo| | | |2013-05-21T15:42:09.0000000Z
f1t46|fincrecimiento| | | |2013-05-21T15:43:37.0000000Z
f2t1|encenderpcr| | | |2013-05-21T15:44:23.0000000Z
f2t4|calentartermobloque| | | |2013-05-21T15:44:23.0000000Z
f2t5|entregarbandejahielo| | | |2013-05-21T15:44:38.0000000Z
f2t3|releerprotocolo| | | |2013-05-21T15:46:49.0000000Z
f2t3|releerprotocolo| | | |2013-05-21T15:47:39.0000000Z
f2t3|releerprotocolo| | | |2013-05-21T15:47:44.0000000Z
f2t14|tomaraguadestilada| | | |2013-05-21T15:49:07.0000000Z
f2t22|tomartampote| | | |2013-05-21T15:49:12.0000000Z
f2t9|tomaroligonucleicoder| | | |2013-05-21T15:49:25.0000000Z
f2t11|tomarmgcl| | | |2013-05-21T15:49:34.0000000Z
f2t3|releerprotocolo| | | |2013-05-21T15:50:17.0000000Z
f2t3|releerprotocolo| | | |2013-05-21T15:50:17.0000000Z
f2t3|releerprotocolo| | | |2013-05-21T15:50:17.0000000Z
f2t8|tomaroligonucleicoizq| | | |2013-05-21T15:51:55.0000000Z
f2t12|tomardntp| | | |2013-05-21T15:52:09.0000000Z
f2t7|tomaradn| | | |2013-05-21T15:52:30.0000000Z
f2t16|tomartamponligasa| | | |2013-05-21T15:52:43.0000000Z
f2t26|soltarbandejapoyata| | | |2013-05-21T15:52:56.0000000Z
f2t25|soltarbandejapoyataprimeravez| | | |2013-05-21T15:53:00.0000000Z
f2t27|entregarboteeppendorf| | | |2013-05-21T15:54:03.0000000Z
f2t28|soltarboteeppendorf| | | |2013-05-21T15:55:13.0000000Z
f2t29|sacartuboeppendorf| | | |2013-05-21T15:55:19.0000000Z
f2t30|entregarpipetaamarilla| | | |2013-05-21T15:55:42.0000000Z
f2t32|cargarpuntaamarilla| | | |2013-05-21T15:56:00.0000000Z
f2t33|iniciarmezcla| | | |2013-05-21T15:56:05.0000000Z
f2t41|agregaraguadestilada| | | |2013-05-21T15:56:19.0000000Z
f2t49|agregartampote| | | |2013-05-21T15:56:30.0000000Z
f2t36|agregaroligonucleicoder| | | |2013-05-21T15:56:32.0000000Z
f2t38|agregarmgcl| | | |2013-05-21T15:56:35.0000000Z
f2t35|agregaroligonucleicoizq| | | |2013-05-21T15:56:37.0000000Z
f2t39|agregardntp| | | |2013-05-21T15:56:45.0000000Z
f2t34|agregaradn| | | |2013-05-21T15:56:48.0000000Z
f2t43|agregartamponligasa| | | |2013-05-21T15:56:51.0000000Z
f2t52|finmezcla| |f2t37-f2t40|f2t43-f2t49|2013-05-21T15:56:59.0000000Z
f2t53|soltarpipetaamarilla| | | |2013-05-21T15:57:18.0000000Z
f2t54|entregartubomezcla| | | |2013-05-21T15:57:28.0000000Z
f2t55|abrirpcr| | | |2013-05-21T15:57:50.0000000Z
f2t56|soltarmezcla| | | |2013-05-21T15:58:00.0000000Z
f2t57|cerrarpcr| | | |2013-05-21T15:58:06.0000000Z
f2t58|amplificarfragmento| | | |2013-05-21T15:58:08.0000000Z
f2t59|entregarmezclapcr| | | |2013-05-21T15:58:47.0000000Z
f2t60|guardarpcr| | | |2013-05-21T15:59:22.0000000Z
f2t61|soltartubonevera| | | |2013-05-21T15:59:33.0000000Z
f3t1|encendertermobloque| | | |2013-05-21T16:00:17.0000000Z
f3t4|calentartermobloque| | | |2013-05-21T16:00:28.0000000Z
f3t3|releerprotocolo| | | |2013-05-21T16:00:47.0000000Z
f3t3|releerprotocolo| | | |2013-05-21T16:00:47.0000000Z
f3t3|releerprotocolo| | | |2013-05-21T16:00:47.0000000Z
f3t5|entregarbandejahielo| | | |2013-05-21T16:02:59.0000000Z
f3t11|tomaraguadestilada| | | |2013-05-21T16:03:40.0000000Z
f3t10|tomarenzimaligasa| | | |2013-05-21T16:04:00.0000000Z
f3t9|tomartamponligasa| | | |2013-05-21T16:04:18.0000000Z
f3t8|tomarmezclapcr| | | |2013-05-21T16:04:40.0000000Z
f3t27|soltarbandejapoyata| | | |2013-05-21T16:05:34.0000000Z
f3t26|soltarbandejapoyataprimeravez| | | |2013-05-21T16:05:38.0000000Z
f3t28|sacartuboligacion| | | |2013-05-21T16:05:43.0000000Z
f3t29|entregarpipetaamarilla| | | |2013-05-21T16:05:53.0000000Z
f3t31|cargarpuntaamarilla| | | |2013-05-21T16:06:02.0000000Z
f3t32|iniciarmezcla| | | |2013-05-21T16:06:07.0000000Z
f3t37|agregaraguadestilada| | | |2013-05-21T16:06:21.0000000Z
f3t36|agregarenzimaligasa| | | |2013-05-21T16:06:23.0000000Z
f3t35|agregartamponligasa| | | |2013-05-21T16:06:25.0000000Z
f3t34|agregarmezclapcr| | | |2013-05-21T16:06:27.0000000Z
f3t52|finmezcla| |f3t33| |2013-05-21T16:06:33.0000000Z
f3t53|soltarpipetaamarilla| | | |2013-05-21T16:06:39.0000000Z
f3t54|entregartubomezcla| | | |2013-05-21T16:06:45.0000000Z
f3t55|abrirtermobloque| | | |2013-05-21T16:07:09.0000000Z
f3t56|soltarmezcla| | | |2013-05-21T16:07:15.0000000Z
f3t57|cerrartermobloque| | | |2013-05-21T16:07:17.0000000Z

f3t58|amplificarfragmento| | | |2013-05-21T16:07:32.0000000Z
f3t59|entregarmezclaligacion| | | |2013-05-21T16:07:38.0000000Z
f3t60|guardarligacion| | | |2013-05-21T16:17:41.0000000Z
f3t61|soltartubonevera| | | |2013-05-21T16:17:52.0000000Z
