f0crearLog|crearLog| | | |2013-05-22T15:10:41.0000000Z
f0t1|entregarbata| | | |2013-05-22T15:11:16.0000000Z
f0t2|bloquearpoyata| | | |2013-05-22T15:14:19.0000000Z
f0t3|leerfundamentos| | | |2013-05-22T15:15:22.0000000Z
f0t4|leerprotocolo| | | |2013-05-22T15:15:33.0000000Z
f0t7|lavarsemanos| | | |2013-05-22T15:16:28.0000000Z
f0t8|entregarguantes| | | |2013-05-22T15:16:38.0000000Z
f1t1|entregarvaso| | | |2013-05-22T15:19:37.0000000Z
f1t4|soltarvasofregadero| | | |2013-05-22T15:21:18.0000000Z
f1t5|bloquearfregadero| | | |2013-05-22T15:21:22.0000000Z
f1t6|llenarvasoconagua| | | |2013-05-22T15:21:29.0000000Z
f1t7|desbloquearfregadero| | | |2013-05-22T15:22:02.0000000Z
f1t8|soltarvasoagitador| | | |2013-05-22T15:22:26.0000000Z
f1t9|bloquearagitador| | | |2013-05-22T15:22:30.0000000Z
f1t10|bloquearphmetro| | | |2013-05-22T15:22:30.0000000Z
f1t11|encenderagitador| | | |2013-05-22T15:22:43.0000000Z
f1t2|releerfundamentos| | | |2013-05-22T15:23:42.0000000Z
f1t3|releerprotocolo| | | |2013-05-22T15:25:55.0000000Z
f1t12|agregarmys| | | |2013-05-22T15:28:19.0000000Z
f1t13|agregarsacarosa| | | |2013-05-22T15:28:29.0000000Z
f1t20|apagaragitador| | f1t14-f1t16| |2013-05-22T15:28:59.0000000Z
f1t21|entregarbotella| | | |2013-05-22T15:29:19.0000000Z
f1t22|soltarbotellaagitador| | | |2013-05-22T15:29:47.0000000Z
f1t23|movermezclaabotella| | | |2013-05-22T15:29:56.0000000Z
f1t24|desbloquearagitador| | | |2013-05-22T15:30:05.0000000Z
f1t15|desbloquearphmetro| | | |2013-05-22T15:30:05.0000000Z
f1t25|insetarbotellaenautoclave| | | |2013-05-22T15:32:45.0000000Z
f1t26|bloquearautoclave| | | |2013-05-22T15:32:49.0000000Z
f1t27|autoclavar| | | |2013-05-22T15:32:59.0000000Z
f1t30|encendercabina| | | |2013-05-22T15:33:41.0000000Z
f1t31|contartiempocabina| | | |2013-05-22T15:33:41.0000000Z
f1t3|releerprotocolo| | | |2013-05-22T15:34:18.0000000Z
f1t3|releerprotocolo| | | |2013-05-22T15:34:24.0000000Z
f1t3|releerprotocolo| | | |2013-05-22T15:34:29.0000000Z
f1t3|releerprotocolo| | | |2013-05-22T15:34:43.0000000Z
f1t3|releerprotocolo| | | |2013-05-22T15:34:48.0000000Z
f1t2|releerfundamentos| | | |2013-05-22T15:34:49.0000000Z
f1t2|releerfundamentos| | | |2013-05-22T15:34:50.0000000Z
f1t3|releerprotocolo| | | |2013-05-22T15:35:01.0000000Z
f1t2|releerfundamentos| | | |2013-05-22T15:35:02.0000000Z
f1t2|releerfundamentos| | | |2013-05-22T15:35:02.0000000Z
f1t2|releerfundamentos| | | |2013-05-22T15:35:03.0000000Z
f1t2|releerfundamentos| | | |2013-05-22T15:35:03.0000000Z
f1t2|releerfundamentos| | | |2013-05-22T15:35:03.0000000Z
f1t2|releerfundamentos| | | |2013-05-22T15:35:27.0000000Z
f1t3|releerprotocolo| | | |2013-05-22T15:35:38.0000000Z
f1t3|releerprotocolo| | | |2013-05-22T15:35:38.0000000Z
f1t3|releerprotocolo| | | |2013-05-22T15:35:38.0000000Z
f1t3|releerprotocolo| | | |2013-05-22T15:35:38.0000000Z
f1t3|releerprotocolo| | | |2013-05-22T15:35:38.0000000Z
f1t3|releerprotocolo| | | |2013-05-22T15:35:43.0000000Z
f1t2|releerfundamentos| | | |2013-05-22T15:35:50.0000000Z
f1t3|releerprotocolo| | | |2013-05-22T15:35:50.0000000Z
f1t3|releerprotocolo| | | |2013-05-22T15:36:05.0000000Z
f1t37|esterilizar| | | |2013-05-22T15:42:08.0000000Z
f1t38|entregarchopo| | | |2013-05-22T15:42:54.0000000Z
f1t39|soltarchopocabina| | | |2013-05-22T15:43:50.0000000Z
f1t3|releerprotocolo| | | |2013-05-22T15:45:19.0000000Z
f1t28|entregarbotellaautoclavada| | | |2013-05-22T15:46:49.0000000Z
f1t29|enfriarbotella| | | |2013-05-22T15:46:49.0000000Z
f1t32|soltarbotellacabina| | | |2013-05-22T15:47:31.0000000Z
f1t33|agregariaa| | | |2013-05-22T15:48:50.0000000Z
f1t34|entregarbandeja| | | |2013-05-22T15:49:14.0000000Z
f1t35|soltarbandeja| | | |2013-05-22T15:49:40.0000000Z
f1t36|llenarbotes| | | |2013-05-22T15:49:48.0000000Z
f1t40|cortarplanta| | | |2013-05-22T15:50:09.0000000Z
f1t41|adjuntarbandeja| | | |2013-05-22T15:50:12.0000000Z
f1t44|bloquearbasefitotron| | | |2013-05-22T15:50:51.0000000Z
f1t43|soltarbandcrecimiento| | | |2013-05-22T15:50:54.0000000Z
f1t45|crecerchopo| | | |2013-05-22T15:51:11.0000000Z
f1t46|fincrecimiento| | | |2013-05-22T15:52:02.0000000Z
f2t1|encenderpcr| | | |2013-05-22T15:52:33.0000000Z
f2t4|calentartermobloque| | | |2013-05-22T15:52:36.0000000Z
f2t3|releerprotocolo| | | |2013-05-22T15:53:16.0000000Z
f2t3|releerprotocolo| | | |2013-05-22T15:53:19.0000000Z
f2t5|entregarbandejahielo| | | |2013-05-22T15:55:00.0000000Z
f2t3|releerprotocolo| | | |2013-05-22T15:56:14.0000000Z
f2t7|tomaradn| | | |2013-05-22T15:57:22.0000000Z
f2t9|tomaroligonucleicoder| | | |2013-05-22T15:57:30.0000000Z
f2t8|tomaroligonucleicoizq| | | |2013-05-22T15:57:41.0000000Z
f2t10|tomartamponpolimerasa| | | |2013-05-22T15:58:32.0000000Z
f2t11|tomarmgcl| | | |2013-05-22T15:58:44.0000000Z
f2t12|tomardntp| | | |2013-05-22T15:58:54.0000000Z
f2t14|tomaraguadestilada| | | |2013-05-22T15:59:34.0000000Z
f2t26|soltarbandejapoyata| | | |2013-05-22T16:00:34.0000000Z
f2t25|soltarbandejapoyataprimeravez| | | |2013-05-22T16:00:39.0000000Z
f2t3|releerprotocolo| | | |2013-05-22T16:00:39.0000000Z
f2t27|entregarboteeppendorf| | | |2013-05-22T16:01:08.0000000Z
f2t28|soltarboteeppendorf| | | |2013-05-22T16:01:34.0000000Z
f2t29|sacartuboeppendorf| | | |2013-05-22T16:01:49.0000000Z
f2t30|entregarpipetaamarilla| | | |2013-05-22T16:02:07.0000000Z
f2t32|cargarpuntaamarilla| | | |2013-05-22T16:02:23.0000000Z
f2t33|iniciarmezcla| | | |2013-05-22T16:02:28.0000000Z
f2t34|agregaradn| | | |2013-05-22T16:02:42.0000000Z
f2t36|agregaroligonucleicoder| | | |2013-05-22T16:02:48.0000000Z
f2t35|agregaroligonucleicoizq| | | |2013-05-22T16:02:50.0000000Z
f2t37|agregartamponpolimerasa| | | |2013-05-22T16:02:58.0000000Z
f2t38|agregarmgcl| | | |2013-05-22T16:03:07.0000000Z
f2t39|agregardntp| | | |2013-05-22T16:03:14.0000000Z
f2t41|agregaraguadestilada| | | |2013-05-22T16:03:23.0000000Z
f2t52|finmezcla| |f2t40| |2013-05-22T16:03:31.0000000Z
f2t53|soltarpipetaamarilla| | | |2013-05-22T16:03:44.0000000Z
f2t54|entregartubomezcla| | | |2013-05-22T16:03:53.0000000Z
f2t55|abrirpcr| | | |2013-05-22T16:04:27.0000000Z
f2t56|soltarmezcla| | | |2013-05-22T16:04:32.0000000Z
f2t57|cerrarpcr| | | |2013-05-22T16:04:36.0000000Z
f2t58|amplificarfragmento| | | |2013-05-22T16:04:41.0000000Z
f2t59|entregarmezclapcr| | | |2013-05-22T16:05:16.0000000Z
f2t60|guardarpcr| | | |2013-05-22T16:05:35.0000000Z
f2t61|soltartubonevera| | | |2013-05-22T16:05:57.0000000Z
f3t1|encendertermobloque| | | |2013-05-22T16:06:19.0000000Z
f3t4|calentartermobloque| | | |2013-05-22T16:06:19.0000000Z
f3t3|releerprotocolo| | | |2013-05-22T16:06:28.0000000Z
f3t3|releerprotocolo| | | |2013-05-22T16:06:36.0000000Z
f3t5|entregarbandejahielo| | | |2013-05-22T16:09:01.0000000Z
f3t7|tomaradnplasmidico| | | |2013-05-22T16:09:32.0000000Z
f3t18|tomarplasmido35s| | | |2013-05-22T16:09:51.0000000Z
f3t9|tomartamponligasa| | | |2013-05-22T16:10:00.0000000Z
f3t10|tomarenzimaligasa| | | |2013-05-22T16:10:05.0000000Z
f3t11|tomaraguadestilada| | | |2013-05-22T16:10:21.0000000Z
f3t27|soltarbandejapoyata| | | |2013-05-22T16:10:32.0000000Z
f3t26|soltarbandejapoyataprimeravez| | | |2013-05-22T16:10:35.0000000Z
f3t28|sacartuboligacion| | | |2013-05-22T16:10:47.0000000Z
f3t29|entregarpipetaamarilla| | | |2013-05-22T16:10:54.0000000Z
f3t31|cargarpuntaamarilla| | | |2013-05-22T16:11:11.0000000Z
f3t32|iniciarmezcla| | | |2013-05-22T16:11:11.0000000Z
f3t33|agregaradnplasmidico| | | |2013-05-22T16:11:22.0000000Z
f3t43|agregarplasmido35s| | | |2013-05-22T16:11:26.0000000Z
f3t35|agregartamponligasa| | | |2013-05-22T16:11:29.0000000Z
f3t36|agregarenzimaligasa| | | |2013-05-22T16:11:34.0000000Z
f3t37|agregaraguadestilada| | | |2013-05-22T16:11:36.0000000Z
f3t52|finmezcla| |f3t34|f3t43|2013-05-22T16:11:41.0000000Z
f3t53|soltarpipetaamarilla| | | |2013-05-22T16:11:52.0000000Z
f3t54|entregartubomezcla| | | |2013-05-22T16:11:57.0000000Z
f3t55|abrirtermobloque| | | |2013-05-22T16:15:35.0000000Z
f3t56|soltarmezcla| | | |2013-05-22T16:16:26.0000000Z
f3t57|cerrartermobloque| | | |2013-05-22T16:16:36.0000000Z

f3t58|amplificarfragmento| | | |2013-05-22T16:16:50.0000000Z
f3t59|entregarmezclaligacion| | | |2013-05-22T16:17:11.0000000Z
f3t60|guardarligacion| | | |2013-05-22T16:17:22.0000000Z
f3t61|soltartubonevera| | | |2013-05-22T16:17:32.0000000Z
