f0crearLog|crearLog| | | |2013-05-10T14:51:06.0000000Z
f0t1|entregarbata| | | |2013-05-10T14:52:03.0000000Z
f0t2|bloquearpoyata| | | |2013-05-10T14:54:48.0000000Z
f0t3|leerfundamentos| | | |2013-05-10T14:55:57.0000000Z
f0t4|leerprotocolo| | | |2013-05-10T14:56:06.0000000Z
f0t5|releerfundamentos| | | |2013-05-10T14:56:28.0000000Z
f0t5|releerfundamentos| | | |2013-05-10T14:56:31.0000000Z
f0t5|releerfundamentos| | | |2013-05-10T14:56:32.0000000Z
f0t5|releerfundamentos| | | |2013-05-10T14:56:32.0000000Z
f0t6|releerprotocolo| | | |2013-05-10T15:02:13.0000000Z
f0t5|releerfundamentos| | | |2013-05-10T15:02:19.0000000Z
f0t6|releerprotocolo| | | |2013-05-10T15:03:11.0000000Z
f0t5|releerfundamentos| | | |2013-05-10T15:03:19.0000000Z
f0t7|lavarsemanos| | | |2013-05-10T15:05:28.0000000Z
f0t8|entregarguantes| | | |2013-05-10T15:05:54.0000000Z
f1t1|entregarvaso| | | |2013-05-10T15:09:12.0000000Z
f1t4|soltarvasofregadero| | | |2013-05-10T15:10:52.0000000Z
f1t5|bloquearfregadero| | | |2013-05-10T15:10:55.0000000Z
f1t6|llenarvasoconagua| | | |2013-05-10T15:11:08.0000000Z
f1t7|desbloquearfregadero| | | |2013-05-10T15:11:25.0000000Z
f1t8|soltarvasoagitador| | | |2013-05-10T15:11:48.0000000Z
f1t9|bloquearagitador| | | |2013-05-10T15:11:52.0000000Z
f1t10|bloquearphmetro| | | |2013-05-10T15:11:52.0000000Z
f1t11|encenderagitador| | | |2013-05-10T15:11:58.0000000Z
f1t13|agregarsacarosa| | | |2013-05-10T15:12:59.0000000Z
f1t12|agregarmys| | | |2013-05-10T15:13:14.0000000Z
f1t20|apagaragitador| | f1t14-f1t16| |2013-05-10T15:14:07.0000000Z
f1t21|entregarbotella| | | |2013-05-10T15:14:45.0000000Z
f1t22|soltarbotellaagitador| | | |2013-05-10T15:15:20.0000000Z
f1t23|movermezclaabotella| | | |2013-05-10T15:15:38.0000000Z
f1t24|desbloquearagitador| | | |2013-05-10T15:15:49.0000000Z
f1t15|desbloquearphmetro| | | |2013-05-10T15:15:49.0000000Z
f1t25|insetarbotellaenautoclave| | | |2013-05-10T15:19:11.0000000Z
f1t26|bloquearautoclave| | | |2013-05-10T15:19:15.0000000Z
f1t27|autoclavar| | | |2013-05-10T15:19:20.0000000Z
f1t28|entregarbotellaautoclavada| | | |2013-05-10T15:20:00.0000000Z
f1t29|enfriarbotella| | | |2013-05-10T15:20:00.0000000Z
f1t30|encendercabina| | | |2013-05-10T15:25:02.0000000Z
f1t31|contartiempocabina| | | |2013-05-10T15:25:02.0000000Z
f1t32|soltarbotellacabina| | | |2013-05-10T15:25:35.0000000Z
f1t33|agregariaa| | | |2013-05-10T15:26:38.0000000Z
f1t34|entregarbandeja| | | |2013-05-10T15:28:11.0000000Z
f1t35|soltarbandeja| | | |2013-05-10T15:28:55.0000000Z
f1t36|llenarbotes| | | |2013-05-10T15:29:10.0000000Z
f1t37|esterilizar| | | |2013-05-10T15:29:32.0000000Z
f1t38|entregarchopo| | | |2013-05-10T15:31:10.0000000Z
f1t39|soltarchopocabina| | | |2013-05-10T15:32:14.0000000Z
f1t40|cortarplanta| | | |2013-05-10T15:32:24.0000000Z
f1t41|adjuntarbandeja| | | |2013-05-10T15:32:28.0000000Z
f1t42|apagarcabina| | | |2013-05-10T15:32:42.0000000Z
f1t44|bloquearbasefitotron| | | |2013-05-10T15:33:33.0000000Z
f1t43|soltarbandcrecimiento| | | |2013-05-10T15:33:36.0000000Z
f1t45|crecerchopo| | | |2013-05-10T15:34:06.0000000Z
f1t46|fincrecimiento| | | |2013-05-10T15:38:16.0000000Z
f2t1|encenderpcr| | | |2013-05-10T15:42:39.0000000Z
f2t4|calentartermobloque| | | |2013-05-10T15:42:39.0000000Z
f2t2|releerfundamentos| | | |2013-05-10T15:43:05.0000000Z
f2t55|abrirpcr| | | |2013-05-10T15:45:07.0000000Z
f2t3|releerprotocolo| | | |2013-05-10T15:46:21.0000000Z
f2t5|entregarbandejahielo| | | |2013-05-10T15:51:08.0000000Z
f2t26|soltarbandejapoyata| | | |2013-05-10T15:53:30.0000000Z
f2t25|soltarbandejapoyataprimeravez| | | |2013-05-10T15:53:33.0000000Z
f2t27|entregarboteeppendorf| | | |2013-05-10T15:54:58.0000000Z
f2t28|soltarboteeppendorf| | | |2013-05-10T15:55:49.0000000Z
f2t29|sacartuboeppendorf| | | |2013-05-10T15:56:05.0000000Z
f2t30|entregarpipetaamarilla| | | |2013-05-10T15:56:39.0000000Z
f2t32|cargarpuntaamarilla| | | |2013-05-10T15:57:39.0000000Z
f2t33|iniciarmezcla| | | |2013-05-10T15:58:04.0000000Z
f2t52|finmezcla| |f2t34-f2t35-f2t36-f2t37-f2t38-f2t39-f2t40-f2t41| |2013-05-10T15:58:14.0000000Z
f2t53|soltarpipetaamarilla| | | |2013-05-10T15:58:22.0000000Z
f2t54|entregartubomezcla| | | |2013-05-10T15:58:30.0000000Z
f2t56|soltarmezcla| | | |2013-05-10T15:59:41.0000000Z
f2t57|cerrarpcr| | | |2013-05-10T15:59:55.0000000Z
f2t58|amplificarfragmento| | | |2013-05-10T16:00:02.0000000Z
f2t59|entregarmezclapcr| | | |2013-05-10T16:10:15.0000000Z
f2t60|guardarpcr| | | |2013-05-10T16:10:58.0000000Z
f2t61|soltartubonevera| | | |2013-05-10T16:11:12.0000000Z
f3t1|encendertermobloque| | | |2013-05-10T16:11:59.0000000Z
f3t4|calentartermobloque| | | |2013-05-10T16:12:05.0000000Z
f3t5|entregarbandejahielo| | | |2013-05-10T16:12:30.0000000Z
f3t26|soltarbandejapoyataprimeravez| | | |2013-05-10T16:13:25.0000000Z
f3t28|sacartuboligacion| | | |2013-05-10T16:13:35.0000000Z
f3t29|entregarpipetaamarilla| | | |2013-05-10T16:13:48.0000000Z
f3t31|cargarpuntaamarilla| | | |2013-05-10T16:14:09.0000000Z
f3t17|tomarpolimerasa| | | |2013-05-10T16:19:26.0000000Z
f3t13|tomaroligonucleicoder| | | |2013-05-10T16:20:03.0000000Z
f3t14|tomartamponpolimerasa| | | |2013-05-10T16:20:12.0000000Z
f3t39|agregarpolimerasa| | | |2013-05-10T16:25:03.0000000Z
f3t41|agregaroligonucleicoder| | | |2013-05-10T16:25:11.0000000Z
f3t42|agregartamponpolimerasa| | | |2013-05-10T16:25:16.0000000Z
f3t12|tomaroligonucleicoizq| | | |2013-05-10T16:26:45.0000000Z
f3t24|agregariaa| | | |2013-05-10T16:26:56.0000000Z
f3t15|tomarmgcl| | | |2013-05-10T16:27:15.0000000Z
f3t27|soltarbandejapoyata| | | |2013-05-10T16:27:44.0000000Z
f3t3|releerprotocolo| | | |2013-05-10T16:27:46.0000000Z
f3t2|releerfundamentos| | | |2013-05-10T16:28:18.0000000Z
f3t2|releerfundamentos| | | |2013-05-10T16:28:20.0000000Z
f3t3|releerprotocolo| | | |2013-05-10T16:29:05.0000000Z
f3t2|releerfundamentos| | | |2013-05-10T16:29:23.0000000Z
f3t2|releerfundamentos| | | |2013-05-10T16:29:26.0000000Z
f3t3|releerprotocolo| | | |2013-05-10T16:30:11.0000000Z
f3t3|releerprotocolo| | | |2013-05-10T16:30:12.0000000Z
f3t32|iniciarmezcla| | | |2013-05-10T16:31:13.0000000Z
f3t52|finmezcla| |f3t33-f3t34-f3t35-f3t36-f3t37|f3t39-f3t41-f3t42|2013-05-10T16:31:26.0000000Z
f3t53|soltarpipetaamarilla| | | |2013-05-10T16:31:36.0000000Z
f3t54|entregartubomezcla| | | |2013-05-10T16:32:03.0000000Z
f3t55|abrirtermobloque| | | |2013-05-10T16:45:24.0000000Z
f3t56|soltarmezcla| | | |2013-05-10T16:45:35.0000000Z
f3t57|cerrartermobloque| | | |2013-05-10T16:45:39.0000000Z

f3t58|amplificarfragmento| | | |2013-05-10T16:45:56.0000000Z
f3t59|entregarmezclaligacion| | | |2013-05-10T16:46:02.0000000Z
f3t60|guardarligacion| | | |2013-05-10T16:48:22.0000000Z
f3t61|soltartubonevera| | | |2013-05-10T16:48:39.0000000Z
