f0crearLog|crearLog| | | |2015-06-17T09:18:15.0000000Z
f0t1|entregarbata| | | |2015-06-17T09:37:32.0000000Z
f0t2|bloquearpoyata| | | |2015-06-17T09:39:50.0000000Z
f0t3|leerfundamentos| | | |2015-06-17T09:40:59.0000000Z
f0t4|leerprotocolo| | | |2015-06-17T09:42:36.0000000Z
f0t7|lavarsemanos| | | |2015-06-17T09:50:32.0000000Z
f0t8|entregarguantes| | | |2015-06-17T09:51:37.0000000Z
f1t1|entregarvaso| | | |2015-06-17T09:52:38.0000000Z
f1t4|soltarvasofregadero| | | |2015-06-17T09:54:33.0000000Z
f1t5|bloquearfregadero| | | |2015-06-17T09:55:37.0000000Z
f1t6|llenarvasoconagua| | | |2015-06-17T09:56:45.0000000Z
f1t7|desbloquearfregadero| | | |2015-06-17T09:59:07.0000000Z
f1t8|soltarvasoagitador| | | |2015-06-17T09:59:35.0000000Z
f1t9|bloquearagitador| | | |2015-06-17T10:00:54.0000000Z
f1t10|bloquearphmetro| | | |2015-06-17T10:01:25.0000000Z
f1t11|encenderagitador| | | |2015-06-17T10:02:02.0000000Z
f1t12|agregarmys| | | |2015-06-17T10:03:11.0000000Z
f1t13|agregarsacarosa| | | |2015-06-17T10:03:18.0000000Z
f1t14|ajustarph| | | |2015-06-17T10:04:28.0000000Z
f1t15|desbloquearphmetro| | | |2015-06-17T10:04:33.0000000Z
f1t16|agregaragar| | | |2015-06-17T10:10:59.0000000Z
f1t21|entregarbotella| | | |2015-06-17T10:12:27.0000000Z
f1t22|soltarbotellaagitador| | | |2015-06-17T10:13:11.0000000Z
f1t20|apagaragitador| | | |2015-06-17T10:18:02.0000000Z
f1t23|movermezclaabotella| | | |2015-06-17T10:18:06.0000000Z
f1t24|desbloquearagitador| | | |2015-06-17T10:18:47.0000000Z
f1t25|insetarbotellaenautoclave| | | |2015-06-17T10:22:11.0000000Z
f1t26|bloquearautoclave| | | |2015-06-17T10:22:15.0000000Z
f1t27|autoclavar| | | |2015-06-17T10:22:26.0000000Z
f1t30|encendercabina| | | |2015-06-17T10:24:31.0000000Z
f1t31|contartiempocabina| | | |2015-06-17T10:24:31.0000000Z
f1t28|entregarbotellaautoclavada| | | |2015-06-17T10:26:54.0000000Z
f1t29|enfriarbotella| | | |2015-06-17T10:27:01.0000000Z
f1t32|soltarbotellacabina| | | |2015-06-17T10:30:04.0000000Z
f1t33|agregariaa| | | |2015-06-17T10:31:19.0000000Z
f1t34|entregarbandeja| | | |2015-06-17T10:31:47.0000000Z
f1t35|soltarbandeja| | | |2015-06-17T10:32:52.0000000Z
f1t36|llenarbotes| | | |2015-06-17T10:33:21.0000000Z
f1t37|esterilizar| | | |2015-06-17T10:33:59.0000000Z
f1t38|entregarchopo| | | |2015-06-17T10:36:09.0000000Z
f1t39|soltarchopocabina| | | |2015-06-17T10:38:32.0000000Z
f1t40|cortarplanta| | | |2015-06-17T10:38:47.0000000Z
f1t41|adjuntarbandeja| | | |2015-06-17T10:39:14.0000000Z
f1t42|apagarcabina| | | |2015-06-17T10:39:29.0000000Z
f1t44|bloquearbasefitotron| | | |2015-06-17T10:42:09.0000000Z
f1t43|soltarbandcrecimiento| | | |2015-06-17T10:42:30.0000000Z
f1t45|crecerchopo| | | |2015-06-17T10:43:18.0000000Z
f1t46|fincrecimiento| | | |2015-06-17T10:45:21.0000000Z
f2t1|encenderpcr| | | |2015-06-17T10:51:34.0000000Z
f2t4|calentartermobloque| | | |2015-06-17T10:51:35.0000000Z
f2t3|releerprotocolo| | | |2015-06-17T10:54:04.0000000Z
f2t5|entregarbandejahielo| | | |2015-06-17T11:03:35.0000000Z
f2t9|tomaroligonucleicoder| | | |2015-06-17T11:05:43.0000000Z
f2t10|tomartamponpolimerasa| | | |2015-06-17T11:05:53.0000000Z
f2t25|soltarbandejapoyataprimeravez| | | |2015-06-17T11:08:40.0000000Z
f2t27|entregarboteeppendorf| | | |2015-06-17T11:25:13.0000000Z
f2t28|soltarboteeppendorf| | | |2015-06-17T11:27:55.0000000Z
f2t29|sacartuboeppendorf| | | |2015-06-17T11:28:24.0000000Z
f2t30|entregarpipetaamarilla| | | |2015-06-17T11:28:42.0000000Z
f2t32|cargarpuntaamarilla| | | |2015-06-17T11:29:20.0000000Z
f2t26|soltarbandejapoyata| | | |2015-06-17T11:30:02.0000000Z
f2t33|iniciarmezcla| | | |2015-06-17T11:30:10.0000000Z
f2t36|agregaroligonucleicoder| | | |2015-06-17T11:30:23.0000000Z
f2t37|agregartamponpolimerasa| | | |2015-06-17T11:30:33.0000000Z
f2t52|finmezcla| |f2t34-f2t35-f2t38-f2t39-f2t40-f2t41| |2015-06-17T11:30:50.0000000Z
f2t53|soltarpipetaamarilla| | | |2015-06-17T11:42:56.0000000Z
f2t54|entregartubomezcla| | | |2015-06-17T11:48:37.0000000Z
f2t55|abrirpcr| | | |2015-06-17T11:57:03.0000000Z
f2t56|soltarmezcla| | | |2015-06-17T11:57:15.0000000Z
f2t57|cerrarpcr| | | |2015-06-17T11:57:25.0000000Z
f2t58|amplificarfragmento| | | |2015-06-17T11:57:30.0000000Z
f2t59|entregarmezclapcr| | | |2015-06-17T11:58:06.0000000Z
f2t60|guardarpcr| | | |2015-06-17T11:59:48.0000000Z
f2t61|soltartubonevera| | | |2015-06-17T12:00:05.0000000Z
f3t1|encendertermobloque| | | |2015-06-17T12:01:44.0000000Z
f3t4|calentartermobloque| | | |2015-06-17T12:01:45.0000000Z
f3t3|releerprotocolo| | | |2015-06-17T12:02:11.0000000Z
f3t3|releerprotocolo| | | |2015-06-17T12:02:29.0000000Z
f3t3|releerprotocolo| | | |2015-06-17T12:02:31.0000000Z
f3t3|releerprotocolo| | | |2015-06-17T12:03:09.0000000Z
f3t3|releerprotocolo| | | |2015-06-17T12:03:15.0000000Z
f3t2|releerfundamentos| | | |2015-06-17T12:04:48.0000000Z
f3t5|entregarbandejahielo| | | |2015-06-17T12:05:58.0000000Z
f3t14|tomartamponpolimerasa| | | |2015-06-17T12:08:50.0000000Z
f3t13|tomaroligonucleicoder| | | |2015-06-17T12:08:54.0000000Z
f3t11|tomaraguadestilada| | | |2015-06-17T12:09:50.0000000Z
f3t27|soltarbandejapoyata| | | |2015-06-17T12:10:30.0000000Z
f3t26|soltarbandejapoyataprimeravez| | | |2015-06-17T12:10:35.0000000Z
f3t28|sacartuboligacion| | | |2015-06-17T12:10:43.0000000Z
f3t29|entregarpipetaamarilla| | | |2015-06-17T12:11:25.0000000Z
f3t31|cargarpuntaamarilla| | | |2015-06-17T12:11:52.0000000Z
f3t32|iniciarmezcla| | | |2015-06-17T12:12:11.0000000Z
f3t41|agregaroligonucleicoder| | | |2015-06-17T12:12:20.0000000Z
f3t37|agregaraguadestilada| | | |2015-06-17T12:12:31.0000000Z
f3t42|agregartamponpolimerasa| | | |2015-06-17T12:12:37.0000000Z
f3t52|finmezcla| |f3t33-f3t34-f3t35-f3t36|f3t41-f3t42|2015-06-17T12:12:58.0000000Z
f3t53|soltarpipetaamarilla| | | |2015-06-17T12:13:16.0000000Z
f3t54|entregartubomezcla| | | |2015-06-17T12:13:26.0000000Z
f3t55|abrirtermobloque| | | |2015-06-17T12:14:23.0000000Z
f3t56|soltarmezcla| | | |2015-06-17T12:14:43.0000000Z
f3t57|cerrartermobloque| | | |2015-06-17T12:14:47.0000000Z
f3t58|amplificarfragmento| | | |2015-06-17T12:15:06.0000000Z
f3t59|entregarmezclaligacion| | | |2015-06-17T12:15:15.0000000Z
f3t60|guardarligacion| | | |2015-06-17T12:16:06.0000000Z
f3t61|soltartubonevera| | | |2015-06-17T12:16:27.0000000Z