accionnoencontrada| |entregarTaza| |2014-05-12T22:48:39.0000000Z
accionnoencontrada| |entregarTaza| |2014-05-12T22:48:45.0000000Z
accionnoencontrada| |entregarTaza| |2014-05-12T22:48:51.0000000Z
accionnoencontrada| |agregarcafe| |2014-05-12T22:51:54.0000000Z
accionnoencontrada| |agregarleche| |2014-05-12T22:52:04.0000000Z
accionnoencontrada| |entregarTaza| |2014-05-12T22:57:58.0000000Z
accionnoencontrada| |entregarTaza| |2014-05-12T22:58:04.0000000Z
accionnoencontrada| |entregarTaza| |2014-05-12T22:58:15.0000000Z
accionnoencontrada| |entregarTaza| |2014-05-12T22:58:19.0000000Z
accionnoencontrada| |entregarTaza| |2014-05-12T23:03:33.0000000Z
accionnoencontrada| |sentarse| |2014-05-12T23:05:02.0000000Z
accionnoencontrada| |sentarse| |2014-05-12T23:05:41.0000000Z
accionnoencontrada| |sentarse| |2014-05-12T23:06:03.0000000Z
accionnoencontrada| |entregarTaza| |2014-05-12T23:06:36.0000000Z
accionnoencontrada| |agregarcafe| |2014-05-12T23:09:27.0000000Z
accionnoencontrada| |sentarse| |2014-05-12T23:09:51.0000000Z
dependenciabloq|f0t6|sentarse|f0t5|2014-05-12T23:17:41.0000000Z
dependenciabloq|f0t6|sentarse|f0t5|2014-05-12T23:18:23.0000000Z
dependenciabloq|f0t6|sentarse|f0t5|2014-05-12T23:19:05.0000000Z
dependenciabloq|f0t6|sentarse|f0t5|2014-05-12T23:32:21.0000000Z
dependenciabloq|f0t6|sentarse|f0t5|2014-05-12T23:38:29.0000000Z
dependenciabloq|f0t6|sentarse|f0t5|2014-05-12T23:40:10.0000000Z
dependenciabloq|f0t6|sentarse|f0t5|2014-05-13T14:02:38.0000000Z
dependenciabloq|f0t6|sentarse|f0t5|2014-05-13T14:03:44.0000000Z
dependenciabloq|f0t6|sentarse|f0t5|2014-05-13T14:19:36.0000000Z
dependenciabloq|f0t6|sentarse|f0t5|2014-05-15T11:53:21.0000000Z
