accionnoencontrada| |entregarTaza| |2014-05-14T14:30:35.0000000Z
accionnoencontrada| |entregarTaza| |2014-05-14T14:30:38.0000000Z
accionnoencontrada| |entregarTaza| |2014-05-14T14:30:41.0000000Z
accionnoencontrada| |entregarTaza| |2014-05-14T14:30:43.0000000Z
accionnoencontrada| |entregarTaza| |2014-05-14T14:30:46.0000000Z
accionnoencontrada| |entregarTaza| |2014-05-14T14:30:49.0000000Z
accionnoencontrada| |entregarTaza| |2014-05-14T14:31:06.0000000Z
accionnoencontrada| |entregarTaza| |2014-05-14T14:31:15.0000000Z
accionrealizada|f0t1|entregarTaza|entregarTaza|2014-05-14T14:32:31.0000000Z
accionrealizada|f0t1|entregarTaza|entregarTaza|2014-05-14T14:32:42.0000000Z
accionrealizada|f0t2|agregarcafe|agregarcafe|2014-05-14T14:35:50.0000000Z
dependenciabloq|f0t6|sentarse|f0t5|2014-05-14T14:37:07.0000000Z
accionrealizada|f0t2|agregarcafe|agregarcafe|2014-05-14T14:37:56.0000000Z
accionrealizada|f0t3|agregarleche|agregarleche|2014-05-14T14:37:58.0000000Z
accionrealizada|f0t4|agregarazucar|agregarazucar|2014-05-14T14:38:01.0000000Z
accionrealizada|f0t2|agregarcafe|agregarcafe|2014-05-14T14:38:11.0000000Z
accionrealizada|f0t3|agregarleche|agregarleche|2014-05-14T14:38:13.0000000Z
accionrealizada|f0t4|agregarazucar|agregarazucar|2014-05-14T14:38:16.0000000Z
accionrealizada|f0t2|agregarcafe|agregarcafe|2014-05-14T14:38:32.0000000Z
accionrealizada|f0t3|agregarleche|agregarleche|2014-05-14T14:38:34.0000000Z
accionrealizada|f0t4|agregarazucar|agregarazucar|2014-05-14T14:38:39.0000000Z
accionrealizada|f0t2|agregarcafe|agregarcafe|2014-05-14T14:39:53.0000000Z
accionrealizada|f0t3|agregarleche|agregarleche|2014-05-14T14:39:56.0000000Z
accionrealizada|f0t4|agregarazucar|agregarazucar|2014-05-14T14:39:59.0000000Z
accionrealizada|f0t2|agregarcafe|agregarcafe|2014-05-14T14:40:07.0000000Z
accionrealizada|f0t3|agregarleche|agregarleche|2014-05-14T14:40:09.0000000Z
accionrealizada|f0t4|agregarazucar|agregarazucar|2014-05-14T14:40:11.0000000Z
accionrealizada|f0t2|agregarcafe|agregarcafe|2014-05-14T14:40:34.0000000Z
accionrealizada|f0t3|agregarleche|agregarleche|2014-05-14T14:40:38.0000000Z
accionrealizada|f0t4|agregarazucar|agregarazucar|2014-05-14T14:40:40.0000000Z
accionrealizada|f0t7|tomarCafe|tomarCafe|2014-05-14T14:42:07.0000000Z
accionrealizada|f0t7|tomarCafe|tomarCafe|2014-05-14T14:42:10.0000000Z
