accionrealizada|f0t1|entregarTaza|entregarTaza|2014-05-12T22:24:33.0000000Z
accionrealizada|f0t1|entregarTaza|entregarTaza|2014-05-12T22:24:51.0000000Z
accionrealizada|f0t1|entregarTaza|entregarTaza|2014-05-12T22:25:51.0000000Z
accionrealizada|f0t1|entregarTaza|entregarTaza|2014-05-12T22:25:54.0000000Z
accionrealizada|f0t1|entregarTaza|entregarTaza|2014-05-12T22:28:06.0000000Z
accionrealizada|f0t1|entregarTaza|entregarTaza|2014-05-12T22:28:20.0000000Z
accionrealizada|f0t1|entregarTaza|entregarTaza|2014-05-12T22:28:50.0000000Z
accionrealizada|f0t2|agregarcafe|agregarcafe|2014-05-12T22:29:03.0000000Z
accionrealizada|f0t3|agregarleche|agregarleche|2014-05-12T22:29:06.0000000Z
accionrealizada|f0t1|entregarTaza|entregarTaza|2014-05-12T22:29:17.0000000Z
accionrealizada|f0t1|entregarTaza|entregarTaza|2014-05-12T22:29:22.0000000Z
accionrealizada|f0t1|entregarTaza|entregarTaza|2014-05-12T22:29:39.0000000Z
accionrealizada|f0t1|entregarTaza|entregarTaza|2014-05-12T22:30:20.0000000Z
accionrealizada|f0t1|entregarTaza|entregarTaza|2014-05-12T22:30:29.0000000Z
accionrealizada|f0t2|agregarcafe|agregarcafe|2014-05-12T22:30:35.0000000Z
accionrealizada|f0t2|agregarcafe|agregarcafe|2014-05-12T22:30:50.0000000Z
accionrealizada|f0t3|agregarleche|agregarleche|2014-05-12T22:30:53.0000000Z
accionrealizada|f0t4|agregarazucar|agregarazucar|2014-05-12T22:30:55.0000000Z
accionrealizada|f0t1|entregarTaza|entregarTaza|2014-05-12T22:30:58.0000000Z
accionrealizada|f0t2|agregarcafe|agregarcafe|2014-05-12T22:31:20.0000000Z
accionrealizada|f0t3|agregarleche|agregarleche|2014-05-12T22:31:24.0000000Z
accionrealizada|f0t1|entregarTaza|entregarTaza|2014-05-12T22:31:32.0000000Z
accionrealizada|f0t1|entregarTaza|entregarTaza|2014-05-12T22:31:37.0000000Z
accionrealizada|f0t2|agregarcafe|agregarcafe|2014-05-12T22:32:04.0000000Z
accionrealizada|f0t2|agregarcafe|agregarcafe|2014-05-12T22:34:28.0000000Z
accionrealizada|f0t2|agregarcafe|agregarcafe|2014-05-14T14:29:54.0000000Z
accionrealizada|f0t2|agregarcafe|agregarcafe|2014-05-14T14:30:04.0000000Z
accionrealizada|f0t3|agregarleche|agregarleche|2014-05-14T14:30:11.0000000Z
accionrealizada|f0t1|entregarTaza|entregarTaza|2014-05-14T14:30:32.0000000Z
accionrealizada|f0t1|entregarTaza|entregarTaza|2014-05-14T14:30:52.0000000Z
accionrealizada|f0t1|entregarTaza|entregarTaza|2014-05-14T14:32:08.0000000Z
accionrealizada|f0t2|agregarcafe|agregarcafe|2014-05-14T14:32:13.0000000Z
accionrealizada|f0t7|tomarCafe|tomarCafe|2014-05-14T14:35:24.0000000Z
accionrealizada|f0t7|tomarCafe|tomarCafe|2014-05-14T14:35:27.0000000Z
accionrealizada|f0t7|tomarCafe|tomarCafe|2014-05-14T14:35:30.0000000Z
accionrealizada|f0t7|tomarCafe|tomarCafe|2014-05-14T14:35:38.0000000Z
accionrealizada|f0t7|tomarCafe|tomarCafe|2014-05-14T14:35:41.0000000Z
