accionnoencontrada| |sentarse| |2014-05-14T15:21:02.0000000Z
accionnoencontrada| |entregarTaza| |2014-05-14T15:21:24.0000000Z
accionnoencontrada| |entregarTaza| |2014-05-14T15:21:57.0000000Z
accionnoencontrada| |entregarTaza| |2014-05-14T15:22:01.0000000Z
accionnoencontrada| |entregarTaza| |2014-05-14T15:22:16.0000000Z
accionnoencontrada| |entregarTaza| |2014-05-14T15:22:38.0000000Z
accionnoencontrada| |agregarcafe| |2014-05-14T15:24:04.0000000Z
accionnoencontrada| |agregarcafe| |2014-05-14T15:25:14.0000000Z
dependenciabloq|f0t2|agregarcafe|f0t1|2014-05-14T15:36:16.0000000Z
dependenciabloq|f0t2|agregarcafe|f0t1|2014-05-14T15:36:30.0000000Z
accionrealizada|f0t1|entregarTaza|entregarTaza|2014-05-14T15:37:37.0000000Z
accionrealizada|f0t1|entregarTaza|entregarTaza|2014-05-14T15:37:43.0000000Z
accionrealizada|f0t1|entregarTaza|entregarTaza|2014-05-14T15:37:49.0000000Z
accionrealizada|f0t1|entregarTaza|entregarTaza|2014-05-14T15:37:52.0000000Z
accionrealizada|f0t1|entregarTaza|entregarTaza|2014-05-14T15:38:42.0000000Z
accionrealizada|f0t1|entregarTaza|entregarTaza|2014-05-14T15:38:56.0000000Z
accionrealizada|f0t1|entregarTaza|entregarTaza|2014-05-14T15:38:58.0000000Z
accionrealizada|f0t1|entregarTaza|entregarTaza|2014-05-14T15:39:15.0000000Z
accionrealizada|f0t1|entregarTaza|entregarTaza|2014-05-14T15:39:44.0000000Z
accionrealizada|f0t1|entregarTaza|entregarTaza|2014-05-14T15:39:48.0000000Z
accionrealizada|f0t1|entregarTaza|entregarTaza|2014-05-14T15:39:53.0000000Z
accionrealizada|f0t2|agregarcafe|agregarcafe|2014-05-14T15:45:46.0000000Z
accionrealizada|f0t3|agregarleche|agregarleche|2014-05-14T15:46:01.0000000Z
accionrealizada|f0t1|entregarTaza|entregarTaza|2014-05-14T15:49:14.0000000Z
accionrealizada|f0t1|entregarTaza|entregarTaza|2014-05-14T15:49:18.0000000Z
accionrealizada|f0t1|entregarTaza|entregarTaza|2014-05-14T15:52:36.0000000Z
accionrealizada|f0t1|entregarTaza|entregarTaza|2014-05-14T15:53:24.0000000Z
accionrealizada|f0t2|agregarcafe|agregarcafe|2014-05-14T15:59:09.0000000Z
accionrealizada|f0t2|agregarcafe|agregarcafe|2014-05-14T15:59:13.0000000Z
accionrealizada|f0t3|agregarleche|agregarleche|2014-05-14T15:59:17.0000000Z
accionrealizada|f0t4|agregarazucar|agregarazucar|2014-05-14T15:59:21.0000000Z
accionrealizada|f0t2|agregarcafe|agregarcafe|2014-05-14T15:59:50.0000000Z
accionrealizada|f0t3|agregarleche|agregarleche|2014-05-14T15:59:55.0000000Z
accionrealizada|f0t4|agregarazucar|agregarazucar|2014-05-14T15:59:58.0000000Z
dependenciabloq|f0t6|sentarse|f0t5|2014-05-16T13:30:33.0000000Z
accionrealizada|f0t7|tomarCafe|tomarCafe|2014-05-16T13:31:50.0000000Z
