f0crearLog|crearLog| | | |2015-06-17T08:48:34.0000000Z
f0t1|entregarbata| | | |2015-06-17T08:48:59.0000000Z
f0t2|bloquearpoyata| | | |2015-06-17T08:49:35.0000000Z
f0t3|leerfundamentos| | | |2015-06-17T08:50:47.0000000Z
f0t5|releerfundamentos| | | |2015-06-17T08:51:21.0000000Z
f0t4|leerprotocolo| | | |2015-06-17T08:51:29.0000000Z
f0t6|releerprotocolo| | | |2015-06-17T08:51:49.0000000Z
f0t6|releerprotocolo| | | |2015-06-17T08:52:25.0000000Z
f0t6|releerprotocolo| | | |2015-06-17T08:53:26.0000000Z
f0t6|releerprotocolo| | | |2015-06-17T08:53:29.0000000Z
f0t6|releerprotocolo| | | |2015-06-17T08:53:29.0000000Z
f0t6|releerprotocolo| | | |2015-06-17T08:53:38.0000000Z
f0t6|releerprotocolo| | | |2015-06-17T08:53:39.0000000Z
f0t6|releerprotocolo| | | |2015-06-17T08:53:39.0000000Z
f0t6|releerprotocolo| | | |2015-06-17T08:53:41.0000000Z
f0t6|releerprotocolo| | | |2015-06-17T08:53:41.0000000Z
f0t7|lavarsemanos| | | |2015-06-17T08:54:33.0000000Z
f0t8|entregarguantes| | | |2015-06-17T08:54:44.0000000Z
f1t1|entregarvaso| | | |2015-06-17T08:56:41.0000000Z
f1t4|soltarvasofregadero| | | |2015-06-17T08:59:10.0000000Z
f1t5|bloquearfregadero| | | |2015-06-17T08:59:15.0000000Z
f1t6|llenarvasoconagua| | | |2015-06-17T08:59:16.0000000Z
f1t7|desbloquearfregadero| | | |2015-06-17T08:59:33.0000000Z
f1t8|soltarvasoagitador| | | |2015-06-17T09:00:07.0000000Z
f1t9|bloquearagitador| | | |2015-06-17T09:00:11.0000000Z
f1t10|bloquearphmetro| | | |2015-06-17T09:00:12.0000000Z
f1t11|encenderagitador| | | |2015-06-17T09:00:21.0000000Z
f1t3|releerprotocolo| | | |2015-06-17T09:00:46.0000000Z
f1t12|agregarmys| | | |2015-06-17T09:01:52.0000000Z
f1t13|agregarsacarosa| | | |2015-06-17T09:01:59.0000000Z
f1t14|ajustarph| | | |2015-06-17T09:02:20.0000000Z
f1t15|desbloquearphmetro| | | |2015-06-17T09:02:26.0000000Z
f1t20|apagaragitador| | f1t16| |2015-06-17T09:02:32.0000000Z
f1t21|entregarbotella| | | |2015-06-17T09:02:58.0000000Z
f1t22|soltarbotellaagitador| | | |2015-06-17T09:03:18.0000000Z
f1t23|movermezclaabotella| | | |2015-06-17T09:03:26.0000000Z
f1t24|desbloquearagitador| | | |2015-06-17T09:03:38.0000000Z
f1t34|entregarbandeja| | | |2015-06-17T09:04:43.0000000Z
f1t25|insetarbotellaenautoclave| | | |2015-06-17T09:05:11.0000000Z
f1t26|bloquearautoclave| | | |2015-06-17T09:05:15.0000000Z
f1t27|autoclavar| | | |2015-06-17T09:05:33.0000000Z
f1t28|entregarbotellaautoclavada| | | |2015-06-17T09:06:29.0000000Z
f1t29|enfriarbotella| | | |2015-06-17T09:06:39.0000000Z
f1t30|encendercabina| | | |2015-06-17T09:08:47.0000000Z
f1t31|contartiempocabina| | | |2015-06-17T09:08:48.0000000Z
f1t32|soltarbotellacabina| | | |2015-06-17T09:09:23.0000000Z
f1t33|agregariaa| | | |2015-06-17T09:11:56.0000000Z
f1t35|soltarbandeja| | | |2015-06-17T09:15:31.0000000Z
f1t36|llenarbotes| | | |2015-06-17T09:15:37.0000000Z
f1t37|esterilizar| | | |2015-06-17T09:15:58.0000000Z
f1t38|entregarchopo| | | |2015-06-17T09:17:12.0000000Z
f1t39|soltarchopocabina| | | |2015-06-17T09:18:40.0000000Z
f1t40|cortarplanta| | | |2015-06-17T09:18:55.0000000Z
f1t41|adjuntarbandeja| | | |2015-06-17T09:19:00.0000000Z
f1t42|apagarcabina| | | |2015-06-17T09:19:18.0000000Z
f1t44|bloquearbasefitotron| | | |2015-06-17T09:20:04.0000000Z
f1t43|soltarbandcrecimiento| | | |2015-06-17T09:20:08.0000000Z
f1t45|crecerchopo| | | |2015-06-17T09:20:26.0000000Z
f1t46|fincrecimiento| | | |2015-06-17T09:21:21.0000000Z
f1t3|releerprotocolo| | | |2015-06-17T09:22:39.0000000Z
f1t3|releerprotocolo| | | |2015-06-17T09:22:44.0000000Z
f1t3|releerprotocolo| | | |2015-06-17T09:22:44.0000000Z
f1t3|releerprotocolo| | | |2015-06-17T09:22:53.0000000Z
f1t3|releerprotocolo| | | |2015-06-17T09:22:54.0000000Z
f1t3|releerprotocolo| | | |2015-06-17T09:22:54.0000000Z
f1t2|releerfundamentos| | | |2015-06-17T09:22:55.0000000Z
f1t2|releerfundamentos| | | |2015-06-17T09:22:55.0000000Z
f1t2|releerfundamentos| | | |2015-06-17T09:22:58.0000000Z
f1t3|releerprotocolo| | | |2015-06-17T09:23:31.0000000Z
f1t3|releerprotocolo| | | |2015-06-17T09:23:33.0000000Z
f1t3|releerprotocolo| | | |2015-06-17T09:23:34.0000000Z
f2t1|encenderpcr| | | |2015-06-17T09:26:14.0000000Z
f2t4|calentartermobloque| | | |2015-06-17T09:26:15.0000000Z
f2t5|entregarbandejahielo| | | |2015-06-17T09:26:33.0000000Z
f2t14|tomaraguadestilada| | | |2015-06-17T09:27:42.0000000Z
f2t22|tomartampote| | | |2015-06-17T09:27:47.0000000Z
f2t3|releerprotocolo| | | |2015-06-17T09:30:01.0000000Z
f2t3|releerprotocolo| | | |2015-06-17T09:30:01.0000000Z
f2t3|releerprotocolo| | | |2015-06-17T09:30:05.0000000Z
f2t10|tomartamponpolimerasa| | | |2015-06-17T09:32:28.0000000Z
f2t9|tomaroligonucleicoder| | | |2015-06-17T09:32:37.0000000Z
f2t8|tomaroligonucleicoizq| | | |2015-06-17T09:32:46.0000000Z
f2t11|tomarmgcl| | | |2015-06-17T09:33:08.0000000Z
f2t7|tomaradn| | | |2015-06-17T09:33:37.0000000Z
f2t3|releerprotocolo| | | |2015-06-17T09:34:51.0000000Z
f2t3|releerprotocolo| | | |2015-06-17T09:35:02.0000000Z
f2t3|releerprotocolo| | | |2015-06-17T09:35:09.0000000Z
f2t2|releerfundamentos| | | |2015-06-17T09:35:10.0000000Z
f2t3|releerprotocolo| | | |2015-06-17T09:35:12.0000000Z
f2t3|releerprotocolo| | | |2015-06-17T09:35:14.0000000Z
f2t3|releerprotocolo| | | |2015-06-17T09:35:14.0000000Z
f2t3|releerprotocolo| | | |2015-06-17T09:35:16.0000000Z
f2t25|soltarbandejapoyataprimeravez| | | |2015-06-17T09:35:26.0000000Z
f2t3|releerprotocolo| | | |2015-06-17T09:35:36.0000000Z
f2t3|releerprotocolo| | | |2015-06-17T09:35:37.0000000Z
f2t3|releerprotocolo| | | |2015-06-17T09:35:37.0000000Z
f2t2|releerfundamentos| | | |2015-06-17T09:35:40.0000000Z
f2t2|releerfundamentos| | | |2015-06-17T09:35:40.0000000Z
f2t3|releerprotocolo| | | |2015-06-17T09:35:41.0000000Z
f2t3|releerprotocolo| | | |2015-06-17T09:35:42.0000000Z
f2t3|releerprotocolo| | | |2015-06-17T09:35:43.0000000Z
f2t2|releerfundamentos| | | |2015-06-17T09:35:49.0000000Z
f2t3|releerprotocolo| | | |2015-06-17T09:35:51.0000000Z
f2t3|releerprotocolo| | | |2015-06-17T09:35:52.0000000Z
f2t3|releerprotocolo| | | |2015-06-17T09:35:53.0000000Z
f2t3|releerprotocolo| | | |2015-06-17T09:35:54.0000000Z
f2t3|releerprotocolo| | | |2015-06-17T09:35:55.0000000Z
f2t3|releerprotocolo| | | |2015-06-17T09:36:08.0000000Z
f2t3|releerprotocolo| | | |2015-06-17T09:36:11.0000000Z
f2t3|releerprotocolo| | | |2015-06-17T09:36:12.0000000Z
f2t2|releerfundamentos| | | |2015-06-17T09:36:16.0000000Z
f2t2|releerfundamentos| | | |2015-06-17T09:36:17.0000000Z
f2t3|releerprotocolo| | | |2015-06-17T09:36:21.0000000Z
f2t3|releerprotocolo| | | |2015-06-17T09:36:37.0000000Z
f2t2|releerfundamentos| | | |2015-06-17T09:36:39.0000000Z
f2t3|releerprotocolo| | | |2015-06-17T09:36:41.0000000Z
f2t3|releerprotocolo| | | |2015-06-17T09:36:43.0000000Z
f2t3|releerprotocolo| | | |2015-06-17T09:36:44.0000000Z
f2t3|releerprotocolo| | | |2015-06-17T09:36:45.0000000Z
f2t3|releerprotocolo| | | |2015-06-17T09:37:10.0000000Z
f2t3|releerprotocolo| | | |2015-06-17T09:37:12.0000000Z
f2t3|releerprotocolo| | | |2015-06-17T09:37:13.0000000Z
f2t3|releerprotocolo| | | |2015-06-17T09:37:14.0000000Z
f2t27|entregarboteeppendorf| | | |2015-06-17T09:44:30.0000000Z
f2t28|soltarboteeppendorf| | | |2015-06-17T09:45:18.0000000Z
f2t29|sacartuboeppendorf| | | |2015-06-17T09:45:34.0000000Z
f2t30|entregarpipetaamarilla| | | |2015-06-17T09:49:10.0000000Z
f2t32|cargarpuntaamarilla| | | |2015-06-17T09:49:32.0000000Z
f2t34|agregaradn| | | |2015-06-17T09:50:03.0000000Z
f2t36|agregaroligonucleicoder| | | |2015-06-17T09:50:21.0000000Z
f2t35|agregaroligonucleicoizq| | | |2015-06-17T09:50:42.0000000Z
f2t12|tomardntp| | | |2015-06-17T09:51:30.0000000Z
f2t3|releerprotocolo| | | |2015-06-17T09:51:57.0000000Z
f2t3|releerprotocolo| | | |2015-06-17T09:52:00.0000000Z
f2t3|releerprotocolo| | | |2015-06-17T09:52:01.0000000Z
f2t39|agregardntp| | | |2015-06-17T09:53:49.0000000Z
f2t37|agregartamponpolimerasa| | | |2015-06-17T09:54:01.0000000Z
f2t41|agregaraguadestilada| | | |2015-06-17T09:54:15.0000000Z
f2t3|releerprotocolo| | | |2015-06-17T09:54:49.0000000Z
f2t3|releerprotocolo| | | |2015-06-17T09:54:50.0000000Z
f2t13|tomarpolimerasa| | | |2015-06-17T09:58:00.0000000Z
f2t26|soltarbandejapoyata| | | |2015-06-17T09:58:45.0000000Z
f2t33|iniciarmezcla| | | |2015-06-17T09:59:02.0000000Z
f2t40|agregarpolimerasa| | | |2015-06-17T09:59:21.0000000Z
f2t52|finmezcla| |f2t38| |2015-06-17T09:59:46.0000000Z
f2t53|soltarpipetaamarilla| | | |2015-06-17T10:01:02.0000000Z
f2t54|entregartubomezcla| | | |2015-06-17T10:01:22.0000000Z
f2t55|abrirpcr| | | |2015-06-17T10:01:50.0000000Z
f2t56|soltarmezcla| | | |2015-06-17T10:02:04.0000000Z
f2t57|cerrarpcr| | | |2015-06-17T10:02:19.0000000Z
f2t58|amplificarfragmento| | | |2015-06-17T10:02:37.0000000Z
f2t59|entregarmezclapcr| | | |2015-06-17T10:03:13.0000000Z
f2t60|guardarpcr| | | |2015-06-17T10:03:52.0000000Z
f2t61|soltartubonevera| | | |2015-06-17T10:04:09.0000000Z
f3t1|encendertermobloque| | | |2015-06-17T10:04:43.0000000Z
f3t4|calentartermobloque| | | |2015-06-17T10:04:44.0000000Z
f3t2|releerfundamentos| | | |2015-06-17T10:05:06.0000000Z
f3t2|releerfundamentos| | | |2015-06-17T10:05:15.0000000Z
f3t2|releerfundamentos| | | |2015-06-17T10:05:30.0000000Z
f3t2|releerfundamentos| | | |2015-06-17T10:05:33.0000000Z
f3t2|releerfundamentos| | | |2015-06-17T10:05:35.0000000Z
f3t3|releerprotocolo| | | |2015-06-17T10:07:02.0000000Z
f3t3|releerprotocolo| | | |2015-06-17T10:07:04.0000000Z
f3t3|releerprotocolo| | | |2015-06-17T10:07:06.0000000Z
f3t3|releerprotocolo| | | |2015-06-17T10:07:07.0000000Z
f3t3|releerprotocolo| | | |2015-06-17T10:08:36.0000000Z
f3t3|releerprotocolo| | | |2015-06-17T10:08:38.0000000Z
f3t3|releerprotocolo| | | |2015-06-17T10:08:40.0000000Z
f3t3|releerprotocolo| | | |2015-06-17T10:08:41.0000000Z
f3t3|releerprotocolo| | | |2015-06-17T10:08:47.0000000Z
f3t3|releerprotocolo| | | |2015-06-17T10:08:53.0000000Z
f3t3|releerprotocolo| | | |2015-06-17T10:08:54.0000000Z
f3t3|releerprotocolo| | | |2015-06-17T10:09:08.0000000Z
f3t3|releerprotocolo| | | |2015-06-17T10:09:41.0000000Z
f3t3|releerprotocolo| | | |2015-06-17T10:09:43.0000000Z
f3t3|releerprotocolo| | | |2015-06-17T10:09:45.0000000Z
f3t3|releerprotocolo| | | |2015-06-17T10:09:47.0000000Z
f3t3|releerprotocolo| | | |2015-06-17T10:09:50.0000000Z
f3t3|releerprotocolo| | | |2015-06-17T10:09:52.0000000Z
f3t3|releerprotocolo| | | |2015-06-17T10:09:54.0000000Z
f3t3|releerprotocolo| | | |2015-06-17T10:10:23.0000000Z
f3t3|releerprotocolo| | | |2015-06-17T10:10:53.0000000Z
f3t3|releerprotocolo| | | |2015-06-17T10:10:55.0000000Z
f3t3|releerprotocolo| | | |2015-06-17T10:10:57.0000000Z
f3t5|entregarbandejahielo| | | |2015-06-17T10:12:20.0000000Z
f3t3|releerprotocolo| | | |2015-06-17T10:14:46.0000000Z
f3t3|releerprotocolo| | | |2015-06-17T10:14:53.0000000Z
f3t3|releerprotocolo| | | |2015-06-17T10:14:55.0000000Z
f3t11|tomaraguadestilada| | | |2015-06-17T10:16:06.0000000Z
f3t9|tomartamponligasa| | | |2015-06-17T10:16:24.0000000Z
f3t10|tomarenzimaligasa| | | |2015-06-17T10:16:41.0000000Z
f3t7|tomaradnplasmidico| | | |2015-06-17T10:16:58.0000000Z
f3t8|tomarmezclapcr| | | |2015-06-17T10:17:40.0000000Z
f3t26|soltarbandejapoyataprimeravez| | | |2015-06-17T10:18:11.0000000Z
f3t28|sacartuboligacion| | | |2015-06-17T10:18:25.0000000Z
f3t29|entregarpipetaamarilla| | | |2015-06-17T10:19:59.0000000Z
f3t31|cargarpuntaamarilla| | | |2015-06-17T10:21:22.0000000Z
f3t33|agregaradnplasmidico| | | |2015-06-17T10:21:56.0000000Z
f3t35|agregartamponligasa| | | |2015-06-17T10:22:14.0000000Z
f3t36|agregarenzimaligasa| | | |2015-06-17T10:22:34.0000000Z
f3t37|agregaraguadestilada| | | |2015-06-17T10:22:46.0000000Z
f3t18|tomarplasmido35s| | | |2015-06-17T10:24:27.0000000Z
f3t15|tomarmgcl| | | |2015-06-17T10:24:55.0000000Z
f3t27|soltarbandejapoyata| | | |2015-06-17T10:26:18.0000000Z
f3t32|iniciarmezcla| | | |2015-06-17T10:26:28.0000000Z
f3t43|agregarplasmido35s| | | |2015-06-17T10:26:48.0000000Z
f3t52|finmezcla| |f3t34|f3t43|2015-06-17T10:27:21.0000000Z
f3t53|soltarpipetaamarilla| | | |2015-06-17T10:28:33.0000000Z
f3t54|entregartubomezcla| | | |2015-06-17T10:28:59.0000000Z
f3t55|abrirtermobloque| | | |2015-06-17T10:32:33.0000000Z
f3t56|soltarmezcla| | | |2015-06-17T10:32:53.0000000Z
f3t57|cerrartermobloque| | | |2015-06-17T10:33:26.0000000Z
f3t58|amplificarfragmento| | | |2015-06-17T10:34:06.0000000Z
f3t59|entregarmezclaligacion| | | |2015-06-17T10:34:30.0000000Z
f3t60|guardarligacion| | | |2015-06-17T10:36:23.0000000Z
f3t61|soltartubonevera| | | |2015-06-17T10:36:53.0000000Z