f0crearLog|crearLog| | | |2014-06-09T16:55:38.0000000Z
f0t1|entregarbata| | | |2014-06-09T16:56:16.0000000Z
f0t2|bloquearpoyata| | | |2014-06-09T16:57:24.0000000Z
f0t3|leerfundamentos| | | |2014-06-09T16:58:16.0000000Z
f0t4|leerprotocolo| | | |2014-06-09T17:08:27.0000000Z
f0t7|lavarsemanos| | | |2014-06-09T17:10:12.0000000Z
f0t8|entregarguantes| | | |2014-06-09T17:10:25.0000000Z
f1t1|entregarvaso| | | |2014-06-09T17:11:17.0000000Z
f1t4|soltarvasofregadero| | | |2014-06-09T17:11:58.0000000Z
f1t5|bloquearfregadero| | | |2014-06-09T17:12:02.0000000Z
f1t6|llenarvasoconagua| | | |2014-06-09T17:12:04.0000000Z
f1t7|desbloquearfregadero| | | |2014-06-09T17:12:23.0000000Z
f1t8|soltarvasoagitador| | | |2014-06-09T17:12:48.0000000Z
f1t9|bloquearagitador| | | |2014-06-09T17:12:53.0000000Z
f1t10|bloquearphmetro| | | |2014-06-09T17:12:54.0000000Z
f1t3|releerprotocolo| | | |2014-06-09T17:13:12.0000000Z
f1t3|releerprotocolo| | | |2014-06-09T17:13:12.0000000Z
f1t11|encenderagitador| | | |2014-06-09T17:14:07.0000000Z
f1t3|releerprotocolo| | | |2014-06-09T17:14:28.0000000Z
f1t12|agregarmys| | | |2014-06-09T17:15:52.0000000Z
f1t13|agregarsacarosa| | | |2014-06-09T17:15:58.0000000Z
f1t14|ajustarph| | | |2014-06-09T17:16:18.0000000Z
f1t15|desbloquearphmetro| | | |2014-06-09T17:16:18.0000000Z
f1t16|agregaragar| | | |2014-06-09T17:22:30.0000000Z
f1t20|apagaragitador| | | |2014-06-09T17:22:49.0000000Z
f1t21|entregarbotella| | | |2014-06-09T17:23:17.0000000Z
f1t22|soltarbotellaagitador| | | |2014-06-09T17:24:10.0000000Z
f1t23|movermezclaabotella| | | |2014-06-09T17:24:17.0000000Z
f1t24|desbloquearagitador| | | |2014-06-09T17:24:26.0000000Z
f1t3|releerprotocolo| | | |2014-06-09T17:25:52.0000000Z
f1t3|releerprotocolo| | | |2014-06-09T17:26:27.0000000Z
f1t25|insetarbotellaenautoclave| | | |2014-06-09T17:30:22.0000000Z
f1t26|bloquearautoclave| | | |2014-06-09T17:30:26.0000000Z
f1t27|autoclavar| | | |2014-06-09T17:30:31.0000000Z
f1t30|encendercabina| | | |2014-06-09T17:31:06.0000000Z
f1t31|contartiempocabina| | | |2014-06-09T17:31:07.0000000Z
f1t28|entregarbotellaautoclavada| | | |2014-06-09T17:31:40.0000000Z
f1t29|enfriarbotella| | | |2014-06-09T17:31:41.0000000Z
f1t32|soltarbotellacabina| | | |2014-06-09T17:32:30.0000000Z
f1t33|agregariaa| | | |2014-06-09T17:33:09.0000000Z
f1t34|entregarbandeja| | | |2014-06-09T17:33:42.0000000Z
f1t35|soltarbandeja| | | |2014-06-09T17:34:18.0000000Z
f1t36|llenarbotes| | | |2014-06-09T17:34:30.0000000Z
f1t37|esterilizar| | | |2014-06-09T17:34:47.0000000Z
f1t38|entregarchopo| | | |2014-06-09T17:35:27.0000000Z
f1t39|soltarchopocabina| | | |2014-06-09T17:36:11.0000000Z
f1t40|cortarplanta| | | |2014-06-09T17:36:26.0000000Z
f1t41|adjuntarbandeja| | | |2014-06-09T17:36:37.0000000Z
f1t42|apagarcabina| | | |2014-06-09T17:36:53.0000000Z
f1t44|bloquearbasefitotron| | | |2014-06-09T17:37:31.0000000Z
f1t43|soltarbandcrecimiento| | | |2014-06-09T17:37:35.0000000Z
f1t45|crecerchopo| | | |2014-06-09T17:38:24.0000000Z
f1t46|fincrecimiento| | | |2014-06-09T17:39:43.0000000Z
f1t3|releerprotocolo| | | |2014-06-09T17:40:22.0000000Z
f1t3|releerprotocolo| | | |2014-06-09T17:41:10.0000000Z
f1t3|releerprotocolo| | | |2014-06-09T17:41:34.0000000Z
f2t1|encenderpcr| | | |2014-06-09T17:44:57.0000000Z
f2t4|calentartermobloque| | | |2014-06-09T17:44:58.0000000Z
f2t5|entregarbandejahielo| | | |2014-06-09T17:45:12.0000000Z
f2t7|tomaradn| | | |2014-06-09T17:46:16.0000000Z
f2t9|tomaroligonucleicoder| | | |2014-06-09T17:46:32.0000000Z
f2t8|tomaroligonucleicoizq| | | |2014-06-09T17:46:44.0000000Z
f2t3|releerprotocolo| | | |2014-06-09T17:47:08.0000000Z
f2t10|tomartamponpolimerasa| | | |2014-06-09T17:47:31.0000000Z
f2t11|tomarmgcl| | | |2014-06-09T17:47:51.0000000Z
f2t12|tomardntp| | | |2014-06-09T17:48:03.0000000Z
f2t13|tomarpolimerasa| | | |2014-06-09T17:49:54.0000000Z
f2t14|tomaraguadestilada| | | |2014-06-09T17:50:28.0000000Z
f2t26|soltarbandejapoyata| | | |2014-06-09T17:50:40.0000000Z
f2t25|soltarbandejapoyataprimeravez| | | |2014-06-09T17:50:45.0000000Z
f2t27|entregarboteeppendorf| | | |2014-06-09T17:51:15.0000000Z
f2t28|soltarboteeppendorf| | | |2014-06-09T17:51:48.0000000Z
f2t29|sacartuboeppendorf| | | |2014-06-09T17:51:59.0000000Z
f2t30|entregarpipetaamarilla| | | |2014-06-09T17:52:08.0000000Z
f2t32|cargarpuntaamarilla| | | |2014-06-09T17:52:42.0000000Z
f2t33|iniciarmezcla| | | |2014-06-09T17:53:01.0000000Z
f2t3|releerprotocolo| | | |2014-06-09T17:53:10.0000000Z
f2t34|agregaradn| | | |2014-06-09T17:53:19.0000000Z
f2t36|agregaroligonucleicoder| | | |2014-06-09T17:53:39.0000000Z
f2t35|agregaroligonucleicoizq| | | |2014-06-09T17:53:49.0000000Z
f2t37|agregartamponpolimerasa| | | |2014-06-09T17:53:57.0000000Z
f2t38|agregarmgcl| | | |2014-06-09T17:54:03.0000000Z
f2t39|agregardntp| | | |2014-06-09T17:54:10.0000000Z
f2t40|agregarpolimerasa| | | |2014-06-09T17:54:17.0000000Z
f2t41|agregaraguadestilada| | | |2014-06-09T17:54:29.0000000Z
f2t52|finmezcla| | | |2014-06-09T17:54:48.0000000Z
f2t53|soltarpipetaamarilla| | | |2014-06-09T17:54:59.0000000Z
f2t54|entregartubomezcla| | | |2014-06-09T17:55:10.0000000Z
f2t55|abrirpcr| | | |2014-06-09T17:55:38.0000000Z
f2t56|soltarmezcla| | | |2014-06-09T17:55:49.0000000Z
f2t57|cerrarpcr| | | |2014-06-09T17:56:00.0000000Z
f2t58|amplificarfragmento| | | |2014-06-09T17:56:08.0000000Z
f2t59|entregarmezclapcr| | | |2014-06-09T17:56:54.0000000Z
f2t60|guardarpcr| | | |2014-06-09T17:57:31.0000000Z
f2t61|soltartubonevera| | | |2014-06-09T17:57:50.0000000Z
f3t1|encendertermobloque| | | |2014-06-09T17:58:15.0000000Z
f3t4|calentartermobloque| | | |2014-06-09T17:58:16.0000000Z
f3t3|releerprotocolo| | | |2014-06-09T17:58:26.0000000Z
f3t2|releerfundamentos| | | |2014-06-09T18:00:03.0000000Z
f3t5|entregarbandejahielo| | | |2014-06-09T18:01:11.0000000Z
f3t7|tomaradnplasmidico| | | |2014-06-09T18:02:17.0000000Z
f3t8|tomarmezclapcr| | | |2014-06-09T18:03:08.0000000Z
f3t9|tomartamponligasa| | | |2014-06-09T18:04:16.0000000Z
f3t10|tomarenzimaligasa| | | |2014-06-09T18:04:27.0000000Z
f3t11|tomaraguadestilada| | | |2014-06-09T18:04:39.0000000Z
f3t27|soltarbandejapoyata| | | |2014-06-09T18:05:04.0000000Z
f3t26|soltarbandejapoyataprimeravez| | | |2014-06-09T18:05:09.0000000Z
f3t28|sacartuboligacion| | | |2014-06-09T18:05:23.0000000Z
f3t29|entregarpipetaamarilla| | | |2014-06-09T18:05:35.0000000Z
f3t31|cargarpuntaamarilla| | | |2014-06-09T18:05:58.0000000Z
f3t32|iniciarmezcla| | | |2014-06-09T18:06:13.0000000Z
f3t33|agregaradnplasmidico| | | |2014-06-09T18:06:27.0000000Z
f3t34|agregarmezclapcr| | | |2014-06-09T18:06:37.0000000Z
f3t35|agregartamponligasa| | | |2014-06-09T18:06:44.0000000Z
f3t36|agregarenzimaligasa| | | |2014-06-09T18:06:53.0000000Z
f3t37|agregaraguadestilada| | | |2014-06-09T18:07:01.0000000Z
f3t52|finmezcla| | | |2014-06-09T18:07:32.0000000Z
f3t53|soltarpipetaamarilla| | | |2014-06-09T18:07:52.0000000Z
f3t54|entregartubomezcla| | | |2014-06-09T18:08:03.0000000Z
f3t55|abrirtermobloque| | | |2014-06-09T18:08:30.0000000Z
f3t56|soltarmezcla| | | |2014-06-09T18:08:41.0000000Z
f3t57|cerrartermobloque| | | |2014-06-09T18:08:47.0000000Z

f3t58|amplificarfragmento| | | |2014-06-09T18:09:07.0000000Z
f3t59|entregarmezclaligacion| | | |2014-06-09T18:09:24.0000000Z
f3t60|guardarligacion| | | |2014-06-09T18:09:51.0000000Z
f3t61|soltartubonevera| | | |2014-06-09T18:10:01.0000000Z
