dependenciabloq|f0t3|leerfundamentos|f0t2|2014-05-23T16:29:28.0000000Z
dependenciabloq|f0t3|leerfundamentos|f0t2|2014-05-23T16:29:31.0000000Z
dependenciabloq|f0t3|leerfundamentos|f0t2|2014-05-23T16:29:55.0000000Z
dependenciabloq|f0t3|leerfundamentos|f0t2|2014-05-23T16:30:15.0000000Z
dependenciabloq|f0t3|leerfundamentos|f0t2|2014-05-23T16:30:27.0000000Z
accionnoencontrada| |lavarsemanos| |2014-05-23T16:35:08.0000000Z
accionrealizada|f1t12|agregarmys|agregarmys|2014-05-23T16:40:18.0000000Z
dependenciasnobloq|f1t20|apagaragitador| f1t16|2014-05-23T16:40:47.0000000Z
accionrealizada|f1t40|cortarplanta|cortarplanta|2014-05-23T16:53:27.0000000Z
dependenciabloq|f2t6|adjuntarbandejahielo|f2t5|2014-05-23T17:14:52.0000000Z
dependenciabloq|f2t9|tomaroligonucleicoder|f2t6|2014-05-23T17:20:24.0000000Z
dependenciabloq|f2t6|adjuntarbandejahielo|f2t5|2014-05-23T17:20:53.0000000Z
dependenciabloq|f2t6|adjuntarbandejahielo|f2t5|2014-05-23T17:21:14.0000000Z
dependenciabloq|f2t9|tomaroligonucleicoder|f2t6|2014-05-23T17:21:31.0000000Z
accionrealizada|f2t32|cargarpuntaamarilla|cargarpuntaamarilla|2014-05-23T17:30:04.0000000Z
accionrealizada|f2t32|cargarpuntaamarilla|cargarpuntaamarilla|2014-05-23T17:30:09.0000000Z
accionrealizada|f2t32|cargarpuntaamarilla|cargarpuntaamarilla|2014-05-23T17:30:12.0000000Z
accionrealizada|f2t32|cargarpuntaamarilla|cargarpuntaamarilla|2014-05-23T17:30:15.0000000Z
accionrealizada|f2t32|cargarpuntaamarilla|cargarpuntaamarilla|2014-05-23T17:30:19.0000000Z
accionrealizada|f2t33|iniciarmezcla|iniciarmezcla|2014-05-23T17:30:38.0000000Z
accionrealizada|f2t57|cerrarpcr|cerrarpcr|2014-05-23T17:33:52.0000000Z
accionrealizada|f3t5|entregarbandejahielo|entregarbandejahielo|2014-05-23T17:39:49.0000000Z
accionrealizada|f3t59|entregarmezclaligacion|entregarmezclaligacion|2014-05-23T18:03:56.0000000Z
