f0crearLog|crearLog| | | |2014-05-29T17:17:45.0000000Z
f0t1|entregarbata| | | |2014-05-29T17:21:10.0000000Z
f0t2|bloquearpoyata| | | |2014-05-29T17:22:43.0000000Z
f0t3|leerfundamentos| | | |2014-05-29T17:26:33.0000000Z
f0t5|releerfundamentos| | | |2014-05-29T17:26:37.0000000Z
f0t4|leerprotocolo| | | |2014-05-29T17:26:45.0000000Z
f0t6|releerprotocolo| | | |2014-05-29T17:27:03.0000000Z
f0t7|lavarsemanos| | | |2014-05-29T17:30:54.0000000Z
f0t8|entregarguantes| | | |2014-05-29T17:31:15.0000000Z
f1t1|entregarvaso| | | |2014-05-29T17:33:19.0000000Z
f1t4|soltarvasofregadero| | | |2014-05-29T17:36:21.0000000Z
f1t5|bloquearfregadero| | | |2014-05-29T17:36:25.0000000Z
f1t6|llenarvasoconagua| | | |2014-05-29T17:36:28.0000000Z
f1t7|desbloquearfregadero| | | |2014-05-29T17:36:46.0000000Z
f1t8|soltarvasoagitador| | | |2014-05-29T17:37:14.0000000Z
f1t9|bloquearagitador| | | |2014-05-29T17:37:18.0000000Z
f1t10|bloquearphmetro| | | |2014-05-29T17:37:19.0000000Z
f1t11|encenderagitador| | | |2014-05-29T17:37:26.0000000Z
f1t16|agregaragar| | f1t12-f1t13-f1t14| |2014-05-29T17:38:23.0000000Z
f1t17|agregarbisacrilamida| | | |2014-05-29T17:38:45.0000000Z
f1t19|agergaretilenglicol| | | |2014-05-29T17:38:51.0000000Z
f1t12|agregarmys| | | |2014-05-29T17:38:56.0000000Z
f1t18|agegarcaseina| | | |2014-05-29T17:39:01.0000000Z
f1t13|agregarsacarosa| | | |2014-05-29T17:39:06.0000000Z
f1t20|apagaragitador| | f1t14-ord_f1t20|f1t17-f1t18-f1t19|2014-05-29T17:39:32.0000000Z
f1t21|entregarbotella| | | |2014-05-29T17:39:58.0000000Z
f1t22|soltarbotellaagitador| | | |2014-05-29T17:40:55.0000000Z
f1t23|movermezclaabotella| | | |2014-05-29T17:41:05.0000000Z
f1t24|desbloquearagitador| | | |2014-05-29T17:41:15.0000000Z
f1t15|desbloquearphmetro| | | |2014-05-29T17:41:16.0000000Z
f1t25|insetarbotellaenautoclave| | | |2014-05-29T17:51:06.0000000Z
f1t26|bloquearautoclave| | | |2014-05-29T17:51:11.0000000Z
f1t27|autoclavar| | | |2014-05-29T17:51:24.0000000Z
f1t28|entregarbotellaautoclavada| | | |2014-05-29T17:52:04.0000000Z
f1t29|enfriarbotella| | | |2014-05-29T17:52:06.0000000Z
f1t30|encendercabina| | | |2014-05-29T18:02:15.0000000Z
f1t31|contartiempocabina| | | |2014-05-29T18:02:16.0000000Z
f1t32|soltarbotellacabina| |f1t31| |2014-05-29T18:02:34.0000000Z
f1t33|agregariaa| | | |2014-05-29T18:03:21.0000000Z
f1t34|entregarbandeja| | | |2014-05-29T18:04:20.0000000Z
f1t35|soltarbandeja| | | |2014-05-29T18:05:49.0000000Z
f1t36|llenarbotes| | | |2014-05-29T18:06:07.0000000Z
f1t37|esterilizar| | | |2014-05-29T18:06:34.0000000Z
f1t38|entregarchopo| | | |2014-05-29T18:07:23.0000000Z
f1t39|soltarchopocabina| | | |2014-05-29T18:08:30.0000000Z
f1t40|cortarplanta| | | |2014-05-29T18:08:47.0000000Z
f1t41|adjuntarbandeja| | | |2014-05-29T18:08:56.0000000Z
f1t42|apagarcabina| | | |2014-05-29T18:09:15.0000000Z
f1t44|bloquearbasefitotron| | | |2014-05-29T18:09:50.0000000Z
f1t43|soltarbandcrecimiento| | | |2014-05-29T18:09:55.0000000Z
f1t45|crecerchopo| | | |2014-05-29T18:11:13.0000000Z
f1t46|fincrecimiento| | | |2014-05-29T18:13:48.0000000Z
f2t1|encenderpcr| | | |2014-05-29T18:14:30.0000000Z
f2t4|calentartermobloque| | | |2014-05-29T18:14:38.0000000Z
f2t5|entregarbandejahielo| | | |2014-05-29T18:14:49.0000000Z
f2t26|soltarbandejapoyata| | | |2014-05-29T18:17:39.0000000Z
f2t25|soltarbandejapoyataprimeravez| | | |2014-05-29T18:17:43.0000000Z
f2t27|entregarboteeppendorf| | | |2014-05-29T18:18:34.0000000Z
f2t28|soltarboteeppendorf| | | |2014-05-29T18:19:19.0000000Z
f2t29|sacartuboeppendorf| | | |2014-05-29T18:19:27.0000000Z
f2t30|entregarpipetaamarilla| | | |2014-05-29T18:19:42.0000000Z
f2t32|cargarpuntaamarilla| | | |2014-05-29T18:20:01.0000000Z
f2t33|iniciarmezcla| | | |2014-05-29T18:20:17.0000000Z
f2t52|finmezcla| |f2t34-f2t35-f2t36-f2t37-f2t38-f2t39-f2t40-f2t41| |2014-05-29T18:20:59.0000000Z
f2t53|soltarpipetaamarilla| | | |2014-05-29T18:21:15.0000000Z
f2t54|entregartubomezcla| | | |2014-05-29T18:21:31.0000000Z
f2t55|abrirpcr| | | |2014-05-29T18:22:05.0000000Z
f2t56|soltarmezcla| | | |2014-05-29T18:22:16.0000000Z
f2t57|cerrarpcr| | | |2014-05-29T18:22:25.0000000Z
f2t58|amplificarfragmento| | | |2014-05-29T18:22:32.0000000Z
f2t59|entregarmezclapcr| | | |2014-05-29T18:23:14.0000000Z
f2t60|guardarpcr| | | |2014-05-29T18:25:06.0000000Z
f2t61|soltartubonevera| | | |2014-05-29T18:25:23.0000000Z
f3t1|encendertermobloque| | | |2014-05-29T18:25:47.0000000Z
f3t4|calentartermobloque| | | |2014-05-29T18:25:48.0000000Z

f3t55|abrirtermobloque| | | |2014-05-29T18:37:11.0000000Z
