f0crearLog|crearLog| | | |2013-05-23T14:55:55.0000000Z
f0t1|entregarbata| | | |2013-05-23T14:56:19.0000000Z
f0t2|bloquearpoyata| | | |2013-05-23T14:57:37.0000000Z
f0t3|leerfundamentos| | | |2013-05-23T14:58:54.0000000Z
f0t5|releerfundamentos| | | |2013-05-23T14:59:00.0000000Z
f0t4|leerprotocolo| | | |2013-05-23T14:59:09.0000000Z
f0t5|releerfundamentos| | | |2013-05-23T15:00:04.0000000Z
f0t5|releerfundamentos| | | |2013-05-23T15:05:45.0000000Z
f0t5|releerfundamentos| | | |2013-05-23T15:05:48.0000000Z
f0t5|releerfundamentos| | | |2013-05-23T15:05:52.0000000Z
f0t5|releerfundamentos| | | |2013-05-23T15:05:53.0000000Z
f0t5|releerfundamentos| | | |2013-05-23T15:05:55.0000000Z
f0t6|releerprotocolo| | | |2013-05-23T15:06:19.0000000Z
f0t7|lavarsemanos| | | |2013-05-23T15:08:07.0000000Z
f0t8|entregarguantes| | | |2013-05-23T15:08:25.0000000Z
f0t6|releerprotocolo| | | |2013-05-23T15:08:46.0000000Z
f1t1|entregarvaso| | | |2013-05-23T15:10:57.0000000Z
f1t4|soltarvasofregadero| | | |2013-05-23T15:11:41.0000000Z
f1t5|bloquearfregadero| | | |2013-05-23T15:11:45.0000000Z
f1t6|llenarvasoconagua| | | |2013-05-23T15:11:50.0000000Z
f1t7|desbloquearfregadero| | | |2013-05-23T15:12:11.0000000Z
f1t8|soltarvasoagitador| | | |2013-05-23T15:12:33.0000000Z
f1t9|bloquearagitador| | | |2013-05-23T15:12:37.0000000Z
f1t10|bloquearphmetro| | | |2013-05-23T15:12:39.0000000Z
f1t11|encenderagitador| | | |2013-05-23T15:12:44.0000000Z
f1t12|agregarmys| | | |2013-05-23T15:13:10.0000000Z
f1t13|agregarsacarosa| | | |2013-05-23T15:13:17.0000000Z
f1t20|apagaragitador| | f1t14-f1t16-ord_f1t20| |2013-05-23T15:14:53.0000000Z
f1t34|entregarbandeja| | | |2013-05-23T15:15:14.0000000Z
f1t21|entregarbotella| | | |2013-05-23T15:16:40.0000000Z
f1t22|soltarbotellaagitador| | | |2013-05-23T15:17:04.0000000Z
f1t23|movermezclaabotella| | | |2013-05-23T15:17:13.0000000Z
f1t24|desbloquearagitador| | | |2013-05-23T15:17:22.0000000Z
f1t15|desbloquearphmetro| | | |2013-05-23T15:17:22.0000000Z
f1t25|insetarbotellaenautoclave| | | |2013-05-23T15:24:45.0000000Z
f1t26|bloquearautoclave| | | |2013-05-23T15:24:48.0000000Z
f1t27|autoclavar| | | |2013-05-23T15:27:25.0000000Z
f1t28|entregarbotellaautoclavada| | | |2013-05-23T15:27:55.0000000Z
f1t29|enfriarbotella| | | |2013-05-23T15:27:56.0000000Z
f1t30|encendercabina| | | |2013-05-23T15:30:54.0000000Z
f1t31|contartiempocabina| | | |2013-05-23T15:30:55.0000000Z
f1t32|soltarbotellacabina| | | |2013-05-23T15:31:22.0000000Z
f1t33|agregariaa| | | |2013-05-23T15:32:05.0000000Z
f1t35|soltarbandeja| | | |2013-05-23T15:34:52.0000000Z
f1t36|llenarbotes| | | |2013-05-23T15:35:01.0000000Z
f1t37|esterilizar| | | |2013-05-23T15:35:12.0000000Z
f1t38|entregarchopo| | | |2013-05-23T15:36:05.0000000Z
f1t39|soltarchopocabina| | | |2013-05-23T15:36:51.0000000Z
f1t40|cortarplanta| | | |2013-05-23T15:37:04.0000000Z
f1t41|adjuntarbandeja| | | |2013-05-23T15:37:18.0000000Z
f1t42|apagarcabina| | | |2013-05-23T15:37:45.0000000Z
f1t44|bloquearbasefitotron| | | |2013-05-23T15:38:20.0000000Z
f1t43|soltarbandcrecimiento| | | |2013-05-23T15:38:23.0000000Z
f1t45|crecerchopo| | | |2013-05-23T15:38:40.0000000Z
f1t46|fincrecimiento| | | |2013-05-23T15:39:39.0000000Z
f2t1|encenderpcr| | | |2013-05-23T15:40:21.0000000Z
f2t4|calentartermobloque| | | |2013-05-23T15:40:21.0000000Z
f2t2|releerfundamentos| | | |2013-05-23T15:40:30.0000000Z
f2t3|releerprotocolo| | | |2013-05-23T15:46:44.0000000Z
f2t5|entregarbandejahielo| | | |2013-05-23T15:48:07.0000000Z
f2t3|releerprotocolo| | | |2013-05-23T15:48:22.0000000Z
f2t9|tomaroligonucleicoder| | | |2013-05-23T15:51:00.0000000Z
f2t16|tomartamponligasa| | | |2013-05-23T15:51:12.0000000Z
f2t10|tomartamponpolimerasa| | | |2013-05-23T15:51:48.0000000Z
f2t11|tomarmgcl| | | |2013-05-23T15:53:49.0000000Z
f2t7|tomaradn| | | |2013-05-23T15:54:00.0000000Z
f2t55|abrirpcr| | | |2013-05-23T15:55:21.0000000Z
f2t26|soltarbandejapoyata| | | |2013-05-23T15:55:46.0000000Z
f2t25|soltarbandejapoyataprimeravez| | | |2013-05-23T15:55:50.0000000Z
f2t27|entregarboteeppendorf| | | |2013-05-23T15:56:32.0000000Z
f2t28|soltarboteeppendorf| | | |2013-05-23T15:57:15.0000000Z
f2t29|sacartuboeppendorf| | | |2013-05-23T15:57:27.0000000Z
f2t30|entregarpipetaamarilla| | | |2013-05-23T15:59:33.0000000Z
f2t32|cargarpuntaamarilla| | | |2013-05-23T16:00:00.0000000Z
f2t33|iniciarmezcla| | | |2013-05-23T16:00:09.0000000Z
f2t52|finmezcla| |f2t34-f2t35-f2t36-f2t37-f2t38-f2t39-f2t40-f2t41| |2013-05-23T16:00:25.0000000Z
f2t53|soltarpipetaamarilla| | | |2013-05-23T16:00:46.0000000Z
f2t3|releerprotocolo| | | |2013-05-23T16:07:30.0000000Z
f2t3|releerprotocolo| | | |2013-05-23T16:08:05.0000000Z
f2t2|releerfundamentos| | | |2013-05-23T16:08:06.0000000Z
f2t3|releerprotocolo| | | |2013-05-23T16:08:08.0000000Z
f2t54|entregartubomezcla| | | |2013-05-23T16:20:28.0000000Z
f2t56|soltarmezcla| | | |2013-05-23T16:21:42.0000000Z
f2t57|cerrarpcr| | | |2013-05-23T16:21:46.0000000Z
f2t58|amplificarfragmento| | | |2013-05-23T16:21:49.0000000Z
f2t59|entregarmezclapcr| | | |2013-05-23T16:22:26.0000000Z
f2t60|guardarpcr| | | |2013-05-23T16:23:00.0000000Z
f2t61|soltartubonevera| | | |2013-05-23T16:23:15.0000000Z
f3t1|encendertermobloque| | | |2013-05-23T16:23:59.0000000Z
f3t4|calentartermobloque| | | |2013-05-23T16:23:59.0000000Z
f3t3|releerprotocolo| | | |2013-05-23T16:24:13.0000000Z
f3t2|releerfundamentos| | | |2013-05-23T16:26:38.0000000Z
f3t3|releerprotocolo| | | |2013-05-23T16:28:14.0000000Z
f3t55|abrirtermobloque| | | |2013-05-23T16:34:51.0000000Z
f3t5|entregarbandejahielo| | | |2013-05-23T16:36:26.0000000Z
f3t7|tomaradnplasmidico| | | |2013-05-23T16:38:39.0000000Z
f3t27|soltarbandejapoyata| | | |2013-05-23T16:40:21.0000000Z
f3t26|soltarbandejapoyataprimeravez| | | |2013-05-23T16:40:27.0000000Z
f3t3|releerprotocolo| | | |2013-05-23T16:40:27.0000000Z
f3t3|releerprotocolo| | | |2013-05-23T16:43:16.0000000Z
f3t2|releerfundamentos| | | |2013-05-23T16:48:22.0000000Z
f3t3|releerprotocolo| | | |2013-05-23T16:48:23.0000000Z
f3t28|sacartuboligacion| | | |2013-05-23T16:49:03.0000000Z
f3t29|entregarpipetaamarilla| | | |2013-05-23T16:49:13.0000000Z
f3t31|cargarpuntaamarilla| | | |2013-05-23T16:49:23.0000000Z
f3t32|iniciarmezcla| | | |2013-05-23T16:49:29.0000000Z
f3t33|agregaradnplasmidico| | | |2013-05-23T16:49:41.0000000Z
f3t52|finmezcla| |f3t34-f3t35-f3t36-f3t37| |2013-05-23T16:49:59.0000000Z
f3t53|soltarpipetaamarilla| | | |2013-05-23T16:50:12.0000000Z
f3t54|entregartubomezcla| | | |2013-05-23T16:50:24.0000000Z
f3t56|soltarmezcla| | | |2013-05-23T16:51:15.0000000Z
f3t57|cerrartermobloque| | | |2013-05-23T16:51:26.0000000Z

f3t58|amplificarfragmento| | | |2013-05-23T16:51:40.0000000Z
f3t59|entregarmezclaligacion| | | |2013-05-23T16:51:48.0000000Z
f3t60|guardarligacion| | | |2013-05-23T16:52:41.0000000Z
f3t61|soltartubonevera| | | |2013-05-23T16:52:58.0000000Z
