f0crearLog|crearLog| | | |2013-05-23T14:55:40.0000000Z
f0t1|entregarbata| | | |2013-05-23T14:55:55.0000000Z
f0t2|bloquearpoyata| | | |2013-05-23T14:57:34.0000000Z
f0t3|leerfundamentos| | | |2013-05-23T14:59:24.0000000Z
f0t4|leerprotocolo| | | |2013-05-23T14:59:34.0000000Z
f0t6|releerprotocolo| | | |2013-05-23T14:59:43.0000000Z
f0t6|releerprotocolo| | | |2013-05-23T15:00:19.0000000Z
f0t6|releerprotocolo| | | |2013-05-23T15:00:51.0000000Z
f0t6|releerprotocolo| | | |2013-05-23T15:00:58.0000000Z
f0t7|lavarsemanos| | | |2013-05-23T15:02:03.0000000Z
f0t8|entregarguantes| | | |2013-05-23T15:02:15.0000000Z
f0t6|releerprotocolo| | | |2013-05-23T15:03:27.0000000Z
f1t1|entregarvaso| | | |2013-05-23T15:10:43.0000000Z
f1t4|soltarvasofregadero| | | |2013-05-23T15:11:24.0000000Z
f1t5|bloquearfregadero| | | |2013-05-23T15:11:27.0000000Z
f1t6|llenarvasoconagua| | | |2013-05-23T15:11:31.0000000Z
f1t7|desbloquearfregadero| | | |2013-05-23T15:11:50.0000000Z
f1t8|soltarvasoagitador| | | |2013-05-23T15:11:55.0000000Z
f1t9|bloquearagitador| | | |2013-05-23T15:11:59.0000000Z
f1t10|bloquearphmetro| | | |2013-05-23T15:11:59.0000000Z
f1t11|encenderagitador| | | |2013-05-23T15:12:06.0000000Z
f1t12|agregarmys| | | |2013-05-23T15:12:29.0000000Z
f1t13|agregarsacarosa| | | |2013-05-23T15:12:39.0000000Z
f1t20|apagaragitador| | f1t14-f1t16| |2013-05-23T15:13:48.0000000Z
f1t21|entregarbotella| | | |2013-05-23T15:14:46.0000000Z
f1t22|soltarbotellaagitador| | | |2013-05-23T15:15:08.0000000Z
f1t23|movermezclaabotella| | | |2013-05-23T15:15:17.0000000Z
f1t24|desbloquearagitador| | | |2013-05-23T15:15:25.0000000Z
f1t15|desbloquearphmetro| | | |2013-05-23T15:15:25.0000000Z
f1t3|releerprotocolo| | | |2013-05-23T15:18:45.0000000Z
f1t25|insetarbotellaenautoclave| | | |2013-05-23T15:24:18.0000000Z
f1t26|bloquearautoclave| | | |2013-05-23T15:24:21.0000000Z
f1t27|autoclavar| | | |2013-05-23T15:24:30.0000000Z
f1t30|encendercabina| | | |2013-05-23T15:26:37.0000000Z
f1t31|contartiempocabina| | | |2013-05-23T15:26:37.0000000Z
f1t28|entregarbotellaautoclavada| | | |2013-05-23T15:26:58.0000000Z
f1t29|enfriarbotella| | | |2013-05-23T15:27:00.0000000Z
f1t32|soltarbotellacabina| | | |2013-05-23T15:27:28.0000000Z
f1t33|agregariaa| | | |2013-05-23T15:38:16.0000000Z
f1t34|entregarbandeja| | | |2013-05-23T15:39:07.0000000Z
f1t35|soltarbandeja| | | |2013-05-23T15:39:42.0000000Z
f1t36|llenarbotes| | | |2013-05-23T15:39:48.0000000Z
f1t37|esterilizar| | | |2013-05-23T15:40:00.0000000Z
f1t38|entregarchopo| | | |2013-05-23T15:40:39.0000000Z
f1t39|soltarchopocabina| | | |2013-05-23T15:41:09.0000000Z
f1t40|cortarplanta| | | |2013-05-23T15:41:17.0000000Z
f1t41|adjuntarbandeja| | | |2013-05-23T15:41:23.0000000Z
f1t42|apagarcabina| | | |2013-05-23T15:41:27.0000000Z
f1t44|bloquearbasefitotron| | | |2013-05-23T15:41:50.0000000Z
f1t43|soltarbandcrecimiento| | | |2013-05-23T15:41:54.0000000Z
f1t45|crecerchopo| | | |2013-05-23T15:42:09.0000000Z
f1t3|releerprotocolo| | | |2013-05-23T15:43:43.0000000Z
f1t46|fincrecimiento| | | |2013-05-23T15:50:12.0000000Z
f1t3|releerprotocolo| | | |2013-05-23T15:51:19.0000000Z
f2t1|encenderpcr| | | |2013-05-23T15:51:46.0000000Z
f2t4|calentartermobloque| | | |2013-05-23T15:51:48.0000000Z
f2t5|entregarbandejahielo| | | |2013-05-23T15:52:04.0000000Z
f2t9|tomaroligonucleicoder| | | |2013-05-23T15:54:20.0000000Z
f2t8|tomaroligonucleicoizq| | | |2013-05-23T15:54:34.0000000Z
f2t10|tomartamponpolimerasa| | | |2013-05-23T15:55:13.0000000Z
f2t11|tomarmgcl| | | |2013-05-23T15:55:35.0000000Z
f2t12|tomardntp| | | |2013-05-23T15:55:53.0000000Z
f2t7|tomaradn| | | |2013-05-23T15:56:00.0000000Z
f2t14|tomaraguadestilada| | | |2013-05-23T15:56:36.0000000Z
f2t25|soltarbandejapoyataprimeravez| | | |2013-05-23T15:57:12.0000000Z
f2t27|entregarboteeppendorf| | | |2013-05-23T15:57:52.0000000Z
f2t28|soltarboteeppendorf| | | |2013-05-23T15:58:19.0000000Z
f2t29|sacartuboeppendorf| | | |2013-05-23T15:58:36.0000000Z
f2t30|entregarpipetaamarilla| | | |2013-05-23T15:58:55.0000000Z
f2t32|cargarpuntaamarilla| | | |2013-05-23T15:59:17.0000000Z
f2t34|agregaradn| | | |2013-05-23T15:59:46.0000000Z
f2t36|agregaroligonucleicoder| | | |2013-05-23T16:00:02.0000000Z
f2t35|agregaroligonucleicoizq| | | |2013-05-23T16:00:06.0000000Z
f2t37|agregartamponpolimerasa| | | |2013-05-23T16:00:12.0000000Z
f2t38|agregarmgcl| | | |2013-05-23T16:00:21.0000000Z
f2t39|agregardntp| | | |2013-05-23T16:00:27.0000000Z
f2t41|agregaraguadestilada| | | |2013-05-23T16:00:39.0000000Z
f2t26|soltarbandejapoyata| | | |2013-05-23T16:03:33.0000000Z
f2t33|iniciarmezcla| | | |2013-05-23T16:03:51.0000000Z
f2t52|finmezcla| |f2t40| |2013-05-23T16:03:57.0000000Z
f2t53|soltarpipetaamarilla| | | |2013-05-23T16:04:12.0000000Z
f2t54|entregartubomezcla| | | |2013-05-23T16:05:06.0000000Z
f2t55|abrirpcr| | | |2013-05-23T16:06:17.0000000Z
f2t56|soltarmezcla| | | |2013-05-23T16:06:34.0000000Z
f2t57|cerrarpcr| | | |2013-05-23T16:06:39.0000000Z
f2t58|amplificarfragmento| | | |2013-05-23T16:06:44.0000000Z
f2t59|entregarmezclapcr| | | |2013-05-23T16:07:15.0000000Z
f2t60|guardarpcr| | | |2013-05-23T16:07:38.0000000Z
f2t61|soltartubonevera| | | |2013-05-23T16:07:52.0000000Z
f2t3|releerprotocolo| | | |2013-05-23T16:08:09.0000000Z
f2t3|releerprotocolo| | | |2013-05-23T16:11:04.0000000Z
f2t3|releerprotocolo| | | |2013-05-23T16:13:09.0000000Z
f3t1|encendertermobloque| | | |2013-05-23T16:17:54.0000000Z
f3t4|calentartermobloque| | | |2013-05-23T16:17:58.0000000Z
f3t5|entregarbandejahielo| | | |2013-05-23T16:18:07.0000000Z
f3t7|tomaradnplasmidico| | | |2013-05-23T16:18:36.0000000Z
f3t10|tomarenzimaligasa| | | |2013-05-23T16:19:33.0000000Z
f3t11|tomaraguadestilada| | | |2013-05-23T16:19:41.0000000Z
f3t27|soltarbandejapoyata| | | |2013-05-23T16:21:46.0000000Z
f3t26|soltarbandejapoyataprimeravez| | | |2013-05-23T16:21:49.0000000Z
f3t28|sacartuboligacion| | | |2013-05-23T16:21:55.0000000Z
f3t29|entregarpipetaamarilla| | | |2013-05-23T16:22:07.0000000Z
f3t31|cargarpuntaamarilla| | | |2013-05-23T16:22:19.0000000Z
f3t32|iniciarmezcla| | | |2013-05-23T16:22:26.0000000Z
f3t33|agregaradnplasmidico| | | |2013-05-23T16:22:37.0000000Z
f3t36|agregarenzimaligasa| | | |2013-05-23T16:22:51.0000000Z
f3t37|agregaraguadestilada| | | |2013-05-23T16:22:54.0000000Z
f3t52|finmezcla| |f3t34-f3t35| |2013-05-23T16:22:57.0000000Z
f3t53|soltarpipetaamarilla| | | |2013-05-23T16:23:06.0000000Z
f3t54|entregartubomezcla| | | |2013-05-23T16:23:20.0000000Z
f3t55|abrirtermobloque| | | |2013-05-23T16:29:02.0000000Z
f3t56|soltarmezcla| | | |2013-05-23T16:33:25.0000000Z
f3t57|cerrartermobloque| | | |2013-05-23T16:33:34.0000000Z

f3t58|amplificarfragmento| | | |2013-05-23T16:34:36.0000000Z
f3t59|entregarmezclaligacion| | | |2013-05-23T16:35:01.0000000Z
f3t60|guardarligacion| | | |2013-05-23T16:36:40.0000000Z
f3t61|soltartubonevera| | | |2013-05-23T16:36:53.0000000Z
f3t3|releerprotocolo| | | |2013-05-23T16:41:22.0000000Z
f3t3|releerprotocolo| | | |2013-05-23T16:48:16.0000000Z
f3t3|releerprotocolo| | | |2013-05-23T16:48:16.0000000Z
