lavarsemanos|avatarlejosdelavamanos|Lavamanos|2014-05-23T17:01:13.0000000Z
soltarvasofregadero|fregaderoocupado|Vaso|2014-05-23T17:27:48.0000000Z
soltarvasofregadero|fregaderoocupado|Vaso|2014-05-23T17:27:56.0000000Z
soltarbotellaagitador|noseencuentraelagitador|Botella|2014-05-23T17:33:20.0000000Z
insetarbotellaenautoclave|noseencuentraautoclave|Botella|2014-05-23T17:35:52.0000000Z
insetarbotellaenautoclave|noseencuentraautoclave|Botella|2014-05-23T17:36:00.0000000Z
insetarbotellaenautoclave|noseencuentraautoclave|Botella|2014-05-23T17:36:13.0000000Z
soltarbotellacabina|noseencuentracabina|Botella|2014-05-23T17:38:46.0000000Z
soltarbotellacabina|noseencuentracabina|Botella|2014-05-23T17:39:37.0000000Z
soltarbotellacabina|noseencuentracabina|Botella|2014-05-23T17:39:57.0000000Z
soltarbotellacabina|noseencuentracabina|Botella|2014-05-23T17:40:24.0000000Z
soltarbotellacabina|noseencuentracabina|Botella|2014-05-23T17:40:43.0000000Z
soltarbotellacabina|noseencuentracabina|Botella|2014-05-23T17:40:59.0000000Z
soltarbotellacabina|noseencuentracabina|Botella|2014-05-23T17:41:22.0000000Z
soltarbotellacabina|noseencuentracabina|Botella|2014-05-23T17:43:28.0000000Z
soltarbotellacabina|noseencuentracabina|Botella|2014-05-23T17:44:00.0000000Z
soltarbotellacabina|noseencuentracabina|Botella|2014-05-23T17:47:59.0000000Z
soltarbotellacabina|noseencuentracabina|Botella|2014-05-23T17:51:36.0000000Z
soltarbotellacabina|noseencuentracabina|Botella|2014-05-23T17:51:54.0000000Z
soltarbotellacabina|noseencuentracabina|Botella|2014-05-23T17:52:11.0000000Z
soltarbotellacabina|noseencuentracabina|Botella|2014-05-23T17:52:36.0000000Z
soltarbotellacabina|noseencuentracabina|Botella|2014-05-23T17:53:30.0000000Z
