f0crearLog|crearLog| | | |2014-05-23T17:21:38.0000000Z
f0t1|entregarbata| | | |2014-05-23T17:22:08.0000000Z
f0t2|bloquearpoyata| | | |2014-05-23T17:22:52.0000000Z
f0t3|leerfundamentos| | | |2014-05-23T17:24:47.0000000Z
f0t5|releerfundamentos| | | |2014-05-23T17:24:50.0000000Z
f1t1|entregarvaso| | f0t7-f0t8| |2014-05-23T17:27:28.0000000Z
f1t4|soltarvasofregadero| | | |2014-05-23T17:28:11.0000000Z
f1t5|bloquearfregadero| | | |2014-05-23T17:28:16.0000000Z
f1t6|llenarvasoconagua| | | |2014-05-23T17:28:20.0000000Z
f1t7|desbloquearfregadero| | | |2014-05-23T17:28:44.0000000Z
f1t8|soltarvasoagitador| | | |2014-05-23T17:28:54.0000000Z
f1t9|bloquearagitador| | | |2014-05-23T17:28:59.0000000Z
f1t10|bloquearphmetro| | | |2014-05-23T17:29:00.0000000Z
f1t11|encenderagitador| | | |2014-05-23T17:29:21.0000000Z
f1t16|agregaragar| | f1t12-f1t13-f1t14| |2014-05-23T17:30:44.0000000Z
f1t17|agregarbisacrilamida| | | |2014-05-23T17:30:56.0000000Z
f1t18|agegarcaseina| | | |2014-05-23T17:31:15.0000000Z
f1t19|agergaretilenglicol| | | |2014-05-23T17:31:20.0000000Z
f1t12|agregarmys| | | |2014-05-23T17:31:25.0000000Z
f1t13|agregarsacarosa| | | |2014-05-23T17:31:31.0000000Z
f1t20|apagaragitador| | f1t14-ord_f1t20|f1t17-f1t18-f1t19|2014-05-23T17:32:25.0000000Z
f1t21|entregarbotella| |f0t8| |2014-05-23T17:32:52.0000000Z
f1t22|soltarbotellaagitador| | | |2014-05-23T17:33:32.0000000Z
f1t23|movermezclaabotella| | | |2014-05-23T17:33:44.0000000Z
f1t24|desbloquearagitador| | | |2014-05-23T17:33:54.0000000Z
f1t15|desbloquearphmetro| | | |2014-05-23T17:33:55.0000000Z
f1t25|insetarbotellaenautoclave| | | |2014-05-23T17:37:22.0000000Z
f1t26|bloquearautoclave| | | |2014-05-23T17:37:27.0000000Z
f1t27|autoclavar| | | |2014-05-23T17:37:33.0000000Z
f1t28|entregarbotellaautoclavada| | | |2014-05-23T17:38:18.0000000Z
f1t34|entregarbandeja| | | |2014-05-23T17:44:03.0000000Z
f1t30|encendercabina| | | |2014-05-23T17:53:54.0000000Z
f1t31|contartiempocabina| | | |2014-05-23T17:53:55.0000000Z
f1t32|soltarbotellacabina| | | |2014-05-23T17:54:34.0000000Z
f1t33|agregariaa| | | |2014-05-23T17:58:12.0000000Z
f1t35|soltarbandeja| | | |2014-05-23T17:59:57.0000000Z
f1t36|llenarbotes| |f1t29| |2014-05-23T18:00:06.0000000Z
f1t37|esterilizar| | | |2014-05-23T18:00:21.0000000Z
f1t38|entregarchopo| | | |2014-05-23T18:01:14.0000000Z
f1t39|soltarchopocabina| | | |2014-05-23T18:02:16.0000000Z
f1t40|cortarplanta| | | |2014-05-23T18:02:28.0000000Z
f1t41|adjuntarbandeja| | | |2014-05-23T18:02:35.0000000Z
f1t42|apagarcabina| | | |2014-05-23T18:02:47.0000000Z
f1t44|bloquearbasefitotron| | | |2014-05-23T18:03:37.0000000Z
f1t43|soltarbandcrecimiento| | | |2014-05-23T18:03:43.0000000Z
f1t45|crecerchopo| | | |2014-05-23T18:04:05.0000000Z
f1t46|fincrecimiento| | | |2014-05-23T18:04:47.0000000Z
f2t1|encenderpcr| | | |2014-05-23T18:05:25.0000000Z
f2t4|calentartermobloque| | | |2014-05-23T18:05:33.0000000Z
f2t5|entregarbandejahielo| | | |2014-05-23T18:05:43.0000000Z
f2t22|tomartampote| | | |2014-05-23T18:13:12.0000000Z
f2t14|tomaraguadestilada| | | |2014-05-23T18:13:20.0000000Z
f2t24|agregariaa| | | |2014-05-23T18:13:47.0000000Z
f2t15|tomarenzimaligasa| | | |2014-05-23T18:13:53.0000000Z
f2t13|tomarpolimerasa| | | |2014-05-23T18:13:59.0000000Z
f2t16|tomartamponligasa| | | |2014-05-23T18:14:04.0000000Z
f2t10|tomartamponpolimerasa| | | |2014-05-23T18:15:05.0000000Z
f2t9|tomaroligonucleicoder| | | |2014-05-23T18:15:24.0000000Z
f2t8|tomaroligonucleicoizq| | | |2014-05-23T18:15:33.0000000Z
f2t11|tomarmgcl| | | |2014-05-23T18:15:44.0000000Z
f2t17|tomarplasmido35s| | | |2014-05-23T18:15:55.0000000Z
f2t18|tomarplasmidomirna| | | |2014-05-23T18:16:04.0000000Z
f2t19|tomarantibioticokanamicina| | | |2014-05-23T18:16:12.0000000Z
f2t20|tomarantibioticogentamicina| | | |2014-05-23T18:16:29.0000000Z
f2t21|tomarantibioticocloranfenicol| | | |2014-05-23T18:16:38.0000000Z
f2t12|tomardntp| | | |2014-05-23T18:16:45.0000000Z
f2t7|tomaradn| | | |2014-05-23T18:17:02.0000000Z
f2t23|tomarmezclapcr| | | |2014-05-23T18:17:10.0000000Z
f2t26|soltarbandejapoyata| | | |2014-05-23T18:18:22.0000000Z
f2t25|soltarbandejapoyataprimeravez| | | |2014-05-23T18:18:43.0000000Z
f2t2|releerfundamentos| | | |2014-05-23T18:19:13.0000000Z
f2t27|entregarboteeppendorf| | | |2014-05-23T18:20:56.0000000Z
f2t28|soltarboteeppendorf| | | |2014-05-23T18:22:08.0000000Z
f2t29|sacartuboeppendorf| | | |2014-05-23T18:22:47.0000000Z
f2t30|entregarpipetaamarilla| | | |2014-05-23T18:23:28.0000000Z
f2t32|cargarpuntaamarilla| | | |2014-05-23T18:24:07.0000000Z
f2t33|iniciarmezcla| | | |2014-05-23T18:24:38.0000000Z
f2t49|agregartampote| | | |2014-05-23T18:25:14.0000000Z
f2t41|agregaraguadestilada| | | |2014-05-23T18:25:19.0000000Z
f2t51|agregariaafrombandeja| | | |2014-05-23T18:25:25.0000000Z
f2t42|agregarenzimaligasa| | | |2014-05-23T18:25:30.0000000Z
f2t40|agregarpolimerasa| | | |2014-05-23T18:25:36.0000000Z
f2t43|agregartamponligasa| | | |2014-05-23T18:25:41.0000000Z
f2t52|finmezcla| |f2t34-f2t35-f2t36-f2t37-f2t38-f2t39|f2t42-f2t43-f2t49-f2t51|2014-05-23T18:26:08.0000000Z
f2t2|releerfundamentos| | | |2014-05-23T18:26:10.0000000Z
f2t53|soltarpipetaamarilla| | | |2014-05-23T18:26:48.0000000Z
f2t54|entregartubomezcla| | | |2014-05-23T18:27:05.0000000Z
f2t55|abrirpcr| | | |2014-05-23T18:27:44.0000000Z
f2t56|soltarmezcla| | | |2014-05-23T18:28:06.0000000Z
f2t57|cerrarpcr| | | |2014-05-23T18:28:13.0000000Z
f2t58|amplificarfragmento| | | |2014-05-23T18:28:31.0000000Z
f2t59|entregarmezclapcr| | | |2014-05-23T18:29:13.0000000Z
f2t60|guardarpcr| | | |2014-05-23T18:29:50.0000000Z
f2t61|soltartubonevera| | | |2014-05-23T18:30:10.0000000Z
f3t1|encendertermobloque| | | |2014-05-23T18:30:41.0000000Z
f3t4|calentartermobloque| | | |2014-05-23T18:30:43.0000000Z
f3t5|entregarbandejahielo| | | |2014-05-23T18:30:56.0000000Z
f3t2|releerfundamentos| | | |2014-05-23T18:32:25.0000000Z
f3t10|tomarenzimaligasa| | | |2014-05-23T18:36:13.0000000Z
f3t25|tomarmezclaligacion| | | |2014-05-23T18:37:01.0000000Z
f3t27|soltarbandejapoyata| | | |2014-05-23T18:37:35.0000000Z
f3t26|soltarbandejapoyataprimeravez| | | |2014-05-23T18:37:40.0000000Z
f3t28|sacartuboligacion| | | |2014-05-23T18:37:50.0000000Z
f3t29|entregarpipetaamarilla| | | |2014-05-23T18:38:00.0000000Z
f3t31|cargarpuntaamarilla| | | |2014-05-23T18:38:17.0000000Z
f3t32|iniciarmezcla| | | |2014-05-23T18:38:28.0000000Z
f3t36|agregarenzimaligasa| | | |2014-05-23T18:38:48.0000000Z
f3t52|finmezcla| |f3t33-f3t34-f3t35-f3t37| |2014-05-23T18:39:16.0000000Z
f3t53|soltarpipetaamarilla| | | |2014-05-23T18:39:30.0000000Z
f3t54|entregartubomezcla| | | |2014-05-23T18:39:40.0000000Z
f3t55|abrirtermobloque| | | |2014-05-23T18:40:08.0000000Z
f3t56|soltarmezcla| | | |2014-05-23T18:40:17.0000000Z
f3t57|cerrartermobloque| | | |2014-05-23T18:40:32.0000000Z

f3t58|amplificarfragmento| | | |2014-05-23T18:40:54.0000000Z
f3t59|entregarmezclaligacion| | | |2014-05-23T18:41:09.0000000Z
f3t60|guardarligacion| | | |2014-05-23T19:03:44.0000000Z
f3t61|soltartubonevera| | | |2014-05-23T19:04:08.0000000Z
