f0crearLog|crearLog| | | |2013-05-23T15:29:56.0000000Z
f0t1|entregarbata| | | |2013-05-23T15:31:09.0000000Z
f0t2|bloquearpoyata| | | |2013-05-23T15:32:33.0000000Z
f0t3|leerfundamentos| | | |2013-05-23T15:33:07.0000000Z
f0t4|leerprotocolo| | | |2013-05-23T15:38:43.0000000Z
f0t7|lavarsemanos| | | |2013-05-23T15:41:10.0000000Z
f0t8|entregarguantes| | | |2013-05-23T15:41:52.0000000Z
f1t1|entregarvaso| | | |2013-05-23T15:43:30.0000000Z
f1t4|soltarvasofregadero| | | |2013-05-23T15:44:42.0000000Z
f1t5|bloquearfregadero| | | |2013-05-23T15:44:46.0000000Z
f1t6|llenarvasoconagua| | | |2013-05-23T15:44:48.0000000Z
f1t7|desbloquearfregadero| | | |2013-05-23T15:45:09.0000000Z
f1t8|soltarvasoagitador| | | |2013-05-23T15:45:41.0000000Z
f1t9|bloquearagitador| | | |2013-05-23T15:45:46.0000000Z
f1t11|encenderagitador| | | |2013-05-23T15:45:56.0000000Z
f1t10|bloquearphmetro| | | |2013-05-23T15:45:57.0000000Z
f1t3|releerprotocolo| | | |2013-05-23T15:48:34.0000000Z
f1t3|releerprotocolo| | | |2013-05-23T15:48:41.0000000Z
f1t3|releerprotocolo| | | |2013-05-23T15:48:41.0000000Z
f1t12|agregarmys| | | |2013-05-23T15:51:53.0000000Z
f1t13|agregarsacarosa| | | |2013-05-23T15:52:04.0000000Z
f1t14|ajustarph| | | |2013-05-23T15:52:37.0000000Z
f1t15|desbloquearphmetro| | | |2013-05-23T15:52:39.0000000Z
f1t16|agregaragar| | | |2013-05-23T15:53:22.0000000Z
f1t20|apagaragitador| | | |2013-05-23T15:54:22.0000000Z
f1t21|entregarbotella| | | |2013-05-23T15:54:56.0000000Z
f1t22|soltarbotellaagitador| | | |2013-05-23T15:55:56.0000000Z
f1t23|movermezclaabotella| | | |2013-05-23T15:56:01.0000000Z
f1t24|desbloquearagitador| | | |2013-05-23T15:56:09.0000000Z
f1t34|entregarbandeja| | | |2013-05-23T15:58:05.0000000Z
f1t30|encendercabina| | | |2013-05-23T16:02:16.0000000Z
f1t31|contartiempocabina| | | |2013-05-23T16:02:21.0000000Z
f1t35|soltarbandeja| |f1t31| |2013-05-23T16:02:25.0000000Z
f1t25|insetarbotellaenautoclave| | | |2013-05-23T16:12:11.0000000Z
f1t26|bloquearautoclave| | | |2013-05-23T16:12:14.0000000Z
f1t27|autoclavar| | | |2013-05-23T16:13:06.0000000Z
f1t28|entregarbotellaautoclavada| | | |2013-05-23T16:13:38.0000000Z
f1t29|enfriarbotella| | | |2013-05-23T16:13:39.0000000Z
f1t32|soltarbotellacabina| | | |2013-05-23T16:15:00.0000000Z
f1t33|agregariaa| | | |2013-05-23T16:17:36.0000000Z
f1t36|llenarbotes| | | |2013-05-23T16:18:11.0000000Z
f1t37|esterilizar| | | |2013-05-23T16:18:43.0000000Z
f1t38|entregarchopo| | | |2013-05-23T16:21:21.0000000Z
f1t39|soltarchopocabina| | | |2013-05-23T16:23:06.0000000Z
f1t40|cortarplanta| | | |2013-05-23T16:23:17.0000000Z
f1t41|adjuntarbandeja| | | |2013-05-23T16:23:23.0000000Z
f1t42|apagarcabina| | | |2013-05-23T16:23:42.0000000Z
f1t44|bloquearbasefitotron| | | |2013-05-23T16:24:59.0000000Z
f1t43|soltarbandcrecimiento| | | |2013-05-23T16:25:02.0000000Z
f1t45|crecerchopo| | | |2013-05-23T16:25:32.0000000Z
f1t46|fincrecimiento| | | |2013-05-23T16:27:42.0000000Z
f2t1|encenderpcr| | | |2013-05-23T16:28:28.0000000Z
f2t4|calentartermobloque| | | |2013-05-23T16:28:28.0000000Z
f2t2|releerfundamentos| | | |2013-05-23T16:28:48.0000000Z
f2t3|releerprotocolo| | | |2013-05-23T16:30:19.0000000Z
f2t5|entregarbandejahielo| | | |2013-05-23T16:34:39.0000000Z
f2t9|tomaroligonucleicoder| | | |2013-05-23T16:36:56.0000000Z
f2t16|tomartamponligasa| | | |2013-05-23T16:37:14.0000000Z
f2t55|abrirpcr| | | |2013-05-23T16:38:32.0000000Z
f2t25|soltarbandejapoyataprimeravez| | | |2013-05-23T16:39:34.0000000Z
f2t27|entregarboteeppendorf| | | |2013-05-23T16:45:10.0000000Z
f2t28|soltarboteeppendorf| | | |2013-05-23T16:46:15.0000000Z
f2t29|sacartuboeppendorf| | | |2013-05-23T16:46:27.0000000Z
f2t30|entregarpipetaamarilla| | | |2013-05-23T16:46:57.0000000Z
f2t32|cargarpuntaamarilla| | | |2013-05-23T16:47:31.0000000Z
f2t8|tomaroligonucleicoizq| | | |2013-05-23T16:48:22.0000000Z
f2t11|tomarmgcl| | | |2013-05-23T16:48:33.0000000Z
f2t7|tomaradn| | | |2013-05-23T16:48:54.0000000Z
f2t26|soltarbandejapoyata| | | |2013-05-23T16:49:53.0000000Z
f2t33|iniciarmezcla| | | |2013-05-23T16:50:22.0000000Z
f2t34|agregaradn| | | |2013-05-23T16:50:33.0000000Z
f2t36|agregaroligonucleicoder| | | |2013-05-23T16:50:51.0000000Z
f2t35|agregaroligonucleicoizq| | | |2013-05-23T16:51:04.0000000Z
f2t43|agregartamponligasa| | | |2013-05-23T16:51:16.0000000Z
f2t38|agregarmgcl| | | |2013-05-23T16:51:26.0000000Z
f2t52|finmezcla| |f2t37-f2t39-f2t40-f2t41|f2t43|2013-05-23T16:51:33.0000000Z
f2t53|soltarpipetaamarilla| | | |2013-05-23T16:51:45.0000000Z
f2t54|entregartubomezcla| | | |2013-05-23T17:30:58.0000000Z
f2t56|soltarmezcla| | | |2013-05-23T17:32:33.0000000Z
f2t57|cerrarpcr| | | |2013-05-23T17:32:39.0000000Z
f2t58|amplificarfragmento| | | |2013-05-23T17:32:41.0000000Z
f2t59|entregarmezclapcr| | | |2013-05-23T17:33:13.0000000Z
f2t60|guardarpcr| | | |2013-05-23T17:33:45.0000000Z
f2t61|soltartubonevera| | | |2013-05-23T17:33:55.0000000Z
f3t1|encendertermobloque| | | |2013-05-23T17:34:29.0000000Z
f3t4|calentartermobloque| | | |2013-05-23T17:34:36.0000000Z
f3t2|releerfundamentos| | | |2013-05-23T17:35:15.0000000Z
f3t3|releerprotocolo| | | |2013-05-23T17:35:20.0000000Z
f3t55|abrirtermobloque| | | |2013-05-23T17:37:43.0000000Z
f3t5|entregarbandejahielo| | | |2013-05-23T17:39:04.0000000Z
f3t2|releerfundamentos| | | |2013-05-23T17:39:59.0000000Z
f3t9|tomartamponligasa| | | |2013-05-23T17:43:48.0000000Z
f3t10|tomarenzimaligasa| | | |2013-05-23T17:43:57.0000000Z
f3t7|tomaradnplasmidico| | | |2013-05-23T17:44:30.0000000Z
f3t8|tomarmezclapcr| | | |2013-05-23T17:44:41.0000000Z
f3t27|soltarbandejapoyata| | | |2013-05-23T17:45:23.0000000Z
f3t26|soltarbandejapoyataprimeravez| | | |2013-05-23T17:45:26.0000000Z
f3t28|sacartuboligacion| | | |2013-05-23T17:45:35.0000000Z
f3t29|entregarpipetaamarilla| | | |2013-05-23T17:45:47.0000000Z
f3t31|cargarpuntaamarilla| | | |2013-05-23T17:46:17.0000000Z
f3t32|iniciarmezcla| | | |2013-05-23T17:46:19.0000000Z
f3t36|agregarenzimaligasa| | | |2013-05-23T17:46:28.0000000Z
f3t35|agregartamponligasa| | | |2013-05-23T17:46:45.0000000Z
f3t33|agregaradnplasmidico| | | |2013-05-23T17:47:13.0000000Z
f3t34|agregarmezclapcr| | | |2013-05-23T17:47:22.0000000Z
f3t52|finmezcla| |f3t37| |2013-05-23T17:47:29.0000000Z
f3t53|soltarpipetaamarilla| | | |2013-05-23T17:47:37.0000000Z
f3t54|entregartubomezcla| | | |2013-05-23T17:48:41.0000000Z
f3t56|soltarmezcla| | | |2013-05-23T17:49:41.0000000Z
f3t57|cerrartermobloque| | | |2013-05-23T17:49:43.0000000Z

f3t58|amplificarfragmento| | | |2013-05-23T17:49:59.0000000Z
f3t59|entregarmezclaligacion| | | |2013-05-23T17:50:06.0000000Z
f3t60|guardarligacion| | | |2013-05-23T17:50:29.0000000Z
f3t61|soltartubonevera| | | |2013-05-23T17:50:39.0000000Z
