dependenciabloq|f0t8|entregarguantes|f0t7|2015-06-17T09:13:05.0000000Z
accionnoencontrada| |lavarsemanos| |2015-06-17T09:17:14.0000000Z
accionnoencontrada| |agregaragarosa| |2015-06-17T09:21:47.0000000Z
dependenciasnobloq|f1t20|apagaragitador| f1t16|2015-06-17T09:22:36.0000000Z
accionnoencontrada| |tomartampote| |2015-06-17T09:41:13.0000000Z
accionnoencontrada| |tomartampote| |2015-06-17T09:42:58.0000000Z
accionnoencontrada| |tomartampote| |2015-06-17T09:43:06.0000000Z
accionrealizada|f1t37|esterilizar|esterilizar|2015-06-17T09:46:02.0000000Z
accionrealizada|f1t37|esterilizar|esterilizar|2015-06-17T09:48:03.0000000Z
accionnoencontrada| |encenderpcr| |2015-06-17T09:54:48.0000000Z
accionnoencontrada| |encenderpcr| |2015-06-17T09:54:52.0000000Z
accionnoencontrada| |encenderpcr| |2015-06-17T09:54:55.0000000Z
dependenciabloq|f3t1|encendertermobloque|f2t60|2015-06-17T09:55:00.0000000Z
accionnoencontrada| |encenderpcr| |2015-06-17T09:55:05.0000000Z
accionnoencontrada| |encenderpcr| |2015-06-17T09:55:16.0000000Z
accionnoencontrada| |encenderpcr| |2015-06-17T09:55:26.0000000Z
dependenciabloq|f2t23|tomarmezclapcr|f2t6|2015-06-17T10:03:46.0000000Z
accionrealizada|f2t31|adjuntarpipetaamarilla|adjuntarpipetaamarilla|2015-06-17T10:07:53.0000000Z
accionrealizada|f2t31|adjuntarpipetaamarilla|adjuntarpipetaamarilla|2015-06-17T10:09:04.0000000Z
accionnoencontrada| |sacartuboligacion| |2015-06-17T10:09:10.0000000Z
dependenciabloq|f2t33|iniciarmezcla|f2t32|2015-06-17T10:09:39.0000000Z
accionnoencontrada| |sacartuboligacion| |2015-06-17T10:12:31.0000000Z
dependenciasnobloq|f2t52|finmezcla|f2t34-f2t35-f2t36-f2t37-f2t38-f2t39-f2t40-f2t41|2015-06-17T10:12:35.0000000Z
accionrealizada|f2t55|abrirpcr|abrirpcr|2015-06-17T10:13:59.0000000Z
dependenciabloq|f2t54|entregartubomezcla|f2t53|2015-06-17T10:14:16.0000000Z
dependenciabloq|f2t54|entregartubomezcla|f2t53|2015-06-17T10:14:33.0000000Z
dependenciabloq|f2t60|guardarpcr|f2t59|2015-06-17T10:15:03.0000000Z
accionnoencontrada| |sacartuboligacion| |2015-06-17T10:15:39.0000000Z
accionnoencontrada| |sacartuboligacion| |2015-06-17T10:15:42.0000000Z
accionnoencontrada| |sacartuboligacion| |2015-06-17T10:15:48.0000000Z
dependenciabloq|f2t54|entregartubomezcla|f2t53|2015-06-17T10:15:50.0000000Z
accionrealizada|f2t30|entregarpipetaamarilla|entregarpipetaamarilla|2015-06-17T10:15:58.0000000Z
dependenciabloq|f2t57|cerrarpcr|f2t56|2015-06-17T10:18:53.0000000Z
dependenciabloq|f2t57|cerrarpcr|f2t56|2015-06-17T10:18:56.0000000Z
accionnoencontrada| |abrirtermobloque| |2015-06-17T10:29:57.0000000Z
accionnoencontrada| |abrirtermobloque| |2015-06-17T10:30:00.0000000Z
accionnoencontrada| |abrirtermobloque| |2015-06-17T10:30:29.0000000Z
accionrealizada|f2t57|cerrarpcr|cerrarpcr|2015-06-17T10:30:33.0000000Z
accionnoencontrada| |abrirtermobloque| |2015-06-17T10:32:34.0000000Z
accionrealizada|f2t57|cerrarpcr|cerrarpcr|2015-06-17T10:32:37.0000000Z
accionrealizada|f2t5|entregarbandejahielo|entregarbandejahielo|2015-06-17T10:33:28.0000000Z
accionrealizada|f2t60|guardarpcr|guardarpcr|2015-06-17T10:34:19.0000000Z
accionnoencontrada| |abrirtermobloque| |2015-06-17T10:37:32.0000000Z
accionnoencontrada| |abrirtermobloque| |2015-06-17T10:37:52.0000000Z
accionrealizada|f3t5|entregarbandejahielo|entregarbandejahielo|2015-06-17T10:47:30.0000000Z
accionnoencontrada| |guardarpcr| |2015-06-17T10:48:05.0000000Z
dependenciabloq|f3t7|tomaradnplasmidico|f3t6|2015-06-17T10:48:21.0000000Z
accionrealizada|f3t5|entregarbandejahielo|entregarbandejahielo|2015-06-17T10:48:50.0000000Z
accionrealizada|f3t5|entregarbandejahielo|entregarbandejahielo|2015-06-17T10:49:25.0000000Z
