lavarsemanos|avatarlejosdelavamanos|Lavamanos|2014-05-21T17:11:06.0000000Z
lavarsemanos|avatarlejosdelavamanos|Lavamanos|2014-05-21T17:11:11.0000000Z
soltarvasofregadero|avatarlejosdebasevaso|Vaso|2014-05-21T17:13:39.0000000Z
soltarvasofregadero|avatarlejosdebasevaso|Vaso|2014-05-21T17:13:52.0000000Z
soltarvasofregadero|avatarlejosdebasevaso|Vaso|2014-05-21T17:14:40.0000000Z
soltarvasofregadero|avatarlejosdebasevaso|Vaso|2014-05-21T17:15:10.0000000Z
soltarvasofregadero|avatarlejosdebasevaso|Vaso|2014-05-21T17:15:29.0000000Z
lavarsemanos|avatarlejosdelavamanos|Lavamanos|2014-05-21T17:16:09.0000000Z
soltarvasofregadero|avatarlejosdebasevaso|Vaso|2014-05-21T17:16:14.0000000Z
soltarvasofregadero|avatarlejosdebasevaso|Vaso|2014-05-21T17:16:21.0000000Z
soltarbotellaagitador|avatarlejosdeagitador|Botella|2014-05-21T17:24:44.0000000Z
soltarbotellaagitador|avatarlejosdeagitador|Botella|2014-05-21T17:24:52.0000000Z
soltarbandeja|noseencuentracabina|BandejaBotes|2014-05-21T17:28:38.0000000Z
insetarbotellaenautoclave|noseencuentraautoclave|Botella|2014-05-21T17:30:18.0000000Z
insetarbotellaenautoclave|noseencuentraautoclave|Botella|2014-05-21T17:30:40.0000000Z
insetarbotellaenautoclave|noseencuentraautoclave|Botella|2014-05-21T17:31:37.0000000Z
insetarbotellaenautoclave|noseencuentraautoclave|Botella|2014-05-21T17:31:49.0000000Z
insetarbotellaenautoclave|noseencuentraautoclave|Botella|2014-05-21T17:32:29.0000000Z
insetarbotellaenautoclave|noseencuentraautoclave|Botella|2014-05-21T17:32:53.0000000Z
insetarbotellaenautoclave|noseencuentraautoclave|Botella|2014-05-21T17:33:03.0000000Z
soltarbotellacabina|noseencuentracabina|Botella|2014-05-21T17:38:06.0000000Z
soltarboteeppendorf|noseencuentrapoyata|BoteTubosEppendorf|2014-05-21T17:52:33.0000000Z
