f0crearLog|crearLog| | | |2014-05-21T16:56:51.0000000Z
f0t1|entregarbata| | | |2014-05-21T16:59:50.0000000Z
f0t2|bloquearpoyata| | | |2014-05-21T17:01:26.0000000Z
f0t3|leerfundamentos| | | |2014-05-21T17:03:38.0000000Z
f0t5|releerfundamentos| | | |2014-05-21T17:03:40.0000000Z
f0t5|releerfundamentos| | | |2014-05-21T17:03:46.0000000Z
f0t5|releerfundamentos| | | |2014-05-21T17:04:18.0000000Z
f0t5|releerfundamentos| | | |2014-05-21T17:04:18.0000000Z
f0t5|releerfundamentos| | | |2014-05-21T17:04:20.0000000Z
f0t4|leerprotocolo| | | |2014-05-21T17:04:27.0000000Z
f0t6|releerprotocolo| | | |2014-05-21T17:04:43.0000000Z
f0t6|releerprotocolo| | | |2014-05-21T17:04:46.0000000Z
f0t6|releerprotocolo| | | |2014-05-21T17:04:47.0000000Z
f0t6|releerprotocolo| | | |2014-05-21T17:04:47.0000000Z
f0t6|releerprotocolo| | | |2014-05-21T17:04:55.0000000Z
f0t6|releerprotocolo| | | |2014-05-21T17:04:55.0000000Z
f0t5|releerfundamentos| | | |2014-05-21T17:05:15.0000000Z
f0t6|releerprotocolo| | | |2014-05-21T17:07:35.0000000Z
f0t7|lavarsemanos| | | |2014-05-21T17:11:19.0000000Z
f0t8|entregarguantes| | | |2014-05-21T17:11:48.0000000Z
f1t1|entregarvaso| | | |2014-05-21T17:12:49.0000000Z
f1t4|soltarvasofregadero| | | |2014-05-21T17:17:49.0000000Z
f1t5|bloquearfregadero| | | |2014-05-21T17:17:54.0000000Z
f1t6|llenarvasoconagua| | | |2014-05-21T17:17:56.0000000Z
f1t7|desbloquearfregadero| | | |2014-05-21T17:18:19.0000000Z
f1t8|soltarvasoagitador| | | |2014-05-21T17:18:32.0000000Z
f1t9|bloquearagitador| | | |2014-05-21T17:18:36.0000000Z
f1t10|bloquearphmetro| | | |2014-05-21T17:18:43.0000000Z
f1t11|encenderagitador| | | |2014-05-21T17:18:55.0000000Z
f1t12|agregarmys| | | |2014-05-21T17:19:50.0000000Z
f1t13|agregarsacarosa| | | |2014-05-21T17:20:07.0000000Z
f1t14|ajustarph| | | |2014-05-21T17:21:12.0000000Z
f1t15|desbloquearphmetro| | | |2014-05-21T17:21:16.0000000Z
f1t20|apagaragitador| | f1t16| |2014-05-21T17:22:32.0000000Z
f1t21|entregarbotella| | | |2014-05-21T17:23:29.0000000Z
f1t22|soltarbotellaagitador| | | |2014-05-21T17:25:09.0000000Z
f1t23|movermezclaabotella| | | |2014-05-21T17:25:18.0000000Z
f1t24|desbloquearagitador| | | |2014-05-21T17:25:29.0000000Z
f1t34|entregarbandeja| | | |2014-05-21T17:26:43.0000000Z
f1t30|encendercabina| | | |2014-05-21T17:28:50.0000000Z
f1t31|contartiempocabina| | | |2014-05-21T17:28:55.0000000Z
f1t35|soltarbandeja| | | |2014-05-21T17:29:26.0000000Z
f1t25|insetarbotellaenautoclave| | | |2014-05-21T17:36:28.0000000Z
f1t26|bloquearautoclave| | | |2014-05-21T17:36:33.0000000Z
f1t27|autoclavar| | | |2014-05-21T17:36:52.0000000Z
f1t28|entregarbotellaautoclavada| | | |2014-05-21T17:37:28.0000000Z
f1t29|enfriarbotella| | | |2014-05-21T17:37:29.0000000Z
f1t32|soltarbotellacabina| | | |2014-05-21T17:38:25.0000000Z
f1t36|llenarbotes| | | |2014-05-21T17:38:47.0000000Z
f1t37|esterilizar| | | |2014-05-21T17:39:06.0000000Z
f1t38|entregarchopo| | | |2014-05-21T17:40:39.0000000Z
f1t39|soltarchopocabina| | | |2014-05-21T17:41:26.0000000Z
f1t40|cortarplanta| | | |2014-05-21T17:41:43.0000000Z
f1t41|adjuntarbandeja| | | |2014-05-21T17:41:54.0000000Z
f1t42|apagarcabina| | | |2014-05-21T17:42:07.0000000Z
f1t44|bloquearbasefitotron| | | |2014-05-21T17:42:51.0000000Z
f1t43|soltarbandcrecimiento| | | |2014-05-21T17:42:56.0000000Z
f1t45|crecerchopo| | | |2014-05-21T17:43:20.0000000Z
f1t46|fincrecimiento| | | |2014-05-21T17:44:57.0000000Z
f2t1|encenderpcr| | | |2014-05-21T17:46:54.0000000Z
f2t4|calentartermobloque| | | |2014-05-21T17:47:06.0000000Z
f2t2|releerfundamentos| | | |2014-05-21T17:47:23.0000000Z
f2t3|releerprotocolo| | | |2014-05-21T17:48:02.0000000Z
f2t5|entregarbandejahielo| | | |2014-05-21T17:48:23.0000000Z
f2t22|tomartampote| | | |2014-05-21T17:51:12.0000000Z
f2t14|tomaraguadestilada| | | |2014-05-21T17:51:21.0000000Z
f2t26|soltarbandejapoyata| | | |2014-05-21T17:51:40.0000000Z
f2t25|soltarbandejapoyataprimeravez| | | |2014-05-21T17:51:44.0000000Z
f2t27|entregarboteeppendorf| | | |2014-05-21T17:52:14.0000000Z
f2t28|soltarboteeppendorf| | | |2014-05-21T17:52:55.0000000Z
f2t29|sacartuboeppendorf| | | |2014-05-21T17:53:07.0000000Z
f2t30|entregarpipetaamarilla| | | |2014-05-21T17:53:21.0000000Z
f2t32|cargarpuntaamarilla| | | |2014-05-21T17:54:00.0000000Z
f2t33|iniciarmezcla| | | |2014-05-21T17:54:23.0000000Z
f2t49|agregartampote| | | |2014-05-21T17:54:41.0000000Z
f2t41|agregaraguadestilada| | | |2014-05-21T17:55:03.0000000Z
f2t52|finmezcla| |f2t34-f2t35-f2t36-f2t37-f2t38-f2t39-f2t40|f2t49|2014-05-21T17:56:02.0000000Z
f2t53|soltarpipetaamarilla| | | |2014-05-21T17:56:26.0000000Z
f2t54|entregartubomezcla| | | |2014-05-21T17:56:37.0000000Z
f2t55|abrirpcr| | | |2014-05-21T17:56:59.0000000Z
f2t56|soltarmezcla| | | |2014-05-21T17:57:26.0000000Z
f2t57|cerrarpcr| | | |2014-05-21T17:57:32.0000000Z
f2t58|amplificarfragmento| | | |2014-05-21T17:57:37.0000000Z
f2t59|entregarmezclapcr| | | |2014-05-21T17:58:20.0000000Z
f2t60|guardarpcr| | | |2014-05-21T17:58:59.0000000Z
f2t61|soltartubonevera| | | |2014-05-21T17:59:18.0000000Z
f3t1|encendertermobloque| | | |2014-05-21T17:59:47.0000000Z
f3t4|calentartermobloque| | | |2014-05-21T17:59:58.0000000Z
f3t2|releerfundamentos| | | |2014-05-21T18:00:09.0000000Z
f3t3|releerprotocolo| | | |2014-05-21T18:00:25.0000000Z
f3t5|entregarbandejahielo| | | |2014-05-21T18:01:00.0000000Z
f3t23|tomartampote| | | |2014-05-21T18:02:24.0000000Z
f3t11|tomaraguadestilada| | | |2014-05-21T18:02:33.0000000Z
f3t27|soltarbandejapoyata| | | |2014-05-21T18:02:55.0000000Z
f3t26|soltarbandejapoyataprimeravez| | | |2014-05-21T18:03:00.0000000Z
f3t28|sacartuboligacion| | | |2014-05-21T18:03:18.0000000Z
f3t29|entregarpipetaamarilla| | | |2014-05-21T18:03:31.0000000Z
f3t31|cargarpuntaamarilla| | | |2014-05-21T18:04:13.0000000Z
f3t32|iniciarmezcla| | | |2014-05-21T18:04:35.0000000Z
f3t48|agregartampote| | | |2014-05-21T18:04:59.0000000Z
f3t37|agregaraguadestilada| | | |2014-05-21T18:05:17.0000000Z
f3t52|finmezcla| |f3t33-f3t34-f3t35-f3t36|f3t48|2014-05-21T18:05:49.0000000Z
f3t53|soltarpipetaamarilla| | | |2014-05-21T18:06:15.0000000Z
f3t54|entregartubomezcla| | | |2014-05-21T18:06:40.0000000Z
f3t55|abrirtermobloque| | | |2014-05-21T18:07:27.0000000Z
f3t56|soltarmezcla| | | |2014-05-21T18:07:44.0000000Z
f3t57|cerrartermobloque| | | |2014-05-21T18:07:49.0000000Z

f3t58|amplificarfragmento| | | |2014-05-21T18:08:18.0000000Z
f3t59|entregarmezclaligacion| | | |2014-05-21T18:08:38.0000000Z
f3t60|guardarligacion| | | |2014-05-21T18:09:10.0000000Z
f3t61|soltartubonevera| | | |2014-05-21T18:09:50.0000000Z
