lavarsemanos|avatarlejosdelavamanos|Lavamanos|2013-05-09T15:52:18.0000000Z
soltarbotellaagitador|avatarlejosdeagitador|Botella|2013-05-09T16:10:28.0000000Z
insetarbotellaenautoclave|noseencuentraautoclave|Botella|2013-05-09T16:11:55.0000000Z
insetarbotellaenautoclave|noseencuentraautoclave|Botella|2013-05-09T16:12:26.0000000Z
insetarbotellaenautoclave|noseencuentraautoclave|Botella|2013-05-09T16:15:04.0000000Z
insetarbotellaenautoclave|noseencuentraautoclave|Botella|2013-05-09T16:15:17.0000000Z
insetarbotellaenautoclave|noseencuentraautoclave|Botella|2013-05-09T16:15:41.0000000Z
insetarbotellaenautoclave|noseencuentraautoclave|Botella|2013-05-09T16:15:53.0000000Z
insetarbotellaenautoclave|noseencuentraautoclave|Botella|2013-05-09T16:16:02.0000000Z
insetarbotellaenautoclave|noseencuentraautoclave|Botella|2013-05-09T16:16:34.0000000Z
insetarbotellaenautoclave|noseencuentraautoclave|Botella|2013-05-09T16:17:36.0000000Z
soltarbandeja|noseencuentracabina|BandejaBotes|2013-05-09T16:19:49.0000000Z
soltarbandeja|noseencuentracabina|BandejaBotes|2013-05-09T16:20:06.0000000Z
soltarbandeja|noseencuentracabina|BandejaBotes|2013-05-09T16:21:06.0000000Z
soltarbandeja|noseencuentracabina|BandejaBotes|2013-05-09T16:21:26.0000000Z
soltarbandeja|noseencuentracabina|BandejaBotes|2013-05-09T16:22:00.0000000Z
insetarbotellaenautoclave|noseencuentraautoclave|Botella|2013-05-09T16:24:27.0000000Z
insetarbotellaenautoclave|noseencuentraautoclave|Botella|2013-05-09T16:24:33.0000000Z
insetarbotellaenautoclave|noseencuentraautoclave|Botella|2013-05-09T16:24:50.0000000Z
insetarbotellaenautoclave|noseencuentraautoclave|Botella|2013-05-09T16:25:13.0000000Z
insetarbotellaenautoclave|noseencuentraautoclave|Botella|2013-05-09T16:25:25.0000000Z
insetarbotellaenautoclave|noseencuentraautoclave|Botella|2013-05-09T16:26:01.0000000Z
insetarbotellaenautoclave|noseencuentraautoclave|Botella|2013-05-09T16:28:01.0000000Z
insetarbotellaenautoclave|noseencuentraautoclave|Botella|2013-05-09T16:29:32.0000000Z
insetarbotellaenautoclave|noseencuentraautoclave|Botella|2013-05-09T16:29:51.0000000Z
insetarbotellaenautoclave|noseencuentraautoclave|Botella|2013-05-09T16:30:02.0000000Z
insetarbotellaenautoclave|noseencuentraautoclave|Botella|2013-05-09T16:30:10.0000000Z
insetarbotellaenautoclave|noseencuentraautoclave|Botella|2013-05-09T16:31:30.0000000Z
insetarbotellaenautoclave|noseencuentraautoclave|Botella|2013-05-09T16:31:37.0000000Z
insetarbotellaenautoclave|noseencuentraautoclave|Botella|2013-05-09T16:32:21.0000000Z
insetarbotellaenautoclave|noseencuentraautoclave|Botella|2013-05-09T16:32:39.0000000Z
insetarbotellaenautoclave|noseencuentraautoclave|Botella|2013-05-09T16:33:05.0000000Z
insetarbotellaenautoclave|noseencuentraautoclave|Botella|2013-05-09T16:34:36.0000000Z
insetarbotellaenautoclave|noseencuentraautoclave|Botella|2013-05-09T16:35:26.0000000Z
insetarbotellaenautoclave|noseencuentraautoclave|Botella|2013-05-09T16:39:22.0000000Z
insetarbotellaenautoclave|noseencuentraautoclave|Botella|2013-05-09T16:39:28.0000000Z
insetarbotellaenautoclave|noseencuentraautoclave|Botella|2013-05-09T16:39:34.0000000Z
soltarbandcrecimiento|noseencuentrabasefitotron|BandejaBotes|2013-05-09T16:57:44.0000000Z
soltarbandejapoyata|noseencuentrapoyata|BandejaHielo|2013-05-09T17:20:44.0000000Z
soltarbandejapoyata|noseencuentrapoyata|BandejaHielo|2013-05-09T17:20:51.0000000Z
soltarbandejapoyata|noseencuentrapoyata|BandejaHielo|2013-05-09T17:21:01.0000000Z
soltarbandejapoyata|noseencuentrapoyata|BandejaHielo|2013-05-09T17:21:21.0000000Z
