f0crearLog|crearLog| | | |2015-06-16T09:02:53.0000000Z
f0t1|entregarbata| | | |2015-06-16T09:03:41.0000000Z
f0t2|bloquearpoyata| | | |2015-06-16T09:04:31.0000000Z
f0t3|leerfundamentos| | | |2015-06-16T09:05:32.0000000Z
f0t4|leerprotocolo| | | |2015-06-16T09:07:34.0000000Z
f0t7|lavarsemanos| | | |2015-06-16T09:12:35.0000000Z
f0t8|entregarguantes| | | |2015-06-16T09:13:55.0000000Z
f1t1|entregarvaso| | | |2015-06-16T09:14:54.0000000Z
f1t4|soltarvasofregadero| | | |2015-06-16T09:16:50.0000000Z
f1t5|bloquearfregadero| | | |2015-06-16T09:16:54.0000000Z
f1t6|llenarvasoconagua| | | |2015-06-16T09:16:55.0000000Z
f1t7|desbloquearfregadero| | | |2015-06-16T09:17:13.0000000Z
f1t8|soltarvasoagitador| | | |2015-06-16T09:17:19.0000000Z
f1t9|bloquearagitador| | | |2015-06-16T09:17:23.0000000Z
f1t10|bloquearphmetro| | | |2015-06-16T09:17:24.0000000Z
f1t11|encenderagitador| | | |2015-06-16T09:17:35.0000000Z
f1t12|agregarmys| | | |2015-06-16T09:19:45.0000000Z
f1t13|agregarsacarosa| | | |2015-06-16T09:19:53.0000000Z
f1t14|ajustarph| | | |2015-06-16T09:20:07.0000000Z
f1t15|desbloquearphmetro| | | |2015-06-16T09:20:08.0000000Z
f1t20|apagaragitador| | f1t16| |2015-06-16T09:20:29.0000000Z
f1t21|entregarbotella| | | |2015-06-16T09:21:11.0000000Z
f1t22|soltarbotellaagitador| | | |2015-06-16T09:21:36.0000000Z
f1t23|movermezclaabotella| | | |2015-06-16T09:21:42.0000000Z
f1t24|desbloquearagitador| | | |2015-06-16T09:21:51.0000000Z
f1t2|releerfundamentos| | | |2015-06-16T09:24:45.0000000Z
f1t2|releerfundamentos| | | |2015-06-16T09:27:06.0000000Z
f1t34|entregarbandeja| | | |2015-06-16T09:31:01.0000000Z
f1t25|insetarbotellaenautoclave| | | |2015-06-16T09:34:39.0000000Z
f1t26|bloquearautoclave| | | |2015-06-16T09:34:43.0000000Z
f1t27|autoclavar| | | |2015-06-16T09:34:48.0000000Z
f1t28|entregarbotellaautoclavada| | | |2015-06-16T09:35:30.0000000Z
f1t29|enfriarbotella| | | |2015-06-16T09:35:31.0000000Z
f1t30|encendercabina| | | |2015-06-16T09:36:59.0000000Z
f1t31|contartiempocabina| | | |2015-06-16T09:37:00.0000000Z
f1t37|esterilizar| | | |2015-06-16T09:37:34.0000000Z
f1t32|soltarbotellacabina| | | |2015-06-16T09:37:45.0000000Z
f1t38|entregarchopo| | | |2015-06-16T09:38:26.0000000Z
f1t33|agregariaa| | | |2015-06-16T09:39:37.0000000Z
f1t39|soltarchopocabina| | | |2015-06-16T09:39:53.0000000Z
f1t35|soltarbandeja| | | |2015-06-16T09:40:10.0000000Z
f1t36|llenarbotes| | | |2015-06-16T09:40:19.0000000Z
f1t40|cortarplanta| | | |2015-06-16T09:40:36.0000000Z
f1t41|adjuntarbandeja| | | |2015-06-16T09:40:45.0000000Z
f1t42|apagarcabina| | | |2015-06-16T09:41:02.0000000Z
f1t44|bloquearbasefitotron| | | |2015-06-16T09:41:45.0000000Z
f1t43|soltarbandcrecimiento| | | |2015-06-16T09:41:49.0000000Z
f1t45|crecerchopo| | | |2015-06-16T09:42:09.0000000Z
f1t46|fincrecimiento| | | |2015-06-16T09:42:48.0000000Z
f2t1|encenderpcr| | | |2015-06-16T09:43:56.0000000Z
f2t4|calentartermobloque| | | |2015-06-16T09:43:57.0000000Z
f2t5|entregarbandejahielo| | | |2015-06-16T09:44:27.0000000Z
f2t3|releerprotocolo| | | |2015-06-16T09:46:05.0000000Z
f2t7|tomaradn| | | |2015-06-16T09:48:56.0000000Z
f2t9|tomaroligonucleicoder| | | |2015-06-16T09:49:08.0000000Z
f2t8|tomaroligonucleicoizq| | | |2015-06-16T09:49:23.0000000Z
f2t10|tomartamponpolimerasa| | | |2015-06-16T09:49:39.0000000Z
f2t11|tomarmgcl| | | |2015-06-16T09:49:50.0000000Z
f2t12|tomardntp| | | |2015-06-16T09:50:12.0000000Z
f2t14|tomaraguadestilada| | | |2015-06-16T09:52:40.0000000Z
f2t55|abrirpcr| | | |2015-06-16T09:53:49.0000000Z
f2t26|soltarbandejapoyata| | | |2015-06-16T09:55:11.0000000Z
f2t25|soltarbandejapoyataprimeravez| | | |2015-06-16T09:55:15.0000000Z
f2t27|entregarboteeppendorf| | | |2015-06-16T09:56:23.0000000Z
f2t30|entregarpipetaamarilla| | | |2015-06-16T09:58:09.0000000Z
f2t32|cargarpuntaamarilla| | | |2015-06-16T09:58:27.0000000Z
f2t28|soltarboteeppendorf| | | |2015-06-16T10:09:59.0000000Z
f2t29|sacartuboeppendorf| | | |2015-06-16T10:10:51.0000000Z
f2t33|iniciarmezcla| | | |2015-06-16T10:11:06.0000000Z
f2t52|finmezcla| |f2t34-f2t35-f2t36-f2t37-f2t38-f2t39-f2t40-f2t41| |2015-06-16T10:14:54.0000000Z
f2t53|soltarpipetaamarilla| | | |2015-06-16T10:15:06.0000000Z
f2t54|entregartubomezcla| | | |2015-06-16T10:15:38.0000000Z
f2t56|soltarmezcla| | | |2015-06-16T10:20:44.0000000Z
f2t57|cerrarpcr| | | |2015-06-16T10:21:04.0000000Z
f2t58|amplificarfragmento| | | |2015-06-16T10:21:06.0000000Z
f2t59|entregarmezclapcr| | | |2015-06-16T10:21:42.0000000Z
f2t60|guardarpcr| | | |2015-06-16T10:21:56.0000000Z
f2t61|soltartubonevera| | | |2015-06-16T10:22:13.0000000Z
f3t1|encendertermobloque| | | |2015-06-16T10:22:31.0000000Z
f3t4|calentartermobloque| | | |2015-06-16T10:22:32.0000000Z
f3t5|entregarbandejahielo| | | |2015-06-16T10:22:55.0000000Z
f3t7|tomaradnplasmidico| | | |2015-06-16T10:23:40.0000000Z
f3t9|tomartamponligasa| | | |2015-06-16T10:25:33.0000000Z
f3t10|tomarenzimaligasa| | | |2015-06-16T10:25:39.0000000Z
f3t11|tomaraguadestilada| | | |2015-06-16T10:25:47.0000000Z
f3t8|tomarmezclapcr| | | |2015-06-16T10:26:13.0000000Z
f3t27|soltarbandejapoyata| | | |2015-06-16T10:26:42.0000000Z
f3t26|soltarbandejapoyataprimeravez| | | |2015-06-16T10:26:46.0000000Z
f3t28|sacartuboligacion| | | |2015-06-16T10:26:53.0000000Z
f3t29|entregarpipetaamarilla| | | |2015-06-16T10:27:03.0000000Z
f3t31|cargarpuntaamarilla| | | |2015-06-16T10:27:14.0000000Z
f3t32|iniciarmezcla| | | |2015-06-16T10:27:28.0000000Z
f3t52|finmezcla| |f3t33-f3t34-f3t35-f3t36-f3t37| |2015-06-16T10:27:48.0000000Z
f3t53|soltarpipetaamarilla| | | |2015-06-16T10:28:08.0000000Z
f3t54|entregartubomezcla| | | |2015-06-16T10:28:23.0000000Z
f3t55|abrirtermobloque| | | |2015-06-16T10:28:48.0000000Z
f3t56|soltarmezcla| | | |2015-06-16T10:28:56.0000000Z
f3t57|cerrartermobloque| | | |2015-06-16T10:28:58.0000000Z
f3t58|amplificarfragmento| | | |2015-06-16T10:29:15.0000000Z
f3t59|entregarmezclaligacion| | | |2015-06-16T10:29:32.0000000Z
f3t60|guardarligacion| | | |2015-06-16T10:33:11.0000000Z
f3t61|soltartubonevera| | | |2015-06-16T10:33:31.0000000Z