accionrealizada|f0t1|entregarbata|entregarbata|2013-05-10T14:54:58.0000000Z
accionrealizada|f0t1|entregarbata|entregarbata|2013-05-10T14:55:04.0000000Z
accionrealizada|f0t1|entregarbata|entregarbata|2013-05-10T14:55:06.0000000Z
accionrealizada|f0t1|entregarbata|entregarbata|2013-05-10T14:55:14.0000000Z
accionrealizada|f0t1|entregarbata|entregarbata|2013-05-10T14:55:18.0000000Z
accionrealizada|f0t1|entregarbata|entregarbata|2013-05-10T14:56:00.0000000Z
accionrealizada|f0t1|entregarbata|entregarbata|2013-05-10T14:56:04.0000000Z
accionrealizada|f0t1|entregarbata|entregarbata|2013-05-10T14:56:10.0000000Z
accionrealizada|f0t1|entregarbata|entregarbata|2013-05-10T14:56:12.0000000Z
accionrealizada|f0t1|entregarbata|entregarbata|2013-05-10T14:56:17.0000000Z
accionrealizada|f0t1|entregarbata|entregarbata|2013-05-10T14:56:34.0000000Z
accionrealizada|f0t1|entregarbata|entregarbata|2013-05-10T14:56:41.0000000Z
accionnoencontrada| |entregarTaza| |2013-05-10T14:57:32.0000000Z
accionnoencontrada| |entregarTaza| |2013-05-10T14:57:38.0000000Z
accionnoencontrada| |entregarTaza| |2013-05-10T14:58:05.0000000Z
accionrealizada|f0t1|entregarbata|entregarbata|2013-05-10T15:00:42.0000000Z
accionrealizada|f0t1|entregarbata|entregarbata|2013-05-10T15:00:46.0000000Z
accionrealizada|f0t1|entregarbata|entregarbata|2013-05-10T15:00:55.0000000Z
accionrealizada|f0t1|entregarbata|entregarbata|2013-05-10T15:03:34.0000000Z
accionnoencontrada| |encendertermobloque| |2013-05-10T15:08:14.0000000Z
accionnoencontrada| |encendertermobloque| |2013-05-10T15:08:16.0000000Z
accionnoencontrada| |encendertermobloque| |2013-05-10T15:08:19.0000000Z
accionnoencontrada| |encendertermobloque| |2013-05-10T15:08:21.0000000Z
dependenciabloq|f0t4|leerprotocolo|f0t3|2013-05-10T15:09:44.0000000Z
dependenciabloq|f0t4|leerprotocolo|f0t3|2013-05-10T15:09:47.0000000Z
dependenciabloq|f0t4|leerprotocolo|f0t3|2013-05-10T15:09:49.0000000Z
dependenciabloq|f0t4|leerprotocolo|f0t3|2013-05-10T15:09:51.0000000Z
dependenciabloq|f0t8|entregarguantes|f0t7|2013-05-10T15:29:38.0000000Z
accionnoencontrada| |bloquearpoyata| |2013-05-10T15:39:25.0000000Z
accionrealizada|f1t6|llenarvasoconagua|llenarvasoconagua|2013-05-10T15:42:42.0000000Z
dependenciasnobloq|f1t20|apagaragitador| f1t12-f1t13-f1t14-f1t16|2013-05-10T15:45:35.0000000Z
dependenciasnobloq|f1t14|ajustarph| f1t12-f1t13|2013-05-10T15:45:54.0000000Z
accionrealizada|f1t11|encenderagitador|encenderagitador|2013-05-10T15:47:10.0000000Z
accionrealizada|f1t11|encenderagitador|encenderagitador|2013-05-10T15:47:15.0000000Z
accionrealizada|f1t11|encenderagitador|encenderagitador|2013-05-10T15:47:17.0000000Z
accionrealizada|f1t11|encenderagitador|encenderagitador|2013-05-10T15:47:19.0000000Z
accionrealizada|f1t11|encenderagitador|encenderagitador|2013-05-10T15:47:21.0000000Z
accionrealizada|f1t11|encenderagitador|encenderagitador|2013-05-10T15:47:23.0000000Z
accionrealizada|f1t21|entregarbotella|entregarbotella|2013-05-10T15:48:04.0000000Z
accionrealizada|f1t21|entregarbotella|entregarbotella|2013-05-10T15:49:52.0000000Z
accionrealizada|f1t11|encenderagitador|encenderagitador|2013-05-10T15:50:46.0000000Z
accionrealizada|f1t11|encenderagitador|encenderagitador|2013-05-10T15:50:49.0000000Z
accionrealizada|f1t11|encenderagitador|encenderagitador|2013-05-10T15:50:51.0000000Z
accionrealizada|f1t11|encenderagitador|encenderagitador|2013-05-10T15:50:53.0000000Z
accionrealizada|f1t11|encenderagitador|encenderagitador|2013-05-10T15:50:55.0000000Z
accionnoencontrada| |entregarboteeppendorf| |2013-05-10T15:51:08.0000000Z
accionrealizada|f1t11|encenderagitador|encenderagitador|2013-05-10T15:53:29.0000000Z
accionrealizada|f1t11|encenderagitador|encenderagitador|2013-05-10T15:57:34.0000000Z
