accionrealizada|f0t2|bloquearpoyata|bloquearpoyata|2014-05-22T17:03:13.0000000Z
accionrealizada|f0t2|bloquearpoyata|bloquearpoyata|2014-05-22T17:03:15.0000000Z
accionrealizada|f1t6|llenarvasoconagua|llenarvasoconagua|2014-05-22T17:23:04.0000000Z
accionrealizada|f1t11|encenderagitador|encenderagitador|2014-05-22T17:23:56.0000000Z
accionnoencontrada| |agregaragarosa| |2014-05-22T17:34:19.0000000Z
dependenciasnobloq|f1t20|apagaragitador| f1t16|2014-05-22T17:34:55.0000000Z
accionrealizada|f1t20|apagaragitador|apagaragitador|2014-05-22T17:35:04.0000000Z
accionrealizada|f1t23|movermezclaabotella|movermezclaabotella|2014-05-22T17:36:27.0000000Z
dependenciabloq|f1t28|entregarbotellaautoclavada|f1t27|2014-05-22T17:39:59.0000000Z
dependenciabloq|f1t28|entregarbotellaautoclavada|f1t27|2014-05-22T17:40:02.0000000Z
accionrealizada|f1t28|entregarbotellaautoclavada|entregarbotellaautoclavada|2014-05-22T17:43:32.0000000Z
accionrealizada|f1t28|entregarbotellaautoclavada|entregarbotellaautoclavada|2014-05-22T17:43:36.0000000Z
accionnoencontrada| |tomartampote| |2014-05-22T17:47:33.0000000Z
accionrealizada|f1t34|entregarbandeja|entregarbandeja|2014-05-22T17:52:45.0000000Z
accionrealizada|f1t36|llenarbotes|llenarbotes|2014-05-22T17:56:22.0000000Z
accionrealizada|f1t36|llenarbotes|llenarbotes|2014-05-22T17:56:32.0000000Z
accionrealizada|f1t37|esterilizar|esterilizar|2014-05-22T17:57:12.0000000Z
accionrealizada|f1t37|esterilizar|esterilizar|2014-05-22T17:57:16.0000000Z
accionrealizada|f1t40|cortarplanta|cortarplanta|2014-05-22T18:00:56.0000000Z
accionrealizada|f1t40|cortarplanta|cortarplanta|2014-05-22T18:01:00.0000000Z
accionrealizada|f1t40|cortarplanta|cortarplanta|2014-05-22T18:01:06.0000000Z
accionrealizada|f1t40|cortarplanta|cortarplanta|2014-05-22T18:01:10.0000000Z
accionrealizada|f1t40|cortarplanta|cortarplanta|2014-05-22T18:01:16.0000000Z
accionrealizada|f1t41|adjuntarbandeja|adjuntarbandeja|2014-05-22T18:01:37.0000000Z
accionrealizada|f1t41|adjuntarbandeja|adjuntarbandeja|2014-05-22T18:02:25.0000000Z
accionrealizada|f1t42|apagarcabina|apagarcabina|2014-05-22T18:02:36.0000000Z
accionrealizada|f1t42|apagarcabina|apagarcabina|2014-05-22T18:02:42.0000000Z
accionrealizada|f1t42|apagarcabina|apagarcabina|2014-05-22T18:02:46.0000000Z
accionrealizada|f1t42|apagarcabina|apagarcabina|2014-05-22T18:03:00.0000000Z
accionrealizada|f1t42|apagarcabina|apagarcabina|2014-05-22T18:03:04.0000000Z
accionrealizada|f1t42|apagarcabina|apagarcabina|2014-05-22T18:03:15.0000000Z
accionrealizada|f1t42|apagarcabina|apagarcabina|2014-05-22T18:03:21.0000000Z
accionrealizada|f1t42|apagarcabina|apagarcabina|2014-05-22T18:03:25.0000000Z
accionrealizada|f1t42|apagarcabina|apagarcabina|2014-05-22T18:03:29.0000000Z
accionrealizada|f1t42|apagarcabina|apagarcabina|2014-05-22T18:03:34.0000000Z
accionrealizada|f1t42|apagarcabina|apagarcabina|2014-05-22T18:03:38.0000000Z
accionrealizada|f1t42|apagarcabina|apagarcabina|2014-05-22T18:03:41.0000000Z
accionnoencontrada| |entregarchopocrecido| |2014-05-22T18:07:30.0000000Z
accionnoencontrada| |entregarchopocrecido| |2014-05-22T18:07:35.0000000Z
accionnoencontrada| |entregarchopocrecido| |2014-05-22T18:07:41.0000000Z
accionnoencontrada| |entregarchopocrecido| |2014-05-22T18:07:47.0000000Z
accionnoencontrada| |encenderpcr| |2014-05-22T18:08:57.0000000Z
accionnoencontrada| |encenderpcr| |2014-05-22T18:09:04.0000000Z
accionnoencontrada| |encenderpcr| |2014-05-22T18:09:17.0000000Z
accionnoencontrada| |encenderpcr| |2014-05-22T18:09:21.0000000Z
accionnoencontrada| |encenderpcr| |2014-05-22T18:09:28.0000000Z
accionnoencontrada| |encenderpcr| |2014-05-22T18:09:32.0000000Z
accionnoencontrada| |encenderpcr| |2014-05-22T18:09:38.0000000Z
accionnoencontrada| |encenderpcr| |2014-05-22T18:09:46.0000000Z
accionnoencontrada| |encenderpcr| |2014-05-22T18:09:53.0000000Z
accionrealizada|f2t5|entregarbandejahielo|entregarbandejahielo|2014-05-22T18:11:22.0000000Z
accionrealizada|f2t5|entregarbandejahielo|entregarbandejahielo|2014-05-22T18:11:32.0000000Z
accionrealizada|f2t5|entregarbandejahielo|entregarbandejahielo|2014-05-22T18:15:13.0000000Z
accionrealizada|f2t5|entregarbandejahielo|entregarbandejahielo|2014-05-22T18:17:13.0000000Z
accionrealizada|f2t5|entregarbandejahielo|entregarbandejahielo|2014-05-22T18:17:50.0000000Z
accionrealizada|f2t9|tomaroligonucleicoder|tomaroligonucleicoder|2014-05-22T18:23:36.0000000Z
accionrealizada|f2t26|soltarbandejapoyata|soltarbandejapoyata|2014-05-22T18:39:29.0000000Z
accionrealizada|f2t26|soltarbandejapoyata|soltarbandejapoyata|2014-05-22T18:39:50.0000000Z
accionrealizada|f2t26|soltarbandejapoyata|soltarbandejapoyata|2014-05-22T18:39:56.0000000Z
accionrealizada|f2t26|soltarbandejapoyata|soltarbandejapoyata|2014-05-22T18:40:02.0000000Z
accionrealizada|f2t26|soltarbandejapoyata|soltarbandejapoyata|2014-05-22T18:41:14.0000000Z
accionrealizada|f2t26|soltarbandejapoyata|soltarbandejapoyata|2014-05-22T18:41:20.0000000Z
accionrealizada|f2t26|soltarbandejapoyata|soltarbandejapoyata|2014-05-22T18:41:54.0000000Z
accionrealizada|f2t26|soltarbandejapoyata|soltarbandejapoyata|2014-05-22T18:42:05.0000000Z
accionrealizada|f2t26|soltarbandejapoyata|soltarbandejapoyata|2014-05-22T18:42:11.0000000Z
accionrealizada|f2t26|soltarbandejapoyata|soltarbandejapoyata|2014-05-22T18:42:20.0000000Z
accionrealizada|f2t26|soltarbandejapoyata|soltarbandejapoyata|2014-05-22T18:42:26.0000000Z
accionrealizada|f2t26|soltarbandejapoyata|soltarbandejapoyata|2014-05-22T18:42:35.0000000Z
accionrealizada|f2t26|soltarbandejapoyata|soltarbandejapoyata|2014-05-22T18:42:43.0000000Z
accionrealizada|f2t26|soltarbandejapoyata|soltarbandejapoyata|2014-05-22T18:43:19.0000000Z
accionrealizada|f2t26|soltarbandejapoyata|soltarbandejapoyata|2014-05-22T18:43:27.0000000Z
accionrealizada|f2t26|soltarbandejapoyata|soltarbandejapoyata|2014-05-22T18:43:33.0000000Z
