f0crearLog|crearLog| | | |2013-05-21T14:31:05.0000000Z
f0t1|entregarbata| | | |2013-05-21T14:39:26.0000000Z
f0t2|bloquearpoyata| | | |2013-05-21T14:40:53.0000000Z
f0t3|leerfundamentos| | | |2013-05-21T14:42:02.0000000Z
f0t4|leerprotocolo| | | |2013-05-21T14:43:42.0000000Z
f0t6|releerprotocolo| | | |2013-05-21T14:45:40.0000000Z
f0t6|releerprotocolo| | | |2013-05-21T14:45:45.0000000Z
f0t7|lavarsemanos| | | |2013-05-21T14:47:57.0000000Z
f0t8|entregarguantes| | | |2013-05-21T14:48:18.0000000Z
f0t6|releerprotocolo| | | |2013-05-21T14:58:52.0000000Z
f0t6|releerprotocolo| | | |2013-05-21T14:58:55.0000000Z
f0t6|releerprotocolo| | | |2013-05-21T14:58:58.0000000Z
f0t6|releerprotocolo| | | |2013-05-21T14:59:01.0000000Z
f1t1|entregarvaso| | | |2013-05-21T15:10:39.0000000Z
f1t4|soltarvasofregadero| | | |2013-05-21T15:15:44.0000000Z
f1t5|bloquearfregadero| | | |2013-05-21T15:15:48.0000000Z
f1t6|llenarvasoconagua| | | |2013-05-21T15:15:49.0000000Z
f1t7|desbloquearfregadero| | | |2013-05-21T15:16:06.0000000Z
f1t8|soltarvasoagitador| | | |2013-05-21T15:16:22.0000000Z
f1t9|bloquearagitador| | | |2013-05-21T15:16:26.0000000Z
f1t10|bloquearphmetro| | | |2013-05-21T15:16:26.0000000Z
f1t11|encenderagitador| | | |2013-05-21T15:16:46.0000000Z
f1t20|apagaragitador| | f1t12-f1t13-f1t14-f1t16| |2013-05-21T15:16:54.0000000Z
f1t21|entregarbotella| | | |2013-05-21T15:17:23.0000000Z
f1t22|soltarbotellaagitador| | | |2013-05-21T15:18:00.0000000Z
f1t23|movermezclaabotella| | | |2013-05-21T15:18:05.0000000Z
f1t24|desbloquearagitador| | | |2013-05-21T15:18:17.0000000Z
f1t15|desbloquearphmetro| | | |2013-05-21T15:18:21.0000000Z
f1t25|insetarbotellaenautoclave| | | |2013-05-21T15:20:30.0000000Z
f1t26|bloquearautoclave| | | |2013-05-21T15:20:34.0000000Z
f1t27|autoclavar| | | |2013-05-21T15:20:54.0000000Z
f1t28|entregarbotellaautoclavada| | | |2013-05-21T15:21:42.0000000Z
f1t29|enfriarbotella| | | |2013-05-21T15:21:42.0000000Z
f1t34|entregarbandeja| | | |2013-05-21T15:28:14.0000000Z
f1t30|encendercabina| | | |2013-05-21T15:31:58.0000000Z
f1t31|contartiempocabina| | | |2013-05-21T15:31:58.0000000Z
f1t35|soltarbandeja| |f1t31| |2013-05-21T15:32:10.0000000Z
f1t32|soltarbotellacabina| | | |2013-05-21T15:32:43.0000000Z
f1t33|agregariaa| | | |2013-05-21T15:35:01.0000000Z
f1t36|llenarbotes| | | |2013-05-21T15:35:51.0000000Z
f1t37|esterilizar| | | |2013-05-21T15:35:58.0000000Z
f1t38|entregarchopo| | | |2013-05-21T15:37:33.0000000Z
f1t39|soltarchopocabina| | | |2013-05-21T15:38:39.0000000Z
f1t40|cortarplanta| | | |2013-05-21T15:38:42.0000000Z
f1t41|adjuntarbandeja| | | |2013-05-21T15:38:48.0000000Z
f1t42|apagarcabina| | | |2013-05-21T15:38:52.0000000Z
f1t44|bloquearbasefitotron| | | |2013-05-21T15:40:02.0000000Z
f1t43|soltarbandcrecimiento| | | |2013-05-21T15:40:06.0000000Z
f1t45|crecerchopo| | | |2013-05-21T15:40:26.0000000Z
f1t46|fincrecimiento| | | |2013-05-21T15:40:54.0000000Z
f1t3|releerprotocolo| | | |2013-05-21T15:44:29.0000000Z
f1t2|releerfundamentos| | | |2013-05-21T15:44:31.0000000Z
f1t3|releerprotocolo| | | |2013-05-21T15:44:39.0000000Z
f1t3|releerprotocolo| | | |2013-05-21T15:44:39.0000000Z
f2t1|encenderpcr| | | |2013-05-21T15:45:45.0000000Z
f2t4|calentartermobloque| | | |2013-05-21T15:45:45.0000000Z
f2t5|entregarbandejahielo| | | |2013-05-21T15:46:04.0000000Z
f2t3|releerprotocolo| | | |2013-05-21T15:48:08.0000000Z
f2t3|releerprotocolo| | | |2013-05-21T15:48:12.0000000Z
f2t14|tomaraguadestilada| | | |2013-05-21T15:50:48.0000000Z
f2t9|tomaroligonucleicoder| | | |2013-05-21T15:51:17.0000000Z
f2t11|tomarmgcl| | | |2013-05-21T15:51:32.0000000Z
f2t22|tomartampote| | | |2013-05-21T15:52:23.0000000Z
f2t7|tomaradn| | | |2013-05-21T15:54:44.0000000Z
f2t25|soltarbandejapoyataprimeravez| | | |2013-05-21T15:55:22.0000000Z
f2t27|entregarboteeppendorf| | | |2013-05-21T15:56:12.0000000Z
f2t28|soltarboteeppendorf| | | |2013-05-21T15:57:02.0000000Z
f2t29|sacartuboeppendorf| | | |2013-05-21T15:59:02.0000000Z
f2t30|entregarpipetaamarilla| | | |2013-05-21T16:01:57.0000000Z
f2t32|cargarpuntaamarilla| | | |2013-05-21T16:02:13.0000000Z
f2t26|soltarbandejapoyata| | | |2013-05-21T16:02:35.0000000Z
f2t33|iniciarmezcla| | | |2013-05-21T16:03:12.0000000Z
f2t41|agregaraguadestilada| | | |2013-05-21T16:03:21.0000000Z
f2t36|agregaroligonucleicoder| | | |2013-05-21T16:03:34.0000000Z
f2t38|agregarmgcl| | | |2013-05-21T16:03:43.0000000Z
f2t49|agregartampote| | | |2013-05-21T16:03:50.0000000Z
f2t34|agregaradn| | | |2013-05-21T16:03:52.0000000Z
f2t52|finmezcla| |f2t35-f2t37-f2t39-f2t40|f2t49|2013-05-21T16:03:58.0000000Z
f2t53|soltarpipetaamarilla| | | |2013-05-21T16:04:08.0000000Z
f2t54|entregartubomezcla| | | |2013-05-21T16:05:22.0000000Z
f2t55|abrirpcr| | | |2013-05-21T16:10:09.0000000Z
f2t56|soltarmezcla| | | |2013-05-21T16:12:20.0000000Z
f2t57|cerrarpcr| | | |2013-05-21T16:12:24.0000000Z
f2t58|amplificarfragmento| | | |2013-05-21T16:12:30.0000000Z
f2t59|entregarmezclapcr| | | |2013-05-21T16:13:01.0000000Z
f2t60|guardarpcr| | | |2013-05-21T16:14:08.0000000Z
f2t61|soltartubonevera| | | |2013-05-21T16:14:23.0000000Z
f3t1|encendertermobloque| | | |2013-05-21T16:15:01.0000000Z
f3t4|calentartermobloque| | | |2013-05-21T16:15:03.0000000Z
f3t5|entregarbandejahielo| | | |2013-05-21T16:16:16.0000000Z
f3t3|releerprotocolo| | | |2013-05-21T16:18:04.0000000Z
f3t3|releerprotocolo| | | |2013-05-21T16:18:09.0000000Z
f3t7|tomaradnplasmidico| | | |2013-05-21T16:20:15.0000000Z
f3t8|tomarmezclapcr| | | |2013-05-21T16:22:59.0000000Z
f3t10|tomarenzimaligasa| | | |2013-05-21T16:28:06.0000000Z
f3t11|tomaraguadestilada| | | |2013-05-21T16:28:18.0000000Z
f3t3|releerprotocolo| | | |2013-05-21T16:28:36.0000000Z
f3t3|releerprotocolo| | | |2013-05-21T16:28:38.0000000Z
f3t9|tomartamponligasa| | | |2013-05-21T16:29:55.0000000Z
f3t27|soltarbandejapoyata| | | |2013-05-21T16:30:15.0000000Z
f3t26|soltarbandejapoyataprimeravez| | | |2013-05-21T16:30:18.0000000Z
f3t29|entregarpipetaamarilla| | | |2013-05-21T16:31:43.0000000Z
f3t31|cargarpuntaamarilla| | | |2013-05-21T16:32:14.0000000Z
f3t32|iniciarmezcla| | | |2013-05-21T16:32:15.0000000Z
f3t33|agregaradnplasmidico| | | |2013-05-21T16:32:25.0000000Z
f3t34|agregarmezclapcr| | | |2013-05-21T16:32:41.0000000Z
f3t35|agregartamponligasa| | | |2013-05-21T16:32:50.0000000Z
f3t36|agregarenzimaligasa| | | |2013-05-21T16:32:56.0000000Z
f3t37|agregaraguadestilada| | | |2013-05-21T16:33:03.0000000Z
f3t52|finmezcla| | | |2013-05-21T16:33:07.0000000Z
f3t53|soltarpipetaamarilla| | | |2013-05-21T16:33:18.0000000Z
f3t28|sacartuboligacion| | | |2013-05-21T16:33:41.0000000Z
f3t54|entregartubomezcla| | | |2013-05-21T16:53:58.0000000Z
f3t55|abrirtermobloque| | | |2013-05-21T16:55:34.0000000Z
f3t56|soltarmezcla| | | |2013-05-21T16:55:39.0000000Z
f3t57|cerrartermobloque| | | |2013-05-21T16:55:57.0000000Z

f3t58|amplificarfragmento| | | |2013-05-21T16:56:12.0000000Z
f3t59|entregarmezclaligacion| | | |2013-05-21T16:56:20.0000000Z
f3t60|guardarligacion| | | |2013-05-21T16:57:15.0000000Z
f3t61|soltartubonevera| | | |2013-05-21T16:57:26.0000000Z
