accionnoencontrada| |entregarbata| |2013-05-08T14:38:33.0000000Z
accionnoencontrada| |entregarbata| |2013-05-08T14:38:37.0000000Z
accionnoencontrada| |entregarbata| |2013-05-08T14:38:56.0000000Z
accionnoencontrada| |entregarbata| |2013-05-08T14:39:12.0000000Z
accionnoencontrada| |entregarbata| |2013-05-08T14:39:44.0000000Z
accionrealizada|f0t8|entregarguantes|entregarguantes|2013-05-08T14:48:16.0000000Z
dependenciabloq|f0t4|leerprotocolo|f0t3|2013-05-08T14:48:42.0000000Z
dependenciabloq|f0t4|leerprotocolo|f0t3|2013-05-08T14:48:48.0000000Z
accionrealizada|f0t7|lavarsemanos|lavarsemanos|2013-05-08T14:55:40.0000000Z
accionnoencontrada| |entregarvaso| |2013-05-08T15:00:35.0000000Z
accionnoencontrada| |lavarsemanos| |2013-05-08T15:01:36.0000000Z
accionnoencontrada| |lavarsemanos| |2013-05-08T15:01:57.0000000Z
accionnoencontrada| |lavarsemanos| |2013-05-08T15:02:00.0000000Z
accionnoencontrada| |lavarsemanos| |2013-05-08T15:02:03.0000000Z
accionnoencontrada| |lavarsemanos| |2013-05-08T15:02:11.0000000Z
accionnoencontrada| |lavarsemanos| |2013-05-08T15:02:47.0000000Z
accionnoencontrada| |lavarsemanos| |2013-05-08T15:02:54.0000000Z
dependenciasnobloq|f1t14|ajustarph| f1t12|2013-05-08T15:08:03.0000000Z
dependenciasnobloq|f1t16|agregaragar| f1t12-ord_f1t16|2013-05-08T15:11:21.0000000Z
dependenciabloq|f1t23|movermezclaabotella|f1t20|2013-05-08T15:14:41.0000000Z
dependenciabloq|f1t23|movermezclaabotella|f1t20|2013-05-08T15:14:55.0000000Z
dependenciabloq|f1t23|movermezclaabotella|f1t20|2013-05-08T15:15:02.0000000Z
dependenciabloq|f1t23|movermezclaabotella|f1t20|2013-05-08T15:15:09.0000000Z
dependenciabloq|f1t23|movermezclaabotella|f1t20|2013-05-08T15:15:11.0000000Z
dependenciabloq|f1t23|movermezclaabotella|f1t20|2013-05-08T15:15:15.0000000Z
dependenciabloq|f1t23|movermezclaabotella|f1t20|2013-05-08T15:16:21.0000000Z
dependenciabloq|f1t23|movermezclaabotella|f1t20|2013-05-08T15:16:29.0000000Z
dependenciasnobloq|f1t20|apagaragitador| f1t12-ord_f1t20|2013-05-08T15:17:09.0000000Z
accionrealizada|f1t27|autoclavar|autoclavar|2013-05-08T15:19:15.0000000Z
dependenciabloq|f1t28|entregarbotellaautoclavada|f1t27|2013-05-08T15:19:26.0000000Z
accionrealizada|f1t30|encendercabina|encendercabina|2013-05-08T15:22:06.0000000Z
accionrealizada|f1t30|encendercabina|encendercabina|2013-05-08T15:22:09.0000000Z
accionrealizada|f1t30|encendercabina|encendercabina|2013-05-08T15:22:11.0000000Z
accionrealizada|f1t30|encendercabina|encendercabina|2013-05-08T15:22:13.0000000Z
accionrealizada|f1t30|encendercabina|encendercabina|2013-05-08T15:22:55.0000000Z
accionrealizada|f1t28|entregarbotellaautoclavada|entregarbotellaautoclavada|2013-05-08T15:36:20.0000000Z
dependenciabloq|f1t40|cortarplanta|f1t39|2013-05-08T15:48:58.0000000Z
accionrealizada|f2t28|soltarboteeppendorf|soltarboteeppendorf|2013-05-08T16:09:29.0000000Z
accionnoencontrada| |sacartuboligacion| |2013-05-08T16:11:20.0000000Z
accionnoencontrada| |sacartuboligacion| |2013-05-08T16:12:05.0000000Z
dependenciabloq|f2t33|iniciarmezcla|f2t31|2013-05-08T16:12:10.0000000Z
dependenciabloq|f2t33|iniciarmezcla|f2t32|2013-05-08T16:12:55.0000000Z
accionrealizada|f2t54|entregartubomezcla|entregartubomezcla|2013-05-08T16:15:21.0000000Z
dependenciabloq|f2t57|cerrarpcr|f2t56|2013-05-08T16:16:18.0000000Z
accionnoencontrada| |encenderpcr| |2013-05-08T16:19:16.0000000Z
accionnoencontrada| |encendertermobloque| |2013-05-08T16:20:19.0000000Z
accionrealizada|f3t54|entregartubomezcla|entregartubomezcla|2013-05-08T16:29:04.0000000Z
accionrealizada|f3t60|guardarligacion|guardarligacion|2013-05-08T16:31:17.0000000Z
