f0crearLog|crearLog| | | |2013-05-23T16:11:26.0000000Z
f0t1|entregarbata| | | |2013-05-23T16:12:05.0000000Z
f0t2|bloquearpoyata| | | |2013-05-23T16:14:10.0000000Z
f0t3|leerfundamentos| | | |2013-05-23T16:15:03.0000000Z
f0t5|releerfundamentos| | | |2013-05-23T16:16:07.0000000Z
f0t5|releerfundamentos| | | |2013-05-23T16:16:09.0000000Z
f0t4|leerprotocolo| | | |2013-05-23T16:16:21.0000000Z
f0t7|lavarsemanos| | | |2013-05-23T16:16:48.0000000Z
f0t8|entregarguantes| | | |2013-05-23T16:17:18.0000000Z
f1t1|entregarvaso| | | |2013-05-23T16:19:21.0000000Z
f1t4|soltarvasofregadero| | | |2013-05-23T16:22:19.0000000Z
f1t5|bloquearfregadero| | | |2013-05-23T16:22:29.0000000Z
f1t6|llenarvasoconagua| | | |2013-05-23T16:22:32.0000000Z
f1t7|desbloquearfregadero| | | |2013-05-23T16:22:49.0000000Z
f1t8|soltarvasoagitador| | | |2013-05-23T16:23:20.0000000Z
f1t9|bloquearagitador| | | |2013-05-23T16:23:25.0000000Z
f1t11|encenderagitador| | | |2013-05-23T16:23:30.0000000Z
f1t10|bloquearphmetro| | | |2013-05-23T16:23:30.0000000Z
f1t14|ajustarph| | f1t12-f1t13| |2013-05-23T16:23:34.0000000Z
f1t15|desbloquearphmetro| | | |2013-05-23T16:23:34.0000000Z
f1t20|apagaragitador| | f1t12-f1t13-f1t16| |2013-05-23T16:24:13.0000000Z
f1t21|entregarbotella| | | |2013-05-23T16:24:27.0000000Z
f1t22|soltarbotellaagitador| | | |2013-05-23T16:25:02.0000000Z
f1t23|movermezclaabotella| | | |2013-05-23T16:25:11.0000000Z
f1t24|desbloquearagitador| | | |2013-05-23T16:25:20.0000000Z
f1t25|insetarbotellaenautoclave| | | |2013-05-23T16:26:38.0000000Z
f1t26|bloquearautoclave| | | |2013-05-23T16:26:41.0000000Z
f1t27|autoclavar| | | |2013-05-23T16:26:43.0000000Z
f1t28|entregarbotellaautoclavada| | | |2013-05-23T16:27:12.0000000Z
f1t29|enfriarbotella| | | |2013-05-23T16:27:33.0000000Z
f1t30|encendercabina| | | |2013-05-23T16:33:11.0000000Z
f1t31|contartiempocabina| | | |2013-05-23T16:34:27.0000000Z
f1t32|soltarbotellacabina| |f1t31| |2013-05-23T16:34:39.0000000Z
f1t33|agregariaa| | | |2013-05-23T16:35:31.0000000Z
f1t42|apagarcabina| | | |2013-05-23T16:36:33.0000000Z
f1t34|entregarbandeja| | | |2013-05-23T16:39:13.0000000Z
f1t35|soltarbandeja| | |f1t42|2013-05-23T16:40:16.0000000Z
f1t36|llenarbotes| | |f1t42|2013-05-23T16:40:24.0000000Z
f1t37|esterilizar| | |f1t42|2013-05-23T16:40:43.0000000Z
f1t38|entregarchopo| | | |2013-05-23T16:41:31.0000000Z
f1t39|soltarchopocabina| | |f1t42|2013-05-23T16:42:24.0000000Z
f1t40|cortarplanta| | |f1t42|2013-05-23T16:42:30.0000000Z
f1t41|adjuntarbandeja| | | |2013-05-23T16:42:42.0000000Z
f1t44|bloquearbasefitotron| | | |2013-05-23T16:43:23.0000000Z
f1t43|soltarbandcrecimiento| | | |2013-05-23T16:43:26.0000000Z
f1t45|crecerchopo| | | |2013-05-23T16:43:41.0000000Z
f1t46|fincrecimiento| | | |2013-05-23T16:44:31.0000000Z
f2t1|encenderpcr| | | |2013-05-23T16:47:57.0000000Z
f2t4|calentartermobloque| | | |2013-05-23T16:47:57.0000000Z
f2t5|entregarbandejahielo| | | |2013-05-23T16:48:16.0000000Z
f2t23|tomarmezclapcr| | | |2013-05-23T16:50:37.0000000Z
f2t55|abrirpcr| | | |2013-05-23T16:53:12.0000000Z
f2t25|soltarbandejapoyataprimeravez| | | |2013-05-23T16:54:36.0000000Z
f2t27|entregarboteeppendorf| | | |2013-05-23T16:55:19.0000000Z
f2t28|soltarboteeppendorf| | | |2013-05-23T16:56:00.0000000Z
f2t29|sacartuboeppendorf| | | |2013-05-23T16:56:04.0000000Z
f2t30|entregarpipetaamarilla| | | |2013-05-23T16:57:41.0000000Z
f2t32|cargarpuntaamarilla| | | |2013-05-23T16:58:01.0000000Z
f2t50|agregarmezclapcr| | | |2013-05-23T16:58:56.0000000Z
f2t7|tomaradn| | | |2013-05-23T17:04:18.0000000Z
f2t9|tomaroligonucleicoder| | | |2013-05-23T17:04:25.0000000Z
f2t8|tomaroligonucleicoizq| | | |2013-05-23T17:04:30.0000000Z
f2t10|tomartamponpolimerasa| | | |2013-05-23T17:04:36.0000000Z
f2t11|tomarmgcl| | | |2013-05-23T17:04:44.0000000Z
f2t12|tomardntp| | | |2013-05-23T17:05:00.0000000Z
f2t14|tomaraguadestilada| | | |2013-05-23T17:05:09.0000000Z
f2t13|tomarpolimerasa| | | |2013-05-23T17:06:00.0000000Z
f2t15|tomarenzimaligasa| | | |2013-05-23T17:12:22.0000000Z
f2t17|tomarplasmido35s| | | |2013-05-23T17:14:32.0000000Z
f2t18|tomarplasmidomirna| | | |2013-05-23T17:14:38.0000000Z
f2t26|soltarbandejapoyata| | | |2013-05-23T17:14:55.0000000Z
f2t33|iniciarmezcla| | | |2013-05-23T17:15:05.0000000Z
f2t52|finmezcla| |f2t34-f2t35-f2t36-f2t37-f2t38-f2t39-f2t40-f2t41|f2t50|2013-05-23T17:15:10.0000000Z
f2t53|soltarpipetaamarilla| | | |2013-05-23T17:15:34.0000000Z
f2t54|entregartubomezcla| | | |2013-05-23T17:27:46.0000000Z
f2t56|soltarmezcla| | | |2013-05-23T17:30:06.0000000Z
f2t57|cerrarpcr| | | |2013-05-23T17:30:13.0000000Z
f2t58|amplificarfragmento| | | |2013-05-23T17:30:31.0000000Z
f2t59|entregarmezclapcr| | | |2013-05-23T17:31:03.0000000Z
f2t60|guardarpcr| | | |2013-05-23T17:31:20.0000000Z
f2t61|soltartubonevera| | | |2013-05-23T17:31:50.0000000Z
f3t1|encendertermobloque| | | |2013-05-23T17:32:04.0000000Z
f3t4|calentartermobloque| | | |2013-05-23T17:32:04.0000000Z
f3t5|entregarbandejahielo| | | |2013-05-23T17:32:16.0000000Z
f3t55|abrirtermobloque| | | |2013-05-23T17:35:45.0000000Z
f3t26|soltarbandejapoyataprimeravez| | | |2013-05-23T17:36:01.0000000Z
f3t28|sacartuboligacion| | | |2013-05-23T17:36:22.0000000Z
f3t29|entregarpipetaamarilla| | | |2013-05-23T17:36:29.0000000Z
f3t31|cargarpuntaamarilla| | | |2013-05-23T17:36:42.0000000Z
f3t7|tomaradnplasmidico| | | |2013-05-23T17:38:04.0000000Z
f3t8|tomarmezclapcr| | | |2013-05-23T17:38:11.0000000Z
f3t9|tomartamponligasa| | | |2013-05-23T17:38:30.0000000Z
f3t10|tomarenzimaligasa| | | |2013-05-23T17:38:38.0000000Z
f3t11|tomaraguadestilada| | | |2013-05-23T17:38:40.0000000Z
f3t27|soltarbandejapoyata| | | |2013-05-23T17:39:25.0000000Z
f3t32|iniciarmezcla| | | |2013-05-23T17:40:10.0000000Z
f3t52|finmezcla| |f3t33-f3t34-f3t35-f3t36-f3t37| |2013-05-23T17:40:19.0000000Z
f3t53|soltarpipetaamarilla| | | |2013-05-23T17:40:25.0000000Z
f3t54|entregartubomezcla| | | |2013-05-23T17:40:30.0000000Z
f3t56|soltarmezcla| | | |2013-05-23T17:41:03.0000000Z
f3t57|cerrartermobloque| | | |2013-05-23T17:41:05.0000000Z

f3t58|amplificarfragmento| | | |2013-05-23T17:41:17.0000000Z
f3t59|entregarmezclaligacion| | | |2013-05-23T17:41:23.0000000Z
f3t60|guardarligacion| | | |2013-05-23T17:41:35.0000000Z
f3t61|soltartubonevera| | | |2013-05-23T17:41:54.0000000Z
