accionrealizada|f0t1|entregarbata|entregarbata|2013-05-09T15:51:13.0000000Z
accionrealizada|f0t1|entregarbata|entregarbata|2013-05-09T15:53:18.0000000Z
dependenciabloq|f0t8|entregarguantes|f0t7|2013-05-09T16:03:52.0000000Z
accionrealizada|f0t8|entregarguantes|entregarguantes|2013-05-09T16:05:52.0000000Z
accionrealizada|f0t8|entregarguantes|entregarguantes|2013-05-09T16:05:59.0000000Z
accionrealizada|f0t8|entregarguantes|entregarguantes|2013-05-09T16:06:06.0000000Z
accionnoencontrada| |lavarsemanos| |2013-05-09T16:08:41.0000000Z
accionnoencontrada| |entregarvaso| |2013-05-09T16:09:59.0000000Z
accionnoencontrada| |entregarvaso| |2013-05-09T16:14:29.0000000Z
accionnoencontrada| |entregarvaso| |2013-05-09T16:15:04.0000000Z
accionnoencontrada| |entregarvaso| |2013-05-09T16:15:45.0000000Z
accionnoencontrada| |entregarvaso| |2013-05-09T16:15:52.0000000Z
accionnoencontrada| |entregarvaso| |2013-05-09T16:16:32.0000000Z
accionnoencontrada| |entregarvaso| |2013-05-09T16:16:38.0000000Z
accionnoencontrada| |entregarvaso| |2013-05-09T16:16:42.0000000Z
accionnoencontrada| |entregarvaso| |2013-05-09T16:20:48.0000000Z
accionnoencontrada| |entregarvaso| |2013-05-09T16:22:31.0000000Z
accionnoencontrada| |entregarvaso| |2013-05-09T16:22:47.0000000Z
accionnoencontrada| |entregarvaso| |2013-05-09T16:23:02.0000000Z
accionnoencontrada| |entregarvaso| |2013-05-09T16:28:16.0000000Z
accionnoencontrada| |entregarvaso| |2013-05-09T16:28:29.0000000Z
accionnoencontrada| |leerfundamentos| |2013-05-09T16:34:28.0000000Z
accionnoencontrada| |leerfundamentos| |2013-05-09T16:34:32.0000000Z
accionnoencontrada| |leerprotocolo| |2013-05-09T16:34:34.0000000Z
accionnoencontrada| |leerprotocolo| |2013-05-09T16:35:03.0000000Z
accionnoencontrada| |leerprotocolo| |2013-05-09T16:35:20.0000000Z
accionnoencontrada| |leerfundamentos| |2013-05-09T16:35:22.0000000Z
accionnoencontrada| |leerfundamentos| |2013-05-09T16:35:24.0000000Z
accionnoencontrada| |leerfundamentos| |2013-05-09T16:35:49.0000000Z
dependenciasnobloq|f1t20|apagaragitador| f1t12-f1t13-f1t14-f1t16|2013-05-09T16:36:30.0000000Z
accionnoencontrada| |agregaragarosa| |2013-05-09T16:40:11.0000000Z
accionrealizada|f1t11|encenderagitador|encenderagitador|2013-05-09T16:42:03.0000000Z
accionrealizada|f1t11|encenderagitador|encenderagitador|2013-05-09T16:42:06.0000000Z
accionrealizada|f1t11|encenderagitador|encenderagitador|2013-05-09T16:45:09.0000000Z
dependenciabloq|f1t40|cortarplanta|f1t39|2013-05-09T16:56:25.0000000Z
dependenciasnobloq|f1t40|cortarplanta|f1t37|2013-05-09T16:59:15.0000000Z
accionnoencontrada| |entregarchopocrecido| |2013-05-09T17:02:54.0000000Z
accionnoencontrada| |leerprotocolo| |2013-05-09T17:04:29.0000000Z
accionnoencontrada| |leerprotocolo| |2013-05-09T17:04:53.0000000Z
dependenciabloq|f2t10|tomartamponpolimerasa|f2t6|2013-05-09T17:07:32.0000000Z
accionnoencontrada| |entregarbandeja| |2013-05-09T17:11:50.0000000Z
dependenciabloq|f2t33|iniciarmezcla|f2t32|2013-05-09T17:13:37.0000000Z
dependenciabloq|f2t33|iniciarmezcla|f2t32|2013-05-09T17:13:57.0000000Z
accionnoencontrada| |leerprotocolo| |2013-05-09T17:14:38.0000000Z
dependenciabloq|f2t33|iniciarmezcla|f2t31|2013-05-09T17:15:00.0000000Z
dependenciabloq|f2t33|iniciarmezcla|f2t31|2013-05-09T17:15:03.0000000Z
dependenciabloq|f2t33|iniciarmezcla|f2t31|2013-05-09T17:15:05.0000000Z
dependenciabloq|f2t33|iniciarmezcla|f2t31|2013-05-09T17:15:10.0000000Z
accionrealizada|f2t30|entregarpipetaamarilla|entregarpipetaamarilla|2013-05-09T17:15:20.0000000Z
accionrealizada|f2t32|cargarpuntaamarilla|cargarpuntaamarilla|2013-05-09T17:15:22.0000000Z
dependenciabloq|f2t33|iniciarmezcla|f2t31|2013-05-09T17:15:22.0000000Z
dependenciabloq|f2t33|iniciarmezcla|f2t31|2013-05-09T17:15:24.0000000Z
accionnoencontrada| |leerprotocolo| |2013-05-09T17:15:36.0000000Z
accionnoencontrada| |leerfundamentos| |2013-05-09T17:15:40.0000000Z
accionrealizada|f2t30|entregarpipetaamarilla|entregarpipetaamarilla|2013-05-09T17:15:46.0000000Z
dependenciabloq|f2t33|iniciarmezcla|f2t31|2013-05-09T17:15:48.0000000Z
dependenciabloq|f2t33|iniciarmezcla|f2t31|2013-05-09T17:15:57.0000000Z
accionrealizada|f2t32|cargarpuntaamarilla|cargarpuntaamarilla|2013-05-09T17:16:01.0000000Z
accionrealizada|f2t30|entregarpipetaamarilla|entregarpipetaamarilla|2013-05-09T17:16:04.0000000Z
dependenciabloq|f2t33|iniciarmezcla|f2t31|2013-05-09T17:16:04.0000000Z
dependenciabloq|f2t33|iniciarmezcla|f2t31|2013-05-09T17:16:06.0000000Z
dependenciabloq|f2t33|iniciarmezcla|f2t31|2013-05-09T17:16:08.0000000Z
accionnoencontrada| |sacartuboligacion| |2013-05-09T17:16:13.0000000Z
dependenciabloq|f2t33|iniciarmezcla|f2t31|2013-05-09T17:16:24.0000000Z
accionnoencontrada| |sacartuboligacion| |2013-05-09T17:16:29.0000000Z
accionrealizada|f2t37|agregartamponpolimerasa|agregartamponpolimerasa|2013-05-09T17:17:00.0000000Z
dependenciasnobloq|f2t52|finmezcla|f2t35-f2t36-f2t38-f2t39-f2t40-f2t41|2013-05-09T17:17:03.0000000Z
accionnoencontrada| |sacartuboligacion| |2013-05-09T17:17:27.0000000Z
accionnoencontrada| |leerprotocolo| |2013-05-09T17:21:00.0000000Z
accionnoencontrada| |leerfundamentos| |2013-05-09T17:21:02.0000000Z
accionnoencontrada| |leerfundamentos| |2013-05-09T17:21:04.0000000Z
accionnoencontrada| |leerprotocolo| |2013-05-09T17:24:48.0000000Z
dependenciabloq|f3t3|releerprotocolo|f0t4|2013-05-09T17:27:10.0000000Z
dependenciabloq|f3t2|releerfundamentos|f0t3|2013-05-09T17:27:17.0000000Z
dependenciabloq|f3t2|releerfundamentos|f0t3|2013-05-09T17:27:30.0000000Z
dependenciabloq|f3t3|releerprotocolo|f0t4|2013-05-09T17:27:37.0000000Z
dependenciabloq|f3t3|releerprotocolo|f0t4|2013-05-09T17:27:51.0000000Z
dependenciasnobloq|f3t52|finmezcla|f3t33-f3t35-f3t36-f3t37|2013-05-09T17:32:05.0000000Z
dependenciabloq|f3t57|cerrartermobloque|f3t56|2013-05-09T17:32:42.0000000Z
