f0crearLog|crearLog| | | |2013-05-09T15:49:18.0000000Z
f0t1|entregarbata| | | |2013-05-09T15:50:20.0000000Z
f0t2|bloquearpoyata| | | |2013-05-09T16:02:18.0000000Z
f0t7|lavarsemanos| | | |2013-05-09T16:04:24.0000000Z
f0t8|entregarguantes| | | |2013-05-09T16:04:51.0000000Z
f1t1|entregarvaso| | | |2013-05-09T16:31:12.0000000Z
f1t4|soltarvasofregadero| | | |2013-05-09T16:31:54.0000000Z
f1t5|bloquearfregadero| | | |2013-05-09T16:31:57.0000000Z
f1t6|llenarvasoconagua| | | |2013-05-09T16:31:59.0000000Z
f1t7|desbloquearfregadero| | | |2013-05-09T16:32:16.0000000Z
f1t8|soltarvasoagitador| | | |2013-05-09T16:33:11.0000000Z
f1t9|bloquearagitador| | | |2013-05-09T16:33:14.0000000Z
f1t10|bloquearphmetro| | | |2013-05-09T16:33:15.0000000Z
f1t11|encenderagitador| | | |2013-05-09T16:33:24.0000000Z
f1t20|apagaragitador| | f1t12-f1t13-f1t14-f1t16| |2013-05-09T16:36:35.0000000Z
f1t13|agregarsacarosa| | | |2013-05-09T16:40:05.0000000Z
f1t21|entregarbotella| | | |2013-05-09T16:44:48.0000000Z
f1t22|soltarbotellaagitador| | | |2013-05-09T16:45:15.0000000Z
f1t23|movermezclaabotella| | | |2013-05-09T16:45:26.0000000Z
f1t24|desbloquearagitador| | | |2013-05-09T16:45:35.0000000Z
f1t15|desbloquearphmetro| | | |2013-05-09T16:45:35.0000000Z
f1t34|entregarbandeja| | | |2013-05-09T16:47:41.0000000Z
f1t25|insetarbotellaenautoclave| | | |2013-05-09T16:48:32.0000000Z
f1t26|bloquearautoclave| | | |2013-05-09T16:48:35.0000000Z
f1t27|autoclavar| | | |2013-05-09T16:48:37.0000000Z
f1t30|encendercabina| | | |2013-05-09T16:51:05.0000000Z
f1t31|contartiempocabina| | | |2013-05-09T16:51:05.0000000Z
f1t28|entregarbotellaautoclavada| | | |2013-05-09T16:51:53.0000000Z
f1t29|enfriarbotella| | | |2013-05-09T16:51:53.0000000Z
f1t32|soltarbotellacabina| | | |2013-05-09T16:54:16.0000000Z
f1t33|agregariaa| | | |2013-05-09T16:54:44.0000000Z
f1t35|soltarbandeja| | | |2013-05-09T16:55:48.0000000Z
f1t36|llenarbotes| | | |2013-05-09T16:55:54.0000000Z
f1t38|entregarchopo| | | |2013-05-09T16:58:23.0000000Z
f1t39|soltarchopocabina| | | |2013-05-09T16:59:14.0000000Z
f1t40|cortarplanta| |f1t37| |2013-05-09T16:59:18.0000000Z
f1t41|adjuntarbandeja| | | |2013-05-09T16:59:23.0000000Z
f1t42|apagarcabina| | | |2013-05-09T16:59:28.0000000Z
f1t44|bloquearbasefitotron| | | |2013-05-09T17:00:13.0000000Z
f1t43|soltarbandcrecimiento| | | |2013-05-09T17:00:16.0000000Z
f1t45|crecerchopo| | | |2013-05-09T17:00:44.0000000Z
f1t46|fincrecimiento| | | |2013-05-09T17:02:35.0000000Z
f2t1|encenderpcr| | | |2013-05-09T17:04:06.0000000Z
f2t4|calentartermobloque| | | |2013-05-09T17:04:06.0000000Z
f2t5|entregarbandejahielo| | | |2013-05-09T17:05:44.0000000Z
f2t10|tomartamponpolimerasa| | | |2013-05-09T17:07:47.0000000Z
f2t7|tomaradn| | | |2013-05-09T17:08:11.0000000Z
f2t55|abrirpcr| | | |2013-05-09T17:08:59.0000000Z
f2t25|soltarbandejapoyataprimeravez| | | |2013-05-09T17:10:09.0000000Z
f2t27|entregarboteeppendorf| | | |2013-05-09T17:12:10.0000000Z
f2t28|soltarboteeppendorf| | | |2013-05-09T17:13:02.0000000Z
f2t29|sacartuboeppendorf| | | |2013-05-09T17:13:07.0000000Z
f2t30|entregarpipetaamarilla| | | |2013-05-09T17:13:24.0000000Z
f2t32|cargarpuntaamarilla| | | |2013-05-09T17:14:02.0000000Z
f2t37|agregartamponpolimerasa| | | |2013-05-09T17:14:51.0000000Z
f2t26|soltarbandejapoyata| | | |2013-05-09T17:14:59.0000000Z
f2t33|iniciarmezcla| | | |2013-05-09T17:16:52.0000000Z
f2t34|agregaradn| | | |2013-05-09T17:16:57.0000000Z
f2t52|finmezcla| |f2t35-f2t36-f2t38-f2t39-f2t40-f2t41| |2013-05-09T17:17:06.0000000Z
f2t53|soltarpipetaamarilla| | | |2013-05-09T17:17:13.0000000Z
f2t54|entregartubomezcla| | | |2013-05-09T17:17:21.0000000Z
f2t56|soltarmezcla| | | |2013-05-09T17:17:58.0000000Z
f2t57|cerrarpcr| | | |2013-05-09T17:18:02.0000000Z
f2t58|amplificarfragmento| | | |2013-05-09T17:18:11.0000000Z
f2t59|entregarmezclapcr| | | |2013-05-09T17:18:43.0000000Z
f2t60|guardarpcr| | | |2013-05-09T17:19:30.0000000Z
f2t61|soltartubonevera| | | |2013-05-09T17:19:41.0000000Z
f3t1|encendertermobloque| | | |2013-05-09T17:20:46.0000000Z
f3t4|calentartermobloque| | | |2013-05-09T17:20:46.0000000Z
f3t5|entregarbandejahielo| | | |2013-05-09T17:29:19.0000000Z
f3t8|tomarmezclapcr| | | |2013-05-09T17:30:03.0000000Z
f3t25|tomarmezclaligacion| | | |2013-05-09T17:30:15.0000000Z
f3t55|abrirtermobloque| | | |2013-05-09T17:30:59.0000000Z
f3t27|soltarbandejapoyata| | | |2013-05-09T17:31:04.0000000Z
f3t26|soltarbandejapoyataprimeravez| | | |2013-05-09T17:31:07.0000000Z
f3t28|sacartuboligacion| | | |2013-05-09T17:31:20.0000000Z
f3t29|entregarpipetaamarilla| | | |2013-05-09T17:31:28.0000000Z
f3t32|iniciarmezcla| | | |2013-05-09T17:31:53.0000000Z
f3t34|agregarmezclapcr| | | |2013-05-09T17:32:03.0000000Z
f3t52|finmezcla| |f3t33-f3t35-f3t36-f3t37| |2013-05-09T17:32:08.0000000Z
f3t53|soltarpipetaamarilla| | | |2013-05-09T17:32:14.0000000Z
f3t54|entregartubomezcla| | | |2013-05-09T17:32:22.0000000Z
f3t56|soltarmezcla| | | |2013-05-09T17:32:52.0000000Z
f3t57|cerrartermobloque| | | |2013-05-09T17:32:55.0000000Z

f3t58|amplificarfragmento| | | |2013-05-09T17:33:08.0000000Z
f3t59|entregarmezclaligacion| | | |2013-05-09T17:33:15.0000000Z
f3t60|guardarligacion| | | |2013-05-09T17:33:41.0000000Z
f3t61|soltartubonevera| | | |2013-05-09T17:33:52.0000000Z
