dependenciabloq|f0t7|lavarsemanos|f0t4|2014-05-19T17:25:09.0000000Z
dependenciabloq|f0t7|lavarsemanos|f0t4|2014-05-19T17:25:19.0000000Z
dependenciabloq|f0t5|releerfundamentos|f0t3|2014-05-19T17:25:30.0000000Z
dependenciabloq|f0t5|releerfundamentos|f0t3|2014-05-19T17:25:32.0000000Z
dependenciabloq|f0t5|releerfundamentos|f0t3|2014-05-19T17:25:35.0000000Z
dependenciabloq|f0t5|releerfundamentos|f0t3|2014-05-19T17:25:38.0000000Z
dependenciabloq|f0t5|releerfundamentos|f0t3|2014-05-19T17:25:40.0000000Z
dependenciabloq|f0t5|releerfundamentos|f0t3|2014-05-19T17:25:49.0000000Z
dependenciabloq|f0t6|releerprotocolo|f0t4|2014-05-19T17:27:06.0000000Z
dependenciabloq|f0t6|releerprotocolo|f0t4|2014-05-19T17:27:08.0000000Z
dependenciabloq|f0t6|releerprotocolo|f0t4|2014-05-19T17:27:22.0000000Z
dependenciabloq|f0t8|entregarguantes|f0t7|2014-05-19T17:28:02.0000000Z
dependenciabloq|f0t8|entregarguantes|f0t7|2014-05-19T17:28:12.0000000Z
dependenciabloq|f0t8|entregarguantes|f0t7|2014-05-19T17:28:18.0000000Z
dependenciabloq|f0t7|lavarsemanos|f0t4|2014-05-19T17:28:32.0000000Z
dependenciabloq|f0t7|lavarsemanos|f0t4|2014-05-19T17:28:41.0000000Z
dependenciabloq|f0t7|lavarsemanos|f0t4|2014-05-19T17:28:44.0000000Z
accionrealizada|f0t7|lavarsemanos|lavarsemanos|2014-05-19T17:31:54.0000000Z
accionrealizada|f0t8|entregarguantes|entregarguantes|2014-05-19T17:32:45.0000000Z
accionrealizada|f0t8|entregarguantes|entregarguantes|2014-05-19T17:32:54.0000000Z
accionrealizada|f0t8|entregarguantes|entregarguantes|2014-05-19T17:33:00.0000000Z
accionnoencontrada| |agregaragarosa| |2014-05-19T17:37:30.0000000Z
dependenciasnobloq|f1t20|apagaragitador| f1t16|2014-05-19T17:38:08.0000000Z
accionrealizada|f1t20|apagaragitador|apagaragitador|2014-05-19T17:38:29.0000000Z
accionrealizada|f1t20|apagaragitador|apagaragitador|2014-05-19T17:38:35.0000000Z
accionrealizada|f1t21|entregarbotella|entregarbotella|2014-05-19T17:40:09.0000000Z
accionrealizada|f1t23|movermezclaabotella|movermezclaabotella|2014-05-19T17:43:43.0000000Z
accionrealizada|f1t23|movermezclaabotella|movermezclaabotella|2014-05-19T17:44:01.0000000Z
accionrealizada|f1t23|movermezclaabotella|movermezclaabotella|2014-05-19T17:44:07.0000000Z
dependenciabloq|f1t28|entregarbotellaautoclavada|f1t27|2014-05-19T17:51:45.0000000Z
accionrealizada|f1t28|entregarbotellaautoclavada|entregarbotellaautoclavada|2014-05-19T17:53:05.0000000Z
accionrealizada|f1t28|entregarbotellaautoclavada|entregarbotellaautoclavada|2014-05-19T17:53:08.0000000Z
accionrealizada|f1t28|entregarbotellaautoclavada|entregarbotellaautoclavada|2014-05-19T17:53:11.0000000Z
accionnoencontrada| |entregarbandejahielo| |2014-05-19T17:55:44.0000000Z
accionrealizada|f1t36|llenarbotes|llenarbotes|2014-05-19T18:00:03.0000000Z
accionrealizada|f1t36|llenarbotes|llenarbotes|2014-05-19T18:00:06.0000000Z
accionrealizada|f1t36|llenarbotes|llenarbotes|2014-05-19T18:00:28.0000000Z
accionrealizada|f1t36|llenarbotes|llenarbotes|2014-05-19T18:00:31.0000000Z
accionrealizada|f1t37|esterilizar|esterilizar|2014-05-19T18:00:43.0000000Z
accionrealizada|f1t37|esterilizar|esterilizar|2014-05-19T18:00:46.0000000Z
accionrealizada|f1t40|cortarplanta|cortarplanta|2014-05-19T18:02:58.0000000Z
accionrealizada|f1t40|cortarplanta|cortarplanta|2014-05-19T18:03:13.0000000Z
accionrealizada|f1t40|cortarplanta|cortarplanta|2014-05-19T18:03:17.0000000Z
accionrealizada|f1t40|cortarplanta|cortarplanta|2014-05-19T18:03:32.0000000Z
accionrealizada|f1t40|cortarplanta|cortarplanta|2014-05-19T18:03:39.0000000Z
accionrealizada|f1t41|adjuntarbandeja|adjuntarbandeja|2014-05-19T18:04:36.0000000Z
accionrealizada|f1t41|adjuntarbandeja|adjuntarbandeja|2014-05-19T18:05:09.0000000Z
accionnoencontrada| |encenderpcr| |2014-05-19T18:12:01.0000000Z
accionrealizada|f2t5|entregarbandejahielo|entregarbandejahielo|2014-05-19T18:14:52.0000000Z
accionrealizada|f2t5|entregarbandejahielo|entregarbandejahielo|2014-05-19T18:15:03.0000000Z
accionrealizada|f2t5|entregarbandejahielo|entregarbandejahielo|2014-05-19T18:15:07.0000000Z
accionrealizada|f2t5|entregarbandejahielo|entregarbandejahielo|2014-05-19T18:15:52.0000000Z
accionnoencontrada| |tomaradnplasmidico| |2014-05-19T18:22:03.0000000Z
accionrealizada|f2t29|sacartuboeppendorf|sacartuboeppendorf|2014-05-19T18:27:54.0000000Z
accionrealizada|f2t29|sacartuboeppendorf|sacartuboeppendorf|2014-05-19T18:28:23.0000000Z
accionrealizada|f2t29|sacartuboeppendorf|sacartuboeppendorf|2014-05-19T18:28:33.0000000Z
dependenciabloq|f2t32|cargarpuntaamarilla|f2t31|2014-05-19T18:28:41.0000000Z
dependenciabloq|f2t33|iniciarmezcla|f2t31|2014-05-19T18:30:32.0000000Z
dependenciabloq|f2t32|cargarpuntaamarilla|f2t31|2014-05-19T18:30:54.0000000Z
dependenciabloq|f2t32|cargarpuntaamarilla|f2t31|2014-05-19T18:31:00.0000000Z
dependenciabloq|f2t33|iniciarmezcla|f2t31|2014-05-19T18:31:18.0000000Z
accionrealizada|f2t30|entregarpipetaamarilla|entregarpipetaamarilla|2014-05-19T18:33:11.0000000Z
dependenciabloq|f2t33|iniciarmezcla|f2t31|2014-05-19T18:33:16.0000000Z
accionrealizada|f2t30|entregarpipetaamarilla|entregarpipetaamarilla|2014-05-19T18:33:52.0000000Z
accionrealizada|f2t33|iniciarmezcla|iniciarmezcla|2014-05-19T18:37:13.0000000Z
accionrealizada|f2t32|cargarpuntaamarilla|cargarpuntaamarilla|2014-05-19T18:39:37.0000000Z
accionrealizada|f2t33|iniciarmezcla|iniciarmezcla|2014-05-19T18:39:46.0000000Z
accionrealizada|f2t33|iniciarmezcla|iniciarmezcla|2014-05-19T18:39:50.0000000Z
accionrealizada|f2t33|iniciarmezcla|iniciarmezcla|2014-05-19T18:39:55.0000000Z
accionrealizada|f2t33|iniciarmezcla|iniciarmezcla|2014-05-19T18:40:03.0000000Z
accionrealizada|f2t33|iniciarmezcla|iniciarmezcla|2014-05-19T18:40:12.0000000Z
accionrealizada|f2t33|iniciarmezcla|iniciarmezcla|2014-05-19T18:40:24.0000000Z
accionrealizada|f2t33|iniciarmezcla|iniciarmezcla|2014-05-19T18:40:28.0000000Z
accionrealizada|f2t33|iniciarmezcla|iniciarmezcla|2014-05-19T18:40:37.0000000Z
accionrealizada|f2t33|iniciarmezcla|iniciarmezcla|2014-05-19T18:40:41.0000000Z
accionrealizada|f2t33|iniciarmezcla|iniciarmezcla|2014-05-19T18:40:46.0000000Z
accionrealizada|f2t33|iniciarmezcla|iniciarmezcla|2014-05-19T18:40:51.0000000Z
accionrealizada|f2t33|iniciarmezcla|iniciarmezcla|2014-05-19T18:40:55.0000000Z
accionrealizada|f2t33|iniciarmezcla|iniciarmezcla|2014-05-19T18:40:59.0000000Z
accionrealizada|f2t33|iniciarmezcla|iniciarmezcla|2014-05-19T18:41:04.0000000Z
accionrealizada|f2t33|iniciarmezcla|iniciarmezcla|2014-05-19T18:41:08.0000000Z
accionrealizada|f2t33|iniciarmezcla|iniciarmezcla|2014-05-19T18:41:12.0000000Z
accionrealizada|f2t33|iniciarmezcla|iniciarmezcla|2014-05-19T18:41:21.0000000Z
accionrealizada|f2t33|iniciarmezcla|iniciarmezcla|2014-05-19T18:41:25.0000000Z
accionrealizada|f2t33|iniciarmezcla|iniciarmezcla|2014-05-19T18:41:55.0000000Z
accionrealizada|f2t33|iniciarmezcla|iniciarmezcla|2014-05-19T18:41:59.0000000Z
accionrealizada|f2t34|agregaradn|agregaradn|2014-05-19T18:43:47.0000000Z
accionrealizada|f2t37|agregartamponpolimerasa|agregartamponpolimerasa|2014-05-19T18:47:11.0000000Z
accionrealizada|f2t36|agregaroligonucleicoder|agregaroligonucleicoder|2014-05-19T18:48:58.0000000Z
dependenciasnobloq|f2t52|finmezcla|f2t35-f2t40|2014-05-19T18:50:20.0000000Z
accionrealizada|f2t54|entregartubomezcla|entregartubomezcla|2014-05-19T18:52:16.0000000Z
accionrealizada|f2t55|abrirpcr|abrirpcr|2014-05-19T18:53:33.0000000Z
accionrealizada|f2t55|abrirpcr|abrirpcr|2014-05-19T18:53:45.0000000Z
accionrealizada|f2t57|cerrarpcr|cerrarpcr|2014-05-19T18:55:46.0000000Z
accionrealizada|f2t57|cerrarpcr|cerrarpcr|2014-05-19T18:55:51.0000000Z
accionrealizada|f2t57|cerrarpcr|cerrarpcr|2014-05-19T18:56:07.0000000Z
accionrealizada|f2t57|cerrarpcr|cerrarpcr|2014-05-19T18:56:12.0000000Z
accionrealizada|f2t58|amplificarfragmento|amplificarfragmento|2014-05-19T18:57:12.0000000Z
accionrealizada|f2t59|entregarmezclapcr|entregarmezclapcr|2014-05-19T19:01:02.0000000Z
dependenciabloq|f3t1|encendertermobloque|f2t60|2014-05-19T19:01:36.0000000Z
dependenciabloq|f3t1|encendertermobloque|f2t60|2014-05-19T19:01:48.0000000Z
dependenciabloq|f3t1|encendertermobloque|f2t60|2014-05-19T19:01:56.0000000Z
accionrealizada|f2t59|entregarmezclapcr|entregarmezclapcr|2014-05-19T19:02:11.0000000Z
accionrealizada|f2t60|guardarpcr|guardarpcr|2014-05-19T19:04:53.0000000Z
accionrealizada|f2t60|guardarpcr|guardarpcr|2014-05-19T19:06:55.0000000Z
accionnoencontrada| |encendertermobloque| |2014-05-19T19:09:20.0000000Z
accionnoencontrada| |encendertermobloque| |2014-05-19T19:09:25.0000000Z
accionnoencontrada| |encendertermobloque| |2014-05-19T19:09:29.0000000Z
accionnoencontrada| |encendertermobloque| |2014-05-19T19:09:33.0000000Z
accionnoencontrada| |encendertermobloque| |2014-05-19T19:09:38.0000000Z
dependenciabloq|f3t7|tomaradnplasmidico|f3t6|2014-05-19T19:14:25.0000000Z
accionrealizada|f3t28|sacartuboligacion|sacartuboligacion|2014-05-19T19:18:13.0000000Z
accionrealizada|f3t29|entregarpipetaamarilla|entregarpipetaamarilla|2014-05-19T19:18:28.0000000Z
accionrealizada|f3t31|cargarpuntaamarilla|cargarpuntaamarilla|2014-05-19T19:19:00.0000000Z
accionrealizada|f3t31|cargarpuntaamarilla|cargarpuntaamarilla|2014-05-19T19:19:07.0000000Z
accionrealizada|f3t31|cargarpuntaamarilla|cargarpuntaamarilla|2014-05-19T19:19:14.0000000Z
