f0crearLog|crearLog| | | |2014-05-19T17:22:45.0000000Z
f0t1|entregarbata| | | |2014-05-19T17:23:09.0000000Z
f0t2|bloquearpoyata| | | |2014-05-19T17:30:10.0000000Z
f0t3|leerfundamentos| | | |2014-05-19T17:30:31.0000000Z
f0t4|leerprotocolo| | | |2014-05-19T17:31:04.0000000Z
f0t6|releerprotocolo| | | |2014-05-19T17:31:09.0000000Z
f0t6|releerprotocolo| | | |2014-05-19T17:31:10.0000000Z
f0t7|lavarsemanos| | | |2014-05-19T17:31:51.0000000Z
f0t8|entregarguantes| | | |2014-05-19T17:32:26.0000000Z
f1t1|entregarvaso| | | |2014-05-19T17:33:45.0000000Z
f1t4|soltarvasofregadero| | | |2014-05-19T17:34:28.0000000Z
f1t5|bloquearfregadero| | | |2014-05-19T17:34:34.0000000Z
f1t6|llenarvasoconagua| | | |2014-05-19T17:34:42.0000000Z
f1t7|desbloquearfregadero| | | |2014-05-19T17:35:14.0000000Z
f1t8|soltarvasoagitador| | | |2014-05-19T17:35:29.0000000Z
f1t9|bloquearagitador| | | |2014-05-19T17:35:34.0000000Z
f1t10|bloquearphmetro| | | |2014-05-19T17:35:42.0000000Z
f1t11|encenderagitador| | | |2014-05-19T17:35:48.0000000Z
f1t12|agregarmys| | | |2014-05-19T17:36:15.0000000Z
f1t13|agregarsacarosa| | | |2014-05-19T17:36:36.0000000Z
f1t14|ajustarph| | | |2014-05-19T17:36:48.0000000Z
f1t15|desbloquearphmetro| | | |2014-05-19T17:37:02.0000000Z
f1t20|apagaragitador| | f1t16| |2014-05-19T17:38:13.0000000Z
f1t21|entregarbotella| | | |2014-05-19T17:39:35.0000000Z
f1t22|soltarbotellaagitador| | | |2014-05-19T17:42:44.0000000Z
f1t23|movermezclaabotella| | | |2014-05-19T17:43:21.0000000Z
f1t24|desbloquearagitador| | | |2014-05-19T17:44:26.0000000Z
f1t25|insetarbotellaenautoclave| | | |2014-05-19T17:45:13.0000000Z
f1t26|bloquearautoclave| | | |2014-05-19T17:45:38.0000000Z
f1t30|encendercabina| | | |2014-05-19T17:46:40.0000000Z
f1t31|contartiempocabina| | | |2014-05-19T17:46:46.0000000Z
f1t27|autoclavar| | | |2014-05-19T17:47:37.0000000Z
f1t3|releerprotocolo| | | |2014-05-19T17:48:32.0000000Z
f1t3|releerprotocolo| | | |2014-05-19T17:48:33.0000000Z
f1t3|releerprotocolo| | | |2014-05-19T17:48:38.0000000Z
f1t3|releerprotocolo| | | |2014-05-19T17:48:39.0000000Z
f1t3|releerprotocolo| | | |2014-05-19T17:48:40.0000000Z
f1t28|entregarbotellaautoclavada| | | |2014-05-19T17:52:55.0000000Z
f1t29|enfriarbotella| | | |2014-05-19T17:53:18.0000000Z
f1t32|soltarbotellacabina| | | |2014-05-19T17:53:49.0000000Z
f1t33|agregariaa| | | |2014-05-19T17:57:30.0000000Z
f1t34|entregarbandeja| | | |2014-05-19T17:59:17.0000000Z
f1t35|soltarbandeja| | | |2014-05-19T17:59:44.0000000Z
f1t36|llenarbotes| | | |2014-05-19T17:59:59.0000000Z
f1t37|esterilizar| | | |2014-05-19T18:00:40.0000000Z
f1t38|entregarchopo| | | |2014-05-19T18:01:09.0000000Z
f1t39|soltarchopocabina| | | |2014-05-19T18:02:15.0000000Z
f1t40|cortarplanta| | | |2014-05-19T18:02:54.0000000Z
f1t41|adjuntarbandeja| | | |2014-05-19T18:04:16.0000000Z
f1t45|crecerchopo| | | |2014-05-19T17:46:04.0000000Z
f1t46|fincrecimiento| | | |2014-05-19T17:48:14.0000000Z
f2t1|encenderpcr| | | |2014-05-19T18:11:57.0000000Z
f2t4|calentartermobloque| | | |2014-05-19T18:12:04.0000000Z
f2t3|releerprotocolo| | | |2014-05-19T18:12:31.0000000Z
f2t5|entregarbandejahielo| | | |2014-05-19T18:16:37.0000000Z
f2t7|tomaradn| | | |2014-05-19T18:19:40.0000000Z
f2t9|tomaroligonucleicoder| | | |2014-05-19T18:20:04.0000000Z
f2t10|tomartamponpolimerasa| | | |2014-05-19T18:20:33.0000000Z
f2t11|tomarmgcl| | | |2014-05-19T18:20:46.0000000Z
f2t12|tomardntp| | | |2014-05-19T18:21:24.0000000Z
f2t14|tomaraguadestilada| | | |2014-05-19T18:22:28.0000000Z
f2t26|soltarbandejapoyata| | | |2014-05-19T18:24:04.0000000Z
f2t25|soltarbandejapoyataprimeravez| | | |2014-05-19T18:24:18.0000000Z
f2t27|entregarboteeppendorf| | | |2014-05-19T18:25:09.0000000Z
f2t28|soltarboteeppendorf| | | |2014-05-19T18:26:28.0000000Z
f2t29|sacartuboeppendorf| | | |2014-05-19T18:27:31.0000000Z
f2t30|entregarpipetaamarilla| | | |2014-05-19T18:32:03.0000000Z
f2t32|cargarpuntaamarilla| | | |2014-05-19T18:35:52.0000000Z
f2t33|iniciarmezcla| | | |2014-05-19T18:37:02.0000000Z
f2t34|agregaradn| | | |2014-05-19T18:43:10.0000000Z
f2t36|agregaroligonucleicoder| | | |2014-05-19T18:44:57.0000000Z
f2t37|agregartamponpolimerasa| | | |2014-05-19T18:46:44.0000000Z
f2t38|agregarmgcl| | | |2014-05-19T18:46:53.0000000Z
f2t39|agregardntp| | | |2014-05-19T18:47:02.0000000Z
f2t41|agregaraguadestilada| | | |2014-05-19T18:47:19.0000000Z
f2t52|finmezcla| |f2t35-f2t40| |2014-05-19T18:50:33.0000000Z
f2t53|soltarpipetaamarilla| | | |2014-05-19T18:51:30.0000000Z
f2t54|entregartubomezcla| | | |2014-05-19T18:52:11.0000000Z
f2t3|releerprotocolo| | | |2014-05-19T18:52:41.0000000Z
f2t55|abrirpcr| | | |2014-05-19T18:53:20.0000000Z
f2t56|soltarmezcla| | | |2014-05-19T18:54:32.0000000Z
f2t57|cerrarpcr| | | |2014-05-19T18:55:41.0000000Z
f2t58|amplificarfragmento| | | |2014-05-19T18:57:03.0000000Z
f2t3|releerprotocolo| | | |2014-05-19T18:57:41.0000000Z
f2t3|releerprotocolo| | | |2014-05-19T18:57:43.0000000Z
f2t3|releerprotocolo| | | |2014-05-19T18:57:46.0000000Z
f2t3|releerprotocolo| | | |2014-05-19T18:57:55.0000000Z
f2t3|releerprotocolo| | | |2014-05-19T18:57:58.0000000Z
f2t59|entregarmezclapcr| | | |2014-05-19T19:00:57.0000000Z
f2t60|guardarpcr| | | |2014-05-19T19:04:25.0000000Z
f2t61|soltartubonevera| | | |2014-05-19T19:07:13.0000000Z
f2t3|releerprotocolo| | | |2014-05-19T19:08:52.0000000Z
f2t3|releerprotocolo| | | |2014-05-19T19:08:55.0000000Z
f3t1|encendertermobloque| | | |2014-05-19T19:09:12.0000000Z
f3t4|calentartermobloque| | | |2014-05-19T19:09:51.0000000Z
f3t3|releerprotocolo| | | |2014-05-19T19:10:23.0000000Z
f3t3|releerprotocolo| | | |2014-05-19T19:10:28.0000000Z
f3t55|abrirtermobloque| | | |2014-05-19T19:11:14.0000000Z
f3t5|entregarbandejahielo| | | |2014-05-19T19:13:53.0000000Z
f3t7|tomaradnplasmidico| | | |2014-05-19T19:14:54.0000000Z
f3t8|tomarmezclapcr| | | |2014-05-19T19:15:32.0000000Z
f3t9|tomartamponligasa| | | |2014-05-19T19:15:52.0000000Z
f3t11|tomaraguadestilada| | | |2014-05-19T19:16:30.0000000Z
f3t27|soltarbandejapoyata| | | |2014-05-19T19:17:28.0000000Z
f3t26|soltarbandejapoyataprimeravez| | | |2014-05-19T19:17:43.0000000Z
f3t29|entregarpipetaamarilla| | | |2014-05-19T19:17:54.0000000Z
f3t28|sacartuboligacion| | | |2014-05-19T19:18:06.0000000Z
f3t31|cargarpuntaamarilla| | | |2014-05-19T19:18:52.0000000Z
