f0crearLog|crearLog| | | |2013-05-10T14:49:14.0000000Z
f0t1|entregarbata| | | |2013-05-10T14:49:54.0000000Z
f0t2|bloquearpoyata| | | |2013-05-10T14:54:42.0000000Z
f0t3|leerfundamentos| | | |2013-05-10T14:56:13.0000000Z
f0t5|releerfundamentos| | | |2013-05-10T14:58:15.0000000Z
f0t4|leerprotocolo| | | |2013-05-10T15:02:11.0000000Z
f0t7|lavarsemanos| | | |2013-05-10T15:04:13.0000000Z
f0t8|entregarguantes| | | |2013-05-10T15:05:16.0000000Z
f1t1|entregarvaso| | | |2013-05-10T15:07:09.0000000Z
f1t4|soltarvasofregadero| | | |2013-05-10T15:10:01.0000000Z
f1t5|bloquearfregadero| | | |2013-05-10T15:10:05.0000000Z
f1t6|llenarvasoconagua| | | |2013-05-10T15:10:08.0000000Z
f1t7|desbloquearfregadero| | | |2013-05-10T15:10:30.0000000Z
f1t8|soltarvasoagitador| | | |2013-05-10T15:10:44.0000000Z
f1t9|bloquearagitador| | | |2013-05-10T15:10:48.0000000Z
f1t10|bloquearphmetro| | | |2013-05-10T15:10:48.0000000Z
f1t11|encenderagitador| | | |2013-05-10T15:11:36.0000000Z
f1t12|agregarmys| | | |2013-05-10T15:12:45.0000000Z
f1t13|agregarsacarosa| | | |2013-05-10T15:13:43.0000000Z
f1t14|ajustarph| | | |2013-05-10T15:14:17.0000000Z
f1t15|desbloquearphmetro| | | |2013-05-10T15:14:17.0000000Z
f1t16|agregaragar| | | |2013-05-10T15:16:23.0000000Z
f1t21|entregarbotella| | | |2013-05-10T15:17:21.0000000Z
f1t22|soltarbotellaagitador| | | |2013-05-10T15:18:35.0000000Z
f1t20|apagaragitador| | | |2013-05-10T15:18:56.0000000Z
f1t23|movermezclaabotella| | | |2013-05-10T15:18:59.0000000Z
f1t24|desbloquearagitador| | | |2013-05-10T15:19:08.0000000Z
f1t34|entregarbandeja| | | |2013-05-10T15:22:51.0000000Z
f1t25|insetarbotellaenautoclave| | | |2013-05-10T15:24:02.0000000Z
f1t26|bloquearautoclave| | | |2013-05-10T15:24:05.0000000Z
f1t27|autoclavar| | | |2013-05-10T15:24:09.0000000Z
f1t30|encendercabina| | | |2013-05-10T15:24:57.0000000Z
f1t31|contartiempocabina| | | |2013-05-10T15:25:02.0000000Z
f1t37|esterilizar| | | |2013-05-10T15:29:57.0000000Z
f1t28|entregarbotellaautoclavada| | | |2013-05-10T15:32:21.0000000Z
f1t29|enfriarbotella| | | |2013-05-10T15:32:24.0000000Z
f1t32|soltarbotellacabina| | | |2013-05-10T15:32:56.0000000Z
f1t33|agregariaa| | | |2013-05-10T15:33:41.0000000Z
f1t35|soltarbandeja| | | |2013-05-10T15:36:51.0000000Z
f1t36|llenarbotes| | | |2013-05-10T15:37:01.0000000Z
f1t38|entregarchopo| | | |2013-05-10T15:39:17.0000000Z
f1t39|soltarchopocabina| | | |2013-05-10T15:41:53.0000000Z
f1t40|cortarplanta| | | |2013-05-10T15:42:01.0000000Z
f1t41|adjuntarbandeja| | | |2013-05-10T15:42:07.0000000Z
f1t42|apagarcabina| | | |2013-05-10T15:42:20.0000000Z
f1t44|bloquearbasefitotron| | | |2013-05-10T15:44:58.0000000Z
f1t43|soltarbandcrecimiento| | | |2013-05-10T15:45:02.0000000Z
f1t45|crecerchopo| | | |2013-05-10T15:45:19.0000000Z
f1t46|fincrecimiento| | | |2013-05-10T15:48:52.0000000Z
f2t1|encenderpcr| | | |2013-05-10T16:00:55.0000000Z
f2t4|calentartermobloque| | | |2013-05-10T16:00:59.0000000Z
f2t5|entregarbandejahielo| | | |2013-05-10T16:14:06.0000000Z
f2t7|tomaradn| | | |2013-05-10T16:14:49.0000000Z
f2t9|tomaroligonucleicoder| | | |2013-05-10T16:15:28.0000000Z
f2t8|tomaroligonucleicoizq| | | |2013-05-10T16:15:38.0000000Z
f2t10|tomartamponpolimerasa| | | |2013-05-10T16:16:00.0000000Z
f2t12|tomardntp| | | |2013-05-10T16:16:27.0000000Z
f2t14|tomaraguadestilada| | | |2013-05-10T16:19:44.0000000Z
f2t11|tomarmgcl| | | |2013-05-10T16:20:19.0000000Z
f2t30|entregarpipetaamarilla| | | |2013-05-10T16:23:26.0000000Z
f2t32|cargarpuntaamarilla| | | |2013-05-10T16:24:17.0000000Z
f2t25|soltarbandejapoyataprimeravez| | | |2013-05-10T16:26:13.0000000Z
f2t27|entregarboteeppendorf| | | |2013-05-10T16:27:33.0000000Z
f2t28|soltarboteeppendorf| | | |2013-05-10T16:28:31.0000000Z
f2t29|sacartuboeppendorf| | | |2013-05-10T16:28:39.0000000Z
f2t34|agregaradn| | | |2013-05-10T16:29:16.0000000Z
f2t36|agregaroligonucleicoder| | | |2013-05-10T16:29:26.0000000Z
f2t35|agregaroligonucleicoizq| | | |2013-05-10T16:29:32.0000000Z
f2t38|agregarmgcl| | | |2013-05-10T16:29:40.0000000Z
f2t39|agregardntp| | | |2013-05-10T16:29:48.0000000Z
f2t41|agregaraguadestilada| | | |2013-05-10T16:30:00.0000000Z
f2t13|tomarpolimerasa| | | |2013-05-10T16:31:04.0000000Z
f2t26|soltarbandejapoyata| | | |2013-05-10T16:31:21.0000000Z
f2t33|iniciarmezcla| | | |2013-05-10T16:31:36.0000000Z
f2t40|agregarpolimerasa| | | |2013-05-10T16:31:56.0000000Z
f2t52|finmezcla| |f2t37| |2013-05-10T16:32:31.0000000Z
f2t53|soltarpipetaamarilla| | | |2013-05-10T16:32:43.0000000Z
f2t54|entregartubomezcla| | | |2013-05-10T16:32:49.0000000Z
f2t55|abrirpcr| | | |2013-05-10T16:34:32.0000000Z
f2t56|soltarmezcla| | | |2013-05-10T16:34:47.0000000Z
f2t57|cerrarpcr| | | |2013-05-10T16:34:52.0000000Z
f2t58|amplificarfragmento| | | |2013-05-10T16:35:21.0000000Z
f2t59|entregarmezclapcr| | | |2013-05-10T16:35:55.0000000Z
f2t60|guardarpcr| | | |2013-05-10T16:36:14.0000000Z
f2t61|soltartubonevera| | | |2013-05-10T16:36:26.0000000Z
f3t1|encendertermobloque| | | |2013-05-10T16:38:25.0000000Z
f3t4|calentartermobloque| | | |2013-05-10T16:38:25.0000000Z
f3t5|entregarbandejahielo| | | |2013-05-10T16:38:39.0000000Z
f3t7|tomaradnplasmidico| | | |2013-05-10T16:39:38.0000000Z
f3t9|tomartamponligasa| | | |2013-05-10T16:40:04.0000000Z
f3t10|tomarenzimaligasa| | | |2013-05-10T16:40:09.0000000Z
f3t11|tomaraguadestilada| | | |2013-05-10T16:40:25.0000000Z
f3t8|tomarmezclapcr| | | |2013-05-10T16:40:55.0000000Z
f3t27|soltarbandejapoyata| | | |2013-05-10T16:41:20.0000000Z
f3t26|soltarbandejapoyataprimeravez| | | |2013-05-10T16:41:23.0000000Z
f3t28|sacartuboligacion| | | |2013-05-10T16:41:44.0000000Z
f3t29|entregarpipetaamarilla| | | |2013-05-10T16:41:54.0000000Z
f3t32|iniciarmezcla| | | |2013-05-10T16:42:20.0000000Z
f3t33|agregaradnplasmidico| | | |2013-05-10T16:42:44.0000000Z
f3t34|agregarmezclapcr| | | |2013-05-10T16:42:58.0000000Z
f3t35|agregartamponligasa| | | |2013-05-10T16:43:04.0000000Z
f3t36|agregarenzimaligasa| | | |2013-05-10T16:43:16.0000000Z
f3t37|agregaraguadestilada| | | |2013-05-10T16:43:21.0000000Z
f3t52|finmezcla| | | |2013-05-10T16:43:41.0000000Z
f3t53|soltarpipetaamarilla| | | |2013-05-10T16:43:49.0000000Z
f3t54|entregartubomezcla| | | |2013-05-10T16:43:54.0000000Z
f3t55|abrirtermobloque| | | |2013-05-10T16:45:21.0000000Z
f3t56|soltarmezcla| | | |2013-05-10T16:45:30.0000000Z
f3t57|cerrartermobloque| | | |2013-05-10T16:46:02.0000000Z

f3t58|amplificarfragmento| | | |2013-05-10T16:46:15.0000000Z
f3t59|entregarmezclaligacion| | | |2013-05-10T16:46:24.0000000Z
f3t60|guardarligacion| | | |2013-05-10T16:47:02.0000000Z
f3t61|soltartubonevera| | | |2013-05-10T16:47:14.0000000Z
