f0crearLog|crearLog| | | |2013-05-08T14:35:08.0000000Z
f0t1|entregarbata| | | |2013-05-08T14:35:41.0000000Z
f0t2|bloquearpoyata| | | |2013-05-08T14:37:45.0000000Z
f0t7|lavarsemanos| | | |2013-05-08T14:42:06.0000000Z
f0t8|entregarguantes| | | |2013-05-08T14:42:33.0000000Z
f0t3|leerfundamentos| | | |2013-05-08T14:44:40.0000000Z
f0t4|leerprotocolo| | | |2013-05-08T14:45:03.0000000Z
f0t5|releerfundamentos| | | |2013-05-08T14:46:15.0000000Z
f0t6|releerprotocolo| | | |2013-05-08T14:48:54.0000000Z
f0t6|releerprotocolo| | | |2013-05-08T14:48:55.0000000Z
f0t6|releerprotocolo| | | |2013-05-08T14:51:16.0000000Z
f0t6|releerprotocolo| | | |2013-05-08T14:54:41.0000000Z
f1t1|entregarvaso| | | |2013-05-08T15:00:50.0000000Z
f1t4|soltarvasofregadero| | | |2013-05-08T15:04:09.0000000Z
f1t5|bloquearfregadero| | | |2013-05-08T15:04:12.0000000Z
f1t6|llenarvasoconagua| | | |2013-05-08T15:04:19.0000000Z
f1t7|desbloquearfregadero| | | |2013-05-08T15:04:42.0000000Z
f1t8|soltarvasoagitador| | | |2013-05-08T15:05:14.0000000Z
f1t9|bloquearagitador| | | |2013-05-08T15:05:22.0000000Z
f1t10|bloquearphmetro| | | |2013-05-08T15:05:25.0000000Z
f1t11|encenderagitador| | | |2013-05-08T15:05:30.0000000Z
f1t12|agregarmys| | | |2013-05-08T15:07:50.0000000Z
f1t20|apagaragitador| | f1t13-f1t14-f1t16| |2013-05-08T15:08:15.0000000Z
f1t21|entregarbotella| | | |2013-05-08T15:10:28.0000000Z
f1t22|soltarbotellaagitador| | | |2013-05-08T15:11:00.0000000Z
f1t23|movermezclaabotella| | | |2013-05-08T15:11:09.0000000Z
f1t24|desbloquearagitador| | | |2013-05-08T15:11:23.0000000Z
f1t15|desbloquearphmetro| | | |2013-05-08T15:11:28.0000000Z
f1t3|releerprotocolo| | | |2013-05-08T15:14:37.0000000Z
f1t25|insetarbotellaenautoclave| | | |2013-05-08T15:19:13.0000000Z
f1t26|bloquearautoclave| | | |2013-05-08T15:19:18.0000000Z
f1t30|encendercabina| | | |2013-05-08T15:23:29.0000000Z
f1t31|contartiempocabina| | | |2013-05-08T15:23:30.0000000Z
f1t34|entregarbandeja| | | |2013-05-08T15:24:50.0000000Z
f1t35|soltarbandeja| | | |2013-05-08T15:25:44.0000000Z
f1t27|autoclavar| | | |2013-05-08T15:30:41.0000000Z
f1t28|entregarbotellaautoclavada| | | |2013-05-08T15:31:13.0000000Z
f1t29|enfriarbotella| | | |2013-05-08T15:31:13.0000000Z
f1t32|soltarbotellacabina| | | |2013-05-08T15:35:30.0000000Z
f1t36|llenarbotes| | | |2013-05-08T15:35:33.0000000Z
f1t37|esterilizar| | | |2013-05-08T15:35:56.0000000Z
f1t38|entregarchopo| | | |2013-05-08T15:38:26.0000000Z
f1t39|soltarchopocabina| | | |2013-05-08T15:40:58.0000000Z
f1t40|cortarplanta| | | |2013-05-08T15:41:08.0000000Z
f1t41|adjuntarbandeja| | | |2013-05-08T15:41:44.0000000Z
f1t42|apagarcabina| | | |2013-05-08T15:41:52.0000000Z
f1t44|bloquearbasefitotron| | | |2013-05-08T15:45:06.0000000Z
f1t43|soltarbandcrecimiento| | | |2013-05-08T15:45:09.0000000Z
f1t45|crecerchopo| | | |2013-05-08T15:45:29.0000000Z
f1t46|fincrecimiento| | | |2013-05-08T15:47:08.0000000Z
f1t3|releerprotocolo| | | |2013-05-08T15:48:58.0000000Z
f1t3|releerprotocolo| | | |2013-05-08T15:49:17.0000000Z
f2t1|encenderpcr| | | |2013-05-08T15:51:13.0000000Z
f2t4|calentartermobloque| | | |2013-05-08T15:51:19.0000000Z
f2t55|abrirpcr| | | |2013-05-08T15:55:46.0000000Z
f2t5|entregarbandejahielo| | | |2013-05-08T16:08:44.0000000Z
f2t7|tomaradn| | | |2013-05-08T16:09:43.0000000Z
f2t9|tomaroligonucleicoder| | | |2013-05-08T16:09:53.0000000Z
f2t8|tomaroligonucleicoizq| | | |2013-05-08T16:10:55.0000000Z
f2t10|tomartamponpolimerasa| | | |2013-05-08T16:11:14.0000000Z
f2t11|tomarmgcl| | | |2013-05-08T16:11:18.0000000Z
f2t12|tomardntp| | | |2013-05-08T16:12:00.0000000Z
f2t13|tomarpolimerasa| | | |2013-05-08T16:12:35.0000000Z
f2t14|tomaraguadestilada| | | |2013-05-08T16:12:50.0000000Z
f2t26|soltarbandejapoyata| | | |2013-05-08T16:13:34.0000000Z
f2t25|soltarbandejapoyataprimeravez| | | |2013-05-08T16:13:38.0000000Z
f2t27|entregarboteeppendorf| | | |2013-05-08T16:14:13.0000000Z
f2t28|soltarboteeppendorf| | | |2013-05-08T16:17:19.0000000Z
f2t29|sacartuboeppendorf| | | |2013-05-08T16:19:09.0000000Z
f2t30|entregarpipetaamarilla| | | |2013-05-08T16:19:44.0000000Z
f2t32|cargarpuntaamarilla| | | |2013-05-08T16:20:35.0000000Z
f2t33|iniciarmezcla| | | |2013-05-08T16:20:49.0000000Z
f2t34|agregaradn| | | |2013-05-08T16:23:30.0000000Z
f2t36|agregaroligonucleicoder| | | |2013-05-08T16:23:50.0000000Z
f2t35|agregaroligonucleicoizq| | | |2013-05-08T16:23:52.0000000Z
f2t37|agregartamponpolimerasa| | | |2013-05-08T16:24:05.0000000Z
f2t38|agregarmgcl| | | |2013-05-08T16:24:09.0000000Z
f2t39|agregardntp| | | |2013-05-08T16:24:20.0000000Z
f2t40|agregarpolimerasa| | | |2013-05-08T16:24:26.0000000Z
f2t41|agregaraguadestilada| | | |2013-05-08T16:24:31.0000000Z
f2t52|finmezcla| | | |2013-05-08T16:25:06.0000000Z
f2t53|soltarpipetaamarilla| | | |2013-05-08T16:25:19.0000000Z
f2t54|entregartubomezcla| | | |2013-05-08T16:40:57.0000000Z
f2t56|soltarmezcla| | | |2013-05-08T16:46:15.0000000Z
f2t57|cerrarpcr| | | |2013-05-08T16:46:22.0000000Z
f2t58|amplificarfragmento| | | |2013-05-08T16:46:50.0000000Z
f2t59|entregarmezclapcr| | | |2013-05-08T16:57:27.0000000Z
f2t60|guardarpcr| | | |2013-05-08T16:58:01.0000000Z
f2t61|soltartubonevera| | | |2013-05-08T16:59:02.0000000Z
f3t1|encendertermobloque| | | |2013-05-08T17:00:01.0000000Z
f3t4|calentartermobloque| | | |2013-05-08T17:00:03.0000000Z
f3t5|entregarbandejahielo| | | |2013-05-08T17:00:22.0000000Z
f3t7|tomaradnplasmidico| | | |2013-05-08T17:01:05.0000000Z
f3t8|tomarmezclapcr| | | |2013-05-08T17:01:18.0000000Z
f3t9|tomartamponligasa| | | |2013-05-08T17:01:34.0000000Z
f3t10|tomarenzimaligasa| | | |2013-05-08T17:01:42.0000000Z
f3t11|tomaraguadestilada| | | |2013-05-08T17:01:49.0000000Z
f3t27|soltarbandejapoyata| | | |2013-05-08T17:03:01.0000000Z
f3t26|soltarbandejapoyataprimeravez| | | |2013-05-08T17:03:05.0000000Z
f3t28|sacartuboligacion| | | |2013-05-08T17:03:12.0000000Z
f3t29|entregarpipetaamarilla| | | |2013-05-08T17:03:39.0000000Z
f3t31|cargarpuntaamarilla| | | |2013-05-08T17:04:06.0000000Z
f3t32|iniciarmezcla| | | |2013-05-08T17:04:19.0000000Z
f3t33|agregaradnplasmidico| | | |2013-05-08T17:04:30.0000000Z
f3t34|agregarmezclapcr| | | |2013-05-08T17:04:37.0000000Z
f3t35|agregartamponligasa| | | |2013-05-08T17:04:39.0000000Z
f3t36|agregarenzimaligasa| | | |2013-05-08T17:04:44.0000000Z
f3t37|agregaraguadestilada| | | |2013-05-08T17:04:47.0000000Z
f3t52|finmezcla| | | |2013-05-08T17:04:57.0000000Z
f3t53|soltarpipetaamarilla| | | |2013-05-08T17:05:14.0000000Z
f3t54|entregartubomezcla| | | |2013-05-08T17:05:32.0000000Z

f3t55|abrirtermobloque| | | |2013-05-08T17:07:00.0000000Z
f3t56|soltarmezcla| | | |2013-05-08T17:07:06.0000000Z
f3t57|cerrartermobloque| | | |2013-05-08T17:07:11.0000000Z
f3t58|amplificarfragmento| | | |2013-05-08T17:09:27.0000000Z
f3t59|entregarmezclaligacion| | | |2013-05-08T17:09:38.0000000Z
f3t60|guardarligacion| | | |2013-05-08T17:10:12.0000000Z
f3t61|soltartubonevera| | | |2013-05-08T17:10:28.0000000Z
