dependenciabloq|f0t2|bloquearpoyata|f0t1|2013-05-09T15:57:38.0000000Z
accionrealizada|f0t1|entregarbata|entregarbata|2013-05-09T15:58:19.0000000Z
accionrealizada|f0t1|entregarbata|entregarbata|2013-05-09T15:58:42.0000000Z
accionrealizada|f0t1|entregarbata|entregarbata|2013-05-09T15:58:46.0000000Z
dependenciasnobloq|f1t1|entregarvaso| f0t7-f0t8|2013-05-09T16:01:01.0000000Z
dependenciasnobloq|f1t16|agregaragar| f1t13-f1t14|2013-05-09T16:04:52.0000000Z
incompatibilidadnobloq|f1t14|ajustarph|f1t16|2013-05-09T16:06:28.0000000Z
accionrealizada|f1t16|agregaragar|agregaragar|2013-05-09T16:06:44.0000000Z
dependenciasnobloq|f1t20|apagaragitador| ord_f1t20|2013-05-09T16:06:46.0000000Z
dependenciasnobloq|f1t21|entregarbotella|f0t8|2013-05-09T16:07:01.0000000Z
accionrealizada|f1t20|apagaragitador|apagaragitador|2013-05-09T16:07:15.0000000Z
accionrealizada|f1t23|movermezclaabotella|movermezclaabotella|2013-05-09T16:07:55.0000000Z
accionrealizada|f1t23|movermezclaabotella|movermezclaabotella|2013-05-09T16:07:57.0000000Z
accionnoencontrada| |entregarguantes| |2013-05-09T16:14:51.0000000Z
accionnoencontrada| |entregarguantes| |2013-05-09T16:14:55.0000000Z
accionrealizada|f1t41|adjuntarbandeja|adjuntarbandeja|2013-05-09T16:18:00.0000000Z
accionrealizada|f1t41|adjuntarbandeja|adjuntarbandeja|2013-05-09T16:18:02.0000000Z
accionrealizada|f1t41|adjuntarbandeja|adjuntarbandeja|2013-05-09T16:18:04.0000000Z
accionrealizada|f1t41|adjuntarbandeja|adjuntarbandeja|2013-05-09T16:18:06.0000000Z
accionnoencontrada| |sacartuboligacion| |2013-05-09T16:32:43.0000000Z
dependenciabloq|f2t33|iniciarmezcla|f2t31|2013-05-09T16:32:46.0000000Z
dependenciabloq|f2t33|iniciarmezcla|f2t31|2013-05-09T16:32:49.0000000Z
dependenciabloq|f2t33|iniciarmezcla|f2t31|2013-05-09T16:34:04.0000000Z
accionrealizada|f2t30|entregarpipetaamarilla|entregarpipetaamarilla|2013-05-09T16:34:10.0000000Z
accionrealizada|f2t32|cargarpuntaamarilla|cargarpuntaamarilla|2013-05-09T16:34:25.0000000Z
dependenciasnobloq|f2t52|finmezcla|f2t40|2013-05-09T16:35:05.0000000Z
dependenciabloq|f3t7|tomaradnplasmidico|f3t6|2013-05-09T16:39:01.0000000Z
dependenciabloq|f3t31|cargarpuntaamarilla|f3t30|2013-05-09T16:43:24.0000000Z
dependenciasnobloq|f3t52|finmezcla|f3t36|2013-05-09T16:43:50.0000000Z
accionrealizada|f3t59|entregarmezclaligacion|entregarmezclaligacion|2013-05-09T16:45:20.0000000Z
