dependenciabloq|f0t4|leerprotocolo|f0t3|2015-06-17T09:08:07.0000000Z
dependenciabloq|f0t4|leerprotocolo|f0t3|2015-06-17T09:08:09.0000000Z
accionrealizada|f1t6|llenarvasoconagua|llenarvasoconagua|2015-06-17T09:18:39.0000000Z
dependenciasnobloq|f1t20|apagaragitador| f1t14-f1t16|2015-06-17T09:22:24.0000000Z
accionrealizada|f1t28|entregarbotellaautoclavada|entregarbotellaautoclavada|2015-06-17T09:27:25.0000000Z
accionrealizada|f1t28|entregarbotellaautoclavada|entregarbotellaautoclavada|2015-06-17T09:27:28.0000000Z
accionrealizada|f1t40|cortarplanta|cortarplanta|2015-06-17T09:32:25.0000000Z
dependenciabloq|f2t22|tomartampote|f2t6|2015-06-17T09:39:31.0000000Z
dependenciabloq|f2t14|tomaraguadestilada|f2t6|2015-06-17T09:39:44.0000000Z
dependenciabloq|f2t15|tomarenzimaligasa|f2t6|2015-06-17T09:40:03.0000000Z
dependenciabloq|f2t15|tomarenzimaligasa|f2t6|2015-06-17T09:40:13.0000000Z
dependenciabloq|f2t13|tomarpolimerasa|f2t6|2015-06-17T09:40:22.0000000Z
dependenciabloq|f2t23|tomarmezclapcr|f2t6|2015-06-17T09:40:37.0000000Z
dependenciabloq|f2t32|cargarpuntaamarilla|f2t31|2015-06-17T09:43:38.0000000Z
dependenciabloq|f2t32|cargarpuntaamarilla|f2t31|2015-06-17T09:43:43.0000000Z
accionrealizada|f2t32|cargarpuntaamarilla|cargarpuntaamarilla|2015-06-17T09:44:12.0000000Z
dependenciasnobloq|f2t52|finmezcla|f2t34-f2t35-f2t36-f2t37-f2t38-f2t39-f2t40-f2t41|2015-06-17T09:45:52.0000000Z
accionrealizada|f2t53|soltarpipetaamarilla|soltarpipetaamarilla|2015-06-17T09:46:57.0000000Z
accionrealizada|f2t53|soltarpipetaamarilla|soltarpipetaamarilla|2015-06-17T09:47:00.0000000Z
accionrealizada|f2t53|soltarpipetaamarilla|soltarpipetaamarilla|2015-06-17T09:47:03.0000000Z
accionnoencontrada| |sacartuboligacion| |2015-06-17T09:47:23.0000000Z
accionrealizada|f2t57|cerrarpcr|cerrarpcr|2015-06-17T09:48:28.0000000Z
accionnoencontrada| |encendertermobloque| |2015-06-17T09:50:26.0000000Z
accionrealizada|f3t32|iniciarmezcla|iniciarmezcla|2015-06-17T09:53:09.0000000Z
accionrealizada|f3t32|iniciarmezcla|iniciarmezcla|2015-06-17T09:53:12.0000000Z
accionrealizada|f3t32|iniciarmezcla|iniciarmezcla|2015-06-17T09:53:17.0000000Z
accionrealizada|f3t32|iniciarmezcla|iniciarmezcla|2015-06-17T09:53:27.0000000Z
dependenciasnobloq|f3t52|finmezcla|f3t33-f3t34-f3t35-f3t36-f3t37|2015-06-17T09:53:33.0000000Z
accionrealizada|f3t52|finmezcla|finmezcla|2015-06-17T09:54:03.0000000Z
accionrealizada|f3t54|entregartubomezcla|entregartubomezcla|2015-06-17T09:55:41.0000000Z
accionrealizada|f3t54|entregartubomezcla|entregartubomezcla|2015-06-17T09:55:44.0000000Z
accionrealizada|f3t54|entregartubomezcla|entregartubomezcla|2015-06-17T09:55:48.0000000Z
accionrealizada|f3t54|entregartubomezcla|entregartubomezcla|2015-06-17T09:55:51.0000000Z
accionrealizada|f3t54|entregartubomezcla|entregartubomezcla|2015-06-17T09:56:00.0000000Z
accionrealizada|f3t54|entregartubomezcla|entregartubomezcla|2015-06-17T09:56:04.0000000Z
accionrealizada|f3t54|entregartubomezcla|entregartubomezcla|2015-06-17T09:56:07.0000000Z
accionrealizada|f3t54|entregartubomezcla|entregartubomezcla|2015-06-17T09:56:11.0000000Z
accionrealizada|f3t54|entregartubomezcla|entregartubomezcla|2015-06-17T09:56:14.0000000Z
accionrealizada|f3t54|entregartubomezcla|entregartubomezcla|2015-06-17T09:56:18.0000000Z
accionrealizada|f3t54|entregartubomezcla|entregartubomezcla|2015-06-17T09:56:21.0000000Z
accionrealizada|f3t54|entregartubomezcla|entregartubomezcla|2015-06-17T09:56:25.0000000Z
accionrealizada|f3t54|entregartubomezcla|entregartubomezcla|2015-06-17T09:56:28.0000000Z
accionrealizada|f3t54|entregartubomezcla|entregartubomezcla|2015-06-17T09:56:38.0000000Z
accionrealizada|f3t54|entregartubomezcla|entregartubomezcla|2015-06-17T09:56:42.0000000Z
accionnoencontrada| |encenderpcr| |2015-06-17T09:57:09.0000000Z
dependenciabloq|f3t57|cerrartermobloque|f3t56|2015-06-17T09:57:14.0000000Z
dependenciabloq|f3t57|cerrartermobloque|f3t56|2015-06-17T09:57:21.0000000Z
dependenciabloq|f3t57|cerrartermobloque|f3t56|2015-06-17T09:58:56.0000000Z
dependenciabloq|f3t57|cerrartermobloque|f3t56|2015-06-17T09:59:10.0000000Z
dependenciabloq|f3t57|cerrartermobloque|f3t56|2015-06-17T09:59:17.0000000Z
accionrealizada|f3t57|cerrartermobloque|cerrartermobloque|2015-06-17T09:59:34.0000000Z
accionrealizada|f3t57|cerrartermobloque|cerrartermobloque|2015-06-17T09:59:41.0000000Z
accionrealizada|f3t57|cerrartermobloque|cerrartermobloque|2015-06-17T09:59:55.0000000Z
accionrealizada|f3t57|cerrartermobloque|cerrartermobloque|2015-06-17T09:59:59.0000000Z
accionrealizada|f3t57|cerrartermobloque|cerrartermobloque|2015-06-17T10:00:15.0000000Z
accionrealizada|f3t57|cerrartermobloque|cerrartermobloque|2015-06-17T10:00:35.0000000Z
accionrealizada|f3t57|cerrartermobloque|cerrartermobloque|2015-06-17T10:00:38.0000000Z
accionrealizada|f3t58|amplificarfragmento|amplificarfragmento|2015-06-17T10:01:17.0000000Z
