f0crearLog|crearLog| | | |2014-05-27T16:54:30.0000000Z
f0t1|entregarbata| | | |2014-05-27T16:55:28.0000000Z
f0t2|bloquearpoyata| | | |2014-05-27T16:56:25.0000000Z
f0t3|leerfundamentos| | | |2014-05-27T16:57:43.0000000Z
f0t5|releerfundamentos| | | |2014-05-27T16:57:48.0000000Z
f0t5|releerfundamentos| | | |2014-05-27T16:57:51.0000000Z
f0t5|releerfundamentos| | | |2014-05-27T16:57:51.0000000Z
f0t4|leerprotocolo| | | |2014-05-27T17:03:45.0000000Z
f0t7|lavarsemanos| | | |2014-05-27T17:05:21.0000000Z
f0t8|entregarguantes| | | |2014-05-27T17:05:37.0000000Z
f1t1|entregarvaso| | | |2014-05-27T17:06:35.0000000Z
f1t4|soltarvasofregadero| | | |2014-05-27T17:08:05.0000000Z
f1t5|bloquearfregadero| | | |2014-05-27T17:08:09.0000000Z
f1t6|llenarvasoconagua| | | |2014-05-27T17:08:20.0000000Z
f1t7|desbloquearfregadero| | | |2014-05-27T17:08:38.0000000Z
f1t8|soltarvasoagitador| | | |2014-05-27T17:08:58.0000000Z
f1t9|bloquearagitador| | | |2014-05-27T17:09:03.0000000Z
f1t10|bloquearphmetro| | | |2014-05-27T17:09:04.0000000Z
f1t11|encenderagitador| | | |2014-05-27T17:09:09.0000000Z
f1t12|agregarmys| | | |2014-05-27T17:09:29.0000000Z
f1t13|agregarsacarosa| | | |2014-05-27T17:09:36.0000000Z
f1t16|agregaragar| | f1t14| |2014-05-27T17:10:22.0000000Z
f1t20|apagaragitador| | f1t14| |2014-05-27T17:10:57.0000000Z
f1t21|entregarbotella| | | |2014-05-27T17:11:10.0000000Z
f1t22|soltarbotellaagitador| | | |2014-05-27T17:11:36.0000000Z
f1t23|movermezclaabotella| | | |2014-05-27T17:11:53.0000000Z
f1t24|desbloquearagitador| | | |2014-05-27T17:12:03.0000000Z
f1t15|desbloquearphmetro| | | |2014-05-27T17:12:04.0000000Z
f1t25|insetarbotellaenautoclave| | | |2014-05-27T17:12:51.0000000Z
f1t26|bloquearautoclave| | | |2014-05-27T17:12:56.0000000Z
f1t27|autoclavar| | | |2014-05-27T17:12:59.0000000Z
f1t30|encendercabina| | | |2014-05-27T17:13:42.0000000Z
f1t31|contartiempocabina| | | |2014-05-27T17:13:44.0000000Z
f1t28|entregarbotellaautoclavada| | | |2014-05-27T17:14:16.0000000Z
f1t29|enfriarbotella| | | |2014-05-27T17:14:17.0000000Z
f1t32|soltarbotellacabina| | | |2014-05-27T17:14:58.0000000Z
f1t33|agregariaa| | | |2014-05-27T17:15:32.0000000Z
f1t34|entregarbandeja| | | |2014-05-27T17:16:17.0000000Z
f1t35|soltarbandeja| | | |2014-05-27T17:17:10.0000000Z
f1t36|llenarbotes| | | |2014-05-27T17:17:19.0000000Z
f1t37|esterilizar| | | |2014-05-27T17:17:29.0000000Z
f1t38|entregarchopo| | | |2014-05-27T17:18:02.0000000Z
f1t39|soltarchopocabina| | | |2014-05-27T17:18:43.0000000Z
f1t40|cortarplanta| | | |2014-05-27T17:18:52.0000000Z
f1t41|adjuntarbandeja| | | |2014-05-27T17:19:05.0000000Z
f1t42|apagarcabina| | | |2014-05-27T17:19:14.0000000Z
f1t44|bloquearbasefitotron| | | |2014-05-27T17:19:52.0000000Z
f1t43|soltarbandcrecimiento| | | |2014-05-27T17:19:56.0000000Z
f1t45|crecerchopo| | | |2014-05-27T17:20:24.0000000Z
f1t46|fincrecimiento| | | |2014-05-27T17:20:55.0000000Z
f2t1|encenderpcr| | | |2014-05-27T17:21:54.0000000Z
f2t4|calentartermobloque| | | |2014-05-27T17:21:56.0000000Z
f2t2|releerfundamentos| | | |2014-05-27T17:22:05.0000000Z
f2t2|releerfundamentos| | | |2014-05-27T17:23:25.0000000Z
f2t2|releerfundamentos| | | |2014-05-27T17:23:27.0000000Z
f2t2|releerfundamentos| | | |2014-05-27T17:27:47.0000000Z
f2t5|entregarbandejahielo| | | |2014-05-27T17:32:24.0000000Z
f2t9|tomaroligonucleicoder| | | |2014-05-27T17:33:42.0000000Z
f2t17|tomarplasmido35s| | | |2014-05-27T17:33:55.0000000Z
f2t18|tomarplasmidomirna| | | |2014-05-27T17:34:05.0000000Z
f2t11|tomarmgcl| | | |2014-05-27T17:34:17.0000000Z
f2t16|tomartamponligasa| | | |2014-05-27T17:34:26.0000000Z
f2t8|tomaroligonucleicoizq| | | |2014-05-27T17:34:39.0000000Z
f2t7|tomaradn| | | |2014-05-27T17:34:51.0000000Z
f2t12|tomardntp| | | |2014-05-27T17:35:02.0000000Z
f2t15|tomarenzimaligasa| | | |2014-05-27T17:35:28.0000000Z
f2t26|soltarbandejapoyata| | | |2014-05-27T17:36:07.0000000Z
f2t25|soltarbandejapoyataprimeravez| | | |2014-05-27T17:36:11.0000000Z
f2t27|entregarboteeppendorf| | | |2014-05-27T17:36:38.0000000Z
f2t28|soltarboteeppendorf| | | |2014-05-27T17:37:10.0000000Z
f2t29|sacartuboeppendorf| | | |2014-05-27T17:37:22.0000000Z
f2t30|entregarpipetaamarilla| | | |2014-05-27T17:37:38.0000000Z
f2t32|cargarpuntaamarilla| | | |2014-05-27T17:37:57.0000000Z
f2t33|iniciarmezcla| | | |2014-05-27T17:38:08.0000000Z
f2t34|agregaradn| | | |2014-05-27T17:38:24.0000000Z
f2t36|agregaroligonucleicoder| | | |2014-05-27T17:39:02.0000000Z
f2t39|agregardntp| | | |2014-05-27T17:39:22.0000000Z
f2t2|releerfundamentos| | | |2014-05-27T17:39:34.0000000Z
f2t52|finmezcla| |f2t35-f2t37-f2t38-f2t40-f2t41| |2014-05-27T17:41:15.0000000Z
f2t53|soltarpipetaamarilla| | | |2014-05-27T17:41:28.0000000Z
f2t54|entregartubomezcla| | | |2014-05-27T17:41:39.0000000Z
f2t55|abrirpcr| | | |2014-05-27T17:42:09.0000000Z
f2t56|soltarmezcla| | | |2014-05-27T17:42:18.0000000Z
f2t57|cerrarpcr| | | |2014-05-27T17:42:31.0000000Z
f2t58|amplificarfragmento| | | |2014-05-27T17:42:35.0000000Z
f2t59|entregarmezclapcr| | | |2014-05-27T17:43:14.0000000Z
f2t60|guardarpcr| | | |2014-05-27T17:43:32.0000000Z
f2t61|soltartubonevera| | | |2014-05-27T17:43:52.0000000Z
f3t1|encendertermobloque| | | |2014-05-27T17:44:50.0000000Z
f3t4|calentartermobloque| | | |2014-05-27T17:44:51.0000000Z
f3t2|releerfundamentos| | | |2014-05-27T17:44:59.0000000Z
f3t2|releerfundamentos| | | |2014-05-27T17:45:05.0000000Z
f3t5|entregarbandejahielo| | | |2014-05-27T17:47:33.0000000Z
f3t10|tomarenzimaligasa| | | |2014-05-27T17:48:08.0000000Z
f3t17|tomarpolimerasa| | | |2014-05-27T17:48:26.0000000Z
f3t25|tomarmezclaligacion| | | |2014-05-27T17:48:55.0000000Z
f3t7|tomaradnplasmidico| | | |2014-05-27T17:49:11.0000000Z
f3t14|tomartamponpolimerasa| | | |2014-05-27T17:49:23.0000000Z
f3t9|tomartamponligasa| | | |2014-05-27T17:49:31.0000000Z
f3t26|soltarbandejapoyataprimeravez| | | |2014-05-27T17:50:22.0000000Z
f3t28|sacartuboligacion| | | |2014-05-27T17:50:32.0000000Z
f3t29|entregarpipetaamarilla| | | |2014-05-27T17:50:41.0000000Z
f3t31|cargarpuntaamarilla| | | |2014-05-27T17:50:59.0000000Z
f3t36|agregarenzimaligasa| | | |2014-05-27T17:53:52.0000000Z
f3t39|agregarpolimerasa| | | |2014-05-27T17:53:59.0000000Z
f3t33|agregaradnplasmidico| | | |2014-05-27T17:54:06.0000000Z
f3t42|agregartamponpolimerasa| | | |2014-05-27T17:54:13.0000000Z
f3t35|agregartamponligasa| | | |2014-05-27T17:54:19.0000000Z
f3t19|tomarplasmidomirna| | | |2014-05-27T17:54:46.0000000Z
f3t27|soltarbandejapoyata| | | |2014-05-27T17:55:23.0000000Z
f3t32|iniciarmezcla| | | |2014-05-27T17:55:38.0000000Z
f3t44|agregarplasmidomirna| | | |2014-05-27T17:55:49.0000000Z
f3t52|finmezcla| |f3t34-f3t37|f3t39-f3t42-f3t44|2014-05-27T17:56:11.0000000Z
f3t53|soltarpipetaamarilla| | | |2014-05-27T17:56:24.0000000Z
f3t54|entregartubomezcla| | | |2014-05-27T17:56:33.0000000Z
f3t55|abrirtermobloque| | | |2014-05-27T17:57:10.0000000Z
f3t56|soltarmezcla| | | |2014-05-27T17:59:40.0000000Z
f3t57|cerrartermobloque| | | |2014-05-27T17:59:47.0000000Z

f3t58|amplificarfragmento| | | |2014-05-27T18:00:10.0000000Z
f3t59|entregarmezclaligacion| | | |2014-05-27T18:00:23.0000000Z
f3t60|guardarligacion| | | |2014-05-27T18:00:53.0000000Z
f3t61|soltartubonevera| | | |2014-05-27T18:01:11.0000000Z
