f0crearLog|crearLog| | | |2013-05-22T15:10:24.0000000Z
f0t1|entregarbata| | | |2013-05-22T15:11:08.0000000Z
f0t2|bloquearpoyata| | | |2013-05-22T15:14:06.0000000Z
f0t3|leerfundamentos| | | |2013-05-22T15:15:55.0000000Z
f0t4|leerprotocolo| | | |2013-05-22T15:21:18.0000000Z
f0t6|releerprotocolo| | | |2013-05-22T15:23:41.0000000Z
f0t7|lavarsemanos| | | |2013-05-22T15:26:10.0000000Z
f0t8|entregarguantes| | | |2013-05-22T15:26:34.0000000Z
f1t1|entregarvaso| | | |2013-05-22T15:27:28.0000000Z
f1t4|soltarvasofregadero| | | |2013-05-22T15:28:19.0000000Z
f1t5|bloquearfregadero| | | |2013-05-22T15:28:23.0000000Z
f1t6|llenarvasoconagua| | | |2013-05-22T15:28:25.0000000Z
f1t7|desbloquearfregadero| | | |2013-05-22T15:28:42.0000000Z
f1t8|soltarvasoagitador| | | |2013-05-22T15:28:59.0000000Z
f1t9|bloquearagitador| | | |2013-05-22T15:29:02.0000000Z
f1t10|bloquearphmetro| | | |2013-05-22T15:29:04.0000000Z
f1t11|encenderagitador| | | |2013-05-22T15:29:10.0000000Z
f1t2|releerfundamentos| | | |2013-05-22T15:31:44.0000000Z
f1t3|releerprotocolo| | | |2013-05-22T15:31:58.0000000Z
f1t3|releerprotocolo| | | |2013-05-22T15:32:01.0000000Z
f1t3|releerprotocolo| | | |2013-05-22T15:32:25.0000000Z
f1t2|releerfundamentos| | | |2013-05-22T15:32:30.0000000Z
f1t20|apagaragitador| | f1t12-f1t13-f1t14-f1t16| |2013-05-22T15:35:38.0000000Z
f1t21|entregarbotella| | | |2013-05-22T15:36:48.0000000Z
f1t22|soltarbotellaagitador| | | |2013-05-22T15:37:15.0000000Z
f1t23|movermezclaabotella| | | |2013-05-22T15:37:28.0000000Z
f1t24|desbloquearagitador| | | |2013-05-22T15:37:36.0000000Z
f1t15|desbloquearphmetro| | | |2013-05-22T15:37:37.0000000Z
f1t25|insetarbotellaenautoclave| | | |2013-05-22T15:40:33.0000000Z
f1t26|bloquearautoclave| | | |2013-05-22T15:40:36.0000000Z
f1t30|encendercabina| | | |2013-05-22T15:41:51.0000000Z
f1t31|contartiempocabina| | | |2013-05-22T15:41:51.0000000Z
f1t27|autoclavar| | | |2013-05-22T15:45:01.0000000Z
f1t28|entregarbotellaautoclavada| | | |2013-05-22T15:45:34.0000000Z
f1t29|enfriarbotella| | | |2013-05-22T15:45:35.0000000Z
f1t32|soltarbotellacabina| | | |2013-05-22T15:47:17.0000000Z
f1t33|agregariaa| | | |2013-05-22T15:49:21.0000000Z
f1t34|entregarbandeja| | | |2013-05-22T15:51:25.0000000Z
f1t35|soltarbandeja| | | |2013-05-22T15:52:26.0000000Z
f1t36|llenarbotes| | | |2013-05-22T15:52:36.0000000Z
f1t37|esterilizar| | | |2013-05-22T15:53:16.0000000Z
f1t38|entregarchopo| | | |2013-05-22T15:54:47.0000000Z
f1t39|soltarchopocabina| | | |2013-05-22T15:56:52.0000000Z
f1t40|cortarplanta| | | |2013-05-22T15:57:17.0000000Z
f1t41|adjuntarbandeja| | | |2013-05-22T15:57:33.0000000Z
f1t42|apagarcabina| | | |2013-05-22T15:57:44.0000000Z
f1t44|bloquearbasefitotron| | | |2013-05-22T15:58:38.0000000Z
f1t43|soltarbandcrecimiento| | | |2013-05-22T15:58:41.0000000Z
f1t45|crecerchopo| | | |2013-05-22T15:59:07.0000000Z
f1t46|fincrecimiento| | | |2013-05-22T16:01:29.0000000Z
f2t1|encenderpcr| | | |2013-05-22T16:02:40.0000000Z
f2t4|calentartermobloque| | | |2013-05-22T16:02:46.0000000Z
f2t2|releerfundamentos| | | |2013-05-22T16:03:15.0000000Z
f2t5|entregarbandejahielo| | | |2013-05-22T16:19:16.0000000Z
f2t2|releerfundamentos| | | |2013-05-22T16:22:39.0000000Z
f2t3|releerprotocolo| | | |2013-05-22T16:24:28.0000000Z
f2t26|soltarbandejapoyata| | | |2013-05-22T16:28:13.0000000Z
f2t25|soltarbandejapoyataprimeravez| | | |2013-05-22T16:28:16.0000000Z
f2t3|releerprotocolo| | | |2013-05-22T16:28:33.0000000Z
f2t27|entregarboteeppendorf| | | |2013-05-22T16:33:47.0000000Z
f2t28|soltarboteeppendorf| | | |2013-05-22T16:35:10.0000000Z
f2t29|sacartuboeppendorf| | | |2013-05-22T16:36:48.0000000Z
f2t30|entregarpipetaamarilla| | | |2013-05-22T16:37:38.0000000Z
f2t32|cargarpuntaamarilla| | | |2013-05-22T16:38:19.0000000Z
f2t33|iniciarmezcla| | | |2013-05-22T16:38:44.0000000Z
f2t52|finmezcla| |f2t34-f2t35-f2t36-f2t37-f2t38-f2t39-f2t40-f2t41| |2013-05-22T16:39:02.0000000Z
f2t53|soltarpipetaamarilla| | | |2013-05-22T16:39:12.0000000Z
f2t54|entregartubomezcla| | | |2013-05-22T16:39:33.0000000Z
f2t55|abrirpcr| | | |2013-05-22T16:41:37.0000000Z
f2t56|soltarmezcla| | | |2013-05-22T16:41:44.0000000Z
f2t57|cerrarpcr| | | |2013-05-22T16:41:47.0000000Z
f2t58|amplificarfragmento| | | |2013-05-22T16:41:52.0000000Z
f2t59|entregarmezclapcr| | | |2013-05-22T16:42:39.0000000Z
f2t60|guardarpcr| | | |2013-05-22T16:43:14.0000000Z
f2t61|soltartubonevera| | | |2013-05-22T16:43:26.0000000Z
f3t1|encendertermobloque| | | |2013-05-22T16:43:50.0000000Z
f3t4|calentartermobloque| | | |2013-05-22T16:43:51.0000000Z
f3t5|entregarbandejahielo| | | |2013-05-22T16:44:08.0000000Z
f3t23|tomartampote| | | |2013-05-22T16:44:44.0000000Z
f3t27|soltarbandejapoyata| | | |2013-05-22T16:45:44.0000000Z
f3t26|soltarbandejapoyataprimeravez| | | |2013-05-22T16:45:47.0000000Z
f3t28|sacartuboligacion| | | |2013-05-22T16:45:55.0000000Z
f3t29|entregarpipetaamarilla| | | |2013-05-22T16:46:09.0000000Z
f3t32|iniciarmezcla| | | |2013-05-22T16:47:00.0000000Z
f3t52|finmezcla| |f3t33-f3t34-f3t35-f3t36-f3t37| |2013-05-22T16:47:11.0000000Z
f3t53|soltarpipetaamarilla| | | |2013-05-22T16:47:28.0000000Z
f3t54|entregartubomezcla| | | |2013-05-22T16:47:39.0000000Z
f3t55|abrirtermobloque| | | |2013-05-22T16:48:12.0000000Z
f3t56|soltarmezcla| | | |2013-05-22T16:48:22.0000000Z
f3t57|cerrartermobloque| | | |2013-05-22T16:48:22.0000000Z

f3t58|amplificarfragmento| | | |2013-05-22T16:48:38.0000000Z
f3t59|entregarmezclaligacion| | | |2013-05-22T16:48:45.0000000Z
f3t60|guardarligacion| | | |2013-05-22T16:49:07.0000000Z
f3t61|soltartubonevera| | | |2013-05-22T16:49:16.0000000Z
