accionrealizada|f0t1|entregarbata|entregarbata|2014-05-22T16:40:53.0000000Z
dependenciabloq|f0t8|entregarguantes|f0t7|2014-05-22T16:43:00.0000000Z
dependenciabloq|f0t7|lavarsemanos|f0t4|2014-05-22T16:44:04.0000000Z
dependenciabloq|f0t4|leerprotocolo|f0t3|2014-05-22T16:44:22.0000000Z
dependenciabloq|f0t4|leerprotocolo|f0t3|2014-05-22T16:44:26.0000000Z
dependenciasnobloq|f1t20|apagaragitador| f1t14-f1t16|2014-05-22T17:07:50.0000000Z
accionnoencontrada| |agregaragarosa| |2014-05-22T17:10:28.0000000Z
accionnoencontrada| |agregaragarosa| |2014-05-22T17:10:43.0000000Z
accionrealizada|f1t23|movermezclaabotella|movermezclaabotella|2014-05-22T17:12:12.0000000Z
accionrealizada|f1t37|esterilizar|esterilizar|2014-05-22T17:27:01.0000000Z
accionrealizada|f1t40|cortarplanta|cortarplanta|2014-05-22T17:30:46.0000000Z
accionrealizada|f1t40|cortarplanta|cortarplanta|2014-05-22T17:30:51.0000000Z
accionnoencontrada| |encenderpcr| |2014-05-22T17:40:20.0000000Z
accionnoencontrada| |encenderpcr| |2014-05-22T17:40:26.0000000Z
accionnoencontrada| |encenderpcr| |2014-05-22T17:41:08.0000000Z
accionnoencontrada| |encenderpcr| |2014-05-22T17:41:12.0000000Z
accionnoencontrada| |encenderpcr| |2014-05-22T17:41:33.0000000Z
accionrealizada|f2t5|entregarbandejahielo|entregarbandejahielo|2014-05-22T17:42:58.0000000Z
accionrealizada|f2t33|iniciarmezcla|iniciarmezcla|2014-05-22T17:52:21.0000000Z
dependenciabloq|f2t8|tomaroligonucleicoizq|f2t6|2014-05-22T17:53:33.0000000Z
accionrealizada|f2t30|entregarpipetaamarilla|entregarpipetaamarilla|2014-05-22T17:57:57.0000000Z
accionrealizada|f2t32|cargarpuntaamarilla|cargarpuntaamarilla|2014-05-22T17:58:03.0000000Z
accionrealizada|f2t32|cargarpuntaamarilla|cargarpuntaamarilla|2014-05-22T17:58:08.0000000Z
accionrealizada|f2t33|iniciarmezcla|iniciarmezcla|2014-05-22T17:58:46.0000000Z
accionrealizada|f2t33|iniciarmezcla|iniciarmezcla|2014-05-22T17:58:51.0000000Z
accionrealizada|f2t33|iniciarmezcla|iniciarmezcla|2014-05-22T17:59:01.0000000Z
accionrealizada|f2t33|iniciarmezcla|iniciarmezcla|2014-05-22T17:59:11.0000000Z
accionrealizada|f2t34|agregaradn|agregaradn|2014-05-22T18:00:06.0000000Z
dependenciasnobloq|f2t52|finmezcla|f2t38|2014-05-22T18:02:17.0000000Z
dependenciabloq|f2t54|entregartubomezcla|f2t53|2014-05-22T18:03:53.0000000Z
accionrealizada|f2t54|entregartubomezcla|entregartubomezcla|2014-05-22T18:04:46.0000000Z
dependenciabloq|f2t57|cerrarpcr|f2t56|2014-05-22T18:05:16.0000000Z
dependenciabloq|f2t57|cerrarpcr|f2t56|2014-05-22T18:05:25.0000000Z
dependenciabloq|f2t57|cerrarpcr|f2t56|2014-05-22T18:05:33.0000000Z
accionrealizada|f2t57|cerrarpcr|cerrarpcr|2014-05-22T18:06:13.0000000Z
accionrealizada|f2t58|amplificarfragmento|amplificarfragmento|2014-05-22T18:06:32.0000000Z
accionrealizada|f2t60|guardarpcr|guardarpcr|2014-05-22T18:12:38.0000000Z
accionnoencontrada| |encendertermobloque| |2014-05-22T18:20:25.0000000Z
accionnoencontrada| |encendertermobloque| |2014-05-22T18:20:29.0000000Z
accionnoencontrada| |encendertermobloque| |2014-05-22T18:21:03.0000000Z
accionnoencontrada| |encendertermobloque| |2014-05-22T18:21:41.0000000Z
accionrealizada|f3t5|entregarbandejahielo|entregarbandejahielo|2014-05-22T18:31:38.0000000Z
dependenciabloq|f3t32|iniciarmezcla|f3t30|2014-05-22T18:42:38.0000000Z
dependenciabloq|f3t32|iniciarmezcla|f3t31|2014-05-22T18:51:01.0000000Z
accionrealizada|f3t31|cargarpuntaamarilla|cargarpuntaamarilla|2014-05-22T18:52:41.0000000Z
accionrealizada|f3t31|cargarpuntaamarilla|cargarpuntaamarilla|2014-05-22T18:56:30.0000000Z
accionrealizada|f3t31|cargarpuntaamarilla|cargarpuntaamarilla|2014-05-22T18:56:37.0000000Z
accionrealizada|f3t31|cargarpuntaamarilla|cargarpuntaamarilla|2014-05-22T18:57:02.0000000Z
accionrealizada|f3t32|iniciarmezcla|iniciarmezcla|2014-05-22T18:58:12.0000000Z
accionrealizada|f3t32|iniciarmezcla|iniciarmezcla|2014-05-22T18:58:19.0000000Z
accionnoencontrada| |entregarboteeppendorf| |2014-05-22T19:01:32.0000000Z
accionnoencontrada| |entregarboteeppendorf| |2014-05-22T19:06:30.0000000Z
accionnoencontrada| |entregarboteeppendorf| |2014-05-22T19:15:35.0000000Z
accionnoencontrada| |entregarTaza| |2014-05-22T19:22:26.0000000Z
accionnoencontrada| |entregarTaza| |2014-05-22T19:22:49.0000000Z
accionnoencontrada| |entregarTaza| |2014-05-22T19:22:54.0000000Z
accionnoencontrada| |entregarboteeppendorf| |2014-05-22T19:35:02.0000000Z
accionnoencontrada| |entregarboteeppendorf| |2014-05-22T19:36:45.0000000Z
accionnoencontrada| |entregarboteeppendorf| |2014-05-22T19:38:33.0000000Z
accionnoencontrada| |cerrartermobloque| |2014-05-22T19:44:21.0000000Z
accionnoencontrada| |cerrartermobloque| |2014-05-22T19:44:35.0000000Z
accionnoencontrada| |entregarchopocrecido| |2014-05-22T19:45:47.0000000Z
accionnoencontrada| |entregarchopocrecido| |2014-05-22T19:45:52.0000000Z
accionnoencontrada| |entregarchopocrecido| |2014-05-22T19:46:03.0000000Z
accionnoencontrada| |entregarchopocrecido| |2014-05-22T19:46:56.0000000Z
accionnoencontrada| |entregarchopocrecido| |2014-05-22T19:47:17.0000000Z
accionnoencontrada| |entregarchopocrecido| |2014-05-22T19:47:39.0000000Z
accionnoencontrada| |entregarchopocrecido| |2014-05-22T20:01:10.0000000Z
accionnoencontrada| |entregarchopocrecido| |2014-05-22T20:04:26.0000000Z
