f0crearLog|crearLog| | | |2015-06-16T10:15:53.0000000Z
f0t1|entregarbata| | | |2015-06-16T10:18:56.0000000Z
f0t2|bloquearpoyata| | | |2015-06-16T10:32:30.0000000Z
f0t3|leerfundamentos| | | |2015-06-16T10:35:21.0000000Z
f0t4|leerprotocolo| | | |2015-06-16T10:35:44.0000000Z
f0t5|releerfundamentos| | | |2015-06-16T10:35:44.0000000Z
f0t6|releerprotocolo| | | |2015-06-16T10:36:23.0000000Z
f0t6|releerprotocolo| | | |2015-06-16T10:36:26.0000000Z
f0t6|releerprotocolo| | | |2015-06-16T10:36:35.0000000Z
f0t6|releerprotocolo| | | |2015-06-16T10:36:35.0000000Z
f0t5|releerfundamentos| | | |2015-06-16T10:36:37.0000000Z
f0t5|releerfundamentos| | | |2015-06-16T10:36:37.0000000Z
f0t6|releerprotocolo| | | |2015-06-16T10:36:47.0000000Z
f0t6|releerprotocolo| | | |2015-06-16T10:41:08.0000000Z
f0t6|releerprotocolo| | | |2015-06-16T10:41:20.0000000Z
f0t6|releerprotocolo| | | |2015-06-16T10:41:45.0000000Z
f0t6|releerprotocolo| | | |2015-06-16T10:41:47.0000000Z
f0t6|releerprotocolo| | | |2015-06-16T10:43:50.0000000Z
f0t6|releerprotocolo| | | |2015-06-16T10:45:32.0000000Z
f0t6|releerprotocolo| | | |2015-06-16T10:45:34.0000000Z
f0t5|releerfundamentos| | | |2015-06-16T10:45:38.0000000Z
f0t6|releerprotocolo| | | |2015-06-16T10:47:35.0000000Z
f0t6|releerprotocolo| | | |2015-06-16T10:49:49.0000000Z
f0t6|releerprotocolo| | | |2015-06-16T10:49:54.0000000Z
f0t5|releerfundamentos| | | |2015-06-16T10:51:11.0000000Z
f0t7|lavarsemanos| | | |2015-06-16T10:55:58.0000000Z
f0t8|entregarguantes| | | |2015-06-16T10:56:27.0000000Z
f1t1|entregarvaso| | | |2015-06-16T11:10:01.0000000Z
f1t4|soltarvasofregadero| | | |2015-06-16T11:20:50.0000000Z
f1t5|bloquearfregadero| | | |2015-06-16T11:20:54.0000000Z
f1t6|llenarvasoconagua| | | |2015-06-16T11:25:51.0000000Z
f1t7|desbloquearfregadero| | | |2015-06-16T11:26:11.0000000Z
f1t8|soltarvasoagitador| | | |2015-06-16T11:45:43.0000000Z
f1t9|bloquearagitador| | | |2015-06-16T11:45:47.0000000Z
f1t10|bloquearphmetro| | | |2015-06-16T11:45:48.0000000Z
f1t11|encenderagitador| | | |2015-06-16T11:51:57.0000000Z
f1t14|ajustarph| | f1t12-f1t13| |2015-06-16T11:52:03.0000000Z
f1t15|desbloquearphmetro| | | |2015-06-16T11:52:06.0000000Z
f1t20|apagaragitador| | f1t12-f1t13-f1t16| |2015-06-16T11:52:42.0000000Z
f1t21|entregarbotella| | | |2015-06-16T11:53:29.0000000Z
f1t22|soltarbotellaagitador| | | |2015-06-16T11:54:49.0000000Z
f1t23|movermezclaabotella| | | |2015-06-16T11:55:10.0000000Z
f1t24|desbloquearagitador| | | |2015-06-16T11:55:19.0000000Z
f1t25|insetarbotellaenautoclave| | | |2015-06-16T12:00:52.0000000Z
f1t26|bloquearautoclave| | | |2015-06-16T12:00:57.0000000Z
f1t27|autoclavar| | | |2015-06-16T12:01:01.0000000Z
f1t28|entregarbotellaautoclavada| | | |2015-06-16T12:01:51.0000000Z
f1t29|enfriarbotella| | | |2015-06-16T12:01:52.0000000Z
f1t30|encendercabina| | | |2015-06-16T12:05:57.0000000Z
f1t31|contartiempocabina| | | |2015-06-16T12:05:58.0000000Z
f1t32|soltarbotellacabina| | | |2015-06-16T12:06:29.0000000Z
f1t33|agregariaa| | | |2015-06-16T12:07:40.0000000Z
f1t34|entregarbandeja| | | |2015-06-16T12:09:52.0000000Z
f1t35|soltarbandeja| | | |2015-06-16T12:10:35.0000000Z
f1t36|llenarbotes| | | |2015-06-16T12:10:42.0000000Z
f1t37|esterilizar| | | |2015-06-16T12:10:51.0000000Z
f1t38|entregarchopo| | | |2015-06-16T12:11:55.0000000Z
f1t39|soltarchopocabina| | | |2015-06-16T12:12:34.0000000Z
f1t40|cortarplanta| | | |2015-06-16T12:12:40.0000000Z
f1t41|adjuntarbandeja| | | |2015-06-16T12:12:47.0000000Z
f1t42|apagarcabina| | | |2015-06-16T12:13:11.0000000Z
f1t44|bloquearbasefitotron| | | |2015-06-16T12:14:15.0000000Z
f1t43|soltarbandcrecimiento| | | |2015-06-16T12:14:19.0000000Z
f1t45|crecerchopo| | | |2015-06-16T12:14:39.0000000Z
f1t46|fincrecimiento| | | |2015-06-16T12:15:25.0000000Z
f2t1|encenderpcr| | | |2015-06-16T12:16:32.0000000Z
f2t4|calentartermobloque| | | |2015-06-16T12:16:34.0000000Z
f2t5|entregarbandejahielo| | | |2015-06-16T12:17:10.0000000Z
f2t55|abrirpcr| | | |2015-06-16T12:17:46.0000000Z
f2t26|soltarbandejapoyata| | | |2015-06-16T12:18:30.0000000Z
f2t25|soltarbandejapoyataprimeravez| | | |2015-06-16T12:18:33.0000000Z
f2t27|entregarboteeppendorf| | | |2015-06-16T12:18:58.0000000Z
f2t28|soltarboteeppendorf| | | |2015-06-16T12:20:24.0000000Z
f2t29|sacartuboeppendorf| | | |2015-06-16T12:20:52.0000000Z
f2t30|entregarpipetaamarilla| | | |2015-06-16T12:21:27.0000000Z
f2t32|cargarpuntaamarilla| | | |2015-06-16T12:21:52.0000000Z
f2t33|iniciarmezcla| | | |2015-06-16T12:22:20.0000000Z
f2t52|finmezcla| |f2t34-f2t35-f2t36-f2t37-f2t38-f2t39-f2t40-f2t41| |2015-06-16T12:24:49.0000000Z
f2t53|soltarpipetaamarilla| | | |2015-06-16T12:25:07.0000000Z
f2t54|entregartubomezcla| | | |2015-06-16T12:27:08.0000000Z
f2t56|soltarmezcla| | | |2015-06-16T12:30:38.0000000Z
f2t57|cerrarpcr| | | |2015-06-16T12:30:45.0000000Z
f2t58|amplificarfragmento| | | |2015-06-16T12:30:51.0000000Z
f2t59|entregarmezclapcr| | | |2015-06-16T12:31:25.0000000Z
f2t60|guardarpcr| | | |2015-06-16T12:32:47.0000000Z
f2t61|soltartubonevera| | | |2015-06-16T12:33:02.0000000Z
f3t1|encendertermobloque| | | |2015-06-16T12:33:28.0000000Z
f3t4|calentartermobloque| | | |2015-06-16T12:33:29.0000000Z
f3t5|entregarbandejahielo| | | |2015-06-16T12:33:46.0000000Z
f3t9|tomartamponligasa| | | |2015-06-16T12:38:05.0000000Z
f3t19|tomarplasmidomirna| | | |2015-06-16T12:38:19.0000000Z
f3t10|tomarenzimaligasa| | | |2015-06-16T12:38:40.0000000Z
f3t55|abrirtermobloque| | | |2015-06-16T12:39:33.0000000Z
f3t27|soltarbandejapoyata| | | |2015-06-16T12:39:59.0000000Z
f3t26|soltarbandejapoyataprimeravez| | | |2015-06-16T12:40:03.0000000Z
f3t28|sacartuboligacion| | | |2015-06-16T12:40:20.0000000Z
f3t29|entregarpipetaamarilla| | | |2015-06-16T12:40:39.0000000Z
f3t31|cargarpuntaamarilla| | | |2015-06-16T12:40:51.0000000Z
f3t32|iniciarmezcla| | | |2015-06-16T12:41:00.0000000Z
f3t35|agregartamponligasa| | | |2015-06-16T12:41:13.0000000Z
f3t44|agregarplasmidomirna| | | |2015-06-16T12:41:18.0000000Z
f3t36|agregarenzimaligasa| | | |2015-06-16T12:41:24.0000000Z
f3t52|finmezcla| |f3t33-f3t34-f3t37|f3t44|2015-06-16T12:42:09.0000000Z
f3t53|soltarpipetaamarilla| | | |2015-06-16T12:42:20.0000000Z
f3t54|entregartubomezcla| | | |2015-06-16T12:42:39.0000000Z
f3t56|soltarmezcla| | | |2015-06-16T12:43:15.0000000Z
f3t57|cerrartermobloque| | | |2015-06-16T12:43:21.0000000Z
f3t58|amplificarfragmento| | | |2015-06-16T12:43:38.0000000Z
f3t59|entregarmezclaligacion| | | |2015-06-16T12:43:48.0000000Z
f3t60|guardarligacion| | | |2015-06-16T12:44:13.0000000Z
f3t61|soltartubonevera| | | |2015-06-16T12:44:33.0000000Z