f0crearLog|crearLog| | | |2015-06-17T09:07:59.0000000Z
f0t1|entregarbata| | | |2015-06-17T09:08:51.0000000Z
f0t2|bloquearpoyata| | | |2015-06-17T09:11:34.0000000Z
f0t3|leerfundamentos| | | |2015-06-17T09:14:31.0000000Z
f0t5|releerfundamentos| | | |2015-06-17T09:14:43.0000000Z
f0t4|leerprotocolo| | | |2015-06-17T09:14:52.0000000Z
f0t6|releerprotocolo| | | |2015-06-17T09:14:55.0000000Z
f0t6|releerprotocolo| | | |2015-06-17T09:15:04.0000000Z
f0t6|releerprotocolo| | | |2015-06-17T09:15:13.0000000Z
f0t5|releerfundamentos| | | |2015-06-17T09:15:14.0000000Z
f0t6|releerprotocolo| | | |2015-06-17T09:17:02.0000000Z
f0t5|releerfundamentos| | | |2015-06-17T09:17:03.0000000Z
f0t5|releerfundamentos| | | |2015-06-17T09:22:05.0000000Z
f0t6|releerprotocolo| | | |2015-06-17T09:22:56.0000000Z
f0t5|releerfundamentos| | | |2015-06-17T09:23:42.0000000Z
f0t5|releerfundamentos| | | |2015-06-17T09:25:44.0000000Z
f0t6|releerprotocolo| | | |2015-06-17T09:25:54.0000000Z
f0t7|lavarsemanos| | | |2015-06-17T09:27:34.0000000Z
f0t8|entregarguantes| | | |2015-06-17T09:27:51.0000000Z
f1t1|entregarvaso| | | |2015-06-17T09:29:47.0000000Z
f1t4|soltarvasofregadero| | | |2015-06-17T09:32:47.0000000Z
f1t5|bloquearfregadero| | | |2015-06-17T09:32:51.0000000Z
f1t6|llenarvasoconagua| | | |2015-06-17T09:32:54.0000000Z
f1t7|desbloquearfregadero| | | |2015-06-17T09:33:12.0000000Z
f1t8|soltarvasoagitador| | | |2015-06-17T09:33:30.0000000Z
f1t9|bloquearagitador| | | |2015-06-17T09:33:34.0000000Z
f1t10|bloquearphmetro| | | |2015-06-17T09:33:35.0000000Z
f1t11|encenderagitador| | | |2015-06-17T09:33:45.0000000Z
f1t2|releerfundamentos| | | |2015-06-17T09:34:09.0000000Z
f1t2|releerfundamentos| | | |2015-06-17T09:34:25.0000000Z
f1t12|agregarmys| | | |2015-06-17T09:35:14.0000000Z
f1t13|agregarsacarosa| | | |2015-06-17T09:35:20.0000000Z
f1t2|releerfundamentos| | | |2015-06-17T09:36:02.0000000Z
f1t2|releerfundamentos| | | |2015-06-17T09:36:18.0000000Z
f1t2|releerfundamentos| | | |2015-06-17T09:36:19.0000000Z
f1t2|releerfundamentos| | | |2015-06-17T09:36:19.0000000Z
f1t20|apagaragitador| | f1t14-f1t16| |2015-06-17T09:38:44.0000000Z
f1t21|entregarbotella| | | |2015-06-17T09:39:24.0000000Z
f1t22|soltarbotellaagitador| | | |2015-06-17T09:39:43.0000000Z
f1t23|movermezclaabotella| | | |2015-06-17T09:39:54.0000000Z
f1t24|desbloquearagitador| | | |2015-06-17T09:40:05.0000000Z
f1t15|desbloquearphmetro| | | |2015-06-17T09:40:06.0000000Z
f1t34|entregarbandeja| | | |2015-06-17T09:41:04.0000000Z
f1t3|releerprotocolo| | | |2015-06-17T09:46:46.0000000Z
f1t2|releerfundamentos| | | |2015-06-17T09:47:32.0000000Z
f1t2|releerfundamentos| | | |2015-06-17T09:47:32.0000000Z
f1t25|insetarbotellaenautoclave| | | |2015-06-17T09:50:49.0000000Z
f1t26|bloquearautoclave| | | |2015-06-17T09:50:53.0000000Z
f1t27|autoclavar| | | |2015-06-17T09:52:42.0000000Z
f1t28|entregarbotellaautoclavada| | | |2015-06-17T09:54:00.0000000Z
f1t29|enfriarbotella| | | |2015-06-17T09:54:49.0000000Z
f1t30|encendercabina| | | |2015-06-17T09:58:53.0000000Z
f1t31|contartiempocabina| | | |2015-06-17T10:00:21.0000000Z
f1t32|soltarbotellacabina| |f1t31| |2015-06-17T10:00:31.0000000Z
f1t33|agregariaa| | | |2015-06-17T10:01:39.0000000Z
f1t35|soltarbandeja| | | |2015-06-17T10:02:35.0000000Z
f1t36|llenarbotes| | | |2015-06-17T10:02:47.0000000Z
f1t37|esterilizar| | | |2015-06-17T10:03:24.0000000Z
f1t38|entregarchopo| | | |2015-06-17T10:04:10.0000000Z
f1t39|soltarchopocabina| | | |2015-06-17T10:05:07.0000000Z
f1t40|cortarplanta| | | |2015-06-17T10:05:18.0000000Z
f1t41|adjuntarbandeja| | | |2015-06-17T10:05:24.0000000Z
f1t42|apagarcabina| | | |2015-06-17T10:05:37.0000000Z
f1t44|bloquearbasefitotron| | | |2015-06-17T10:06:09.0000000Z
f1t43|soltarbandcrecimiento| | | |2015-06-17T10:06:16.0000000Z
f1t45|crecerchopo| | | |2015-06-17T10:06:31.0000000Z
f1t46|fincrecimiento| | | |2015-06-17T10:07:17.0000000Z
f2t1|encenderpcr| | | |2015-06-17T10:08:00.0000000Z
f2t4|calentartermobloque| | | |2015-06-17T10:08:01.0000000Z
f2t3|releerprotocolo| | | |2015-06-17T10:08:23.0000000Z
f2t3|releerprotocolo| | | |2015-06-17T10:08:45.0000000Z
f2t3|releerprotocolo| | | |2015-06-17T10:08:45.0000000Z
f2t5|entregarbandejahielo| | | |2015-06-17T10:09:35.0000000Z
f2t2|releerfundamentos| | | |2015-06-17T10:10:55.0000000Z
f2t3|releerprotocolo| | | |2015-06-17T10:13:26.0000000Z
f2t55|abrirpcr| | | |2015-06-17T10:18:51.0000000Z
f2t9|tomaroligonucleicoder| | | |2015-06-17T10:19:41.0000000Z
f2t7|tomaradn| | | |2015-06-17T10:20:15.0000000Z
f2t8|tomaroligonucleicoizq| | | |2015-06-17T10:20:33.0000000Z
f2t10|tomartamponpolimerasa| | | |2015-06-17T10:20:46.0000000Z
f2t11|tomarmgcl| | | |2015-06-17T10:21:04.0000000Z
f2t12|tomardntp| | | |2015-06-17T10:21:33.0000000Z
f2t14|tomaraguadestilada| | | |2015-06-17T10:23:48.0000000Z
f2t13|tomarpolimerasa| | | |2015-06-17T10:24:41.0000000Z
f2t26|soltarbandejapoyata| | | |2015-06-17T10:25:28.0000000Z
f2t25|soltarbandejapoyataprimeravez| | | |2015-06-17T10:25:32.0000000Z
f2t27|entregarboteeppendorf| | | |2015-06-17T10:26:07.0000000Z
f2t28|soltarboteeppendorf| | | |2015-06-17T10:26:30.0000000Z
f2t29|sacartuboeppendorf| | | |2015-06-17T10:26:43.0000000Z
f2t30|entregarpipetaamarilla| | | |2015-06-17T10:27:01.0000000Z
f2t32|cargarpuntaamarilla| | | |2015-06-17T10:27:14.0000000Z
f2t33|iniciarmezcla| | | |2015-06-17T10:27:31.0000000Z
f2t36|agregaroligonucleicoder| | | |2015-06-17T10:28:42.0000000Z
f2t34|agregaradn| | | |2015-06-17T10:28:53.0000000Z
f2t35|agregaroligonucleicoizq| | | |2015-06-17T10:29:00.0000000Z
f2t37|agregartamponpolimerasa| | | |2015-06-17T10:29:11.0000000Z
f2t38|agregarmgcl| | | |2015-06-17T10:29:17.0000000Z
f2t39|agregardntp| | | |2015-06-17T10:29:24.0000000Z
f2t41|agregaraguadestilada| | | |2015-06-17T10:29:31.0000000Z
f2t40|agregarpolimerasa| | | |2015-06-17T10:29:40.0000000Z
f2t52|finmezcla| | | |2015-06-17T10:29:53.0000000Z
f2t53|soltarpipetaamarilla| | | |2015-06-17T10:30:14.0000000Z
f2t54|entregartubomezcla| | | |2015-06-17T10:30:21.0000000Z
f2t56|soltarmezcla| | | |2015-06-17T10:32:06.0000000Z
f2t57|cerrarpcr| | | |2015-06-17T10:32:11.0000000Z
f2t58|amplificarfragmento| | | |2015-06-17T10:32:21.0000000Z
f2t59|entregarmezclapcr| | | |2015-06-17T10:33:11.0000000Z
f2t60|guardarpcr| | | |2015-06-17T10:33:42.0000000Z
f2t61|soltartubonevera| | | |2015-06-17T10:34:15.0000000Z
f3t1|encendertermobloque| | | |2015-06-17T10:34:46.0000000Z
f3t4|calentartermobloque| | | |2015-06-17T10:34:48.0000000Z
f3t5|entregarbandejahielo| | | |2015-06-17T10:35:02.0000000Z
f3t2|releerfundamentos| | | |2015-06-17T10:35:32.0000000Z
f3t2|releerfundamentos| | | |2015-06-17T10:38:33.0000000Z
f3t3|releerprotocolo| | | |2015-06-17T10:38:35.0000000Z
f3t3|releerprotocolo| | | |2015-06-17T10:38:37.0000000Z
f3t7|tomaradnplasmidico| | | |2015-06-17T10:40:02.0000000Z
f3t8|tomarmezclapcr| | | |2015-06-17T10:40:26.0000000Z
f3t9|tomartamponligasa| | | |2015-06-17T10:40:39.0000000Z
f3t10|tomarenzimaligasa| | | |2015-06-17T10:40:49.0000000Z
f3t11|tomaraguadestilada| | | |2015-06-17T10:41:21.0000000Z
f3t27|soltarbandejapoyata| | | |2015-06-17T10:41:52.0000000Z
f3t26|soltarbandejapoyataprimeravez| | | |2015-06-17T10:42:08.0000000Z
f3t29|entregarpipetaamarilla| | | |2015-06-17T10:42:15.0000000Z
f3t55|abrirtermobloque| | | |2015-06-17T10:44:09.0000000Z
f3t28|sacartuboligacion| | | |2015-06-17T10:44:18.0000000Z
f3t31|cargarpuntaamarilla| | | |2015-06-17T10:45:14.0000000Z
f3t32|iniciarmezcla| | | |2015-06-17T10:45:31.0000000Z
f3t33|agregaradnplasmidico| | | |2015-06-17T10:45:44.0000000Z
f3t35|agregartamponligasa| | | |2015-06-17T10:45:53.0000000Z
f3t36|agregarenzimaligasa| | | |2015-06-17T10:46:03.0000000Z
f3t37|agregaraguadestilada| | | |2015-06-17T10:46:16.0000000Z
f3t52|finmezcla| |f3t34| |2015-06-17T10:46:39.0000000Z
f3t53|soltarpipetaamarilla| | | |2015-06-17T10:46:57.0000000Z
f3t54|entregartubomezcla| | | |2015-06-17T10:47:09.0000000Z
f3t56|soltarmezcla| | | |2015-06-17T10:48:12.0000000Z
f3t57|cerrartermobloque| | | |2015-06-17T10:48:19.0000000Z
f3t58|amplificarfragmento| | | |2015-06-17T10:48:44.0000000Z
f3t59|entregarmezclaligacion| | | |2015-06-17T10:48:58.0000000Z
f3t60|guardarligacion| | | |2015-06-17T10:49:22.0000000Z
f3t61|soltartubonevera| | | |2015-06-17T10:49:41.0000000Z