f0crearLog|crearLog| | | |2015-06-16T09:25:35.0000000Z
f0t1|entregarbata| | | |2015-06-16T09:26:14.0000000Z
f0t2|bloquearpoyata| | | |2015-06-16T09:26:51.0000000Z
f0t3|leerfundamentos| | | |2015-06-16T09:27:30.0000000Z
f0t4|leerprotocolo| | | |2015-06-16T09:30:42.0000000Z
f0t7|lavarsemanos| | | |2015-06-16T09:32:55.0000000Z
f0t8|entregarguantes| | | |2015-06-16T09:33:08.0000000Z
f1t1|entregarvaso| | | |2015-06-16T09:33:47.0000000Z
f1t4|soltarvasofregadero| | | |2015-06-16T09:34:34.0000000Z
f1t5|bloquearfregadero| | | |2015-06-16T09:34:38.0000000Z
f1t6|llenarvasoconagua| | | |2015-06-16T09:34:39.0000000Z
f1t7|desbloquearfregadero| | | |2015-06-16T09:34:57.0000000Z
f1t8|soltarvasoagitador| | | |2015-06-16T09:35:06.0000000Z
f1t9|bloquearagitador| | | |2015-06-16T09:35:10.0000000Z
f1t10|bloquearphmetro| | | |2015-06-16T09:35:16.0000000Z
f1t11|encenderagitador| | | |2015-06-16T09:35:24.0000000Z
f1t12|agregarmys| | | |2015-06-16T09:35:44.0000000Z
f1t13|agregarsacarosa| | | |2015-06-16T09:35:48.0000000Z
f1t20|apagaragitador| | f1t14-f1t16| |2015-06-16T09:36:16.0000000Z
f1t21|entregarbotella| | | |2015-06-16T09:36:34.0000000Z
f1t22|soltarbotellaagitador| | | |2015-06-16T09:37:08.0000000Z
f1t23|movermezclaabotella| | | |2015-06-16T09:37:14.0000000Z
f1t24|desbloquearagitador| | | |2015-06-16T09:37:23.0000000Z
f1t15|desbloquearphmetro| | | |2015-06-16T09:37:24.0000000Z
f1t34|entregarbandeja| | | |2015-06-16T09:41:59.0000000Z
f1t25|insetarbotellaenautoclave| | | |2015-06-16T09:55:29.0000000Z
f1t26|bloquearautoclave| | | |2015-06-16T09:55:33.0000000Z
f1t27|autoclavar| | | |2015-06-16T09:55:37.0000000Z
f1t30|encendercabina| | | |2015-06-16T09:56:46.0000000Z
f1t31|contartiempocabina| | | |2015-06-16T09:56:47.0000000Z
f1t28|entregarbotellaautoclavada| | | |2015-06-16T09:57:10.0000000Z
f1t29|enfriarbotella| | | |2015-06-16T09:57:13.0000000Z
f1t32|soltarbotellacabina| | | |2015-06-16T09:57:50.0000000Z
f1t33|agregariaa| | | |2015-06-16T09:58:19.0000000Z
f1t35|soltarbandeja| | | |2015-06-16T10:04:51.0000000Z
f1t36|llenarbotes| | | |2015-06-16T10:05:01.0000000Z
f1t37|esterilizar| | | |2015-06-16T10:06:05.0000000Z
f1t38|entregarchopo| | | |2015-06-16T10:06:38.0000000Z
f1t39|soltarchopocabina| | | |2015-06-16T10:07:19.0000000Z
f1t40|cortarplanta| | | |2015-06-16T10:07:29.0000000Z
f1t41|adjuntarbandeja| | | |2015-06-16T10:07:34.0000000Z
f1t42|apagarcabina| | | |2015-06-16T10:07:43.0000000Z
f1t44|bloquearbasefitotron| | | |2015-06-16T10:08:08.0000000Z
f1t43|soltarbandcrecimiento| | | |2015-06-16T10:08:12.0000000Z
f1t45|crecerchopo| | | |2015-06-16T10:08:25.0000000Z
f1t46|fincrecimiento| | | |2015-06-16T10:09:23.0000000Z
f2t1|encenderpcr| | | |2015-06-16T10:09:54.0000000Z
f2t4|calentartermobloque| | | |2015-06-16T10:09:59.0000000Z
f2t3|releerprotocolo| | | |2015-06-16T10:10:09.0000000Z
f2t5|entregarbandejahielo| | | |2015-06-16T10:11:22.0000000Z
f2t3|releerprotocolo| | | |2015-06-16T10:12:01.0000000Z
f2t9|tomaroligonucleicoder| | | |2015-06-16T10:13:47.0000000Z
f2t11|tomarmgcl| | | |2015-06-16T10:14:10.0000000Z
f2t7|tomaradn| | | |2015-06-16T10:14:19.0000000Z
f2t12|tomardntp| | | |2015-06-16T10:14:32.0000000Z
f2t14|tomaraguadestilada| | | |2015-06-16T10:14:57.0000000Z
f2t3|releerprotocolo| | | |2015-06-16T10:15:12.0000000Z
f2t8|tomaroligonucleicoizq| | | |2015-06-16T10:15:59.0000000Z
f2t13|tomarpolimerasa| | | |2015-06-16T10:16:07.0000000Z
f2t10|tomartamponpolimerasa| | | |2015-06-16T10:16:13.0000000Z
f2t25|soltarbandejapoyataprimeravez| | | |2015-06-16T10:16:32.0000000Z
f2t27|entregarboteeppendorf| | | |2015-06-16T10:16:50.0000000Z
f2t28|soltarboteeppendorf| | | |2015-06-16T10:17:01.0000000Z
f2t29|sacartuboeppendorf| | | |2015-06-16T10:17:19.0000000Z
f2t30|entregarpipetaamarilla| | | |2015-06-16T10:17:33.0000000Z
f2t32|cargarpuntaamarilla| | | |2015-06-16T10:17:43.0000000Z
f2t26|soltarbandejapoyata| | | |2015-06-16T10:18:11.0000000Z
f2t33|iniciarmezcla| | | |2015-06-16T10:18:15.0000000Z
f2t36|agregaroligonucleicoder| | | |2015-06-16T10:18:27.0000000Z
f2t38|agregarmgcl| | | |2015-06-16T10:18:31.0000000Z
f2t34|agregaradn| | | |2015-06-16T10:18:38.0000000Z
f2t39|agregardntp| | | |2015-06-16T10:18:45.0000000Z
f2t41|agregaraguadestilada| | | |2015-06-16T10:18:51.0000000Z
f2t35|agregaroligonucleicoizq| | | |2015-06-16T10:19:00.0000000Z
f2t40|agregarpolimerasa| | | |2015-06-16T10:19:06.0000000Z
f2t37|agregartamponpolimerasa| | | |2015-06-16T10:19:15.0000000Z
f2t3|releerprotocolo| | | |2015-06-16T10:20:17.0000000Z
f2t52|finmezcla| | | |2015-06-16T10:24:24.0000000Z
f2t53|soltarpipetaamarilla| | | |2015-06-16T10:24:57.0000000Z
f2t54|entregartubomezcla| | | |2015-06-16T10:25:10.0000000Z
f2t55|abrirpcr| | | |2015-06-16T10:25:43.0000000Z
f2t56|soltarmezcla| | | |2015-06-16T10:25:52.0000000Z
f2t57|cerrarpcr| | | |2015-06-16T10:25:56.0000000Z
f2t58|amplificarfragmento| | | |2015-06-16T10:26:08.0000000Z
f2t59|entregarmezclapcr| | | |2015-06-16T10:26:41.0000000Z
f2t60|guardarpcr| | | |2015-06-16T10:27:07.0000000Z
f2t61|soltartubonevera| | | |2015-06-16T10:27:24.0000000Z
f3t1|encendertermobloque| | | |2015-06-16T10:27:55.0000000Z
f3t4|calentartermobloque| | | |2015-06-16T10:28:08.0000000Z
f3t3|releerprotocolo| | | |2015-06-16T10:28:10.0000000Z
f3t5|entregarbandejahielo| | | |2015-06-16T10:29:37.0000000Z
f3t10|tomarenzimaligasa| | | |2015-06-16T10:30:00.0000000Z
f3t9|tomartamponligasa| | | |2015-06-16T10:30:07.0000000Z
f3t7|tomaradnplasmidico| | | |2015-06-16T10:30:35.0000000Z
f3t8|tomarmezclapcr| | | |2015-06-16T10:30:47.0000000Z
f3t11|tomaraguadestilada| | | |2015-06-16T10:30:55.0000000Z
f3t26|soltarbandejapoyataprimeravez| | | |2015-06-16T10:31:20.0000000Z
f3t28|sacartuboligacion| | | |2015-06-16T10:31:26.0000000Z
f3t29|entregarpipetaamarilla| | | |2015-06-16T10:31:34.0000000Z
f3t31|cargarpuntaamarilla| | | |2015-06-16T10:31:57.0000000Z
f3t36|agregarenzimaligasa| | | |2015-06-16T10:32:13.0000000Z
f3t35|agregartamponligasa| | | |2015-06-16T10:32:18.0000000Z
f3t33|agregaradnplasmidico| | | |2015-06-16T10:32:27.0000000Z
f3t37|agregaraguadestilada| | | |2015-06-16T10:32:35.0000000Z
f3t27|soltarbandejapoyata| | | |2015-06-16T10:33:14.0000000Z
f3t32|iniciarmezcla| | | |2015-06-16T10:33:20.0000000Z
f3t52|finmezcla| |f3t34| |2015-06-16T10:33:46.0000000Z
f3t53|soltarpipetaamarilla| | | |2015-06-16T10:34:01.0000000Z
f3t54|entregartubomezcla| | | |2015-06-16T10:34:18.0000000Z
f3t55|abrirtermobloque| | | |2015-06-16T10:34:36.0000000Z
f3t56|soltarmezcla| | | |2015-06-16T10:34:44.0000000Z
f3t57|cerrartermobloque| | | |2015-06-16T10:34:46.0000000Z
f3t58|amplificarfragmento| | | |2015-06-16T10:35:03.0000000Z
f3t59|entregarmezclaligacion| | | |2015-06-16T10:35:11.0000000Z
f3t60|guardarligacion| | | |2015-06-16T10:35:26.0000000Z
f3t61|soltartubonevera| | | |2015-06-16T10:35:38.0000000Z