f0crearLog|crearLog| | | |2013-05-10T14:51:24.0000000Z
f0t1|entregarbata| | | |2013-05-10T14:52:12.0000000Z
f0t2|bloquearpoyata| | | |2013-05-10T14:54:51.0000000Z
f0t3|leerfundamentos| | | |2013-05-10T14:56:18.0000000Z
f0t5|releerfundamentos| | | |2013-05-10T14:56:33.0000000Z
f0t4|leerprotocolo| | | |2013-05-10T15:03:11.0000000Z
f0t6|releerprotocolo| | | |2013-05-10T15:03:23.0000000Z
f0t6|releerprotocolo| | | |2013-05-10T15:03:26.0000000Z
f0t7|lavarsemanos| | | |2013-05-10T15:05:49.0000000Z
f0t8|entregarguantes| | | |2013-05-10T15:06:13.0000000Z
f1t1|entregarvaso| | | |2013-05-10T15:08:43.0000000Z
f1t4|soltarvasofregadero| | | |2013-05-10T15:09:56.0000000Z
f1t5|bloquearfregadero| | | |2013-05-10T15:09:59.0000000Z
f1t6|llenarvasoconagua| | | |2013-05-10T15:10:08.0000000Z
f1t7|desbloquearfregadero| | | |2013-05-10T15:10:25.0000000Z
f1t8|soltarvasoagitador| | | |2013-05-10T15:10:48.0000000Z
f1t9|bloquearagitador| | | |2013-05-10T15:10:52.0000000Z
f1t10|bloquearphmetro| | | |2013-05-10T15:10:52.0000000Z
f1t11|encenderagitador| | | |2013-05-10T15:11:01.0000000Z
f1t12|agregarmys| | | |2013-05-10T15:12:09.0000000Z
f1t13|agregarsacarosa| | | |2013-05-10T15:13:01.0000000Z
f1t20|apagaragitador| | f1t14-f1t16| |2013-05-10T15:14:26.0000000Z
f1t14|ajustarph| | | |2013-05-10T15:14:40.0000000Z
f1t15|desbloquearphmetro| | | |2013-05-10T15:14:45.0000000Z
f1t16|agregaragar| | |f1t20|2013-05-10T15:16:09.0000000Z
f1t21|entregarbotella| | | |2013-05-10T15:16:55.0000000Z
f1t22|soltarbotellaagitador| | | |2013-05-10T15:17:32.0000000Z
f1t23|movermezclaabotella| | | |2013-05-10T15:18:13.0000000Z
f1t24|desbloquearagitador| | | |2013-05-10T15:18:23.0000000Z
f1t25|insetarbotellaenautoclave| | | |2013-05-10T15:24:12.0000000Z
f1t26|bloquearautoclave| | | |2013-05-10T15:24:16.0000000Z
f1t27|autoclavar| | | |2013-05-10T15:24:22.0000000Z
f1t30|encendercabina| | | |2013-05-10T15:26:28.0000000Z
f1t31|contartiempocabina| | | |2013-05-10T15:26:28.0000000Z
f1t37|esterilizar| | | |2013-05-10T15:30:35.0000000Z
f1t28|entregarbotellaautoclavada| | | |2013-05-10T15:32:36.0000000Z
f1t29|enfriarbotella| | | |2013-05-10T15:32:36.0000000Z
f1t32|soltarbotellacabina| | | |2013-05-10T15:34:09.0000000Z
f1t33|agregariaa| | | |2013-05-10T15:34:56.0000000Z
f1t34|entregarbandeja| | | |2013-05-10T15:35:31.0000000Z
f1t35|soltarbandeja| | | |2013-05-10T15:36:14.0000000Z
f1t36|llenarbotes| | | |2013-05-10T15:36:28.0000000Z
f1t38|entregarchopo| | | |2013-05-10T15:37:50.0000000Z
f1t39|soltarchopocabina| | | |2013-05-10T15:39:38.0000000Z
f1t40|cortarplanta| | | |2013-05-10T15:39:45.0000000Z
f1t41|adjuntarbandeja| | | |2013-05-10T15:39:53.0000000Z
f1t42|apagarcabina| | | |2013-05-10T15:40:26.0000000Z
f1t44|bloquearbasefitotron| | | |2013-05-10T15:42:09.0000000Z
f1t43|soltarbandcrecimiento| | | |2013-05-10T15:42:13.0000000Z
f1t45|crecerchopo| | | |2013-05-10T15:42:34.0000000Z
f1t3|releerprotocolo| | | |2013-05-10T15:46:04.0000000Z
f2t1|encenderpcr| | | |2013-05-10T15:48:18.0000000Z
f2t4|calentartermobloque| | | |2013-05-10T15:48:23.0000000Z
f2t3|releerprotocolo| | | |2013-05-10T15:48:36.0000000Z
f2t2|releerfundamentos| | | |2013-05-10T15:48:45.0000000Z
f2t3|releerprotocolo| | | |2013-05-10T15:48:46.0000000Z
f2t5|entregarbandejahielo| | | |2013-05-10T15:49:43.0000000Z
f2t13|tomarpolimerasa| | | |2013-05-10T15:51:36.0000000Z
f2t9|tomaroligonucleicoder| | | |2013-05-10T15:52:11.0000000Z
f2t8|tomaroligonucleicoizq| | | |2013-05-10T15:52:20.0000000Z
f2t10|tomartamponpolimerasa| | | |2013-05-10T15:52:30.0000000Z
f2t7|tomaradn| | | |2013-05-10T15:52:45.0000000Z
f2t26|soltarbandejapoyata| | | |2013-05-10T15:53:37.0000000Z
f2t25|soltarbandejapoyataprimeravez| | | |2013-05-10T15:53:40.0000000Z
f2t27|entregarboteeppendorf| | | |2013-05-10T15:54:32.0000000Z
f2t28|soltarboteeppendorf| | | |2013-05-10T15:55:04.0000000Z
f2t29|sacartuboeppendorf| | | |2013-05-10T15:55:11.0000000Z
f2t30|entregarpipetaamarilla| | | |2013-05-10T15:55:24.0000000Z
f2t32|cargarpuntaamarilla| | | |2013-05-10T15:56:01.0000000Z
f2t33|iniciarmezcla| | | |2013-05-10T15:56:26.0000000Z
f2t34|agregaradn| | | |2013-05-10T15:57:27.0000000Z
f2t40|agregarpolimerasa| | | |2013-05-10T15:57:57.0000000Z
f2t35|agregaroligonucleicoizq| | | |2013-05-10T15:58:04.0000000Z
f2t37|agregartamponpolimerasa| | | |2013-05-10T15:58:09.0000000Z
f2t52|finmezcla| |f2t36-f2t38-f2t39-f2t41| |2013-05-10T15:58:25.0000000Z
f2t53|soltarpipetaamarilla| | | |2013-05-10T15:58:36.0000000Z
f2t54|entregartubomezcla| | | |2013-05-10T15:58:44.0000000Z
f2t55|abrirpcr| | | |2013-05-10T15:59:22.0000000Z
f2t56|soltarmezcla| | | |2013-05-10T15:59:28.0000000Z
f2t57|cerrarpcr| | | |2013-05-10T15:59:34.0000000Z
f2t58|amplificarfragmento| | | |2013-05-10T15:59:41.0000000Z
f2t59|entregarmezclapcr| | | |2013-05-10T16:11:23.0000000Z
f2t60|guardarpcr| | | |2013-05-10T16:11:54.0000000Z
f2t61|soltartubonevera| | | |2013-05-10T16:12:13.0000000Z
f3t1|encendertermobloque| | | |2013-05-10T16:13:05.0000000Z
f3t4|calentartermobloque| | | |2013-05-10T16:13:07.0000000Z
f3t5|entregarbandejahielo| | | |2013-05-10T16:19:54.0000000Z
f3t3|releerprotocolo| | | |2013-05-10T16:22:43.0000000Z
f3t26|soltarbandejapoyataprimeravez| | | |2013-05-10T16:24:57.0000000Z
f3t28|sacartuboligacion| | | |2013-05-10T16:25:08.0000000Z
f3t29|entregarpipetaamarilla| | | |2013-05-10T16:26:18.0000000Z
f3t31|cargarpuntaamarilla| | | |2013-05-10T16:43:36.0000000Z
f3t7|tomaradnplasmidico| | | |2013-05-10T16:45:51.0000000Z
f3t15|tomarmgcl| | | |2013-05-10T16:51:12.0000000Z
f3t13|tomaroligonucleicoder| | | |2013-05-10T16:51:32.0000000Z
f3t9|tomartamponligasa| | | |2013-05-10T16:51:42.0000000Z
f3t14|tomartamponpolimerasa| | | |2013-05-10T16:51:47.0000000Z
f3t27|soltarbandejapoyata| | | |2013-05-10T16:52:28.0000000Z
f3t32|iniciarmezcla| | | |2013-05-10T16:53:05.0000000Z
f3t52|finmezcla| |f3t33-f3t34-f3t35-f3t36-f3t37| |2013-05-10T16:53:18.0000000Z
f3t53|soltarpipetaamarilla| | | |2013-05-10T16:53:30.0000000Z
f3t54|entregartubomezcla| | | |2013-05-10T16:53:35.0000000Z
f3t55|abrirtermobloque| | | |2013-05-10T16:54:29.0000000Z
f3t56|soltarmezcla| | | |2013-05-10T16:54:58.0000000Z
f3t57|cerrartermobloque| | | |2013-05-10T16:54:59.0000000Z

f3t58|amplificarfragmento| | | |2013-05-10T16:55:14.0000000Z
f3t59|entregarmezclaligacion| | | |2013-05-10T16:55:22.0000000Z
f3t60|guardarligacion| | | |2013-05-10T16:55:45.0000000Z
f3t61|soltartubonevera| | | |2013-05-10T16:55:59.0000000Z
