accionrealizada|f0t1|entregarbata|entregarbata|2014-05-22T16:48:07.0000000Z
dependenciabloq|f0t4|leerprotocolo|f0t3|2014-05-22T16:52:29.0000000Z
accionrealizada|f1t6|llenarvasoconagua|llenarvasoconagua|2014-05-22T17:11:15.0000000Z
dependenciasnobloq|f1t20|apagaragitador| f1t14-f1t16|2014-05-22T17:16:51.0000000Z
accionrealizada|f1t20|apagaragitador|apagaragitador|2014-05-22T17:17:00.0000000Z
accionnoencontrada| |agregaragarosa| |2014-05-22T17:17:33.0000000Z
accionrealizada|f1t11|encenderagitador|encenderagitador|2014-05-22T17:17:46.0000000Z
accionrealizada|f1t11|encenderagitador|encenderagitador|2014-05-22T17:18:16.0000000Z
accionrealizada|f1t30|encendercabina|encendercabina|2014-05-22T17:26:39.0000000Z
accionrealizada|f1t28|entregarbotellaautoclavada|entregarbotellaautoclavada|2014-05-22T17:28:33.0000000Z
accionrealizada|f1t28|entregarbotellaautoclavada|entregarbotellaautoclavada|2014-05-22T17:28:36.0000000Z
accionrealizada|f1t28|entregarbotellaautoclavada|entregarbotellaautoclavada|2014-05-22T17:28:45.0000000Z
accionrealizada|f1t28|entregarbotellaautoclavada|entregarbotellaautoclavada|2014-05-22T17:28:49.0000000Z
accionrealizada|f1t28|entregarbotellaautoclavada|entregarbotellaautoclavada|2014-05-22T17:28:52.0000000Z
accionrealizada|f1t36|llenarbotes|llenarbotes|2014-05-22T17:36:15.0000000Z
accionrealizada|f1t38|entregarchopo|entregarchopo|2014-05-22T17:39:55.0000000Z
accionrealizada|f1t40|cortarplanta|cortarplanta|2014-05-22T17:42:39.0000000Z
accionrealizada|f1t41|adjuntarbandeja|adjuntarbandeja|2014-05-22T17:43:35.0000000Z
accionrealizada|f1t42|apagarcabina|apagarcabina|2014-05-22T17:43:54.0000000Z
accionnoencontrada| |encenderpcr| |2014-05-22T17:58:56.0000000Z
accionrealizada|f2t5|entregarbandejahielo|entregarbandejahielo|2014-05-22T18:07:54.0000000Z
accionnoencontrada| |tomaradnplasmidico| |2014-05-22T18:11:51.0000000Z
accionnoencontrada| |tomaradnplasmidico| |2014-05-22T18:14:00.0000000Z
accionrealizada|f2t26|soltarbandejapoyata|soltarbandejapoyata|2014-05-22T18:18:45.0000000Z
accionrealizada|f2t29|sacartuboeppendorf|sacartuboeppendorf|2014-05-22T18:33:38.0000000Z
accionrealizada|f2t29|sacartuboeppendorf|sacartuboeppendorf|2014-05-22T18:35:36.0000000Z
accionrealizada|f2t29|sacartuboeppendorf|sacartuboeppendorf|2014-05-22T18:36:58.0000000Z
accionrealizada|f2t29|sacartuboeppendorf|sacartuboeppendorf|2014-05-22T18:37:13.0000000Z
accionrealizada|f2t30|entregarpipetaamarilla|entregarpipetaamarilla|2014-05-22T18:38:33.0000000Z
accionrealizada|f2t30|entregarpipetaamarilla|entregarpipetaamarilla|2014-05-22T18:38:59.0000000Z
accionrealizada|f2t32|cargarpuntaamarilla|cargarpuntaamarilla|2014-05-22T18:44:09.0000000Z
accionrealizada|f2t32|cargarpuntaamarilla|cargarpuntaamarilla|2014-05-22T18:44:44.0000000Z
accionrealizada|f2t32|cargarpuntaamarilla|cargarpuntaamarilla|2014-05-22T18:44:56.0000000Z
accionrealizada|f2t32|cargarpuntaamarilla|cargarpuntaamarilla|2014-05-22T18:51:44.0000000Z
accionrealizada|f2t32|cargarpuntaamarilla|cargarpuntaamarilla|2014-05-22T18:52:30.0000000Z
accionrealizada|f2t32|cargarpuntaamarilla|cargarpuntaamarilla|2014-05-22T18:55:15.0000000Z
accionrealizada|f2t33|iniciarmezcla|iniciarmezcla|2014-05-22T18:56:05.0000000Z
accionrealizada|f2t33|iniciarmezcla|iniciarmezcla|2014-05-22T18:56:10.0000000Z
accionrealizada|f2t33|iniciarmezcla|iniciarmezcla|2014-05-22T18:56:22.0000000Z
accionnoencontrada| |sacartuboligacion| |2014-05-22T19:04:56.0000000Z
accionrealizada|f2t30|entregarpipetaamarilla|entregarpipetaamarilla|2014-05-22T19:16:35.0000000Z
accionnoencontrada| |entregarTaza| |2014-05-22T19:21:15.0000000Z
accionnoencontrada| |entregarTaza| |2014-05-22T19:22:14.0000000Z
