f0crearLog|crearLog| | | |2013-05-23T15:00:18.0000000Z
f0t1|entregarbata| | | |2013-05-23T15:01:01.0000000Z
f0t2|bloquearpoyata| | | |2013-05-23T15:01:51.0000000Z
f0t3|leerfundamentos| | | |2013-05-23T15:02:52.0000000Z
f0t5|releerfundamentos| | | |2013-05-23T15:02:55.0000000Z
f0t5|releerfundamentos| | | |2013-05-23T15:02:55.0000000Z
f0t4|leerprotocolo| | | |2013-05-23T15:04:29.0000000Z
f0t7|lavarsemanos| | | |2013-05-23T15:05:27.0000000Z
f0t8|entregarguantes| | | |2013-05-23T15:06:07.0000000Z
f0t6|releerprotocolo| | | |2013-05-23T15:07:39.0000000Z
f0t6|releerprotocolo| | | |2013-05-23T15:07:40.0000000Z
f0t6|releerprotocolo| | | |2013-05-23T15:07:43.0000000Z
f0t5|releerfundamentos| | | |2013-05-23T15:07:44.0000000Z
f0t6|releerprotocolo| | | |2013-05-23T15:07:46.0000000Z
f0t6|releerprotocolo| | | |2013-05-23T15:07:51.0000000Z
f1t1|entregarvaso| | | |2013-05-23T15:09:54.0000000Z
f1t4|soltarvasofregadero| | | |2013-05-23T15:12:39.0000000Z
f1t5|bloquearfregadero| | | |2013-05-23T15:12:42.0000000Z
f1t6|llenarvasoconagua| | | |2013-05-23T15:12:43.0000000Z
f1t7|desbloquearfregadero| | | |2013-05-23T15:13:01.0000000Z
f1t8|soltarvasoagitador| | | |2013-05-23T15:13:34.0000000Z
f1t9|bloquearagitador| | | |2013-05-23T15:13:37.0000000Z
f1t10|bloquearphmetro| | | |2013-05-23T15:13:38.0000000Z
f1t11|encenderagitador| | | |2013-05-23T15:13:43.0000000Z
f1t12|agregarmys| | | |2013-05-23T15:14:13.0000000Z
f1t13|agregarsacarosa| | | |2013-05-23T15:14:20.0000000Z
f1t14|ajustarph| | | |2013-05-23T15:14:42.0000000Z
f1t15|desbloquearphmetro| | | |2013-05-23T15:14:42.0000000Z
f1t20|apagaragitador| | f1t16| |2013-05-23T15:14:52.0000000Z
f1t21|entregarbotella| | | |2013-05-23T15:15:28.0000000Z
f1t22|soltarbotellaagitador| | | |2013-05-23T15:15:43.0000000Z
f1t23|movermezclaabotella| | | |2013-05-23T15:15:51.0000000Z
f1t24|desbloquearagitador| | | |2013-05-23T15:15:59.0000000Z
f1t25|insetarbotellaenautoclave| | | |2013-05-23T15:17:50.0000000Z
f1t26|bloquearautoclave| | | |2013-05-23T15:17:54.0000000Z
f1t27|autoclavar| | | |2013-05-23T15:18:01.0000000Z
f1t28|entregarbotellaautoclavada| | | |2013-05-23T15:20:57.0000000Z
f1t29|enfriarbotella| | | |2013-05-23T15:20:58.0000000Z
f1t30|encendercabina| | | |2013-05-23T15:26:00.0000000Z
f1t31|contartiempocabina| | | |2013-05-23T15:26:00.0000000Z
f1t32|soltarbotellacabina| | | |2013-05-23T15:27:17.0000000Z
f1t33|agregariaa| | | |2013-05-23T15:27:57.0000000Z
f1t34|entregarbandeja| | | |2013-05-23T15:29:56.0000000Z
f1t35|soltarbandeja| | | |2013-05-23T15:35:46.0000000Z
f1t36|llenarbotes| | | |2013-05-23T15:35:52.0000000Z
f1t37|esterilizar| | | |2013-05-23T15:36:06.0000000Z
f1t38|entregarchopo| | | |2013-05-23T15:36:52.0000000Z
f1t39|soltarchopocabina| | | |2013-05-23T15:37:31.0000000Z
f1t40|cortarplanta| | | |2013-05-23T15:37:36.0000000Z
f1t41|adjuntarbandeja| | | |2013-05-23T15:37:41.0000000Z
f1t42|apagarcabina| | | |2013-05-23T15:37:48.0000000Z
f1t44|bloquearbasefitotron| | | |2013-05-23T15:38:31.0000000Z
f1t43|soltarbandcrecimiento| | | |2013-05-23T15:38:34.0000000Z
f1t45|crecerchopo| | | |2013-05-23T15:38:51.0000000Z
f1t46|fincrecimiento| | | |2013-05-23T15:39:40.0000000Z
f2t1|encenderpcr| | | |2013-05-23T15:40:17.0000000Z
f2t4|calentartermobloque| | | |2013-05-23T15:40:18.0000000Z
f2t5|entregarbandejahielo| | | |2013-05-23T15:41:15.0000000Z
f2t55|abrirpcr| | | |2013-05-23T15:41:37.0000000Z
f2t26|soltarbandejapoyata| | | |2013-05-23T15:42:40.0000000Z
f2t25|soltarbandejapoyataprimeravez| | | |2013-05-23T15:42:43.0000000Z
f2t27|entregarboteeppendorf| | | |2013-05-23T15:43:41.0000000Z
f2t28|soltarboteeppendorf| | | |2013-05-23T15:45:12.0000000Z
f2t29|sacartuboeppendorf| | | |2013-05-23T15:45:34.0000000Z
f2t30|entregarpipetaamarilla| | | |2013-05-23T15:45:51.0000000Z
f2t32|cargarpuntaamarilla| | | |2013-05-23T15:46:30.0000000Z
f2t33|iniciarmezcla| | | |2013-05-23T15:49:14.0000000Z
f2t52|finmezcla| |f2t34-f2t35-f2t36-f2t37-f2t38-f2t39-f2t40-f2t41| |2013-05-23T15:49:22.0000000Z
f2t53|soltarpipetaamarilla| | | |2013-05-23T15:49:31.0000000Z
f2t54|entregartubomezcla| | | |2013-05-23T15:49:41.0000000Z
f2t56|soltarmezcla| | | |2013-05-23T16:21:39.0000000Z
f2t57|cerrarpcr| | | |2013-05-23T16:22:25.0000000Z
f2t58|amplificarfragmento| | | |2013-05-23T16:22:37.0000000Z
f2t59|entregarmezclapcr| | | |2013-05-23T16:23:29.0000000Z
f2t60|guardarpcr| | | |2013-05-23T16:23:45.0000000Z
f2t61|soltartubonevera| | | |2013-05-23T16:23:56.0000000Z
f3t1|encendertermobloque| | | |2013-05-23T16:24:39.0000000Z
f3t4|calentartermobloque| | | |2013-05-23T16:24:39.0000000Z
f3t5|entregarbandejahielo| | | |2013-05-23T16:24:57.0000000Z
f3t2|releerfundamentos| | | |2013-05-23T16:25:53.0000000Z
f3t2|releerfundamentos| | | |2013-05-23T16:25:54.0000000Z
f3t2|releerfundamentos| | | |2013-05-23T16:25:54.0000000Z
f3t3|releerprotocolo| | | |2013-05-23T16:25:55.0000000Z
f3t3|releerprotocolo| | | |2013-05-23T16:25:55.0000000Z
f3t26|soltarbandejapoyataprimeravez| | | |2013-05-23T16:26:00.0000000Z
f3t3|releerprotocolo| | | |2013-05-23T16:26:03.0000000Z
f3t3|releerprotocolo| | | |2013-05-23T16:26:04.0000000Z
f3t3|releerprotocolo| | | |2013-05-23T16:26:04.0000000Z
f3t3|releerprotocolo| | | |2013-05-23T16:26:04.0000000Z
f3t2|releerfundamentos| | | |2013-05-23T16:26:05.0000000Z
f3t2|releerfundamentos| | | |2013-05-23T16:26:06.0000000Z
f3t2|releerfundamentos| | | |2013-05-23T16:26:06.0000000Z
f3t2|releerfundamentos| | | |2013-05-23T16:26:06.0000000Z
f3t2|releerfundamentos| | | |2013-05-23T16:26:06.0000000Z
f3t28|sacartuboligacion| | | |2013-05-23T16:26:31.0000000Z
f3t29|entregarpipetaamarilla| | | |2013-05-23T16:26:51.0000000Z
f3t31|cargarpuntaamarilla| | | |2013-05-23T16:27:37.0000000Z
f3t3|releerprotocolo| | | |2013-05-23T16:27:42.0000000Z
f3t3|releerprotocolo| | | |2013-05-23T16:27:42.0000000Z
f3t3|releerprotocolo| | | |2013-05-23T16:27:42.0000000Z
f3t2|releerfundamentos| | | |2013-05-23T16:27:42.0000000Z
f3t2|releerfundamentos| | | |2013-05-23T16:27:43.0000000Z
f3t2|releerfundamentos| | | |2013-05-23T16:27:43.0000000Z
f3t2|releerfundamentos| | | |2013-05-23T16:27:43.0000000Z
f3t3|releerprotocolo| | | |2013-05-23T16:27:43.0000000Z
f3t3|releerprotocolo| | | |2013-05-23T16:27:44.0000000Z
f3t2|releerfundamentos| | | |2013-05-23T16:27:44.0000000Z
f3t2|releerfundamentos| | | |2013-05-23T16:27:45.0000000Z
f3t2|releerfundamentos| | | |2013-05-23T16:27:45.0000000Z
f3t3|releerprotocolo| | | |2013-05-23T16:27:45.0000000Z
f3t2|releerfundamentos| | | |2013-05-23T16:27:46.0000000Z
f3t3|releerprotocolo| | | |2013-05-23T16:27:46.0000000Z
f3t3|releerprotocolo| | | |2013-05-23T16:27:53.0000000Z
f3t3|releerprotocolo| | | |2013-05-23T16:27:53.0000000Z
f3t2|releerfundamentos| | | |2013-05-23T16:27:54.0000000Z
f3t2|releerfundamentos| | | |2013-05-23T16:27:54.0000000Z
f3t2|releerfundamentos| | | |2013-05-23T16:27:54.0000000Z
f3t2|releerfundamentos| | | |2013-05-23T16:27:54.0000000Z
f3t2|releerfundamentos| | | |2013-05-23T16:27:55.0000000Z
f3t2|releerfundamentos| | | |2013-05-23T16:27:55.0000000Z
f3t2|releerfundamentos| | | |2013-05-23T16:27:55.0000000Z
f3t2|releerfundamentos| | | |2013-05-23T16:28:04.0000000Z
f3t2|releerfundamentos| | | |2013-05-23T16:28:05.0000000Z
f3t2|releerfundamentos| | | |2013-05-23T16:28:06.0000000Z
f3t3|releerprotocolo| | | |2013-05-23T16:28:07.0000000Z
f3t3|releerprotocolo| | | |2013-05-23T16:28:07.0000000Z
f3t3|releerprotocolo| | | |2013-05-23T16:28:07.0000000Z
f3t3|releerprotocolo| | | |2013-05-23T16:28:09.0000000Z
f3t3|releerprotocolo| | | |2013-05-23T16:28:16.0000000Z
f3t2|releerfundamentos| | | |2013-05-23T16:28:16.0000000Z
f3t3|releerprotocolo| | | |2013-05-23T16:28:28.0000000Z
f3t3|releerprotocolo| | | |2013-05-23T16:28:28.0000000Z
f3t3|releerprotocolo| | | |2013-05-23T16:28:28.0000000Z
f3t3|releerprotocolo| | | |2013-05-23T16:28:28.0000000Z
f3t3|releerprotocolo| | | |2013-05-23T16:28:28.0000000Z
f3t3|releerprotocolo| | | |2013-05-23T16:28:28.0000000Z
f3t3|releerprotocolo| | | |2013-05-23T16:28:28.0000000Z
f3t3|releerprotocolo| | | |2013-05-23T16:28:28.0000000Z
f3t3|releerprotocolo| | | |2013-05-23T16:28:39.0000000Z
f3t3|releerprotocolo| | | |2013-05-23T16:28:39.0000000Z
f3t2|releerfundamentos| | | |2013-05-23T16:28:39.0000000Z
f3t2|releerfundamentos| | | |2013-05-23T16:28:47.0000000Z
f3t2|releerfundamentos| | | |2013-05-23T16:28:48.0000000Z
f3t2|releerfundamentos| | | |2013-05-23T16:28:49.0000000Z
f3t3|releerprotocolo| | | |2013-05-23T16:28:50.0000000Z
f3t3|releerprotocolo| | | |2013-05-23T16:28:52.0000000Z
f3t3|releerprotocolo| | | |2013-05-23T16:28:52.0000000Z
f3t3|releerprotocolo| | | |2013-05-23T16:28:52.0000000Z
f3t2|releerfundamentos| | | |2013-05-23T16:28:52.0000000Z
f3t2|releerfundamentos| | | |2013-05-23T16:28:53.0000000Z
f3t2|releerfundamentos| | | |2013-05-23T16:28:53.0000000Z
f3t2|releerfundamentos| | | |2013-05-23T16:28:53.0000000Z
f3t2|releerfundamentos| | | |2013-05-23T16:28:53.0000000Z
f3t2|releerfundamentos| | | |2013-05-23T16:28:53.0000000Z
f3t2|releerfundamentos| | | |2013-05-23T16:28:54.0000000Z
f3t3|releerprotocolo| | | |2013-05-23T16:29:03.0000000Z
f3t3|releerprotocolo| | | |2013-05-23T16:29:03.0000000Z
f3t3|releerprotocolo| | | |2013-05-23T16:29:03.0000000Z
f3t3|releerprotocolo| | | |2013-05-23T16:29:04.0000000Z
f3t3|releerprotocolo| | | |2013-05-23T16:29:06.0000000Z
f3t2|releerfundamentos| | | |2013-05-23T16:30:12.0000000Z
f3t2|releerfundamentos| | | |2013-05-23T16:30:13.0000000Z
f3t2|releerfundamentos| | | |2013-05-23T16:30:13.0000000Z
f3t3|releerprotocolo| | | |2013-05-23T16:30:14.0000000Z
f3t3|releerprotocolo| | | |2013-05-23T16:30:14.0000000Z
f3t3|releerprotocolo| | | |2013-05-23T16:30:17.0000000Z
f3t3|releerprotocolo| | | |2013-05-23T16:30:17.0000000Z
f3t3|releerprotocolo| | | |2013-05-23T16:36:41.0000000Z
f3t2|releerfundamentos| | | |2013-05-23T16:36:44.0000000Z
f3t2|releerfundamentos| | | |2013-05-23T16:36:45.0000000Z
f3t2|releerfundamentos| | | |2013-05-23T16:36:45.0000000Z
f3t2|releerfundamentos| | | |2013-05-23T16:36:45.0000000Z
f3t2|releerfundamentos| | | |2013-05-23T16:36:45.0000000Z
f3t3|releerprotocolo| | | |2013-05-23T16:36:47.0000000Z
f3t3|releerprotocolo| | | |2013-05-23T16:37:14.0000000Z
f3t2|releerfundamentos| | | |2013-05-23T16:38:19.0000000Z
f3t2|releerfundamentos| | | |2013-05-23T16:38:19.0000000Z
f3t2|releerfundamentos| | | |2013-05-23T16:38:20.0000000Z
f3t3|releerprotocolo| | | |2013-05-23T16:39:06.0000000Z
f3t3|releerprotocolo| | | |2013-05-23T16:39:08.0000000Z
f3t3|releerprotocolo| | | |2013-05-23T16:39:08.0000000Z
f3t11|tomaraguadestilada| | | |2013-05-23T16:41:18.0000000Z
f3t10|tomarenzimaligasa| | | |2013-05-23T16:42:00.0000000Z
f3t23|tomartampote| | | |2013-05-23T16:43:55.0000000Z
f3t25|tomarmezclaligacion| | | |2013-05-23T16:45:22.0000000Z
f3t48|agregartampote| | | |2013-05-23T16:47:39.0000000Z
f3t27|soltarbandejapoyata| | | |2013-05-23T16:47:51.0000000Z
f3t32|iniciarmezcla| | | |2013-05-23T16:48:00.0000000Z
f3t52|finmezcla| |f3t33-f3t34-f3t35-f3t36-f3t37|f3t48|2013-05-23T16:48:06.0000000Z
f3t53|soltarpipetaamarilla| | | |2013-05-23T16:48:13.0000000Z
f3t54|entregartubomezcla| | | |2013-05-23T16:48:27.0000000Z
f3t55|abrirtermobloque| | | |2013-05-23T16:48:46.0000000Z
f3t56|soltarmezcla| | | |2013-05-23T16:49:35.0000000Z
f3t57|cerrartermobloque| | | |2013-05-23T16:49:35.0000000Z

f3t58|amplificarfragmento| | | |2013-05-23T16:49:49.0000000Z
f3t59|entregarmezclaligacion| | | |2013-05-23T16:50:04.0000000Z
f3t60|guardarligacion| | | |2013-05-23T16:50:31.0000000Z
f3t61|soltartubonevera| | | |2013-05-23T16:50:43.0000000Z
