f0crearLog|crearLog| | | |2014-05-19T16:51:33.0000000Z
f0t1|entregarbata| | | |2014-05-19T16:52:05.0000000Z
f0t2|bloquearpoyata| | | |2014-05-19T16:54:24.0000000Z
f0t3|leerfundamentos| | | |2014-05-19T16:55:09.0000000Z
f0t4|leerprotocolo| | | |2014-05-19T16:59:46.0000000Z
f0t7|lavarsemanos| | | |2014-05-19T17:04:39.0000000Z
f0t8|entregarguantes| | | |2014-05-19T17:04:58.0000000Z
f1t1|entregarvaso| | | |2014-05-19T17:05:49.0000000Z
f1t4|soltarvasofregadero| | | |2014-05-19T17:07:56.0000000Z
f1t5|bloquearfregadero| | | |2014-05-19T17:08:03.0000000Z
f1t6|llenarvasoconagua| | | |2014-05-19T17:08:05.0000000Z
f1t7|desbloquearfregadero| | | |2014-05-19T17:08:24.0000000Z
f1t8|soltarvasoagitador| | | |2014-05-19T17:14:23.0000000Z
f1t9|bloquearagitador| | | |2014-05-19T17:14:28.0000000Z
f1t10|bloquearphmetro| | | |2014-05-19T17:14:29.0000000Z
f1t11|encenderagitador| | | |2014-05-19T17:14:36.0000000Z
f1t12|agregarmys| | | |2014-05-19T17:15:36.0000000Z
f1t13|agregarsacarosa| | | |2014-05-19T17:15:47.0000000Z
f1t20|apagaragitador| | f1t14-f1t16| |2014-05-19T17:16:16.0000000Z
f1t21|entregarbotella| | | |2014-05-19T17:16:46.0000000Z
f1t22|soltarbotellaagitador| | | |2014-05-19T17:17:14.0000000Z
f1t23|movermezclaabotella| | | |2014-05-19T17:17:31.0000000Z
f1t24|desbloquearagitador| | | |2014-05-19T17:17:47.0000000Z
f1t15|desbloquearphmetro| | | |2014-05-19T17:17:52.0000000Z
f1t25|insetarbotellaenautoclave| | | |2014-05-19T17:20:18.0000000Z
f1t26|bloquearautoclave| | | |2014-05-19T17:20:23.0000000Z
f1t27|autoclavar| | | |2014-05-19T17:20:27.0000000Z
f1t28|entregarbotellaautoclavada| | | |2014-05-19T17:21:00.0000000Z
f1t29|enfriarbotella| | | |2014-05-19T17:21:03.0000000Z
f1t30|encendercabina| | | |2014-05-19T17:25:18.0000000Z
f1t31|contartiempocabina| | | |2014-05-19T17:25:26.0000000Z
f1t32|soltarbotellacabina| |f1t31| |2014-05-19T17:25:48.0000000Z
f1t33|agregariaa| | | |2014-05-19T17:26:09.0000000Z
f1t34|entregarbandeja| | | |2014-05-19T17:26:53.0000000Z
f1t35|soltarbandeja| | | |2014-05-19T17:27:30.0000000Z
f1t36|llenarbotes| | | |2014-05-19T17:27:42.0000000Z
f1t37|esterilizar| | | |2014-05-19T17:28:12.0000000Z
f1t38|entregarchopo| | | |2014-05-19T17:29:00.0000000Z
f1t39|soltarchopocabina| | | |2014-05-19T17:29:32.0000000Z
f1t40|cortarplanta| | | |2014-05-19T17:29:48.0000000Z
f1t41|adjuntarbandeja| | | |2014-05-19T17:30:17.0000000Z
f1t42|apagarcabina| | | |2014-05-19T17:30:36.0000000Z
f1t44|bloquearbasefitotron| | | |2014-05-19T17:31:08.0000000Z
f1t43|soltarbandcrecimiento| | | |2014-05-19T17:31:21.0000000Z
f1t45|crecerchopo| | | |2014-05-19T17:31:40.0000000Z
f1t46|fincrecimiento| | | |2014-05-19T17:33:39.0000000Z
f1t3|releerprotocolo| | | |2014-05-19T17:34:29.0000000Z
f2t1|encenderpcr| | | |2014-05-19T17:39:10.0000000Z
f2t4|calentartermobloque| | | |2014-05-19T17:40:12.0000000Z
f2t3|releerprotocolo| | | |2014-05-19T17:40:42.0000000Z
f2t5|entregarbandejahielo| | | |2014-05-19T17:55:51.0000000Z
f2t14|tomaraguadestilada| | | |2014-05-19T17:56:38.0000000Z
f2t10|tomartamponpolimerasa| | | |2014-05-19T17:56:49.0000000Z
f2t9|tomaroligonucleicoder| | | |2014-05-19T17:58:49.0000000Z
f2t26|soltarbandejapoyata| | | |2014-05-19T17:59:20.0000000Z
f2t25|soltarbandejapoyataprimeravez| | | |2014-05-19T17:59:25.0000000Z
f2t27|entregarboteeppendorf| | | |2014-05-19T18:00:13.0000000Z
f2t28|soltarboteeppendorf| | | |2014-05-19T18:00:58.0000000Z
f2t29|sacartuboeppendorf| | | |2014-05-19T18:01:16.0000000Z
f2t30|entregarpipetaamarilla| | | |2014-05-19T18:01:30.0000000Z
f2t32|cargarpuntaamarilla| | | |2014-05-19T18:03:05.0000000Z
f2t33|iniciarmezcla| | | |2014-05-19T18:03:29.0000000Z
f2t36|agregaroligonucleicoder| | | |2014-05-19T18:04:54.0000000Z
f2t37|agregartamponpolimerasa| | | |2014-05-19T18:05:05.0000000Z
f2t52|finmezcla| |f2t34-f2t35-f2t38-f2t39-f2t40-f2t41| |2014-05-19T18:05:57.0000000Z
f2t53|soltarpipetaamarilla| | | |2014-05-19T18:06:09.0000000Z
f2t54|entregartubomezcla| | | |2014-05-19T18:06:31.0000000Z
f2t55|abrirpcr| | | |2014-05-19T18:06:55.0000000Z
f2t56|soltarmezcla| | | |2014-05-19T18:07:30.0000000Z
f2t57|cerrarpcr| | | |2014-05-19T18:07:50.0000000Z
f2t58|amplificarfragmento| | | |2014-05-19T18:08:11.0000000Z
f2t59|entregarmezclapcr| | | |2014-05-19T18:09:23.0000000Z
f2t60|guardarpcr| | | |2014-05-19T18:09:47.0000000Z
f2t3|releerprotocolo| | | |2014-05-19T18:11:35.0000000Z
f2t3|releerprotocolo| | | |2014-05-19T18:11:37.0000000Z
f2t61|soltartubonevera| | | |2014-05-19T18:11:37.0000000Z
f3t1|encendertermobloque| | | |2014-05-19T18:21:46.0000000Z
f3t4|calentartermobloque| | | |2014-05-19T18:21:53.0000000Z
f3t3|releerprotocolo| | | |2014-05-19T18:22:14.0000000Z
f3t5|entregarbandejahielo| | | |2014-05-19T18:23:29.0000000Z
f3t13|tomaroligonucleicoder| | | |2014-05-19T18:24:13.0000000Z
f3t14|tomartamponpolimerasa| | | |2014-05-19T18:24:39.0000000Z
f3t15|tomarmgcl| | | |2014-05-19T18:25:28.0000000Z
f3t12|tomaroligonucleicoizq| | | |2014-05-19T18:26:36.0000000Z
f3t11|tomaraguadestilada| | | |2014-05-19T18:28:02.0000000Z
f3t29|entregarpipetaamarilla| | | |2014-05-19T18:30:16.0000000Z
f3t31|cargarpuntaamarilla| | | |2014-05-19T18:31:50.0000000Z
f3t27|soltarbandejapoyata| | | |2014-05-19T18:34:25.0000000Z
f3t26|soltarbandejapoyataprimeravez| | | |2014-05-19T18:37:40.0000000Z
f3t32|iniciarmezcla| | | |2014-05-19T18:37:54.0000000Z
f3t28|sacartuboligacion| | | |2014-05-19T18:43:29.0000000Z
