f0crearLog|crearLog| | | |2013-05-09T15:03:46.0000000Z
f0t1|entregarbata| | | |2013-05-09T15:04:20.0000000Z
f0t2|bloquearpoyata| | | |2013-05-09T15:06:57.0000000Z
f0t3|leerfundamentos| | | |2013-05-09T15:07:53.0000000Z
f0t5|releerfundamentos| | | |2013-05-09T15:07:56.0000000Z
f0t4|leerprotocolo| | | |2013-05-09T15:11:22.0000000Z
f0t7|lavarsemanos| | | |2013-05-09T15:13:36.0000000Z
f0t8|entregarguantes| | | |2013-05-09T15:14:00.0000000Z
f1t1|entregarvaso| | | |2013-05-09T15:16:22.0000000Z
f1t4|soltarvasofregadero| | | |2013-05-09T15:18:18.0000000Z
f1t5|bloquearfregadero| | | |2013-05-09T15:18:22.0000000Z
f1t6|llenarvasoconagua| | | |2013-05-09T15:18:27.0000000Z
f1t7|desbloquearfregadero| | | |2013-05-09T15:18:44.0000000Z
f1t8|soltarvasoagitador| | | |2013-05-09T15:19:09.0000000Z
f1t9|bloquearagitador| | | |2013-05-09T15:19:13.0000000Z
f1t10|bloquearphmetro| | | |2013-05-09T15:19:15.0000000Z
f1t11|encenderagitador| | | |2013-05-09T15:19:20.0000000Z
f1t13|agregarsacarosa| | | |2013-05-09T15:21:47.0000000Z
f1t20|apagaragitador| | f1t12-f1t14-f1t16| |2013-05-09T15:23:23.0000000Z
f1t21|entregarbotella| | | |2013-05-09T15:23:59.0000000Z
f1t14|ajustarph| | f1t12| |2013-05-09T15:24:46.0000000Z
f1t15|desbloquearphmetro| | | |2013-05-09T15:24:46.0000000Z
f1t22|soltarbotellaagitador| | | |2013-05-09T15:24:55.0000000Z
f1t23|movermezclaabotella| | | |2013-05-09T15:25:05.0000000Z
f1t24|desbloquearagitador| | | |2013-05-09T15:25:14.0000000Z
f1t25|insetarbotellaenautoclave| | | |2013-05-09T15:27:16.0000000Z
f1t26|bloquearautoclave| | | |2013-05-09T15:27:19.0000000Z
f1t30|encendercabina| | | |2013-05-09T15:30:21.0000000Z
f1t31|contartiempocabina| | | |2013-05-09T15:30:26.0000000Z
f1t27|autoclavar| | | |2013-05-09T15:31:28.0000000Z
f1t28|entregarbotellaautoclavada| | | |2013-05-09T15:31:59.0000000Z
f1t29|enfriarbotella| | | |2013-05-09T15:31:59.0000000Z
f1t32|soltarbotellacabina| | | |2013-05-09T15:33:20.0000000Z
f1t33|agregariaa| | | |2013-05-09T15:34:17.0000000Z
f1t34|entregarbandeja| | | |2013-05-09T15:36:06.0000000Z
f1t35|soltarbandeja| | | |2013-05-09T15:37:09.0000000Z
f1t36|llenarbotes| | | |2013-05-09T15:37:23.0000000Z
f1t37|esterilizar| | | |2013-05-09T15:37:37.0000000Z
f1t38|entregarchopo| | | |2013-05-09T15:38:53.0000000Z
f1t39|soltarchopocabina| | | |2013-05-09T15:40:00.0000000Z
f1t40|cortarplanta| | | |2013-05-09T15:40:06.0000000Z
f1t41|adjuntarbandeja| | | |2013-05-09T15:40:17.0000000Z
f1t42|apagarcabina| | | |2013-05-09T15:40:29.0000000Z
f1t44|bloquearbasefitotron| | | |2013-05-09T15:41:25.0000000Z
f1t43|soltarbandcrecimiento| | | |2013-05-09T15:41:28.0000000Z
f1t45|crecerchopo| | | |2013-05-09T15:41:48.0000000Z
f1t46|fincrecimiento| | | |2013-05-09T15:43:28.0000000Z
f2t1|encenderpcr| | | |2013-05-09T15:44:57.0000000Z
f2t4|calentartermobloque| | | |2013-05-09T15:44:57.0000000Z
f2t5|entregarbandejahielo| | | |2013-05-09T15:46:55.0000000Z
f2t7|tomaradn| | | |2013-05-09T15:49:58.0000000Z
f2t9|tomaroligonucleicoder| | | |2013-05-09T15:50:09.0000000Z
f2t8|tomaroligonucleicoizq| | | |2013-05-09T15:50:15.0000000Z
f2t10|tomartamponpolimerasa| | | |2013-05-09T15:50:22.0000000Z
f2t11|tomarmgcl| | | |2013-05-09T15:50:34.0000000Z
f2t12|tomardntp| | | |2013-05-09T15:50:47.0000000Z
f2t14|tomaraguadestilada| | | |2013-05-09T15:52:17.0000000Z
f2t26|soltarbandejapoyata| | | |2013-05-09T15:53:59.0000000Z
f2t25|soltarbandejapoyataprimeravez| | | |2013-05-09T15:54:02.0000000Z
f2t27|entregarboteeppendorf| | | |2013-05-09T15:54:37.0000000Z
f2t28|soltarboteeppendorf| | | |2013-05-09T15:55:14.0000000Z
f2t29|sacartuboeppendorf| | | |2013-05-09T15:55:29.0000000Z
f2t30|entregarpipetaamarilla| | | |2013-05-09T15:56:16.0000000Z
f2t32|cargarpuntaamarilla| | | |2013-05-09T15:56:27.0000000Z
f2t33|iniciarmezcla| | | |2013-05-09T15:56:33.0000000Z
f2t34|agregaradn| | | |2013-05-09T15:57:04.0000000Z
f2t36|agregaroligonucleicoder| | | |2013-05-09T15:57:11.0000000Z
f2t35|agregaroligonucleicoizq| | | |2013-05-09T15:57:15.0000000Z
f2t38|agregarmgcl| | | |2013-05-09T15:57:28.0000000Z
f2t39|agregardntp| | | |2013-05-09T15:57:30.0000000Z
f2t41|agregaraguadestilada| | | |2013-05-09T15:57:38.0000000Z
f2t52|finmezcla| |f2t37-f2t40| |2013-05-09T15:57:50.0000000Z
f2t53|soltarpipetaamarilla| | | |2013-05-09T15:58:05.0000000Z
f2t54|entregartubomezcla| | | |2013-05-09T15:58:20.0000000Z
f2t55|abrirpcr| | | |2013-05-09T15:58:54.0000000Z
f2t56|soltarmezcla| | | |2013-05-09T15:59:00.0000000Z
f2t57|cerrarpcr| | | |2013-05-09T15:59:03.0000000Z
f2t58|amplificarfragmento| | | |2013-05-09T15:59:06.0000000Z
f2t59|entregarmezclapcr| | | |2013-05-09T15:59:37.0000000Z
f2t60|guardarpcr| | | |2013-05-09T16:00:43.0000000Z
f2t61|soltartubonevera| | | |2013-05-09T16:00:52.0000000Z
f3t1|encendertermobloque| | | |2013-05-09T16:01:23.0000000Z
f3t4|calentartermobloque| | | |2013-05-09T16:01:24.0000000Z
f3t2|releerfundamentos| | | |2013-05-09T16:01:47.0000000Z
f3t3|releerprotocolo| | | |2013-05-09T16:02:07.0000000Z
f3t5|entregarbandejahielo| | | |2013-05-09T16:02:38.0000000Z
f3t11|tomaraguadestilada| | | |2013-05-09T16:03:33.0000000Z
f3t10|tomarenzimaligasa| | | |2013-05-09T16:05:13.0000000Z
f3t9|tomartamponligasa| | | |2013-05-09T16:05:28.0000000Z
f3t8|tomarmezclapcr| | | |2013-05-09T16:05:43.0000000Z
f3t7|tomaradnplasmidico| | | |2013-05-09T16:06:04.0000000Z
f3t27|soltarbandejapoyata| | | |2013-05-09T16:06:26.0000000Z
f3t26|soltarbandejapoyataprimeravez| | | |2013-05-09T16:06:29.0000000Z
f3t28|sacartuboligacion| | | |2013-05-09T16:06:38.0000000Z
f3t29|entregarpipetaamarilla| | | |2013-05-09T16:06:46.0000000Z
f3t31|cargarpuntaamarilla| | | |2013-05-09T16:07:30.0000000Z
f3t32|iniciarmezcla| | | |2013-05-09T16:07:32.0000000Z
f3t33|agregaradnplasmidico| | | |2013-05-09T16:07:52.0000000Z
f3t34|agregarmezclapcr| | | |2013-05-09T16:08:09.0000000Z
f3t35|agregartamponligasa| | | |2013-05-09T16:08:13.0000000Z
f3t36|agregarenzimaligasa| | | |2013-05-09T16:08:25.0000000Z
f3t37|agregaraguadestilada| | | |2013-05-09T16:08:37.0000000Z
f3t52|finmezcla| | | |2013-05-09T16:08:45.0000000Z
f3t53|soltarpipetaamarilla| | | |2013-05-09T16:08:53.0000000Z
f3t54|entregartubomezcla| | | |2013-05-09T16:09:04.0000000Z
f3t55|abrirtermobloque| | | |2013-05-09T16:09:29.0000000Z
f3t56|soltarmezcla| | | |2013-05-09T16:09:36.0000000Z
f3t57|cerrartermobloque| | | |2013-05-09T16:09:36.0000000Z

f3t58|amplificarfragmento| | | |2013-05-09T16:09:56.0000000Z
f3t59|entregarmezclaligacion| | | |2013-05-09T16:10:22.0000000Z
f3t60|guardarligacion| | | |2013-05-09T16:10:46.0000000Z
f3t61|soltartubonevera| | | |2013-05-09T16:10:57.0000000Z
