f0crearLog|crearLog| | | |2014-05-21T16:33:16.0000000Z
f0t1|entregarbata| | | |2014-05-21T16:34:00.0000000Z
f0t2|bloquearpoyata| | | |2014-05-21T16:36:19.0000000Z
f0t3|leerfundamentos| | | |2014-05-21T16:39:06.0000000Z
f0t4|leerprotocolo| | | |2014-05-21T16:49:33.0000000Z
f0t7|lavarsemanos| | | |2014-05-21T16:58:24.0000000Z
f0t8|entregarguantes| | | |2014-05-21T16:58:44.0000000Z
f1t1|entregarvaso| | | |2014-05-21T16:59:44.0000000Z
f1t4|soltarvasofregadero| | | |2014-05-21T17:00:34.0000000Z
f1t5|bloquearfregadero| | | |2014-05-21T17:00:38.0000000Z
f1t6|llenarvasoconagua| | | |2014-05-21T17:00:51.0000000Z
f1t7|desbloquearfregadero| | | |2014-05-21T17:01:10.0000000Z
f1t8|soltarvasoagitador| | | |2014-05-21T17:01:26.0000000Z
f1t9|bloquearagitador| | | |2014-05-21T17:01:31.0000000Z
f1t10|bloquearphmetro| | | |2014-05-21T17:01:32.0000000Z
f1t11|encenderagitador| | | |2014-05-21T17:01:46.0000000Z
f1t12|agregarmys| | | |2014-05-21T17:02:54.0000000Z
f1t13|agregarsacarosa| | | |2014-05-21T17:03:06.0000000Z
f1t14|ajustarph| | | |2014-05-21T17:03:31.0000000Z
f1t15|desbloquearphmetro| | | |2014-05-21T17:03:32.0000000Z
f1t20|apagaragitador| | f1t16| |2014-05-21T17:05:14.0000000Z
f1t21|entregarbotella| | | |2014-05-21T17:05:36.0000000Z
f1t22|soltarbotellaagitador| | | |2014-05-21T17:06:05.0000000Z
f1t23|movermezclaabotella| | | |2014-05-21T17:06:15.0000000Z
f1t24|desbloquearagitador| | | |2014-05-21T17:06:25.0000000Z
f1t25|insetarbotellaenautoclave| | | |2014-05-21T17:08:10.0000000Z
f1t26|bloquearautoclave| | | |2014-05-21T17:08:15.0000000Z
f1t27|autoclavar| | | |2014-05-21T17:08:23.0000000Z
f1t30|encendercabina| | | |2014-05-21T17:09:20.0000000Z
f1t31|contartiempocabina| | | |2014-05-21T17:09:21.0000000Z
f1t28|entregarbotellaautoclavada| | | |2014-05-21T17:09:55.0000000Z
f1t29|enfriarbotella| | | |2014-05-21T17:10:02.0000000Z
f1t32|soltarbotellacabina| | | |2014-05-21T17:12:44.0000000Z
f1t37|esterilizar| | | |2014-05-21T17:17:43.0000000Z
f1t38|entregarchopo| | | |2014-05-21T17:18:49.0000000Z
f1t39|soltarchopocabina| | | |2014-05-21T17:20:01.0000000Z
f1t34|entregarbandeja| | | |2014-05-21T17:21:02.0000000Z
f1t35|soltarbandeja| | | |2014-05-21T17:21:53.0000000Z
f1t36|llenarbotes| | | |2014-05-21T17:22:05.0000000Z
f1t40|cortarplanta| | | |2014-05-21T17:22:47.0000000Z
f1t41|adjuntarbandeja| | | |2014-05-21T17:22:56.0000000Z
f1t42|apagarcabina| | | |2014-05-21T17:23:14.0000000Z
f1t44|bloquearbasefitotron| | | |2014-05-21T17:23:57.0000000Z
f1t43|soltarbandcrecimiento| | | |2014-05-21T17:24:01.0000000Z
f1t45|crecerchopo| | | |2014-05-21T17:24:26.0000000Z
f1t46|fincrecimiento| | | |2014-05-21T17:25:41.0000000Z
f2t1|encenderpcr| | | |2014-05-21T17:26:49.0000000Z
f2t4|calentartermobloque| | | |2014-05-21T17:26:51.0000000Z
f2t3|releerprotocolo| | | |2014-05-21T17:27:11.0000000Z
f2t3|releerprotocolo| | | |2014-05-21T17:27:17.0000000Z
f2t5|entregarbandejahielo| | | |2014-05-21T17:32:02.0000000Z
f2t22|tomartampote| | | |2014-05-21T17:33:56.0000000Z
f2t14|tomaraguadestilada| | | |2014-05-21T17:34:07.0000000Z
f2t25|soltarbandejapoyataprimeravez| | | |2014-05-21T17:34:28.0000000Z
f2t27|entregarboteeppendorf| | | |2014-05-21T17:34:50.0000000Z
f2t28|soltarboteeppendorf| | | |2014-05-21T17:35:10.0000000Z
f2t29|sacartuboeppendorf| | | |2014-05-21T17:35:27.0000000Z
f2t30|entregarpipetaamarilla| | | |2014-05-21T17:36:10.0000000Z
f2t32|cargarpuntaamarilla| | | |2014-05-21T17:36:38.0000000Z
f2t26|soltarbandejapoyata| | | |2014-05-21T17:40:04.0000000Z
f2t33|iniciarmezcla| | | |2014-05-21T17:40:24.0000000Z
f2t49|agregartampote| | | |2014-05-21T17:40:33.0000000Z
f2t41|agregaraguadestilada| | | |2014-05-21T17:40:48.0000000Z
f2t52|finmezcla| |f2t34-f2t35-f2t36-f2t37-f2t38-f2t39-f2t40|f2t49|2014-05-21T17:41:17.0000000Z
f2t53|soltarpipetaamarilla| | | |2014-05-21T17:44:43.0000000Z
f2t54|entregartubomezcla| | | |2014-05-21T17:46:09.0000000Z
f2t55|abrirpcr| | | |2014-05-21T17:46:47.0000000Z
f2t56|soltarmezcla| | | |2014-05-21T17:47:01.0000000Z
f2t57|cerrarpcr| | | |2014-05-21T17:47:12.0000000Z
f2t58|amplificarfragmento| | | |2014-05-21T17:47:22.0000000Z
f2t59|entregarmezclapcr| | | |2014-05-21T17:48:13.0000000Z
f2t60|guardarpcr| | | |2014-05-21T17:48:46.0000000Z
f2t61|soltartubonevera| | | |2014-05-21T17:49:06.0000000Z
f3t1|encendertermobloque| | | |2014-05-21T17:50:44.0000000Z
f3t4|calentartermobloque| | | |2014-05-21T17:50:46.0000000Z
f3t3|releerprotocolo| | | |2014-05-21T17:51:17.0000000Z
f3t3|releerprotocolo| | | |2014-05-21T17:51:47.0000000Z
f3t55|abrirtermobloque| | | |2014-05-21T17:56:09.0000000Z
f3t5|entregarbandejahielo| | | |2014-05-21T17:58:46.0000000Z
f3t7|tomaradnplasmidico| | | |2014-05-21T18:00:04.0000000Z
f3t10|tomarenzimaligasa| | | |2014-05-21T18:01:22.0000000Z
f3t8|tomarmezclapcr| | | |2014-05-21T18:02:05.0000000Z
f3t11|tomaraguadestilada| | | |2014-05-21T18:03:24.0000000Z
f3t23|tomartampote| | | |2014-05-21T18:03:37.0000000Z
f3t26|soltarbandejapoyataprimeravez| | | |2014-05-21T18:04:06.0000000Z
f3t28|sacartuboligacion| | | |2014-05-21T18:04:20.0000000Z
f3t29|entregarpipetaamarilla| | | |2014-05-21T18:04:42.0000000Z
f3t31|cargarpuntaamarilla| | | |2014-05-21T18:06:22.0000000Z
f3t33|agregaradnplasmidico| | | |2014-05-21T18:07:19.0000000Z
f3t27|soltarbandejapoyata| | | |2014-05-21T18:08:40.0000000Z
f3t32|iniciarmezcla| | | |2014-05-21T18:09:23.0000000Z
f3t36|agregarenzimaligasa| | | |2014-05-21T18:09:58.0000000Z
f3t34|agregarmezclapcr| | | |2014-05-21T18:10:10.0000000Z
f3t37|agregaraguadestilada| | | |2014-05-21T18:10:21.0000000Z
f3t48|agregartampote| | | |2014-05-21T18:10:33.0000000Z
f3t52|finmezcla| |f3t35|f3t48|2014-05-21T18:10:56.0000000Z
f3t53|soltarpipetaamarilla| | | |2014-05-21T18:11:23.0000000Z
f3t54|entregartubomezcla| | | |2014-05-21T18:11:46.0000000Z
f3t56|soltarmezcla| | | |2014-05-21T18:13:21.0000000Z
f3t57|cerrartermobloque| | | |2014-05-21T18:13:25.0000000Z

f3t58|amplificarfragmento| | | |2014-05-21T18:13:51.0000000Z
f3t59|entregarmezclaligacion| | | |2014-05-21T18:14:30.0000000Z
f3t60|guardarligacion| | | |2014-05-21T18:15:21.0000000Z
f3t61|soltartubonevera| | | |2014-05-21T18:15:42.0000000Z
