f0crearLog|crearLog| | | |2013-05-10T14:58:37.0000000Z
f0t1|entregarbata| | | |2013-05-10T15:00:32.0000000Z
f0t2|bloquearpoyata| | | |2013-05-10T15:01:31.0000000Z
f0t3|leerfundamentos| | | |2013-05-10T15:02:09.0000000Z
f0t4|leerprotocolo| | | |2013-05-10T15:03:57.0000000Z
f0t7|lavarsemanos| | | |2013-05-10T15:05:10.0000000Z
f0t8|entregarguantes| | | |2013-05-10T15:05:33.0000000Z
f1t1|entregarvaso| | | |2013-05-10T15:07:42.0000000Z
f1t4|soltarvasofregadero| | | |2013-05-10T15:09:04.0000000Z
f1t5|bloquearfregadero| | | |2013-05-10T15:09:07.0000000Z
f1t6|llenarvasoconagua| | | |2013-05-10T15:09:08.0000000Z
f1t7|desbloquearfregadero| | | |2013-05-10T15:09:25.0000000Z
f1t8|soltarvasoagitador| | | |2013-05-10T15:09:36.0000000Z
f1t9|bloquearagitador| | | |2013-05-10T15:09:40.0000000Z
f1t10|bloquearphmetro| | | |2013-05-10T15:09:40.0000000Z
f1t11|encenderagitador| | | |2013-05-10T15:09:58.0000000Z
f1t2|releerfundamentos| | | |2013-05-10T15:10:14.0000000Z
f1t3|releerprotocolo| | | |2013-05-10T15:10:18.0000000Z
f1t12|agregarmys| | | |2013-05-10T15:11:12.0000000Z
f1t13|agregarsacarosa| | | |2013-05-10T15:11:19.0000000Z
f1t20|apagaragitador| | f1t14-f1t16| |2013-05-10T15:11:45.0000000Z
f1t21|entregarbotella| | | |2013-05-10T15:12:22.0000000Z
f1t22|soltarbotellaagitador| | | |2013-05-10T15:12:45.0000000Z
f1t23|movermezclaabotella| | | |2013-05-10T15:12:54.0000000Z
f1t24|desbloquearagitador| | | |2013-05-10T15:13:02.0000000Z
f1t15|desbloquearphmetro| | | |2013-05-10T15:13:02.0000000Z
f1t3|releerprotocolo| | | |2013-05-10T15:13:45.0000000Z
f1t3|releerprotocolo| | | |2013-05-10T15:13:52.0000000Z
f1t3|releerprotocolo| | | |2013-05-10T15:21:50.0000000Z
f1t3|releerprotocolo| | | |2013-05-10T15:21:57.0000000Z
f1t25|insetarbotellaenautoclave| | | |2013-05-10T15:24:27.0000000Z
f1t26|bloquearautoclave| | | |2013-05-10T15:24:31.0000000Z
f1t27|autoclavar| | | |2013-05-10T15:24:40.0000000Z
f1t28|entregarbotellaautoclavada| | | |2013-05-10T15:25:40.0000000Z
f1t29|enfriarbotella| | | |2013-05-10T15:25:40.0000000Z
f1t30|encendercabina| | | |2013-05-10T15:27:01.0000000Z
f1t31|contartiempocabina| | | |2013-05-10T15:27:01.0000000Z
f1t32|soltarbotellacabina| | | |2013-05-10T15:27:28.0000000Z
f1t33|agregariaa| | | |2013-05-10T15:28:22.0000000Z
f1t34|entregarbandeja| | | |2013-05-10T15:29:31.0000000Z
f1t35|soltarbandeja| | | |2013-05-10T15:30:08.0000000Z
f1t36|llenarbotes| | | |2013-05-10T15:30:20.0000000Z
f1t37|esterilizar| | | |2013-05-10T15:31:20.0000000Z
f1t38|entregarchopo| | | |2013-05-10T15:32:29.0000000Z
f1t39|soltarchopocabina| | | |2013-05-10T15:33:30.0000000Z
f1t40|cortarplanta| | | |2013-05-10T15:33:46.0000000Z
f1t41|adjuntarbandeja| | | |2013-05-10T15:33:54.0000000Z
f1t44|bloquearbasefitotron| | | |2013-05-10T15:34:56.0000000Z
f1t43|soltarbandcrecimiento| | | |2013-05-10T15:34:59.0000000Z
f1t45|crecerchopo| | | |2013-05-10T15:35:24.0000000Z
f1t46|fincrecimiento| | | |2013-05-10T15:38:00.0000000Z
f1t3|releerprotocolo| | | |2013-05-10T15:39:02.0000000Z
f2t1|encenderpcr| | | |2013-05-10T15:41:52.0000000Z
f2t4|calentartermobloque| | | |2013-05-10T15:41:52.0000000Z
f2t5|entregarbandejahielo| | | |2013-05-10T15:42:26.0000000Z
f2t25|soltarbandejapoyataprimeravez| | | |2013-05-10T15:44:14.0000000Z
f2t27|entregarboteeppendorf| | | |2013-05-10T15:54:17.0000000Z
f2t28|soltarboteeppendorf| | | |2013-05-10T15:55:16.0000000Z
f2t29|sacartuboeppendorf| | | |2013-05-10T15:55:33.0000000Z
f2t30|entregarpipetaamarilla| | | |2013-05-10T15:55:58.0000000Z
f2t32|cargarpuntaamarilla| | | |2013-05-10T15:56:10.0000000Z
f2t7|tomaradn| | | |2013-05-10T15:57:06.0000000Z
f2t9|tomaroligonucleicoder| | | |2013-05-10T15:57:15.0000000Z
f2t8|tomaroligonucleicoizq| | | |2013-05-10T15:57:22.0000000Z
f2t10|tomartamponpolimerasa| | | |2013-05-10T15:57:28.0000000Z
f2t11|tomarmgcl| | | |2013-05-10T15:57:38.0000000Z
f2t12|tomardntp| | | |2013-05-10T15:57:50.0000000Z
f2t13|tomarpolimerasa| | | |2013-05-10T15:57:56.0000000Z
f2t14|tomaraguadestilada| | | |2013-05-10T15:58:17.0000000Z
f2t26|soltarbandejapoyata| | | |2013-05-10T15:58:25.0000000Z
f2t33|iniciarmezcla| | | |2013-05-10T16:00:16.0000000Z
f2t34|agregaradn| | | |2013-05-10T16:00:29.0000000Z
f2t36|agregaroligonucleicoder| | | |2013-05-10T16:00:41.0000000Z
f2t35|agregaroligonucleicoizq| | | |2013-05-10T16:00:47.0000000Z
f2t37|agregartamponpolimerasa| | | |2013-05-10T16:00:50.0000000Z
f2t38|agregarmgcl| | | |2013-05-10T16:01:04.0000000Z
f2t39|agregardntp| | | |2013-05-10T16:01:09.0000000Z
f2t41|agregaraguadestilada| | | |2013-05-10T16:01:12.0000000Z
f2t52|finmezcla| |f2t40| |2013-05-10T16:01:17.0000000Z
f2t53|soltarpipetaamarilla| | | |2013-05-10T16:01:25.0000000Z
f2t54|entregartubomezcla| | | |2013-05-10T16:01:33.0000000Z
f2t55|abrirpcr| | | |2013-05-10T16:01:54.0000000Z
f2t56|soltarmezcla| | | |2013-05-10T16:02:03.0000000Z
f2t57|cerrarpcr| | | |2013-05-10T16:02:08.0000000Z
f2t58|amplificarfragmento| | | |2013-05-10T16:02:26.0000000Z
f2t59|entregarmezclapcr| | | |2013-05-10T16:02:58.0000000Z
f2t60|guardarpcr| | | |2013-05-10T16:03:25.0000000Z
f2t61|soltartubonevera| | | |2013-05-10T16:03:37.0000000Z
f3t1|encendertermobloque| | | |2013-05-10T16:04:31.0000000Z
f3t4|calentartermobloque| | | |2013-05-10T16:04:31.0000000Z
f3t5|entregarbandejahielo| | | |2013-05-10T16:04:44.0000000Z
f3t7|tomaradnplasmidico| | | |2013-05-10T16:05:15.0000000Z
f3t8|tomarmezclapcr| | | |2013-05-10T16:06:56.0000000Z
f3t9|tomartamponligasa| | | |2013-05-10T16:07:09.0000000Z
f3t10|tomarenzimaligasa| | | |2013-05-10T16:07:13.0000000Z
f3t11|tomaraguadestilada| | | |2013-05-10T16:07:19.0000000Z
f3t27|soltarbandejapoyata| | | |2013-05-10T16:07:38.0000000Z
f3t26|soltarbandejapoyataprimeravez| | | |2013-05-10T16:07:42.0000000Z
f3t28|sacartuboligacion| | | |2013-05-10T16:07:47.0000000Z
f3t29|entregarpipetaamarilla| | | |2013-05-10T16:08:00.0000000Z
f3t31|cargarpuntaamarilla| | | |2013-05-10T16:08:08.0000000Z
f3t32|iniciarmezcla| | | |2013-05-10T16:08:09.0000000Z
f3t33|agregaradnplasmidico| | | |2013-05-10T16:08:17.0000000Z
f3t34|agregarmezclapcr| | | |2013-05-10T16:08:26.0000000Z
f3t35|agregartamponligasa| | | |2013-05-10T16:08:36.0000000Z
f3t36|agregarenzimaligasa| | | |2013-05-10T16:08:40.0000000Z
f3t37|agregaraguadestilada| | | |2013-05-10T16:08:43.0000000Z
f3t52|finmezcla| | | |2013-05-10T16:08:56.0000000Z
f3t53|soltarpipetaamarilla| | | |2013-05-10T16:09:04.0000000Z
f3t54|entregartubomezcla| | | |2013-05-10T16:09:09.0000000Z
f3t55|abrirtermobloque| | | |2013-05-10T16:09:21.0000000Z
f3t56|soltarmezcla| | | |2013-05-10T16:09:35.0000000Z
f3t57|cerrartermobloque| | | |2013-05-10T16:09:35.0000000Z

f3t58|amplificarfragmento| | | |2013-05-10T16:09:48.0000000Z
f3t59|entregarmezclaligacion| | | |2013-05-10T16:09:55.0000000Z
f3t60|guardarligacion| | | |2013-05-10T16:10:11.0000000Z
f3t61|soltartubonevera| | | |2013-05-10T16:10:20.0000000Z
