accionrealizada|f0t1|entregarbata|entregarbata|2013-05-10T15:00:36.0000000Z
dependenciabloq|f0t4|leerprotocolo|f0t3|2013-05-10T15:02:01.0000000Z
accionnoencontrada| |entregarbandejahielo| |2013-05-10T15:08:41.0000000Z
accionnoencontrada| |entregarbandejahielo| |2013-05-10T15:08:46.0000000Z
dependenciasnobloq|f1t20|apagaragitador| f1t14-f1t16|2013-05-10T15:11:40.0000000Z
accionnoencontrada| |entregarvaso| |2013-05-10T15:19:32.0000000Z
accionrealizada|f1t21|entregarbotella|entregarbotella|2013-05-10T15:19:44.0000000Z
accionnoencontrada| |bloquearpoyata| |2013-05-10T15:38:53.0000000Z
accionrealizada|f2t5|entregarbandejahielo|entregarbandejahielo|2013-05-10T15:42:34.0000000Z
dependenciabloq|f2t7|tomaradn|f2t6|2013-05-10T15:48:47.0000000Z
dependenciabloq|f2t33|iniciarmezcla|f2t29|2013-05-10T15:49:15.0000000Z
dependenciabloq|f2t33|iniciarmezcla|f2t29|2013-05-10T15:49:29.0000000Z
dependenciabloq|f2t33|iniciarmezcla|f2t29|2013-05-10T15:49:31.0000000Z
dependenciabloq|f2t33|iniciarmezcla|f2t29|2013-05-10T15:49:33.0000000Z
dependenciabloq|f2t33|iniciarmezcla|f2t29|2013-05-10T15:49:35.0000000Z
dependenciabloq|f2t32|cargarpuntaamarilla|f2t31|2013-05-10T15:55:38.0000000Z
accionnoencontrada| |sacartuboligacion| |2013-05-10T15:55:45.0000000Z
dependenciabloq|f2t32|cargarpuntaamarilla|f2t31|2013-05-10T15:55:59.0000000Z
accionrealizada|f2t30|entregarpipetaamarilla|entregarpipetaamarilla|2013-05-10T15:58:31.0000000Z
accionnoencontrada| |sacartuboligacion| |2013-05-10T15:58:37.0000000Z
dependenciabloq|f2t33|iniciarmezcla|f2t31|2013-05-10T15:58:53.0000000Z
accionrealizada|f2t30|entregarpipetaamarilla|entregarpipetaamarilla|2013-05-10T15:59:01.0000000Z
accionrealizada|f2t32|cargarpuntaamarilla|cargarpuntaamarilla|2013-05-10T16:00:04.0000000Z
accionrealizada|f2t32|cargarpuntaamarilla|cargarpuntaamarilla|2013-05-10T16:00:15.0000000Z
dependenciasnobloq|f2t52|finmezcla|f2t40|2013-05-10T16:01:14.0000000Z
accionrealizada|f3t7|tomaradnplasmidico|tomaradnplasmidico|2013-05-10T16:06:29.0000000Z
accionrealizada|f3t5|entregarbandejahielo|entregarbandejahielo|2013-05-10T16:11:24.0000000Z
