f0crearLog|crearLog| | | |2015-06-17T08:49:02.0000000Z
f0t1|entregarbata| | | |2015-06-17T08:50:25.0000000Z
f0t2|bloquearpoyata| | | |2015-06-17T08:53:12.0000000Z
f0t3|leerfundamentos| | | |2015-06-17T08:53:54.0000000Z
f0t5|releerfundamentos| | | |2015-06-17T08:53:57.0000000Z
f0t5|releerfundamentos| | | |2015-06-17T08:54:01.0000000Z
f0t4|leerprotocolo| | | |2015-06-17T09:01:06.0000000Z
f0t7|lavarsemanos| | | |2015-06-17T09:05:09.0000000Z
f0t8|entregarguantes| | | |2015-06-17T09:05:44.0000000Z
f1t1|entregarvaso| | | |2015-06-17T09:11:08.0000000Z
f1t4|soltarvasofregadero| | | |2015-06-17T09:15:04.0000000Z
f1t5|bloquearfregadero| | | |2015-06-17T09:15:08.0000000Z
f1t6|llenarvasoconagua| | | |2015-06-17T09:15:14.0000000Z
f1t7|desbloquearfregadero| | | |2015-06-17T09:15:32.0000000Z
f1t8|soltarvasoagitador| | | |2015-06-17T09:17:41.0000000Z
f1t9|bloquearagitador| | | |2015-06-17T09:17:45.0000000Z
f1t10|bloquearphmetro| | | |2015-06-17T09:17:46.0000000Z
f1t11|encenderagitador| | | |2015-06-17T09:17:52.0000000Z
f1t12|agregarmys| | | |2015-06-17T09:19:08.0000000Z
f1t13|agregarsacarosa| | | |2015-06-17T09:19:21.0000000Z
f1t20|apagaragitador| | f1t14-f1t16| |2015-06-17T09:19:48.0000000Z
f1t21|entregarbotella| | | |2015-06-17T09:20:17.0000000Z
f1t22|soltarbotellaagitador| | | |2015-06-17T09:20:44.0000000Z
f1t23|movermezclaabotella| | | |2015-06-17T09:20:51.0000000Z
f1t24|desbloquearagitador| | | |2015-06-17T09:21:00.0000000Z
f1t15|desbloquearphmetro| | | |2015-06-17T09:21:01.0000000Z
f1t34|entregarbandeja| | | |2015-06-17T09:22:03.0000000Z
f1t25|insetarbotellaenautoclave| | | |2015-06-17T09:22:51.0000000Z
f1t26|bloquearautoclave| | | |2015-06-17T09:22:56.0000000Z
f1t27|autoclavar| | | |2015-06-17T09:23:04.0000000Z
f1t30|encendercabina| | | |2015-06-17T09:25:03.0000000Z
f1t31|contartiempocabina| | | |2015-06-17T09:25:04.0000000Z
f1t28|entregarbotellaautoclavada| | | |2015-06-17T09:25:43.0000000Z
f1t29|enfriarbotella| | | |2015-06-17T09:25:44.0000000Z
f1t32|soltarbotellacabina| | | |2015-06-17T09:26:30.0000000Z
f1t33|agregariaa| | | |2015-06-17T09:27:19.0000000Z
f1t35|soltarbandeja| | | |2015-06-17T09:27:45.0000000Z
f1t36|llenarbotes| | | |2015-06-17T09:28:01.0000000Z
f1t37|esterilizar| | | |2015-06-17T09:29:36.0000000Z
f1t38|entregarchopo| | | |2015-06-17T09:30:28.0000000Z
f1t39|soltarchopocabina| | | |2015-06-17T09:31:22.0000000Z
f1t40|cortarplanta| | | |2015-06-17T09:31:32.0000000Z
f1t41|adjuntarbandeja| | | |2015-06-17T09:31:43.0000000Z
f1t42|apagarcabina| | | |2015-06-17T09:31:52.0000000Z
f1t44|bloquearbasefitotron| | | |2015-06-17T09:33:24.0000000Z
f1t43|soltarbandcrecimiento| | | |2015-06-17T09:33:28.0000000Z
f1t45|crecerchopo| | | |2015-06-17T09:33:54.0000000Z
f1t46|fincrecimiento| | | |2015-06-17T09:37:03.0000000Z
f2t1|encenderpcr| | | |2015-06-17T09:38:24.0000000Z
f2t4|calentartermobloque| | | |2015-06-17T09:38:26.0000000Z
f2t5|entregarbandejahielo| | | |2015-06-17T09:40:02.0000000Z
f2t22|tomartampote| | | |2015-06-17T09:40:53.0000000Z
f2t14|tomaraguadestilada| | | |2015-06-17T09:41:07.0000000Z
f2t10|tomartamponpolimerasa| | | |2015-06-17T09:42:42.0000000Z
f2t9|tomaroligonucleicoder| | | |2015-06-17T09:43:03.0000000Z
f2t8|tomaroligonucleicoizq| | | |2015-06-17T09:43:11.0000000Z
f2t11|tomarmgcl| | | |2015-06-17T09:43:20.0000000Z
f2t7|tomaradn| | | |2015-06-17T09:43:37.0000000Z
f2t12|tomardntp| | | |2015-06-17T09:43:58.0000000Z
f2t13|tomarpolimerasa| | | |2015-06-17T09:50:01.0000000Z
f2t55|abrirpcr| | | |2015-06-17T09:50:48.0000000Z
f2t25|soltarbandejapoyataprimeravez| | | |2015-06-17T09:55:57.0000000Z
f2t27|entregarboteeppendorf| | | |2015-06-17T09:57:36.0000000Z
f2t28|soltarboteeppendorf| | | |2015-06-17T10:00:08.0000000Z
f2t29|sacartuboeppendorf| | | |2015-06-17T10:01:22.0000000Z
f2t30|entregarpipetaamarilla| | | |2015-06-17T10:02:53.0000000Z
f2t32|cargarpuntaamarilla| | | |2015-06-17T10:03:15.0000000Z
f2t34|agregaradn| | | |2015-06-17T10:03:59.0000000Z
f2t36|agregaroligonucleicoder| | | |2015-06-17T10:04:17.0000000Z
f2t35|agregaroligonucleicoizq| | | |2015-06-17T10:04:21.0000000Z
f2t37|agregartamponpolimerasa| | | |2015-06-17T10:04:25.0000000Z
f2t38|agregarmgcl| | | |2015-06-17T10:04:32.0000000Z
f2t26|soltarbandejapoyata| | | |2015-06-17T10:05:35.0000000Z
f2t33|iniciarmezcla| | | |2015-06-17T10:05:40.0000000Z
f2t39|agregardntp| | | |2015-06-17T10:05:51.0000000Z
f2t41|agregaraguadestilada| | | |2015-06-17T10:06:00.0000000Z
f2t40|agregarpolimerasa| | | |2015-06-17T10:06:40.0000000Z
f2t52|finmezcla| | | |2015-06-17T10:06:54.0000000Z
f2t53|soltarpipetaamarilla| | | |2015-06-17T10:07:42.0000000Z
f2t54|entregartubomezcla| | | |2015-06-17T10:09:29.0000000Z
f2t55|abrirpcr| | | |2015-06-17T09:47:56.0000000Z
f2t56|soltarmezcla| | | |2015-06-17T09:48:12.0000000Z
f2t57|cerrarpcr| | | |2015-06-17T09:48:22.0000000Z
f2t58|amplificarfragmento| | | |2015-06-17T09:48:30.0000000Z
f2t59|entregarmezclapcr| | | |2015-06-17T09:49:04.0000000Z
f2t60|guardarpcr| | | |2015-06-17T09:49:36.0000000Z
f2t61|soltartubonevera| | | |2015-06-17T09:49:58.0000000Z
f3t1|encendertermobloque| | | |2015-06-17T10:24:09.0000000Z
f3t4|calentartermobloque| | | |2015-06-17T10:24:10.0000000Z
f3t55|abrirtermobloque| | | |2015-06-17T10:25:08.0000000Z
f3t5|entregarbandejahielo| | | |2015-06-17T10:25:22.0000000Z
f3t3|releerprotocolo| | | |2015-06-17T10:26:16.0000000Z
f3t13|tomaroligonucleicoder| | | |2015-06-17T10:28:10.0000000Z
f3t12|tomaroligonucleicoizq| | | |2015-06-17T10:28:18.0000000Z
f3t15|tomarmgcl| | | |2015-06-17T10:28:27.0000000Z
f3t16|tomardntp| | | |2015-06-17T10:28:38.0000000Z
f3t17|tomarpolimerasa| | | |2015-06-17T10:29:35.0000000Z
f3t11|tomaraguadestilada| | | |2015-06-17T10:30:25.0000000Z
f3t26|soltarbandejapoyataprimeravez| | | |2015-06-17T10:30:54.0000000Z
f3t28|sacartuboligacion| | | |2015-06-17T10:31:29.0000000Z
f3t29|entregarpipetaamarilla| | | |2015-06-17T10:31:37.0000000Z
f3t31|cargarpuntaamarilla| | | |2015-06-17T10:32:19.0000000Z
f3t37|agregaraguadestilada| | | |2015-06-17T10:35:25.0000000Z
f3t39|agregarpolimerasa| | | |2015-06-17T10:35:30.0000000Z
f3t38|agregardntp| | | |2015-06-17T10:35:50.0000000Z
f3t49|agregarmgcl| | | |2015-06-17T10:36:19.0000000Z
f3t40|agregaroligonucleicoizq| | | |2015-06-17T10:36:25.0000000Z
f3t41|agregaroligonucleicoder| | | |2015-06-17T10:36:31.0000000Z
f3t27|soltarbandejapoyata| | | |2015-06-17T10:38:01.0000000Z
f3t32|iniciarmezcla| | | |2015-06-17T10:38:08.0000000Z
f3t52|finmezcla| |f3t33-f3t34-f3t35-f3t36|f3t39-f3t40-f3t41-f3t49|2015-06-17T10:38:27.0000000Z
f3t53|soltarpipetaamarilla| | | |2015-06-17T10:38:55.0000000Z
f3t54|entregartubomezcla| | | |2015-06-17T10:39:22.0000000Z
f3t56|soltarmezcla| | | |2015-06-17T10:41:10.0000000Z
f3t57|cerrartermobloque| | | |2015-06-17T10:41:17.0000000Z
f3t58|amplificarfragmento| | | |2015-06-17T10:41:49.0000000Z
f3t59|entregarmezclaligacion| | | |2015-06-17T10:42:00.0000000Z
f3t60|guardarligacion| | | |2015-06-17T10:43:53.0000000Z
f3t61|soltartubonevera| | | |2015-06-17T10:44:34.0000000Z