f0crearLog|crearLog| | | |2014-06-05T16:49:44.0000000Z
f0t1|entregarbata| | | |2014-06-05T16:51:33.0000000Z
f0t2|bloquearpoyata| | | |2014-06-05T16:52:26.0000000Z
f0t3|leerfundamentos| | | |2014-06-05T16:54:20.0000000Z
f0t5|releerfundamentos| | | |2014-06-05T16:54:38.0000000Z
f0t4|leerprotocolo| | | |2014-06-05T16:54:48.0000000Z
f0t6|releerprotocolo| | | |2014-06-05T16:58:13.0000000Z
f0t6|releerprotocolo| | | |2014-06-05T16:58:15.0000000Z
f1t1|entregarvaso| | f0t7-f0t8| |2014-06-05T16:59:53.0000000Z
f1t4|soltarvasofregadero| | | |2014-06-05T17:00:34.0000000Z
f1t5|bloquearfregadero| | | |2014-06-05T17:00:38.0000000Z
f1t6|llenarvasoconagua| | | |2014-06-05T17:00:40.0000000Z
f1t7|desbloquearfregadero| | | |2014-06-05T17:00:58.0000000Z
f1t8|soltarvasoagitador| | | |2014-06-05T17:12:35.0000000Z
f1t9|bloquearagitador| | | |2014-06-05T17:12:40.0000000Z
f1t10|bloquearphmetro| | | |2014-06-05T17:12:41.0000000Z
f1t11|encenderagitador| | | |2014-06-05T17:12:47.0000000Z
f1t3|releerprotocolo| | | |2014-06-05T17:14:16.0000000Z
f1t3|releerprotocolo| | | |2014-06-05T17:14:19.0000000Z
f1t12|agregarmys| | | |2014-06-05T17:15:42.0000000Z
f1t13|agregarsacarosa| | | |2014-06-05T17:15:52.0000000Z
f1t20|apagaragitador| | f1t14-f1t16| |2014-06-05T17:16:25.0000000Z
f1t21|entregarbotella| |f0t8| |2014-06-05T17:16:45.0000000Z
f1t22|soltarbotellaagitador| | | |2014-06-05T17:17:10.0000000Z
f1t23|movermezclaabotella| | | |2014-06-05T17:17:34.0000000Z
f1t24|desbloquearagitador| | | |2014-06-05T17:17:44.0000000Z
f1t15|desbloquearphmetro| | | |2014-06-05T17:17:45.0000000Z
f1t34|entregarbandeja| | | |2014-06-05T17:19:24.0000000Z
f1t2|releerfundamentos| | | |2014-06-05T17:23:45.0000000Z
f1t2|releerfundamentos| | | |2014-06-05T17:24:00.0000000Z
f1t2|releerfundamentos| | | |2014-06-05T17:24:02.0000000Z
f1t2|releerfundamentos| | | |2014-06-05T17:24:22.0000000Z
f1t2|releerfundamentos| | | |2014-06-05T17:24:29.0000000Z
f1t25|insetarbotellaenautoclave| | | |2014-06-05T17:27:09.0000000Z
f1t26|bloquearautoclave| | | |2014-06-05T17:27:14.0000000Z
f1t2|releerfundamentos| | | |2014-06-05T17:28:48.0000000Z
f1t2|releerfundamentos| | | |2014-06-05T17:29:19.0000000Z
f1t30|encendercabina| | | |2014-06-05T17:31:32.0000000Z
f1t31|contartiempocabina| | | |2014-06-05T17:31:33.0000000Z
f1t27|autoclavar| | | |2014-06-05T17:32:16.0000000Z
f1t28|entregarbotellaautoclavada| | | |2014-06-05T17:32:46.0000000Z
f1t29|enfriarbotella| | | |2014-06-05T17:32:59.0000000Z
f1t32|soltarbotellacabina| | | |2014-06-05T17:33:51.0000000Z
f1t38|entregarchopo| | | |2014-06-05T17:35:55.0000000Z
f1t39|soltarchopocabina| | | |2014-06-05T17:37:06.0000000Z
f1t37|esterilizar| | | |2014-06-05T17:38:41.0000000Z
f1t35|soltarbandeja| | | |2014-06-05T17:40:40.0000000Z
f1t36|llenarbotes| | | |2014-06-05T17:40:45.0000000Z
f1t40|cortarplanta| | | |2014-06-05T17:40:58.0000000Z
f1t41|adjuntarbandeja| | | |2014-06-05T17:41:05.0000000Z
f1t42|apagarcabina| | | |2014-06-05T17:41:31.0000000Z
f1t44|bloquearbasefitotron| | | |2014-06-05T17:38:05.0000000Z
f1t43|soltarbandcrecimiento| | | |2014-06-05T17:38:10.0000000Z
f1t45|crecerchopo| | | |2014-06-05T17:38:32.0000000Z
f1t46|fincrecimiento| | | |2014-06-05T17:40:26.0000000Z
f2t1|encenderpcr| | | |2014-06-05T17:59:41.0000000Z
f2t4|calentartermobloque| | | |2014-06-05T17:59:43.0000000Z
f2t2|releerfundamentos| | | |2014-06-05T18:00:02.0000000Z
f2t55|abrirpcr| | | |2014-06-05T18:04:41.0000000Z
f2t30|entregarpipetaamarilla| | | |2014-06-05T18:11:03.0000000Z
f2t32|cargarpuntaamarilla| | | |2014-06-05T18:11:24.0000000Z
f2t27|entregarboteeppendorf| | | |2014-06-05T18:18:08.0000000Z
f2t28|soltarboteeppendorf| | | |2014-06-05T18:18:38.0000000Z
f2t29|sacartuboeppendorf| | | |2014-06-05T18:18:51.0000000Z
f2t5|entregarbandejahielo| | | |2014-06-05T18:36:36.0000000Z
f2t2|releerfundamentos| | | |2014-06-05T18:40:09.0000000Z
f2t15|tomarenzimaligasa| | | |2014-06-05T18:44:13.0000000Z
f2t13|tomarpolimerasa| | | |2014-06-05T18:44:28.0000000Z
f2t9|tomaroligonucleicoder| | | |2014-06-05T18:44:46.0000000Z
f2t24|agregariaa| | | |2014-06-05T18:45:04.0000000Z
f2t16|tomartamponligasa| | | |2014-06-05T18:45:42.0000000Z
f2t10|tomartamponpolimerasa| | | |2014-06-05T18:45:52.0000000Z
f2t25|soltarbandejapoyataprimeravez| | | |2014-06-05T18:46:36.0000000Z
f2t26|soltarbandejapoyata| | | |2014-06-05T18:52:37.0000000Z
f2t33|iniciarmezcla| | | |2014-06-05T18:54:20.0000000Z
f2t42|agregarenzimaligasa| | | |2014-06-05T18:54:37.0000000Z
f2t40|agregarpolimerasa| | | |2014-06-05T18:54:52.0000000Z
f2t36|agregaroligonucleicoder| | | |2014-06-05T18:54:58.0000000Z
f2t51|agregariaafrombandeja| | | |2014-06-05T18:55:03.0000000Z
f2t37|agregartamponpolimerasa| | | |2014-06-05T18:55:09.0000000Z
f2t52|finmezcla| |f2t34-f2t35-f2t38-f2t39-f2t41|f2t42-f2t51|2014-06-05T18:55:28.0000000Z
f2t53|soltarpipetaamarilla| | | |2014-06-05T18:55:43.0000000Z
f2t54|entregartubomezcla| | | |2014-06-05T18:55:53.0000000Z
f2t56|soltarmezcla| | | |2014-06-05T18:59:10.0000000Z
f2t57|cerrarpcr| | | |2014-06-05T18:59:25.0000000Z
f2t58|amplificarfragmento| | | |2014-06-05T18:59:41.0000000Z
f2t59|entregarmezclapcr| | | |2014-06-05T19:00:19.0000000Z
f2t60|guardarpcr| | | |2014-06-05T19:01:03.0000000Z
f2t61|soltartubonevera| | | |2014-06-05T19:01:17.0000000Z
f3t1|encendertermobloque| | | |2014-06-05T19:01:58.0000000Z
f3t4|calentartermobloque| | | |2014-06-05T19:02:07.0000000Z
f3t2|releerfundamentos| | | |2014-06-05T19:02:14.0000000Z
f3t2|releerfundamentos| | | |2014-06-05T19:02:21.0000000Z
f3t2|releerfundamentos| | | |2014-06-05T19:02:46.0000000Z
f3t2|releerfundamentos| | | |2014-06-05T19:02:53.0000000Z
f3t5|entregarbandejahielo| | | |2014-06-05T19:03:32.0000000Z
f3t2|releerfundamentos| | | |2014-06-05T19:04:12.0000000Z
f3t2|releerfundamentos| | | |2014-06-05T19:04:17.0000000Z
f3t2|releerfundamentos| | | |2014-06-05T19:04:45.0000000Z
f3t2|releerfundamentos| | | |2014-06-05T19:04:48.0000000Z
f3t3|releerprotocolo| | | |2014-06-05T19:04:50.0000000Z
f3t13|tomaroligonucleicoder| | | |2014-06-05T19:05:57.0000000Z
f3t14|tomartamponpolimerasa| | | |2014-06-05T19:06:05.0000000Z
f3t24|agregariaa| | | |2014-06-05T19:06:18.0000000Z
f3t17|tomarpolimerasa| | | |2014-06-05T19:06:26.0000000Z
f3t9|tomartamponligasa| | | |2014-06-05T19:06:54.0000000Z
f3t10|tomarenzimaligasa| | | |2014-06-05T19:07:12.0000000Z
f3t27|soltarbandejapoyata| | | |2014-06-05T19:08:10.0000000Z
f3t26|soltarbandejapoyataprimeravez| | | |2014-06-05T19:08:15.0000000Z
f3t28|sacartuboligacion| | | |2014-06-05T19:08:31.0000000Z
f3t29|entregarpipetaamarilla| | | |2014-06-05T19:08:49.0000000Z
f3t31|cargarpuntaamarilla| | | |2014-06-05T19:09:07.0000000Z
f3t32|iniciarmezcla| | | |2014-06-05T19:09:24.0000000Z
f3t36|agregarenzimaligasa| | | |2014-06-05T19:09:47.0000000Z
f3t35|agregartamponligasa| | | |2014-06-05T19:09:55.0000000Z
f3t39|agregarpolimerasa| | | |2014-06-05T19:10:04.0000000Z
f3t50|agregariaafrombandeja| | | |2014-06-05T19:10:13.0000000Z
f3t42|agregartamponpolimerasa| | | |2014-06-05T19:10:23.0000000Z
f3t41|agregaroligonucleicoder| | | |2014-06-05T19:10:32.0000000Z
f3t52|finmezcla| |f3t33-f3t34-f3t37|f3t39-f3t41-f3t42-f3t50|2014-06-05T19:11:07.0000000Z
f3t53|soltarpipetaamarilla| | | |2014-06-05T19:11:28.0000000Z
f3t54|entregartubomezcla| | | |2014-06-05T19:11:43.0000000Z
f3t55|abrirtermobloque| | | |2014-06-05T19:12:40.0000000Z
f3t56|soltarmezcla| | | |2014-06-05T19:13:16.0000000Z
f3t57|cerrartermobloque| | | |2014-06-05T19:13:35.0000000Z

f3t58|amplificarfragmento| | | |2014-06-05T19:14:04.0000000Z
f3t59|entregarmezclaligacion| | | |2014-06-05T19:14:21.0000000Z
f3t60|guardarligacion| | | |2014-06-05T19:21:15.0000000Z
f3t61|soltartubonevera| | | |2014-06-05T19:21:36.0000000Z
