f0crearLog|crearLog| | | |2013-05-09T14:52:31.0000000Z
f0t1|entregarbata| | | |2013-05-09T14:53:37.0000000Z
f0t2|bloquearpoyata| | | |2013-05-09T14:58:49.0000000Z
f0t3|leerfundamentos| | | |2013-05-09T15:00:15.0000000Z
f0t5|releerfundamentos| | | |2013-05-09T15:00:22.0000000Z
f0t5|releerfundamentos| | | |2013-05-09T15:00:26.0000000Z
f0t5|releerfundamentos| | | |2013-05-09T15:00:28.0000000Z
f0t5|releerfundamentos| | | |2013-05-09T15:00:29.0000000Z
f0t5|releerfundamentos| | | |2013-05-09T15:00:29.0000000Z
f0t4|leerprotocolo| | | |2013-05-09T15:04:05.0000000Z
f0t7|lavarsemanos| | | |2013-05-09T15:07:04.0000000Z
f0t8|entregarguantes| | | |2013-05-09T15:07:25.0000000Z
f1t1|entregarvaso| | | |2013-05-09T15:11:00.0000000Z
f1t21|entregarbotella| | | |2013-05-09T15:11:17.0000000Z
f1t4|soltarvasofregadero| | | |2013-05-09T15:14:11.0000000Z
f1t5|bloquearfregadero| | | |2013-05-09T15:14:15.0000000Z
f1t6|llenarvasoconagua| | | |2013-05-09T15:14:17.0000000Z
f1t7|desbloquearfregadero| | | |2013-05-09T15:14:34.0000000Z
f1t8|soltarvasoagitador| | | |2013-05-09T15:14:57.0000000Z
f1t9|bloquearagitador| | | |2013-05-09T15:15:01.0000000Z
f1t10|bloquearphmetro| | | |2013-05-09T15:15:01.0000000Z
f1t11|encenderagitador| | | |2013-05-09T15:15:16.0000000Z
f1t13|agregarsacarosa| | | |2013-05-09T15:15:41.0000000Z
f1t12|agregarmys| | | |2013-05-09T15:15:59.0000000Z
f1t3|releerprotocolo| | | |2013-05-09T15:16:43.0000000Z
f1t3|releerprotocolo| | | |2013-05-09T15:16:55.0000000Z
f1t3|releerprotocolo| | | |2013-05-09T15:16:57.0000000Z
f1t3|releerprotocolo| | | |2013-05-09T15:17:35.0000000Z
f1t3|releerprotocolo| | | |2013-05-09T15:17:35.0000000Z
f1t3|releerprotocolo| | | |2013-05-09T15:17:36.0000000Z
f1t2|releerfundamentos| | | |2013-05-09T15:17:36.0000000Z
f1t2|releerfundamentos| | | |2013-05-09T15:17:37.0000000Z
f1t2|releerfundamentos| | | |2013-05-09T15:17:37.0000000Z
f1t2|releerfundamentos| | | |2013-05-09T15:17:37.0000000Z
f1t3|releerprotocolo| | | |2013-05-09T15:17:39.0000000Z
f1t3|releerprotocolo| | | |2013-05-09T15:17:39.0000000Z
f1t3|releerprotocolo| | | |2013-05-09T15:17:39.0000000Z
f1t3|releerprotocolo| | | |2013-05-09T15:17:40.0000000Z
f1t3|releerprotocolo| | | |2013-05-09T15:17:40.0000000Z
f1t3|releerprotocolo| | | |2013-05-09T15:17:40.0000000Z
f1t3|releerprotocolo| | | |2013-05-09T15:17:40.0000000Z
f1t20|apagaragitador| | f1t14-f1t16| |2013-05-09T15:19:24.0000000Z
f1t14|ajustarph| | | |2013-05-09T15:20:18.0000000Z
f1t15|desbloquearphmetro| | | |2013-05-09T15:20:20.0000000Z
f1t22|soltarbotellaagitador| | | |2013-05-09T15:31:56.0000000Z
f1t23|movermezclaabotella| | | |2013-05-09T15:32:08.0000000Z
f1t24|desbloquearagitador| | | |2013-05-09T15:32:16.0000000Z
f1t25|insetarbotellaenautoclave| | | |2013-05-09T15:33:31.0000000Z
f1t26|bloquearautoclave| | | |2013-05-09T15:33:35.0000000Z
f1t27|autoclavar| | | |2013-05-09T15:33:40.0000000Z
f1t30|encendercabina| | | |2013-05-09T15:34:57.0000000Z
f1t31|contartiempocabina| | | |2013-05-09T15:34:59.0000000Z
f1t28|entregarbotellaautoclavada| | | |2013-05-09T15:35:55.0000000Z
f1t29|enfriarbotella| | | |2013-05-09T15:35:55.0000000Z
f1t32|soltarbotellacabina| | | |2013-05-09T15:37:14.0000000Z
f1t33|agregariaa| | | |2013-05-09T15:42:06.0000000Z
f1t34|entregarbandeja| | | |2013-05-09T15:46:33.0000000Z
f1t35|soltarbandeja| | | |2013-05-09T15:48:45.0000000Z
f1t36|llenarbotes| | | |2013-05-09T15:49:03.0000000Z
f1t37|esterilizar| | | |2013-05-09T15:49:15.0000000Z
f1t38|entregarchopo| | | |2013-05-09T15:50:36.0000000Z
f1t39|soltarchopocabina| | | |2013-05-09T15:53:26.0000000Z
f1t40|cortarplanta| | | |2013-05-09T15:53:47.0000000Z
f1t41|adjuntarbandeja| | | |2013-05-09T15:53:57.0000000Z
f1t44|bloquearbasefitotron| | | |2013-05-09T15:55:08.0000000Z
f1t43|soltarbandcrecimiento| | | |2013-05-09T15:55:11.0000000Z
f1t45|crecerchopo| | | |2013-05-09T15:55:38.0000000Z
f1t46|fincrecimiento| | | |2013-05-09T15:57:02.0000000Z
f1t3|releerprotocolo| | | |2013-05-09T15:58:35.0000000Z
f2t1|encenderpcr| | | |2013-05-09T16:03:27.0000000Z
f2t4|calentartermobloque| | | |2013-05-09T16:03:27.0000000Z
f2t5|entregarbandejahielo| | | |2013-05-09T16:04:13.0000000Z
f2t3|releerprotocolo| | | |2013-05-09T16:04:50.0000000Z
f2t3|releerprotocolo| | | |2013-05-09T16:05:13.0000000Z
f2t2|releerfundamentos| | | |2013-05-09T16:05:21.0000000Z
f2t2|releerfundamentos| | | |2013-05-09T16:05:28.0000000Z
f2t2|releerfundamentos| | | |2013-05-09T16:05:28.0000000Z
f2t3|releerprotocolo| | | |2013-05-09T16:05:31.0000000Z
f2t3|releerprotocolo| | | |2013-05-09T16:05:31.0000000Z
f2t3|releerprotocolo| | | |2013-05-09T16:05:31.0000000Z
f2t3|releerprotocolo| | | |2013-05-09T16:05:31.0000000Z
f2t3|releerprotocolo| | | |2013-05-09T16:05:38.0000000Z
f2t7|tomaradn| | | |2013-05-09T16:08:08.0000000Z
f2t3|releerprotocolo| | | |2013-05-09T16:08:41.0000000Z
f2t2|releerfundamentos| | | |2013-05-09T16:09:01.0000000Z
f2t2|releerfundamentos| | | |2013-05-09T16:09:01.0000000Z
f2t3|releerprotocolo| | | |2013-05-09T16:09:02.0000000Z
f2t3|releerprotocolo| | | |2013-05-09T16:09:02.0000000Z
f2t3|releerprotocolo| | | |2013-05-09T16:09:04.0000000Z
f2t9|tomaroligonucleicoder| | | |2013-05-09T16:10:06.0000000Z
f2t8|tomaroligonucleicoizq| | | |2013-05-09T16:10:15.0000000Z
f2t10|tomartamponpolimerasa| | | |2013-05-09T16:10:24.0000000Z
f2t11|tomarmgcl| | | |2013-05-09T16:10:43.0000000Z
f2t3|releerprotocolo| | | |2013-05-09T16:10:54.0000000Z
f2t3|releerprotocolo| | | |2013-05-09T16:10:54.0000000Z
f2t2|releerfundamentos| | | |2013-05-09T16:11:02.0000000Z
f2t2|releerfundamentos| | | |2013-05-09T16:11:02.0000000Z
f2t3|releerprotocolo| | | |2013-05-09T16:11:04.0000000Z
f2t3|releerprotocolo| | | |2013-05-09T16:11:04.0000000Z
f2t2|releerfundamentos| | | |2013-05-09T16:11:17.0000000Z
f2t2|releerfundamentos| | | |2013-05-09T16:11:18.0000000Z
f2t3|releerprotocolo| | | |2013-05-09T16:11:18.0000000Z
f2t3|releerprotocolo| | | |2013-05-09T16:11:19.0000000Z
f2t2|releerfundamentos| | | |2013-05-09T16:11:23.0000000Z
f2t2|releerfundamentos| | | |2013-05-09T16:11:23.0000000Z
f2t3|releerprotocolo| | | |2013-05-09T16:11:27.0000000Z
f2t3|releerprotocolo| | | |2013-05-09T16:11:27.0000000Z
f2t3|releerprotocolo| | | |2013-05-09T16:11:28.0000000Z
f2t3|releerprotocolo| | | |2013-05-09T16:11:28.0000000Z
f2t3|releerprotocolo| | | |2013-05-09T16:11:53.0000000Z
f2t3|releerprotocolo| | | |2013-05-09T16:11:53.0000000Z
f2t3|releerprotocolo| | | |2013-05-09T16:13:59.0000000Z
f2t12|tomardntp| | | |2013-05-09T16:15:10.0000000Z
f2t3|releerprotocolo| | | |2013-05-09T16:15:53.0000000Z
f2t3|releerprotocolo| | | |2013-05-09T16:16:06.0000000Z
f2t3|releerprotocolo| | | |2013-05-09T16:16:07.0000000Z
f2t2|releerfundamentos| | | |2013-05-09T16:16:20.0000000Z
f2t3|releerprotocolo| | | |2013-05-09T16:16:22.0000000Z
f2t13|tomarpolimerasa| | | |2013-05-09T16:20:53.0000000Z
f2t14|tomaraguadestilada| | | |2013-05-09T16:21:01.0000000Z
f2t26|soltarbandejapoyata| | | |2013-05-09T16:21:17.0000000Z
f2t25|soltarbandejapoyataprimeravez| | | |2013-05-09T16:21:20.0000000Z
f2t27|entregarboteeppendorf| | | |2013-05-09T16:22:13.0000000Z
f2t28|soltarboteeppendorf| | | |2013-05-09T16:23:00.0000000Z
f2t29|sacartuboeppendorf| | | |2013-05-09T16:23:14.0000000Z
f2t30|entregarpipetaamarilla| | | |2013-05-09T16:23:27.0000000Z
f2t32|cargarpuntaamarilla| | | |2013-05-09T16:23:48.0000000Z
f2t33|iniciarmezcla| | | |2013-05-09T16:24:06.0000000Z
f2t34|agregaradn| | | |2013-05-09T16:24:21.0000000Z
f2t36|agregaroligonucleicoder| | | |2013-05-09T16:24:35.0000000Z
f2t35|agregaroligonucleicoizq| | | |2013-05-09T16:24:46.0000000Z
f2t37|agregartamponpolimerasa| | | |2013-05-09T16:24:48.0000000Z
f2t38|agregarmgcl| | | |2013-05-09T16:24:51.0000000Z
f2t39|agregardntp| | | |2013-05-09T16:24:56.0000000Z
f2t40|agregarpolimerasa| | | |2013-05-09T16:25:00.0000000Z
f2t41|agregaraguadestilada| | | |2013-05-09T16:25:04.0000000Z
f2t52|finmezcla| | | |2013-05-09T16:25:16.0000000Z
f2t53|soltarpipetaamarilla| | | |2013-05-09T16:25:29.0000000Z
f2t54|entregartubomezcla| | | |2013-05-09T16:25:38.0000000Z
f2t55|abrirpcr| | | |2013-05-09T16:26:21.0000000Z
f2t56|soltarmezcla| | | |2013-05-09T16:26:38.0000000Z
f2t57|cerrarpcr| | | |2013-05-09T16:26:56.0000000Z
f2t58|amplificarfragmento| | | |2013-05-09T16:27:11.0000000Z

f2t59|entregarmezclapcr| | | |2013-05-09T16:27:41.0000000Z
f2t60|guardarpcr| | | |2013-05-09T16:28:29.0000000Z
f2t61|soltartubonevera| | | |2013-05-09T16:28:43.0000000Z
