accionrealizada|f0t1|entregarbata|entregarbata|2013-05-09T14:53:50.0000000Z
accionrealizada|f0t1|entregarbata|entregarbata|2013-05-09T14:54:21.0000000Z
accionrealizada|f0t1|entregarbata|entregarbata|2013-05-09T14:55:11.0000000Z
accionrealizada|f0t1|entregarbata|entregarbata|2013-05-09T14:56:11.0000000Z
accionrealizada|f0t1|entregarbata|entregarbata|2013-05-09T14:56:19.0000000Z
accionrealizada|f0t1|entregarbata|entregarbata|2013-05-09T14:56:39.0000000Z
accionrealizada|f1t13|agregarsacarosa|agregarsacarosa|2013-05-09T15:18:53.0000000Z
dependenciasnobloq|f1t20|apagaragitador| f1t14-f1t16|2013-05-09T15:19:19.0000000Z
accionrealizada|f1t20|apagaragitador|apagaragitador|2013-05-09T15:19:26.0000000Z
accionrealizada|f1t11|encenderagitador|encenderagitador|2013-05-09T15:20:14.0000000Z
accionrealizada|f1t11|encenderagitador|encenderagitador|2013-05-09T15:20:16.0000000Z
accionrealizada|f1t14|ajustarph|ajustarph|2013-05-09T15:20:20.0000000Z
accionrealizada|f1t30|encendercabina|encendercabina|2013-05-09T15:34:59.0000000Z
accionrealizada|f1t33|agregariaa|agregariaa|2013-05-09T15:44:08.0000000Z
accionrealizada|f1t36|llenarbotes|llenarbotes|2013-05-09T15:49:06.0000000Z
accionrealizada|f1t36|llenarbotes|llenarbotes|2013-05-09T15:49:08.0000000Z
accionrealizada|f1t36|llenarbotes|llenarbotes|2013-05-09T15:49:10.0000000Z
accionrealizada|f1t38|entregarchopo|entregarchopo|2013-05-09T15:50:41.0000000Z
accionnoencontrada| |entregarguantes| |2013-05-09T16:05:38.0000000Z
dependenciabloq|f2t7|tomaradn|f2t6|2013-05-09T16:07:18.0000000Z
accionrealizada|f2t32|cargarpuntaamarilla|cargarpuntaamarilla|2013-05-09T16:23:50.0000000Z
accionrealizada|f2t57|cerrarpcr|cerrarpcr|2013-05-09T16:27:00.0000000Z
accionrealizada|f2t57|cerrarpcr|cerrarpcr|2013-05-09T16:27:10.0000000Z
accionrealizada|f2t58|amplificarfragmento|amplificarfragmento|2013-05-09T16:27:13.0000000Z
accionrealizada|f2t59|entregarmezclapcr|entregarmezclapcr|2013-05-09T16:27:45.0000000Z
