accionrealizada|f0t8|entregarguantes|entregarguantes|2015-06-17T10:51:16.0000000Z
dependenciasnobloq|f1t20|apagaragitador| f1t14-f1t16|2015-06-17T10:56:04.0000000Z
accionrealizada|f1t14|ajustarph|ajustarph|2015-06-17T10:56:26.0000000Z
accionnoencontrada| |agregaragarosa| |2015-06-17T10:57:08.0000000Z
accionrealizada|f1t11|encenderagitador|encenderagitador|2015-06-17T10:57:31.0000000Z
accionrealizada|f1t21|entregarbotella|entregarbotella|2015-06-17T10:58:28.0000000Z
accionrealizada|f1t23|movermezclaabotella|movermezclaabotella|2015-06-17T10:59:22.0000000Z
accionrealizada|f1t23|movermezclaabotella|movermezclaabotella|2015-06-17T10:59:24.0000000Z
accionrealizada|f1t23|movermezclaabotella|movermezclaabotella|2015-06-17T10:59:27.0000000Z
accionrealizada|f1t23|movermezclaabotella|movermezclaabotella|2015-06-17T10:59:29.0000000Z
accionrealizada|f1t23|movermezclaabotella|movermezclaabotella|2015-06-17T10:59:32.0000000Z
accionrealizada|f1t23|movermezclaabotella|movermezclaabotella|2015-06-17T10:59:34.0000000Z
accionrealizada|f1t23|movermezclaabotella|movermezclaabotella|2015-06-17T10:59:36.0000000Z
accionrealizada|f1t28|entregarbotellaautoclavada|entregarbotellaautoclavada|2015-06-17T11:04:56.0000000Z
dependenciabloq|f1t36|llenarbotes|f1t32|2015-06-17T11:05:18.0000000Z
dependenciabloq|f1t36|llenarbotes|f1t32|2015-06-17T11:05:34.0000000Z
dependenciabloq|f1t36|llenarbotes|f1t32|2015-06-17T11:05:37.0000000Z
dependenciabloq|f1t36|llenarbotes|f1t32|2015-06-17T11:05:40.0000000Z
dependenciabloq|f1t36|llenarbotes|f1t32|2015-06-17T11:05:42.0000000Z
dependenciabloq|f1t36|llenarbotes|f1t32|2015-06-17T11:05:45.0000000Z
dependenciabloq|f1t36|llenarbotes|f1t32|2015-06-17T11:05:48.0000000Z
dependenciabloq|f1t36|llenarbotes|f1t32|2015-06-17T11:05:55.0000000Z
accionrealizada|f1t36|llenarbotes|llenarbotes|2015-06-17T11:06:15.0000000Z
accionrealizada|f1t36|llenarbotes|llenarbotes|2015-06-17T11:06:18.0000000Z
accionrealizada|f1t33|agregariaa|agregariaa|2015-06-17T11:06:40.0000000Z
dependenciabloq|f1t40|cortarplanta|f1t39|2015-06-17T11:06:41.0000000Z
dependenciabloq|f1t40|cortarplanta|f1t39|2015-06-17T11:07:01.0000000Z
dependenciasnobloq|f1t40|cortarplanta|f1t37|2015-06-17T11:08:35.0000000Z
accionrealizada|f1t40|cortarplanta|cortarplanta|2015-06-17T11:08:41.0000000Z
accionrealizada|f1t41|adjuntarbandeja|adjuntarbandeja|2015-06-17T11:08:48.0000000Z
accionrealizada|f1t41|adjuntarbandeja|adjuntarbandeja|2015-06-17T11:08:50.0000000Z
accionrealizada|f1t41|adjuntarbandeja|adjuntarbandeja|2015-06-17T11:08:53.0000000Z
accionrealizada|f1t42|apagarcabina|apagarcabina|2015-06-17T11:08:58.0000000Z
accionrealizada|f1t42|apagarcabina|apagarcabina|2015-06-17T11:09:01.0000000Z
accionrealizada|f1t42|apagarcabina|apagarcabina|2015-06-17T11:09:03.0000000Z
accionnoencontrada| |cerrartermobloque| |2015-06-17T11:13:08.0000000Z
accionnoencontrada| |cerrartermobloque| |2015-06-17T11:13:32.0000000Z
accionnoencontrada| |encenderpcr| |2015-06-17T11:13:53.0000000Z
accionrealizada|f2t10|tomartamponpolimerasa|tomartamponpolimerasa|2015-06-17T11:17:31.0000000Z
accionrealizada|f2t6|adjuntarbandejahielo|adjuntarbandejahielo|2015-06-17T11:18:25.0000000Z
dependenciabloq|f2t32|cargarpuntaamarilla|f2t31|2015-06-17T11:19:54.0000000Z
accionrealizada|f2t32|cargarpuntaamarilla|cargarpuntaamarilla|2015-06-17T11:20:11.0000000Z
dependenciasnobloq|f2t52|finmezcla|f2t36|2015-06-17T11:21:14.0000000Z
accionrealizada|f2t54|entregartubomezcla|entregartubomezcla|2015-06-17T11:21:41.0000000Z
accionnoencontrada| |sacartuboligacion| |2015-06-17T11:22:08.0000000Z
accionnoencontrada| |sacartuboligacion| |2015-06-17T11:22:15.0000000Z
accionnoencontrada| |sacartuboligacion| |2015-06-17T11:22:18.0000000Z
dependenciabloq|f2t57|cerrarpcr|f2t56|2015-06-17T11:22:33.0000000Z
accionnoencontrada| |cerrartermobloque| |2015-06-17T11:22:42.0000000Z
accionrealizada|f2t59|entregarmezclapcr|entregarmezclapcr|2015-06-17T11:23:34.0000000Z
accionrealizada|f2t59|entregarmezclapcr|entregarmezclapcr|2015-06-17T11:23:38.0000000Z
accionrealizada|f2t59|entregarmezclapcr|entregarmezclapcr|2015-06-17T11:23:41.0000000Z
dependenciabloq|f3t11|tomaraguadestilada|f3t6|2015-06-17T11:25:13.0000000Z
dependenciabloq|f3t7|tomaradnplasmidico|f3t6|2015-06-17T11:25:24.0000000Z
accionnoencontrada| |guardarpcr| |2015-06-17T11:27:17.0000000Z
accionnoencontrada| |guardarpcr| |2015-06-17T11:30:32.0000000Z
dependenciabloq|f3t30|adjuntarpipetaamarilla|f3t29|2015-06-17T11:31:35.0000000Z
dependenciabloq|f3t31|cargarpuntaamarilla|f3t30|2015-06-17T11:31:44.0000000Z
dependenciabloq|f3t32|iniciarmezcla|f3t30|2015-06-17T11:31:49.0000000Z
dependenciabloq|f3t32|iniciarmezcla|f3t30|2015-06-17T11:31:54.0000000Z
dependenciabloq|f3t32|iniciarmezcla|f3t30|2015-06-17T11:31:59.0000000Z
dependenciabloq|f3t32|iniciarmezcla|f3t30|2015-06-17T11:32:05.0000000Z
dependenciabloq|f3t32|iniciarmezcla|f3t30|2015-06-17T11:32:15.0000000Z
dependenciabloq|f3t32|iniciarmezcla|f3t30|2015-06-17T11:32:32.0000000Z
accionrealizada|f3t30|adjuntarpipetaamarilla|adjuntarpipetaamarilla|2015-06-17T11:32:48.0000000Z
accionrealizada|f3t30|adjuntarpipetaamarilla|adjuntarpipetaamarilla|2015-06-17T11:32:51.0000000Z
dependenciabloq|f3t32|iniciarmezcla|f3t31|2015-06-17T11:32:54.0000000Z
accionrealizada|f3t31|cargarpuntaamarilla|cargarpuntaamarilla|2015-06-17T11:33:04.0000000Z
accionrealizada|f3t31|cargarpuntaamarilla|cargarpuntaamarilla|2015-06-17T11:33:12.0000000Z
accionrealizada|f3t31|cargarpuntaamarilla|cargarpuntaamarilla|2015-06-17T11:33:16.0000000Z
accionrealizada|f3t32|iniciarmezcla|iniciarmezcla|2015-06-17T11:33:19.0000000Z
accionrealizada|f3t32|iniciarmezcla|iniciarmezcla|2015-06-17T11:33:22.0000000Z
dependenciasnobloq|f3t52|finmezcla|f3t34|2015-06-17T11:33:46.0000000Z
accionrealizada|f3t54|entregartubomezcla|entregartubomezcla|2015-06-17T11:34:16.0000000Z
accionrealizada|f3t59|entregarmezclaligacion|entregarmezclaligacion|2015-06-17T11:35:27.0000000Z
accionnoencontrada| |guardarpcr| |2015-06-17T11:35:42.0000000Z
