f0crearLog|crearLog| | | |2015-06-15T09:04:24.0000000Z
f0t1|entregarbata| | | |2015-06-15T09:05:58.0000000Z
f0t2|bloquearpoyata| | | |2015-06-15T09:14:12.0000000Z
f0t3|leerfundamentos| | | |2015-06-15T09:16:13.0000000Z
f0t4|leerprotocolo| | | |2015-06-15T09:27:43.0000000Z
f0t7|lavarsemanos| | | |2015-06-15T09:41:26.0000000Z
f0t8|entregarguantes| | | |2015-06-15T09:42:01.0000000Z
f1t1|entregarvaso| | | |2015-06-15T09:43:46.0000000Z
f1t4|soltarvasofregadero| | | |2015-06-15T09:47:14.0000000Z
f1t5|bloquearfregadero| | | |2015-06-15T09:47:18.0000000Z
f1t6|llenarvasoconagua| | | |2015-06-15T09:47:22.0000000Z
f1t7|desbloquearfregadero| | | |2015-06-15T09:47:40.0000000Z
f1t8|soltarvasoagitador| | | |2015-06-15T09:48:05.0000000Z
f1t9|bloquearagitador| | | |2015-06-15T09:48:09.0000000Z
f1t10|bloquearphmetro| | | |2015-06-15T09:48:10.0000000Z
f1t11|encenderagitador| | | |2015-06-15T09:48:25.0000000Z
f1t16|agregaragar| | f1t12-f1t13-f1t14| |2015-06-15T09:50:04.0000000Z
f1t13|agregarsacarosa| | | |2015-06-15T09:50:14.0000000Z
f1t12|agregarmys| | | |2015-06-15T09:50:22.0000000Z
f1t19|agergaretilenglicol| | | |2015-06-15T09:50:48.0000000Z
f1t18|agegarcaseina| | | |2015-06-15T09:50:54.0000000Z
f1t17|agregarbisacrilamida| | | |2015-06-15T09:51:01.0000000Z
f1t20|apagaragitador| | f1t14-ord_f1t20|f1t17-f1t18-f1t19|2015-06-15T09:51:44.0000000Z
f1t21|entregarbotella| | | |2015-06-15T09:52:06.0000000Z
f1t22|soltarbotellaagitador| | | |2015-06-15T09:52:40.0000000Z
f1t23|movermezclaabotella| | | |2015-06-15T09:52:54.0000000Z
f1t24|desbloquearagitador| | | |2015-06-15T09:53:03.0000000Z
f1t15|desbloquearphmetro| | | |2015-06-15T09:53:04.0000000Z
f1t25|insetarbotellaenautoclave| | | |2015-06-15T09:55:30.0000000Z
f1t26|bloquearautoclave| | | |2015-06-15T09:55:34.0000000Z
f1t27|autoclavar| | | |2015-06-15T09:55:40.0000000Z
f1t28|entregarbotellaautoclavada| | | |2015-06-15T09:59:04.0000000Z
f1t29|enfriarbotella| | | |2015-06-15T09:59:05.0000000Z
f1t30|encendercabina| | | |2015-06-15T10:03:14.0000000Z
f1t31|contartiempocabina| | | |2015-06-15T10:03:21.0000000Z
f1t32|soltarbotellacabina| | | |2015-06-15T10:04:04.0000000Z
f1t33|agregariaa| | | |2015-06-15T10:06:55.0000000Z
f1t34|entregarbandeja| | | |2015-06-15T10:08:32.0000000Z
f1t35|soltarbandeja| | | |2015-06-15T10:10:21.0000000Z
f1t36|llenarbotes| | | |2015-06-15T10:10:38.0000000Z
f1t37|esterilizar| | | |2015-06-15T10:11:14.0000000Z
f1t38|entregarchopo| | | |2015-06-15T10:13:05.0000000Z
f1t39|soltarchopocabina| | | |2015-06-15T10:14:20.0000000Z
f1t40|cortarplanta| | | |2015-06-15T10:14:31.0000000Z
f1t41|adjuntarbandeja| | | |2015-06-15T10:14:37.0000000Z
f1t42|apagarcabina| | | |2015-06-15T10:14:48.0000000Z
f1t44|bloquearbasefitotron| | | |2015-06-15T10:16:06.0000000Z
f1t43|soltarbandcrecimiento| | | |2015-06-15T10:16:10.0000000Z
f1t45|crecerchopo| | | |2015-06-15T10:16:33.0000000Z
f1t46|fincrecimiento| | | |2015-06-15T10:18:22.0000000Z
f2t1|encenderpcr| | | |2015-06-15T10:19:10.0000000Z
f2t4|calentartermobloque| | | |2015-06-15T10:19:11.0000000Z
f2t5|entregarbandejahielo| | | |2015-06-15T10:20:02.0000000Z
f2t25|soltarbandejapoyataprimeravez| | | |2015-06-15T10:21:09.0000000Z
f2t27|entregarboteeppendorf| | | |2015-06-15T10:22:37.0000000Z
f2t55|abrirpcr| | | |2015-06-15T10:24:56.0000000Z
f2t28|soltarboteeppendorf| | | |2015-06-15T10:25:43.0000000Z
f2t29|sacartuboeppendorf| | | |2015-06-15T10:26:00.0000000Z
f2t30|entregarpipetaamarilla| | | |2015-06-15T10:26:41.0000000Z
f2t32|cargarpuntaamarilla| | | |2015-06-15T10:27:13.0000000Z
f2t26|soltarbandejapoyata| | | |2015-06-15T10:30:03.0000000Z
f2t33|iniciarmezcla| | | |2015-06-15T10:30:09.0000000Z
f2t52|finmezcla| |f2t34-f2t35-f2t36-f2t37-f2t38-f2t39-f2t40-f2t41| |2015-06-15T10:30:21.0000000Z
f2t53|soltarpipetaamarilla| | | |2015-06-15T10:34:11.0000000Z
f2t54|entregartubomezcla| | | |2015-06-15T10:35:14.0000000Z
f2t56|soltarmezcla| | | |2015-06-15T10:36:35.0000000Z
f2t57|cerrarpcr| | | |2015-06-15T10:36:46.0000000Z
f2t58|amplificarfragmento| | | |2015-06-15T10:36:51.0000000Z
f2t59|entregarmezclapcr| | | |2015-06-15T10:37:28.0000000Z
f2t60|guardarpcr| | | |2015-06-15T10:38:21.0000000Z
f2t61|soltartubonevera| | | |2015-06-15T10:38:39.0000000Z
f3t1|encendertermobloque| | | |2015-06-15T10:39:13.0000000Z
f3t4|calentartermobloque| | | |2015-06-15T10:39:14.0000000Z
f3t5|entregarbandejahielo| | | |2015-06-15T10:40:06.0000000Z
f3t24|agregariaa| | | |2015-06-15T10:41:51.0000000Z
f3t10|tomarenzimaligasa| | | |2015-06-15T10:41:59.0000000Z
f3t17|tomarpolimerasa| | | |2015-06-15T10:42:07.0000000Z
f3t9|tomartamponligasa| | | |2015-06-15T10:42:14.0000000Z
f3t14|tomartamponpolimerasa| | | |2015-06-15T10:42:21.0000000Z
f3t55|abrirtermobloque| | | |2015-06-15T10:43:30.0000000Z
f3t27|soltarbandejapoyata| | | |2015-06-15T10:43:56.0000000Z
f3t26|soltarbandejapoyataprimeravez| | | |2015-06-15T10:44:00.0000000Z
f3t28|sacartuboligacion| | | |2015-06-15T10:46:17.0000000Z
f3t29|entregarpipetaamarilla| | | |2015-06-15T11:24:08.0000000Z
f3t31|cargarpuntaamarilla| | | |2015-06-15T11:24:40.0000000Z
f3t32|iniciarmezcla| | | |2015-06-15T11:24:53.0000000Z
f3t50|agregariaafrombandeja| | | |2015-06-15T11:25:09.0000000Z
f3t36|agregarenzimaligasa| | | |2015-06-15T11:25:15.0000000Z
f3t39|agregarpolimerasa| | | |2015-06-15T11:25:21.0000000Z
f3t35|agregartamponligasa| | | |2015-06-15T11:25:27.0000000Z
f3t42|agregartamponpolimerasa| | | |2015-06-15T11:25:33.0000000Z
f3t52|finmezcla| |f3t33-f3t34-f3t37|f3t39-f3t42-f3t50|2015-06-15T11:25:52.0000000Z
f3t53|soltarpipetaamarilla| | | |2015-06-15T11:26:06.0000000Z
f3t54|entregartubomezcla| | | |2015-06-15T11:26:17.0000000Z
f3t56|soltarmezcla| | | |2015-06-15T11:28:01.0000000Z
f3t57|cerrartermobloque| | | |2015-06-15T11:28:09.0000000Z
f3t58|amplificarfragmento| | | |2015-06-15T11:28:29.0000000Z
f3t59|entregarmezclaligacion| | | |2015-06-15T11:28:39.0000000Z
f3t60|guardarligacion| | | |2015-06-15T11:29:14.0000000Z
f3t61|soltartubonevera| | | |2015-06-15T11:29:33.0000000Z