f0crearLog|crearLog| | | |2015-06-15T09:22:48.0000000Z
f0t1|entregarbata| | | |2015-06-15T09:23:23.0000000Z
f0t2|bloquearpoyata| | | |2015-06-15T09:29:02.0000000Z
f0t3|leerfundamentos| | | |2015-06-15T09:31:28.0000000Z
f0t4|leerprotocolo| | | |2015-06-15T09:35:17.0000000Z
f0t7|lavarsemanos| | | |2015-06-15T09:36:05.0000000Z
f0t8|entregarguantes| | | |2015-06-15T09:36:30.0000000Z
f1t1|entregarvaso| | | |2015-06-15T09:37:16.0000000Z
f1t4|soltarvasofregadero| | | |2015-06-15T09:39:06.0000000Z
f1t5|bloquearfregadero| | | |2015-06-15T09:39:10.0000000Z
f1t6|llenarvasoconagua| | | |2015-06-15T09:39:13.0000000Z
f1t7|desbloquearfregadero| | | |2015-06-15T09:39:31.0000000Z
f1t8|soltarvasoagitador| | | |2015-06-15T09:39:46.0000000Z
f1t9|bloquearagitador| | | |2015-06-15T09:39:51.0000000Z
f1t10|bloquearphmetro| | | |2015-06-15T09:39:51.0000000Z
f1t11|encenderagitador| | | |2015-06-15T09:39:57.0000000Z
f1t2|releerfundamentos| | | |2015-06-15T09:41:27.0000000Z
f1t12|agregarmys| | | |2015-06-15T09:43:50.0000000Z
f1t13|agregarsacarosa| | | |2015-06-15T09:44:37.0000000Z
f1t16|agregaragar| | f1t14| |2015-06-15T09:45:04.0000000Z
f1t17|agregarbisacrilamida| | | |2015-06-15T09:45:13.0000000Z
f1t18|agegarcaseina| | | |2015-06-15T09:45:18.0000000Z
f1t19|agergaretilenglicol| | | |2015-06-15T09:45:23.0000000Z
f1t21|entregarbotella| | | |2015-06-15T09:46:54.0000000Z
f1t20|apagaragitador| | f1t14|f1t17-f1t18-f1t19|2015-06-15T09:47:21.0000000Z
f1t22|soltarbotellaagitador| | | |2015-06-15T09:48:09.0000000Z
f1t23|movermezclaabotella| | | |2015-06-15T09:48:22.0000000Z
f1t24|desbloquearagitador| | | |2015-06-15T09:48:33.0000000Z
f1t15|desbloquearphmetro| | | |2015-06-15T09:48:34.0000000Z
f1t34|entregarbandeja| | | |2015-06-15T09:49:49.0000000Z
f1t30|encendercabina| | | |2015-06-15T09:52:50.0000000Z
f1t31|contartiempocabina| | | |2015-06-15T09:52:51.0000000Z
f1t35|soltarbandeja| | | |2015-06-15T09:54:27.0000000Z
f1t37|esterilizar| | | |2015-06-15T09:57:10.0000000Z
f1t25|insetarbotellaenautoclave| | | |2015-06-15T10:00:25.0000000Z
f1t26|bloquearautoclave| | | |2015-06-15T10:00:29.0000000Z
f1t27|autoclavar| | | |2015-06-15T10:00:32.0000000Z
f1t28|entregarbotellaautoclavada| | | |2015-06-15T10:04:21.0000000Z
f1t29|enfriarbotella| | | |2015-06-15T10:04:22.0000000Z
f1t32|soltarbotellacabina| | | |2015-06-15T10:05:20.0000000Z
f1t33|agregariaa| | | |2015-06-15T10:06:51.0000000Z
f1t36|llenarbotes| | | |2015-06-15T10:07:12.0000000Z
f1t38|entregarchopo| | | |2015-06-15T10:11:13.0000000Z
f1t39|soltarchopocabina| | | |2015-06-15T10:12:34.0000000Z
f1t40|cortarplanta| | | |2015-06-15T10:12:45.0000000Z
f1t41|adjuntarbandeja| | | |2015-06-15T10:13:12.0000000Z
f1t42|apagarcabina| | | |2015-06-15T10:13:23.0000000Z
f1t44|bloquearbasefitotron| | | |2015-06-15T10:14:42.0000000Z
f1t43|soltarbandcrecimiento| | | |2015-06-15T10:14:46.0000000Z
f1t45|crecerchopo| | | |2015-06-15T10:15:10.0000000Z
f1t46|fincrecimiento| | | |2015-06-15T10:16:52.0000000Z
f2t1|encenderpcr| | | |2015-06-15T10:17:59.0000000Z
f2t4|calentartermobloque| | | |2015-06-15T10:18:00.0000000Z
f2t2|releerfundamentos| | | |2015-06-15T10:18:46.0000000Z
f2t2|releerfundamentos| | | |2015-06-15T10:19:05.0000000Z
f2t3|releerprotocolo| | | |2015-06-15T10:19:06.0000000Z
f2t3|releerprotocolo| | | |2015-06-15T10:19:08.0000000Z
f2t3|releerprotocolo| | | |2015-06-15T10:19:10.0000000Z
f2t3|releerprotocolo| | | |2015-06-15T10:19:11.0000000Z
f2t2|releerfundamentos| | | |2015-06-15T10:19:11.0000000Z
f2t2|releerfundamentos| | | |2015-06-15T10:19:12.0000000Z
f2t55|abrirpcr| | | |2015-06-15T10:19:25.0000000Z
f2t27|entregarboteeppendorf| | | |2015-06-15T10:20:12.0000000Z
f2t28|soltarboteeppendorf| | | |2015-06-15T10:24:46.0000000Z
f2t5|entregarbandejahielo| | | |2015-06-15T10:25:24.0000000Z
f2t22|tomartampote| | | |2015-06-15T10:25:59.0000000Z
f2t14|tomaraguadestilada| | | |2015-06-15T10:26:04.0000000Z
f2t25|soltarbandejapoyataprimeravez| | | |2015-06-15T10:26:51.0000000Z
f2t29|sacartuboeppendorf| | | |2015-06-15T10:27:13.0000000Z
f2t30|entregarpipetaamarilla| | | |2015-06-15T10:27:32.0000000Z
f2t32|cargarpuntaamarilla| | | |2015-06-15T10:28:00.0000000Z
f2t49|agregartampote| | | |2015-06-15T10:28:52.0000000Z
f2t41|agregaraguadestilada| | | |2015-06-15T10:29:06.0000000Z
f2t9|tomaroligonucleicoder| | | |2015-06-15T10:34:24.0000000Z
f2t10|tomartamponpolimerasa| | | |2015-06-15T10:34:30.0000000Z
f2t16|tomartamponligasa| | | |2015-06-15T10:34:37.0000000Z
f2t13|tomarpolimerasa| | | |2015-06-15T10:34:44.0000000Z
f2t15|tomarenzimaligasa| | | |2015-06-15T10:34:51.0000000Z
f2t24|agregariaa| | | |2015-06-15T10:34:57.0000000Z
f2t26|soltarbandejapoyata| | | |2015-06-15T10:35:52.0000000Z
f2t33|iniciarmezcla| | | |2015-06-15T10:35:56.0000000Z
f2t36|agregaroligonucleicoder| | | |2015-06-15T10:36:09.0000000Z
f2t37|agregartamponpolimerasa| | | |2015-06-15T10:36:15.0000000Z
f2t43|agregartamponligasa| | | |2015-06-15T10:36:19.0000000Z
f2t40|agregarpolimerasa| | | |2015-06-15T10:36:26.0000000Z
f2t42|agregarenzimaligasa| | | |2015-06-15T10:36:30.0000000Z
f2t51|agregariaafrombandeja| | | |2015-06-15T10:36:37.0000000Z
f2t52|finmezcla| |f2t34-f2t35-f2t38-f2t39|f2t42-f2t43-f2t49-f2t51|2015-06-15T10:50:21.0000000Z
f2t53|soltarpipetaamarilla| | | |2015-06-15T10:50:30.0000000Z
f2t54|entregartubomezcla| | | |2015-06-15T10:50:40.0000000Z
f2t56|soltarmezcla| | | |2015-06-15T10:53:52.0000000Z
f2t57|cerrarpcr| | | |2015-06-15T10:53:56.0000000Z
f2t58|amplificarfragmento| | | |2015-06-15T10:54:18.0000000Z
f2t59|entregarmezclapcr| | | |2015-06-15T10:54:56.0000000Z
f2t60|guardarpcr| | | |2015-06-15T10:55:25.0000000Z
f2t61|soltartubonevera| | | |2015-06-15T10:55:42.0000000Z
f3t1|encendertermobloque| | | |2015-06-15T10:56:45.0000000Z
f3t4|calentartermobloque| | | |2015-06-15T10:56:54.0000000Z
f3t2|releerfundamentos| | | |2015-06-15T10:57:11.0000000Z
f3t3|releerprotocolo| | | |2015-06-15T10:57:14.0000000Z
f3t2|releerfundamentos| | | |2015-06-15T10:57:15.0000000Z
f3t2|releerfundamentos| | | |2015-06-15T10:57:23.0000000Z
f3t2|releerfundamentos| | | |2015-06-15T10:57:24.0000000Z
f3t2|releerfundamentos| | | |2015-06-15T10:57:25.0000000Z
f3t2|releerfundamentos| | | |2015-06-15T10:57:27.0000000Z
f3t2|releerfundamentos| | | |2015-06-15T10:57:28.0000000Z
f3t5|entregarbandejahielo| | | |2015-06-15T10:58:01.0000000Z
f3t26|soltarbandejapoyataprimeravez| | | |2015-06-15T10:58:55.0000000Z
f3t28|sacartuboligacion| | | |2015-06-15T10:59:13.0000000Z
f3t29|entregarpipetaamarilla| | | |2015-06-15T10:59:27.0000000Z
f3t31|cargarpuntaamarilla| | | |2015-06-15T10:59:43.0000000Z
f3t23|tomartampote| | | |2015-06-15T11:00:31.0000000Z
f3t11|tomaraguadestilada| | | |2015-06-15T11:00:37.0000000Z
f3t24|agregariaa| | | |2015-06-15T11:01:29.0000000Z
f3t10|tomarenzimaligasa| | | |2015-06-15T11:01:37.0000000Z
f3t17|tomarpolimerasa| | | |2015-06-15T11:01:44.0000000Z
f3t9|tomartamponligasa| | | |2015-06-15T11:01:49.0000000Z
f3t14|tomartamponpolimerasa| | | |2015-06-15T11:01:53.0000000Z
f3t27|soltarbandejapoyata| | | |2015-06-15T11:03:34.0000000Z
f3t55|abrirtermobloque| | | |2015-06-15T11:03:52.0000000Z
f3t32|iniciarmezcla| | | |2015-06-15T11:04:40.0000000Z
f3t48|agregartampote| | | |2015-06-15T11:04:50.0000000Z
f3t37|agregaraguadestilada| | | |2015-06-15T11:04:56.0000000Z
f3t50|agregariaafrombandeja| | | |2015-06-15T11:05:01.0000000Z
f3t36|agregarenzimaligasa| | | |2015-06-15T11:05:06.0000000Z
f3t39|agregarpolimerasa| | | |2015-06-15T11:05:12.0000000Z
f3t35|agregartamponligasa| | | |2015-06-15T11:05:17.0000000Z
f3t42|agregartamponpolimerasa| | | |2015-06-15T11:05:22.0000000Z
f3t52|finmezcla| |f3t33-f3t34|f3t39-f3t42-f3t48-f3t50|2015-06-15T11:05:38.0000000Z
f3t53|soltarpipetaamarilla| | | |2015-06-15T11:05:55.0000000Z
f3t54|entregartubomezcla| | | |2015-06-15T11:06:14.0000000Z
f3t56|soltarmezcla| | | |2015-06-15T11:07:09.0000000Z
f3t57|cerrartermobloque| | | |2015-06-15T11:07:16.0000000Z
f3t58|amplificarfragmento| | | |2015-06-15T11:07:37.0000000Z
f3t59|entregarmezclaligacion| | | |2015-06-15T11:07:50.0000000Z
f3t60|guardarligacion| | | |2015-06-15T11:08:16.0000000Z
f3t61|soltartubonevera| | | |2015-06-15T11:08:37.0000000Z