accionrealizada|f0t1|entregarbata|entregarbata|2014-05-22T16:48:27.0000000Z
accionrealizada|f0t1|entregarbata|entregarbata|2014-05-22T16:57:00.0000000Z
accionrealizada|f0t1|entregarbata|entregarbata|2014-05-22T16:57:23.0000000Z
accionrealizada|f0t1|entregarbata|entregarbata|2014-05-22T17:02:04.0000000Z
accionrealizada|f0t1|entregarbata|entregarbata|2014-05-22T17:02:25.0000000Z
accionrealizada|f0t1|entregarbata|entregarbata|2014-05-22T17:04:55.0000000Z
dependenciabloq|f0t4|leerprotocolo|f0t3|2014-05-22T17:07:53.0000000Z
accionrealizada|f0t8|entregarguantes|entregarguantes|2014-05-22T17:24:12.0000000Z
accionrealizada|f0t8|entregarguantes|entregarguantes|2014-05-22T17:26:05.0000000Z
accionnoencontrada| |lavarsemanos| |2014-05-22T17:28:50.0000000Z
dependenciasnobloq|f1t20|apagaragitador| f1t14-f1t16|2014-05-22T17:32:46.0000000Z
accionrealizada|f1t34|entregarbandeja|entregarbandeja|2014-05-22T17:39:15.0000000Z
accionrealizada|f1t30|encendercabina|encendercabina|2014-05-22T17:49:09.0000000Z
dependenciasnobloq|f1t35|soltarbandeja|f1t31|2014-05-22T17:49:17.0000000Z
dependenciabloq|f1t36|llenarbotes|f1t32|2014-05-22T17:49:27.0000000Z
dependenciabloq|f1t36|llenarbotes|f1t32|2014-05-22T17:49:32.0000000Z
dependenciabloq|f1t36|llenarbotes|f1t32|2014-05-22T17:49:43.0000000Z
dependenciabloq|f1t36|llenarbotes|f1t32|2014-05-22T17:52:29.0000000Z
dependenciabloq|f1t36|llenarbotes|f1t32|2014-05-22T17:52:48.0000000Z
dependenciabloq|f1t36|llenarbotes|f1t32|2014-05-22T17:52:53.0000000Z
dependenciabloq|f1t36|llenarbotes|f1t32|2014-05-22T17:52:57.0000000Z
dependenciabloq|f1t36|llenarbotes|f1t32|2014-05-22T17:53:02.0000000Z
dependenciabloq|f1t36|llenarbotes|f1t32|2014-05-22T17:53:06.0000000Z
dependenciabloq|f1t36|llenarbotes|f1t32|2014-05-22T17:53:10.0000000Z
dependenciabloq|f1t36|llenarbotes|f1t32|2014-05-22T17:53:14.0000000Z
dependenciabloq|f1t36|llenarbotes|f1t32|2014-05-22T17:53:19.0000000Z
accionrealizada|f1t37|esterilizar|esterilizar|2014-05-22T17:53:24.0000000Z
dependenciabloq|f1t36|llenarbotes|f1t32|2014-05-22T17:56:26.0000000Z
dependenciabloq|f1t36|llenarbotes|f1t32|2014-05-22T17:56:36.0000000Z
dependenciabloq|f1t36|llenarbotes|f1t32|2014-05-22T17:56:41.0000000Z
dependenciabloq|f1t36|llenarbotes|f1t32|2014-05-22T17:56:57.0000000Z
dependenciabloq|f1t36|llenarbotes|f1t32|2014-05-22T17:57:43.0000000Z
dependenciabloq|f1t36|llenarbotes|f1t32|2014-05-22T17:57:48.0000000Z
dependenciabloq|f1t36|llenarbotes|f1t32|2014-05-22T17:57:54.0000000Z
dependenciabloq|f1t36|llenarbotes|f1t32|2014-05-22T17:57:59.0000000Z
dependenciabloq|f1t36|llenarbotes|f1t32|2014-05-22T17:58:04.0000000Z
dependenciabloq|f1t36|llenarbotes|f1t32|2014-05-22T18:01:48.0000000Z
dependenciabloq|f1t36|llenarbotes|f1t32|2014-05-22T18:01:54.0000000Z
accionrealizada|f1t37|esterilizar|esterilizar|2014-05-22T18:02:51.0000000Z
accionrealizada|f1t28|entregarbotellaautoclavada|entregarbotellaautoclavada|2014-05-22T18:06:46.0000000Z
accionrealizada|f1t28|entregarbotellaautoclavada|entregarbotellaautoclavada|2014-05-22T18:06:51.0000000Z
accionrealizada|f1t28|entregarbotellaautoclavada|entregarbotellaautoclavada|2014-05-22T18:06:54.0000000Z
dependenciasnobloq|f1t36|llenarbotes|f1t29|2014-05-22T18:07:58.0000000Z
accionrealizada|f1t36|llenarbotes|llenarbotes|2014-05-22T18:08:23.0000000Z
accionrealizada|f1t36|llenarbotes|llenarbotes|2014-05-22T18:08:27.0000000Z
accionrealizada|f1t37|esterilizar|esterilizar|2014-05-22T18:10:04.0000000Z
accionrealizada|f1t40|cortarplanta|cortarplanta|2014-05-22T18:10:19.0000000Z
accionrealizada|f1t30|encendercabina|encendercabina|2014-05-22T18:10:40.0000000Z
accionnoencontrada| |entregarchopocrecido| |2014-05-22T18:14:13.0000000Z
accionnoencontrada| |entregarchopocrecido| |2014-05-22T18:14:18.0000000Z
dependenciabloq|f2t33|iniciarmezcla|f2t29|2014-05-22T18:24:18.0000000Z
accionrealizada|f2t29|sacartuboeppendorf|sacartuboeppendorf|2014-05-22T18:24:54.0000000Z
dependenciabloq|f2t33|iniciarmezcla|f2t31|2014-05-22T18:25:00.0000000Z
dependenciabloq|f2t33|iniciarmezcla|f2t31|2014-05-22T18:25:10.0000000Z
dependenciabloq|f2t33|iniciarmezcla|f2t31|2014-05-22T18:25:20.0000000Z
accionrealizada|f2t29|sacartuboeppendorf|sacartuboeppendorf|2014-05-22T18:25:30.0000000Z
accionrealizada|f2t30|entregarpipetaamarilla|entregarpipetaamarilla|2014-05-22T18:25:56.0000000Z
dependenciabloq|f2t33|iniciarmezcla|f2t31|2014-05-22T18:26:12.0000000Z
accionrealizada|f2t33|iniciarmezcla|iniciarmezcla|2014-05-22T18:27:30.0000000Z
accionrealizada|f2t33|iniciarmezcla|iniciarmezcla|2014-05-22T18:27:36.0000000Z
dependenciabloq|f2t60|guardarpcr|f2t59|2014-05-22T18:29:36.0000000Z
accionnoencontrada| |tomaradnplasmidico| |2014-05-22T18:32:53.0000000Z
dependenciabloq|f2t33|iniciarmezcla|f2t31|2014-05-22T18:36:10.0000000Z
dependenciabloq|f2t33|iniciarmezcla|f2t31|2014-05-22T18:36:29.0000000Z
accionrealizada|f2t30|entregarpipetaamarilla|entregarpipetaamarilla|2014-05-22T18:36:48.0000000Z
accionrealizada|f2t32|cargarpuntaamarilla|cargarpuntaamarilla|2014-05-22T18:37:02.0000000Z
accionrealizada|f2t33|iniciarmezcla|iniciarmezcla|2014-05-22T18:37:32.0000000Z
accionrealizada|f2t33|iniciarmezcla|iniciarmezcla|2014-05-22T18:37:51.0000000Z
accionrealizada|f2t33|iniciarmezcla|iniciarmezcla|2014-05-22T18:38:56.0000000Z
accionrealizada|f2t41|agregaraguadestilada|agregaraguadestilada|2014-05-22T18:43:02.0000000Z
accionrealizada|f2t26|soltarbandejapoyata|soltarbandejapoyata|2014-05-22T18:45:06.0000000Z
accionrealizada|f2t26|soltarbandejapoyata|soltarbandejapoyata|2014-05-22T18:45:20.0000000Z
accionrealizada|f2t26|soltarbandejapoyata|soltarbandejapoyata|2014-05-22T18:45:28.0000000Z
accionrealizada|f2t26|soltarbandejapoyata|soltarbandejapoyata|2014-05-22T18:45:33.0000000Z
accionrealizada|f2t26|soltarbandejapoyata|soltarbandejapoyata|2014-05-22T18:45:56.0000000Z
accionrealizada|f2t26|soltarbandejapoyata|soltarbandejapoyata|2014-05-22T18:46:05.0000000Z
accionrealizada|f2t26|soltarbandejapoyata|soltarbandejapoyata|2014-05-22T18:46:48.0000000Z
accionrealizada|f2t26|soltarbandejapoyata|soltarbandejapoyata|2014-05-22T18:47:01.0000000Z
accionrealizada|f2t26|soltarbandejapoyata|soltarbandejapoyata|2014-05-22T18:47:11.0000000Z
accionrealizada|f2t33|iniciarmezcla|iniciarmezcla|2014-05-22T18:48:41.0000000Z
accionrealizada|f2t33|iniciarmezcla|iniciarmezcla|2014-05-22T18:48:56.0000000Z
accionnoencontrada| |entregarguantes| |2014-05-22T18:52:12.0000000Z
accionrealizada|f2t33|iniciarmezcla|iniciarmezcla|2014-05-22T19:02:18.0000000Z
accionrealizada|f2t33|iniciarmezcla|iniciarmezcla|2014-05-22T19:03:09.0000000Z
accionnoencontrada| |sacartuboligacion| |2014-05-22T19:03:19.0000000Z
accionrealizada|f2t33|iniciarmezcla|iniciarmezcla|2014-05-22T19:05:05.0000000Z
accionrealizada|f2t33|iniciarmezcla|iniciarmezcla|2014-05-22T19:05:10.0000000Z
accionrealizada|f2t33|iniciarmezcla|iniciarmezcla|2014-05-22T19:15:52.0000000Z
accionnoencontrada| |sacartuboligacion| |2014-05-22T19:16:00.0000000Z
accionrealizada|f2t33|iniciarmezcla|iniciarmezcla|2014-05-22T19:16:08.0000000Z
dependenciabloq|f2t57|cerrarpcr|f2t56|2014-05-22T19:17:37.0000000Z
dependenciabloq|f3t1|encendertermobloque|f2t60|2014-05-22T19:17:56.0000000Z
dependenciabloq|f2t60|guardarpcr|f2t59|2014-05-22T19:18:27.0000000Z
accionrealizada|f2t33|iniciarmezcla|iniciarmezcla|2014-05-22T19:19:25.0000000Z
accionrealizada|f2t33|iniciarmezcla|iniciarmezcla|2014-05-22T19:21:30.0000000Z
accionrealizada|f2t33|iniciarmezcla|iniciarmezcla|2014-05-22T19:21:52.0000000Z
accionrealizada|f2t33|iniciarmezcla|iniciarmezcla|2014-05-22T19:23:19.0000000Z
accionrealizada|f2t33|iniciarmezcla|iniciarmezcla|2014-05-22T19:23:52.0000000Z
