f0crearLog|crearLog| | | |2014-05-19T16:58:34.0000000Z
f0t1|entregarbata| | | |2014-05-19T16:59:23.0000000Z
f0t2|bloquearpoyata| | | |2014-05-19T17:00:24.0000000Z
f0t3|leerfundamentos| | | |2014-05-19T17:01:26.0000000Z
f0t4|leerprotocolo| | | |2014-05-19T17:07:31.0000000Z
f0t7|lavarsemanos| | | |2014-05-19T17:10:22.0000000Z
f0t8|entregarguantes| | | |2014-05-19T17:10:41.0000000Z
f1t1|entregarvaso| | | |2014-05-19T17:11:57.0000000Z
f1t4|soltarvasofregadero| | | |2014-05-19T17:15:27.0000000Z
f1t5|bloquearfregadero| | | |2014-05-19T17:15:32.0000000Z
f1t6|llenarvasoconagua| | | |2014-05-19T17:15:49.0000000Z
f1t7|desbloquearfregadero| | | |2014-05-19T17:16:07.0000000Z
f1t8|soltarvasoagitador| | | |2014-05-19T17:16:48.0000000Z
f1t9|bloquearagitador| | | |2014-05-19T17:17:00.0000000Z
f1t10|bloquearphmetro| | | |2014-05-19T17:17:09.0000000Z
f1t11|encenderagitador| | | |2014-05-19T17:17:25.0000000Z
f1t12|agregarmys| | | |2014-05-19T17:17:56.0000000Z
f1t13|agregarsacarosa| | | |2014-05-19T17:18:08.0000000Z
f1t3|releerprotocolo| | | |2014-05-19T17:26:54.0000000Z
f1t3|releerprotocolo| | | |2014-05-19T17:27:14.0000000Z
f1t20|apagaragitador| | f1t14-f1t16| |2014-05-19T17:27:50.0000000Z
f1t21|entregarbotella| | | |2014-05-19T17:28:40.0000000Z
f1t22|soltarbotellaagitador| | | |2014-05-19T17:29:26.0000000Z
f1t23|movermezclaabotella| | | |2014-05-19T17:29:36.0000000Z
f1t24|desbloquearagitador| | | |2014-05-19T17:29:55.0000000Z
f1t15|desbloquearphmetro| | | |2014-05-19T17:30:11.0000000Z
f1t25|insetarbotellaenautoclave| | | |2014-05-19T17:31:07.0000000Z
f1t26|bloquearautoclave| | | |2014-05-19T17:31:15.0000000Z
f1t27|autoclavar| | | |2014-05-19T17:31:23.0000000Z
f1t30|encendercabina| | | |2014-05-19T17:32:33.0000000Z
f1t31|contartiempocabina| | | |2014-05-19T17:33:16.0000000Z
f1t28|entregarbotellaautoclavada| | | |2014-05-19T17:34:07.0000000Z
f1t29|enfriarbotella| | | |2014-05-19T17:34:27.0000000Z
f1t32|soltarbotellacabina| | | |2014-05-19T17:34:54.0000000Z
f1t33|agregariaa| | | |2014-05-19T17:36:03.0000000Z
f1t34|entregarbandeja| | | |2014-05-19T17:37:00.0000000Z
f1t35|soltarbandeja| | | |2014-05-19T17:37:52.0000000Z
f1t36|llenarbotes| | | |2014-05-19T17:38:20.0000000Z
f1t37|esterilizar| | | |2014-05-19T17:39:29.0000000Z
f1t38|entregarchopo| | | |2014-05-19T17:41:19.0000000Z
f1t39|soltarchopocabina| | | |2014-05-19T17:42:15.0000000Z
f1t40|cortarplanta| | | |2014-05-19T17:42:39.0000000Z
f1t41|adjuntarbandeja| | | |2014-05-19T17:43:01.0000000Z
f1t42|apagarcabina| | | |2014-05-19T17:43:46.0000000Z
f1t44|bloquearbasefitotron| | | |2014-05-19T17:44:50.0000000Z
f1t43|soltarbandcrecimiento| | | |2014-05-19T17:45:09.0000000Z
f1t45|crecerchopo| | | |2014-05-19T17:46:04.0000000Z
f1t46|fincrecimiento| | | |2014-05-19T17:48:14.0000000Z
f2t1|encenderpcr| | | |2014-05-19T17:50:16.0000000Z
f2t4|calentartermobloque| | | |2014-05-19T17:50:19.0000000Z
f2t2|releerfundamentos| | | |2014-05-19T17:50:37.0000000Z
f2t3|releerprotocolo| | | |2014-05-19T18:07:52.0000000Z
f2t5|entregarbandejahielo| | | |2014-05-19T18:14:13.0000000Z
f2t10|tomartamponpolimerasa| | | |2014-05-19T18:16:43.0000000Z
f2t13|tomarpolimerasa| | | |2014-05-19T18:17:00.0000000Z
f2t9|tomaroligonucleicoder| | | |2014-05-19T18:17:25.0000000Z
f2t14|tomaraguadestilada| | | |2014-05-19T18:18:32.0000000Z
f2t8|tomaroligonucleicoizq| | | |2014-05-19T18:20:10.0000000Z
f2t12|tomardntp| | | |2014-05-19T18:22:22.0000000Z
f2t7|tomaradn| | | |2014-05-19T18:22:38.0000000Z
f2t11|tomarmgcl| | | |2014-05-19T18:22:56.0000000Z
f2t26|soltarbandejapoyata| | | |2014-05-19T18:23:50.0000000Z
f2t25|soltarbandejapoyataprimeravez| | | |2014-05-19T18:23:56.0000000Z
f2t27|entregarboteeppendorf| | | |2014-05-19T18:25:02.0000000Z
f2t28|soltarboteeppendorf| | | |2014-05-19T18:26:50.0000000Z
f2t29|sacartuboeppendorf| | | |2014-05-19T18:28:09.0000000Z
f2t30|entregarpipetaamarilla| | | |2014-05-19T18:30:41.0000000Z
f2t31|adjuntarpipetaamarilla| | | |2014-05-19T18:33:07.0000000Z
f2t32|cargarpuntaamarilla| | | |2014-05-19T18:33:30.0000000Z
f2t33|iniciarmezcla| | | |2014-05-19T18:37:21.0000000Z
f2t38|agregarmgcl| | | |2014-05-19T18:44:06.0000000Z
f2t34|agregaradn| | | |2014-05-19T18:44:31.0000000Z
f2t39|agregardntp| | | |2014-05-19T18:44:40.0000000Z
f2t35|agregaroligonucleicoizq| | | |2014-05-19T18:44:48.0000000Z
f2t36|agregaroligonucleicoder| | | |2014-05-19T18:45:06.0000000Z
f2t40|agregarpolimerasa| | | |2014-05-19T18:45:20.0000000Z
f2t37|agregartamponpolimerasa| | | |2014-05-19T18:45:33.0000000Z
f2t41|agregaraguadestilada| | | |2014-05-19T18:45:51.0000000Z
f2t52|finmezcla| | | |2014-05-19T18:46:27.0000000Z
f2t53|soltarpipetaamarilla| | | |2014-05-19T18:46:27.0000000Z
f2t54|entregartubomezcla| | | |2014-05-19T19:21:41.0000000Z
f2t55|abrirpcr| | | |2014-05-19T19:22:32.0000000Z
f2t56|soltarmezcla| | | |2014-05-19T19:22:51.0000000Z
f2t57|cerrarpcr| | | |2014-05-19T19:23:01.0000000Z
f2t58|amplificarfragmento| | | |2014-05-19T19:23:13.0000000Z
f2t59|entregarmezclapcr| | | |2014-05-19T19:24:51.0000000Z
f2t60|guardarpcr| | | |2014-05-19T19:26:27.0000000Z
f2t61|soltartubonevera| | | |2014-05-19T19:27:16.0000000Z
f3t1|encendertermobloque| | | |2014-05-19T19:28:09.0000000Z
f3t4|calentartermobloque| | | |2014-05-19T19:28:12.0000000Z
f3t2|releerfundamentos| | | |2014-05-19T19:28:25.0000000Z
f3t3|releerprotocolo| | | |2014-05-19T19:30:21.0000000Z
f3t3|releerprotocolo| | | |2014-05-19T19:31:27.0000000Z
f3t5|entregarbandejahielo| | | |2014-05-19T19:33:20.0000000Z
f3t9|tomartamponligasa| | | |2014-05-19T19:34:10.0000000Z
f3t10|tomarenzimaligasa| | | |2014-05-19T19:34:22.0000000Z
f3t7|tomaradnplasmidico| | | |2014-05-19T19:34:43.0000000Z
f3t27|soltarbandejapoyata| | | |2014-05-19T19:35:03.0000000Z
f3t26|soltarbandejapoyataprimeravez| | | |2014-05-19T19:35:10.0000000Z
f3t28|sacartuboligacion| | | |2014-05-19T19:35:25.0000000Z
f3t29|entregarpipetaamarilla| | | |2014-05-19T19:35:56.0000000Z
f3t31|cargarpuntaamarilla| | | |2014-05-19T19:36:49.0000000Z
f3t32|iniciarmezcla| | | |2014-05-19T19:38:04.0000000Z
f3t35|agregartamponligasa| | | |2014-05-19T19:38:40.0000000Z
f3t33|agregaradnplasmidico| | | |2014-05-19T19:38:57.0000000Z
f3t36|agregarenzimaligasa| | | |2014-05-19T19:39:14.0000000Z
f3t52|finmezcla| | f3t34-f3t37| |2014-05-19T19:58:54.0000000Z

f3t30|adjuntarpipetaamarilla| | | |2014-05-19T20:02:12.0000000Z
