f0crearLog|crearLog| | | |2013-05-21T14:57:26.0000000Z
f0t1|entregarbata| | | |2013-05-21T14:58:24.0000000Z
f0t2|bloquearpoyata| | | |2013-05-21T15:02:29.0000000Z
f0t3|leerfundamentos| | | |2013-05-21T15:05:21.0000000Z
f0t5|releerfundamentos| | | |2013-05-21T15:19:58.0000000Z
f0t5|releerfundamentos| | | |2013-05-21T15:20:10.0000000Z
f0t7|lavarsemanos| | | |2013-05-21T15:37:52.0000000Z
f0t8|entregarguantes| | | |2013-05-21T15:38:20.0000000Z
f1t1|entregarvaso| | | |2013-05-21T15:43:54.0000000Z
f1t4|soltarvasofregadero| | | |2013-05-21T15:45:47.0000000Z
f1t5|bloquearfregadero| | | |2013-05-21T15:45:51.0000000Z
f1t6|llenarvasoconagua| | | |2013-05-21T15:45:57.0000000Z
f1t7|desbloquearfregadero| | | |2013-05-21T15:46:14.0000000Z
f1t8|soltarvasoagitador| | | |2013-05-21T15:46:49.0000000Z
f1t9|bloquearagitador| | | |2013-05-21T15:46:56.0000000Z
f1t10|bloquearphmetro| | | |2013-05-21T15:46:58.0000000Z
f1t11|encenderagitador| | | |2013-05-21T15:47:03.0000000Z
f1t12|agregarmys| | | |2013-05-21T15:47:47.0000000Z
f1t13|agregarsacarosa| | | |2013-05-21T15:47:58.0000000Z
f1t20|apagaragitador| | f1t14-f1t16| |2013-05-21T15:51:29.0000000Z
f1t21|entregarbotella| | | |2013-05-21T15:52:02.0000000Z
f1t22|soltarbotellaagitador| | | |2013-05-21T15:52:37.0000000Z
f1t23|movermezclaabotella| | | |2013-05-21T15:52:48.0000000Z
f1t24|desbloquearagitador| | | |2013-05-21T15:53:00.0000000Z
f1t15|desbloquearphmetro| | | |2013-05-21T15:53:00.0000000Z
f1t34|entregarbandeja| | | |2013-05-21T15:59:17.0000000Z
f1t30|encendercabina| | | |2013-05-21T16:03:12.0000000Z
f1t31|contartiempocabina| | | |2013-05-21T16:03:12.0000000Z
f1t35|soltarbandeja| | | |2013-05-21T16:03:55.0000000Z
f1t25|insetarbotellaenautoclave| | | |2013-05-21T16:26:10.0000000Z
f1t26|bloquearautoclave| | | |2013-05-21T16:26:14.0000000Z
f1t27|autoclavar| | | |2013-05-21T16:26:20.0000000Z
f1t37|esterilizar| | | |2013-05-21T16:29:00.0000000Z
f1t28|entregarbotellaautoclavada| | | |2013-05-21T16:30:23.0000000Z
f1t29|enfriarbotella| | | |2013-05-21T16:30:23.0000000Z
f1t32|soltarbotellacabina| | | |2013-05-21T16:31:38.0000000Z
f1t33|agregariaa| | | |2013-05-21T16:36:59.0000000Z
f1t36|llenarbotes| | | |2013-05-21T16:38:35.0000000Z
f1t38|entregarchopo| | | |2013-05-21T16:41:40.0000000Z
f1t39|soltarchopocabina| | | |2013-05-21T16:42:47.0000000Z
f1t40|cortarplanta| | | |2013-05-21T16:43:00.0000000Z
f1t41|adjuntarbandeja| | | |2013-05-21T16:43:04.0000000Z
f1t42|apagarcabina| | | |2013-05-21T16:43:25.0000000Z
f1t44|bloquearbasefitotron| | | |2013-05-21T16:44:20.0000000Z
f1t43|soltarbandcrecimiento| | | |2013-05-21T16:44:23.0000000Z
f1t45|crecerchopo| | | |2013-05-21T16:44:52.0000000Z
f1t46|fincrecimiento| | | |2013-05-21T16:47:31.0000000Z
f1t2|releerfundamentos| | | |2013-05-21T16:50:42.0000000Z
f2t1|encenderpcr| | | |2013-05-21T17:09:22.0000000Z
f2t4|calentartermobloque| | | |2013-05-21T17:09:23.0000000Z
f2t5|entregarbandejahielo| | | |2013-05-21T17:10:06.0000000Z
f2t55|abrirpcr| | | |2013-05-21T17:13:41.0000000Z
f2t2|releerfundamentos| | | |2013-05-21T17:18:52.0000000Z
f2t2|releerfundamentos| | | |2013-05-21T17:18:58.0000000Z
f2t2|releerfundamentos| | | |2013-05-21T17:24:12.0000000Z
f2t16|tomartamponligasa| | | |2013-05-21T17:30:19.0000000Z
f2t25|soltarbandejapoyataprimeravez| | | |2013-05-21T17:33:05.0000000Z
f2t27|entregarboteeppendorf| | | |2013-05-21T17:34:53.0000000Z
f2t28|soltarboteeppendorf| | | |2013-05-21T17:36:17.0000000Z
f2t29|sacartuboeppendorf| | | |2013-05-21T17:36:37.0000000Z
f2t30|entregarpipetaamarilla| | | |2013-05-21T17:36:55.0000000Z
f2t32|cargarpuntaamarilla| | | |2013-05-21T17:40:37.0000000Z
f2t26|soltarbandejapoyata| | | |2013-05-21T17:48:48.0000000Z
f2t33|iniciarmezcla| | | |2013-05-21T17:49:29.0000000Z
f2t52|finmezcla| |f2t34-f2t35-f2t36-f2t37-f2t38-f2t39-f2t40-f2t41| |2013-05-21T17:49:47.0000000Z
f2t53|soltarpipetaamarilla| | | |2013-05-21T17:51:57.0000000Z
f2t54|entregartubomezcla| | | |2013-05-21T17:53:10.0000000Z
f2t56|soltarmezcla| | | |2013-05-21T18:05:07.0000000Z
f2t57|cerrarpcr| | | |2013-05-21T18:09:43.0000000Z
f2t58|amplificarfragmento| | | |2013-05-21T18:09:50.0000000Z
f2t59|entregarmezclapcr| | | |2013-05-21T18:10:32.0000000Z
f2t60|guardarpcr| | | |2013-05-21T18:12:00.0000000Z
f2t61|soltartubonevera| | | |2013-05-21T18:12:11.0000000Z
f3t1|encendertermobloque| | | |2013-05-21T18:16:50.0000000Z
f3t4|calentartermobloque| | | |2013-05-21T18:16:50.0000000Z
f3t55|abrirtermobloque| | | |2013-05-21T18:17:30.0000000Z
f3t5|entregarbandejahielo| | | |2013-05-21T18:18:21.0000000Z
f3t9|tomartamponligasa| | | |2013-05-21T18:22:14.0000000Z
f3t10|tomarenzimaligasa| | | |2013-05-21T18:22:36.0000000Z
f3t17|tomarpolimerasa| | | |2013-05-21T18:22:45.0000000Z
f3t27|soltarbandejapoyata| | | |2013-05-21T18:23:56.0000000Z
f3t26|soltarbandejapoyataprimeravez| | | |2013-05-21T18:24:00.0000000Z
f3t28|sacartuboligacion| | | |2013-05-21T18:24:15.0000000Z
f3t29|entregarpipetaamarilla| | | |2013-05-21T18:24:48.0000000Z
f3t31|cargarpuntaamarilla| | | |2013-05-21T18:25:02.0000000Z
f3t32|iniciarmezcla| | | |2013-05-21T18:25:13.0000000Z
f3t35|agregartamponligasa| | | |2013-05-21T18:25:30.0000000Z
f3t36|agregarenzimaligasa| | | |2013-05-21T18:25:45.0000000Z
f3t39|agregarpolimerasa| | | |2013-05-21T18:25:55.0000000Z
f3t52|finmezcla| |f3t33-f3t34-f3t37|f3t39|2013-05-21T18:26:03.0000000Z
f3t53|soltarpipetaamarilla| | | |2013-05-21T18:26:18.0000000Z
f3t54|entregartubomezcla| | | |2013-05-21T18:26:23.0000000Z
f3t56|soltarmezcla| | | |2013-05-21T18:27:08.0000000Z
f3t57|cerrartermobloque| | | |2013-05-21T18:27:13.0000000Z

f3t58|amplificarfragmento| | | |2013-05-21T18:27:27.0000000Z
f3t59|entregarmezclaligacion| | | |2013-05-21T18:27:58.0000000Z
f3t60|guardarligacion| | | |2013-05-21T18:28:28.0000000Z
f3t61|soltartubonevera| | | |2013-05-21T18:28:40.0000000Z
