accionrealizada|f0t1|entregarbata|entregarbata|2013-05-06T14:55:26.0000000Z
accionrealizada|f0t1|entregarbata|entregarbata|2013-05-06T14:56:59.0000000Z
accionrealizada|f0t1|entregarbata|entregarbata|2013-05-06T14:57:08.0000000Z
accionrealizada|f0t1|entregarbata|entregarbata|2013-05-06T14:59:43.0000000Z
accionrealizada|f0t1|entregarbata|entregarbata|2013-05-06T14:59:56.0000000Z
accionrealizada|f0t1|entregarbata|entregarbata|2013-05-06T15:00:56.0000000Z
accionnoencontrada| |agregaragarosa| |2013-05-06T15:18:20.0000000Z
accionnoencontrada| |agregaragarosa| |2013-05-06T15:18:49.0000000Z
dependenciasnobloq|f1t16|agregaragar| f1t14|2013-05-06T15:19:46.0000000Z
accionnoencontrada| |agregaragarosa| |2013-05-06T15:19:58.0000000Z
accionrealizada|f1t17|agregarbisacrilamida|agregarbisacrilamida|2013-05-06T15:20:05.0000000Z
accionrealizada|f1t12|agregarmys|agregarmys|2013-05-06T15:20:40.0000000Z
accionrealizada|f1t12|agregarmys|agregarmys|2013-05-06T15:20:49.0000000Z
accionrealizada|f1t13|agregarsacarosa|agregarsacarosa|2013-05-06T15:21:01.0000000Z
accionnoencontrada| |agregaragarosa| |2013-05-06T15:21:08.0000000Z
accionrealizada|f1t12|agregarmys|agregarmys|2013-05-06T15:21:16.0000000Z
accionrealizada|f1t16|agregaragar|agregaragar|2013-05-06T15:21:24.0000000Z
accionrealizada|f1t16|agregaragar|agregaragar|2013-05-06T15:22:48.0000000Z
accionnoencontrada| |agregaragarosa| |2013-05-06T15:22:53.0000000Z
accionnoencontrada| |agregaragarosa| |2013-05-06T15:23:31.0000000Z
accionrealizada|f1t16|agregaragar|agregaragar|2013-05-06T15:23:41.0000000Z
accionrealizada|f1t13|agregarsacarosa|agregarsacarosa|2013-05-06T15:23:48.0000000Z
accionrealizada|f1t12|agregarmys|agregarmys|2013-05-06T15:23:58.0000000Z
accionrealizada|f1t16|agregaragar|agregaragar|2013-05-06T15:25:05.0000000Z
accionnoencontrada| |agregaragarosa| |2013-05-06T15:25:10.0000000Z
accionrealizada|f1t16|agregaragar|agregaragar|2013-05-06T15:25:42.0000000Z
accionnoencontrada| |agregaragarosa| |2013-05-06T15:25:49.0000000Z
accionrealizada|f1t17|agregarbisacrilamida|agregarbisacrilamida|2013-05-06T15:25:59.0000000Z
accionrealizada|f1t12|agregarmys|agregarmys|2013-05-06T15:27:41.0000000Z
accionrealizada|f1t13|agregarsacarosa|agregarsacarosa|2013-05-06T15:27:45.0000000Z
dependenciasnobloq|f1t20|apagaragitador| f1t14|2013-05-06T15:31:51.0000000Z
incompatibilidadnobloq|f1t20|apagaragitador|f1t17-f1t18-f1t19|2013-05-06T15:31:51.0000000Z
accionrealizada|f1t11|encenderagitador|encenderagitador|2013-05-06T15:32:07.0000000Z
accionrealizada|f1t11|encenderagitador|encenderagitador|2013-05-06T15:32:09.0000000Z
accionnoencontrada| |entregarbandejahielo| |2013-05-06T15:37:24.0000000Z
accionnoencontrada| |entregarbata| |2013-05-06T15:37:36.0000000Z
accionrealizada|f1t36|llenarbotes|llenarbotes|2013-05-06T15:39:54.0000000Z
dependenciabloq|f1t40|cortarplanta|f1t39|2013-05-06T15:40:03.0000000Z
dependenciabloq|f1t40|cortarplanta|f1t39|2013-05-06T15:40:11.0000000Z
dependenciabloq|f1t40|cortarplanta|f1t39|2013-05-06T15:40:33.0000000Z
accionnoencontrada| |leerprotocolo| |2013-05-06T15:48:48.0000000Z
accionnoencontrada| |tomarpolimerasa| |2013-05-06T15:51:22.0000000Z
accionnoencontrada| |leerprotocolo| |2013-05-06T15:51:44.0000000Z
accionnoencontrada| |leerprotocolo| |2013-05-06T15:51:46.0000000Z
accionnoencontrada| |tomarpolimerasa| |2013-05-06T15:52:55.0000000Z
accionnoencontrada| |lavarsemanos| |2013-05-06T15:53:32.0000000Z
accionnoencontrada| |lavarsemanos| |2013-05-06T15:53:37.0000000Z
accionnoencontrada| |entregarbandejahielo| |2013-05-06T15:53:52.0000000Z
accionnoencontrada| |entregarbandejahielo| |2013-05-06T15:53:59.0000000Z
accionnoencontrada| |entregarbandejahielo| |2013-05-06T15:54:11.0000000Z
accionnoencontrada| |entregarbandejahielo| |2013-05-06T15:54:35.0000000Z
dependenciabloq|f2t55|abrirpcr|f2t4|2013-05-06T15:55:08.0000000Z
accionnoencontrada| |leerprotocolo| |2013-05-06T15:55:49.0000000Z
accionrealizada|f2t5|entregarbandejahielo|entregarbandejahielo|2013-05-06T15:56:35.0000000Z
accionrealizada|f2t5|entregarbandejahielo|entregarbandejahielo|2013-05-06T15:56:55.0000000Z
dependenciabloq|f2t60|guardarpcr|f2t59|2013-05-06T16:00:21.0000000Z
dependenciabloq|f2t33|iniciarmezcla|f2t31|2013-05-06T16:03:29.0000000Z
dependenciabloq|f2t32|cargarpuntaamarilla|f2t31|2013-05-06T16:04:38.0000000Z
dependenciabloq|f2t32|cargarpuntaamarilla|f2t31|2013-05-06T16:04:40.0000000Z
dependenciabloq|f2t32|cargarpuntaamarilla|f2t31|2013-05-06T16:04:50.0000000Z
dependenciasnobloq|f2t52|finmezcla|f2t37-f2t38-f2t39-f2t41|2013-05-06T16:05:39.0000000Z
accionrealizada|f2t54|entregartubomezcla|entregartubomezcla|2013-05-06T16:06:27.0000000Z
accionrealizada|f2t54|entregartubomezcla|entregartubomezcla|2013-05-06T16:06:29.0000000Z
accionrealizada|f2t54|entregartubomezcla|entregartubomezcla|2013-05-06T16:06:31.0000000Z
accionrealizada|f2t54|entregartubomezcla|entregartubomezcla|2013-05-06T16:06:33.0000000Z
accionnoencontrada| |entregarguantes| |2013-05-06T16:06:37.0000000Z
accionrealizada|f2t54|entregartubomezcla|entregartubomezcla|2013-05-06T16:06:39.0000000Z
accionrealizada|f2t54|entregartubomezcla|entregartubomezcla|2013-05-06T16:06:41.0000000Z
accionrealizada|f2t54|entregartubomezcla|entregartubomezcla|2013-05-06T16:06:43.0000000Z
accionrealizada|f2t54|entregartubomezcla|entregartubomezcla|2013-05-06T16:06:47.0000000Z
accionrealizada|f2t54|entregartubomezcla|entregartubomezcla|2013-05-06T16:06:50.0000000Z
dependenciabloq|f2t57|cerrarpcr|f2t56|2013-05-06T16:07:26.0000000Z
dependenciabloq|f2t57|cerrarpcr|f2t56|2013-05-06T16:07:28.0000000Z
dependenciabloq|f2t57|cerrarpcr|f2t56|2013-05-06T16:07:30.0000000Z
dependenciabloq|f2t57|cerrarpcr|f2t56|2013-05-06T16:07:49.0000000Z
accionrealizada|f2t57|cerrarpcr|cerrarpcr|2013-05-06T16:08:26.0000000Z
accionrealizada|f2t57|cerrarpcr|cerrarpcr|2013-05-06T16:08:30.0000000Z
accionrealizada|f2t59|entregarmezclapcr|entregarmezclapcr|2013-05-06T16:09:31.0000000Z
accionrealizada|f2t59|entregarmezclapcr|entregarmezclapcr|2013-05-06T16:09:35.0000000Z
accionnoencontrada| |encenderpcr| |2013-05-06T16:11:47.0000000Z
accionnoencontrada| |cerrarpcr| |2013-05-06T16:12:06.0000000Z
accionnoencontrada| |encendertermobloque| |2013-05-06T16:12:09.0000000Z
accionnoencontrada| |encendertermobloque| |2013-05-06T16:12:11.0000000Z
accionnoencontrada| |encendertermobloque| |2013-05-06T16:12:13.0000000Z
accionnoencontrada| |leerprotocolo| |2013-05-06T16:12:56.0000000Z
accionnoencontrada| |tomaragrobacterium| |2013-05-06T16:15:08.0000000Z
accionrealizada|f3t29|entregarpipetaamarilla|entregarpipetaamarilla|2013-05-06T16:17:39.0000000Z
dependenciasnobloq|f3t31|cargarpuntaamarilla|f3t30|2013-05-06T16:17:58.0000000Z
accionrealizada|f3t29|entregarpipetaamarilla|entregarpipetaamarilla|2013-05-06T16:18:03.0000000Z
accionrealizada|f3t31|cargarpuntaamarilla|cargarpuntaamarilla|2013-05-06T16:18:15.0000000Z
dependenciasnobloq|f3t52|finmezcla|f3t33-f3t34-f3t35-f3t37|2013-05-06T16:18:29.0000000Z
dependenciabloq|f3t57|cerrartermobloque|f3t56|2013-05-06T16:20:13.0000000Z
dependenciabloq|f3t57|cerrartermobloque|f3t56|2013-05-06T16:20:34.0000000Z
accionnoencontrada| |encenderpcr| |2013-05-06T16:22:31.0000000Z
accionnoencontrada| |encenderpcr| |2013-05-06T16:22:37.0000000Z
dependenciabloq|f3t57|cerrartermobloque|f3t56|2013-05-06T16:22:44.0000000Z
dependenciabloq|f3t57|cerrartermobloque|f3t56|2013-05-06T16:23:10.0000000Z
accionrealizada|f3t5|entregarbandejahielo|entregarbandejahielo|2013-05-06T16:26:11.0000000Z
accionrealizada|f3t5|entregarbandejahielo|entregarbandejahielo|2013-05-06T16:26:47.0000000Z
accionrealizada|f3t5|entregarbandejahielo|entregarbandejahielo|2013-05-06T16:26:49.0000000Z
dependenciabloq|f3t57|cerrartermobloque|f3t56|2013-05-06T16:27:39.0000000Z
dependenciabloq|f3t57|cerrartermobloque|f3t56|2013-05-06T16:27:57.0000000Z
dependenciabloq|f3t57|cerrartermobloque|f3t56|2013-05-06T16:28:31.0000000Z
dependenciabloq|f3t57|cerrartermobloque|f3t56|2013-05-06T16:28:40.0000000Z
dependenciabloq|f3t57|cerrartermobloque|f3t56|2013-05-06T16:28:42.0000000Z
dependenciabloq|f3t57|cerrartermobloque|f3t56|2013-05-06T16:28:44.0000000Z
dependenciabloq|f3t57|cerrartermobloque|f3t56|2013-05-06T16:28:46.0000000Z
dependenciabloq|f3t57|cerrartermobloque|f3t56|2013-05-06T16:28:48.0000000Z
dependenciabloq|f3t57|cerrartermobloque|f3t56|2013-05-06T16:28:51.0000000Z
dependenciabloq|f3t57|cerrartermobloque|f3t56|2013-05-06T16:28:53.0000000Z
dependenciabloq|f3t57|cerrartermobloque|f3t56|2013-05-06T16:29:08.0000000Z
dependenciabloq|f3t57|cerrartermobloque|f3t56|2013-05-06T16:29:10.0000000Z
dependenciabloq|f3t57|cerrartermobloque|f3t56|2013-05-06T16:31:16.0000000Z
dependenciabloq|f3t57|cerrartermobloque|f3t56|2013-05-06T16:31:18.0000000Z
dependenciabloq|f3t57|cerrartermobloque|f3t56|2013-05-06T16:31:26.0000000Z
dependenciabloq|f3t57|cerrartermobloque|f3t56|2013-05-06T16:31:37.0000000Z
dependenciabloq|f3t57|cerrartermobloque|f3t56|2013-05-06T16:32:29.0000000Z
dependenciabloq|f3t57|cerrartermobloque|f3t56|2013-05-06T16:34:00.0000000Z
dependenciabloq|f3t57|cerrartermobloque|f3t56|2013-05-06T16:34:02.0000000Z
dependenciabloq|f3t57|cerrartermobloque|f3t56|2013-05-06T16:34:15.0000000Z
dependenciabloq|f3t57|cerrartermobloque|f3t56|2013-05-06T16:34:39.0000000Z
dependenciabloq|f3t57|cerrartermobloque|f3t56|2013-05-06T16:34:55.0000000Z
accionnoencontrada| |entregarbata| |2013-05-06T16:35:19.0000000Z
dependenciabloq|f3t57|cerrartermobloque|f3t56|2013-05-06T16:37:53.0000000Z
dependenciabloq|f3t57|cerrartermobloque|f3t56|2013-05-06T16:39:29.0000000Z
accionnoencontrada| |encenderpcr| |2013-05-06T16:40:26.0000000Z
dependenciabloq|f3t57|cerrartermobloque|f3t56|2013-05-06T16:40:32.0000000Z
dependenciabloq|f3t57|cerrartermobloque|f3t56|2013-05-06T16:40:39.0000000Z
dependenciabloq|f3t57|cerrartermobloque|f3t56|2013-05-06T16:40:41.0000000Z
dependenciabloq|f3t57|cerrartermobloque|f3t56|2013-05-06T16:42:07.0000000Z
accionnoencontrada| |encendertermobloque| |2013-05-06T16:44:13.0000000Z
accionnoencontrada| |encendertermobloque| |2013-05-06T16:44:23.0000000Z
accionnoencontrada| |encendertermobloque| |2013-05-06T16:44:30.0000000Z
dependenciabloq|f3t57|cerrartermobloque|f3t56|2013-05-06T16:45:23.0000000Z
dependenciabloq|f3t57|cerrartermobloque|f3t56|2013-05-06T16:46:09.0000000Z
dependenciabloq|f3t57|cerrartermobloque|f3t56|2013-05-06T16:46:11.0000000Z
dependenciabloq|f3t57|cerrartermobloque|f3t56|2013-05-06T16:46:13.0000000Z
dependenciabloq|f3t57|cerrartermobloque|f3t56|2013-05-06T16:46:18.0000000Z
dependenciabloq|f3t57|cerrartermobloque|f3t56|2013-05-06T16:46:20.0000000Z
dependenciabloq|f3t57|cerrartermobloque|f3t56|2013-05-06T16:46:23.0000000Z
dependenciabloq|f3t57|cerrartermobloque|f3t56|2013-05-06T16:46:59.0000000Z
dependenciabloq|f3t57|cerrartermobloque|f3t56|2013-05-06T16:47:01.0000000Z
dependenciabloq|f3t57|cerrartermobloque|f3t56|2013-05-06T16:57:46.0000000Z
accionnoencontrada| |encendertermobloque| |2013-05-06T16:58:15.0000000Z
dependenciabloq|f3t57|cerrartermobloque|f3t56|2013-05-06T17:02:21.0000000Z
dependenciabloq|f3t57|cerrartermobloque|f3t56|2013-05-06T17:03:18.0000000Z
dependenciabloq|f3t57|cerrartermobloque|f3t56|2013-05-06T17:04:15.0000000Z
dependenciabloq|f3t57|cerrartermobloque|f3t56|2013-05-06T17:08:07.0000000Z
dependenciabloq|f3t57|cerrartermobloque|f3t56|2013-05-06T17:08:09.0000000Z
dependenciabloq|f3t60|guardarligacion|f3t59|2013-05-06T17:11:34.0000000Z
accionnoencontrada| |guardarpcr| |2013-05-06T17:11:43.0000000Z
