lavarsemanos|avatarlejosdelavamanos|Lavamanos|2013-05-06T15:09:16.0000000Z
lavarsemanos|avatarlejosdelavamanos|Lavamanos|2013-05-06T15:09:18.0000000Z
soltarvasofregadero|avatarlejosdebasevaso|Vaso|2013-05-06T15:12:06.0000000Z
soltarvasofregadero|avatarlejosdebasevaso|Vaso|2013-05-06T15:12:37.0000000Z
soltarbotellaagitador|noseencuentraelagitador|Botella|2013-05-06T15:30:52.0000000Z
soltarbotellaagitador|noseencuentraelagitador|Botella|2013-05-06T15:31:10.0000000Z
soltarbotellacabina|noseencuentracabina|Botella|2013-05-06T15:34:22.0000000Z
soltarbotellacabina|noseencuentracabina|Botella|2013-05-06T15:35:28.0000000Z
lavarsemanos|avatarlejosdelavamanos|Lavamanos|2013-05-06T15:51:55.0000000Z
lavarsemanos|avatarlejosdelavamanos|Lavamanos|2013-05-06T15:53:27.0000000Z
soltarbandejapoyata|noseencuentrapoyata|BandejaHielo|2013-05-06T16:00:32.0000000Z
soltarmezcla|avatarlejos|TuboMezcla|2013-05-06T16:19:40.0000000Z
soltarmezcla|avatarlejos|TuboMezcla|2013-05-06T16:19:46.0000000Z
soltarmezcla|avatarlejos|TuboMezcla|2013-05-06T16:20:03.0000000Z
soltarmezcla|avatarlejos|TuboMezcla|2013-05-06T16:20:08.0000000Z
soltarmezcla|avatarlejos|TuboMezcla|2013-05-06T16:20:17.0000000Z
soltarmezcla|avatarlejos|TuboMezcla|2013-05-06T16:20:37.0000000Z
soltarmezcla|avatarlejos|TuboMezcla|2013-05-06T16:20:54.0000000Z
soltarmezcla|avatarlejos|TuboMezcla|2013-05-06T16:22:02.0000000Z
soltarmezcla|avatarlejos|TuboMezcla|2013-05-06T16:22:45.0000000Z
soltarmezcla|avatarlejos|TuboMezcla|2013-05-06T16:23:09.0000000Z
