accionrealizada|f0t1|entregarbata|entregarbata|2013-05-10T14:56:20.0000000Z
accionnoencontrada| |lavarsemanos| |2013-05-10T15:06:52.0000000Z
accionnoencontrada| |lavarsemanos| |2013-05-10T15:13:08.0000000Z
dependenciasnobloq|f1t20|apagaragitador| f1t14-f1t16|2013-05-10T15:22:41.0000000Z
accionrealizada|f1t28|entregarbotellaautoclavada|entregarbotellaautoclavada|2013-05-10T15:37:12.0000000Z
accionnoencontrada| |entregarguantes| |2013-05-10T16:14:11.0000000Z
accionrealizada|f2t5|entregarbandejahielo|entregarbandejahielo|2013-05-10T16:19:09.0000000Z
accionnoencontrada| |tomaragrobacterium| |2013-05-10T16:21:37.0000000Z
accionrealizada|f2t14|tomaraguadestilada|tomaraguadestilada|2013-05-10T16:29:34.0000000Z
dependenciabloq|f2t33|iniciarmezcla|f2t32|2013-05-10T16:31:56.0000000Z
dependenciasnobloq|f2t52|finmezcla|f2t34-f2t35-f2t36-f2t37-f2t38-f2t39-f2t40-f2t41|2013-05-10T16:32:23.0000000Z
accionrealizada|f2t32|cargarpuntaamarilla|cargarpuntaamarilla|2013-05-10T16:32:33.0000000Z
accionrealizada|f2t54|entregartubomezcla|entregartubomezcla|2013-05-10T16:33:08.0000000Z
dependenciabloq|f2t59|entregarmezclapcr|f2t58|2013-05-10T16:33:56.0000000Z
dependenciabloq|f2t59|entregarmezclapcr|f2t58|2013-05-10T16:34:06.0000000Z
accionrealizada|f2t59|entregarmezclapcr|entregarmezclapcr|2013-05-10T16:34:27.0000000Z
dependenciabloq|f3t7|tomaradnplasmidico|f3t6|2013-05-10T16:47:14.0000000Z
dependenciabloq|f3t32|iniciarmezcla|f3t30|2013-05-10T16:51:49.0000000Z
dependenciabloq|f3t32|iniciarmezcla|f3t30|2013-05-10T16:51:52.0000000Z
accionrealizada|f3t31|cargarpuntaamarilla|cargarpuntaamarilla|2013-05-10T16:51:58.0000000Z
accionrealizada|f3t29|entregarpipetaamarilla|entregarpipetaamarilla|2013-05-10T16:52:07.0000000Z
accionrealizada|f3t31|cargarpuntaamarilla|cargarpuntaamarilla|2013-05-10T16:52:16.0000000Z
accionrealizada|f3t35|agregartamponligasa|agregartamponligasa|2013-05-10T16:52:47.0000000Z
