f0crearLog|crearLog| | | |2013-05-22T15:10:50.0000000Z
f0t1|entregarbata| | | |2013-05-22T15:13:33.0000000Z
f0t2|bloquearpoyata| | | |2013-05-22T15:14:24.0000000Z
f0t3|leerfundamentos| | | |2013-05-22T15:16:53.0000000Z
f0t7|lavarsemanos| | | |2013-05-22T15:17:41.0000000Z
f0t8|entregarguantes| | | |2013-05-22T15:17:59.0000000Z
f1t1|entregarvaso| | | |2013-05-22T15:19:03.0000000Z
f1t4|soltarvasofregadero| | | |2013-05-22T15:20:00.0000000Z
f1t5|bloquearfregadero| | | |2013-05-22T15:20:04.0000000Z
f1t6|llenarvasoconagua| | | |2013-05-22T15:20:23.0000000Z
f1t7|desbloquearfregadero| | | |2013-05-22T15:20:40.0000000Z
f1t8|soltarvasoagitador| | | |2013-05-22T15:20:52.0000000Z
f1t9|bloquearagitador| | | |2013-05-22T15:20:56.0000000Z
f1t10|bloquearphmetro| | | |2013-05-22T15:20:56.0000000Z
f1t11|encenderagitador| | | |2013-05-22T15:21:03.0000000Z
f1t16|agregaragar| | f1t12-f1t13-f1t14| |2013-05-22T15:21:29.0000000Z
f1t12|agregarmys| | | |2013-05-22T15:21:50.0000000Z
f1t13|agregarsacarosa| | | |2013-05-22T15:22:04.0000000Z
f1t14|ajustarph| | |f1t16|2013-05-22T15:22:21.0000000Z
f1t15|desbloquearphmetro| | | |2013-05-22T15:22:21.0000000Z
f1t20|apagaragitador| | |ord_f1t20|2013-05-22T15:23:15.0000000Z
f1t21|entregarbotella| | | |2013-05-22T15:23:32.0000000Z
f1t22|soltarbotellaagitador| | | |2013-05-22T15:24:03.0000000Z
f1t23|movermezclaabotella| | | |2013-05-22T15:24:09.0000000Z
f1t24|desbloquearagitador| | | |2013-05-22T15:24:20.0000000Z
f1t25|insetarbotellaenautoclave| | | |2013-05-22T15:25:12.0000000Z
f1t26|bloquearautoclave| | | |2013-05-22T15:25:15.0000000Z
f1t27|autoclavar| | | |2013-05-22T15:25:20.0000000Z
f1t30|encendercabina| | | |2013-05-22T15:26:03.0000000Z
f1t31|contartiempocabina| | | |2013-05-22T15:26:03.0000000Z
f1t37|esterilizar| | | |2013-05-22T15:26:44.0000000Z
f1t38|entregarchopo| | | |2013-05-22T15:27:33.0000000Z
f1t39|soltarchopocabina| | | |2013-05-22T15:28:45.0000000Z
f1t34|entregarbandeja| | | |2013-05-22T15:43:47.0000000Z
f1t35|soltarbandeja| | | |2013-05-22T15:45:18.0000000Z
f1t28|entregarbotellaautoclavada| | | |2013-05-22T15:53:19.0000000Z
f1t29|enfriarbotella| | | |2013-05-22T15:53:20.0000000Z
f1t32|soltarbotellacabina| | | |2013-05-22T15:54:37.0000000Z
f1t36|llenarbotes| | | |2013-05-22T15:57:28.0000000Z
f1t40|cortarplanta| | | |2013-05-22T15:57:51.0000000Z
f1t41|adjuntarbandeja| | | |2013-05-22T15:58:02.0000000Z
f1t42|apagarcabina| | | |2013-05-22T15:58:30.0000000Z
f1t44|bloquearbasefitotron| | | |2013-05-22T15:59:16.0000000Z
f1t43|soltarbandcrecimiento| | | |2013-05-22T15:59:19.0000000Z
f1t45|crecerchopo| | | |2013-05-22T15:59:42.0000000Z
f1t46|fincrecimiento| | | |2013-05-22T16:01:42.0000000Z
f2t1|encenderpcr| | | |2013-05-22T16:02:33.0000000Z
f2t4|calentartermobloque| | | |2013-05-22T16:02:34.0000000Z
f2t2|releerfundamentos| | | |2013-05-22T16:02:55.0000000Z
f2t2|releerfundamentos| | | |2013-05-22T16:02:58.0000000Z
f2t2|releerfundamentos| | | |2013-05-22T16:03:11.0000000Z
f2t2|releerfundamentos| | | |2013-05-22T16:03:11.0000000Z
f2t5|entregarbandejahielo| | | |2013-05-22T16:05:11.0000000Z
f2t25|soltarbandejapoyataprimeravez| | | |2013-05-22T16:06:01.0000000Z
f2t27|entregarboteeppendorf| | | |2013-05-22T16:06:48.0000000Z
f2t28|soltarboteeppendorf| | | |2013-05-22T16:07:31.0000000Z
f2t29|sacartuboeppendorf| | | |2013-05-22T16:07:44.0000000Z
f2t30|entregarpipetaamarilla| | | |2013-05-22T16:07:57.0000000Z
f2t32|cargarpuntaamarilla| | | |2013-05-22T16:09:05.0000000Z
f2t26|soltarbandejapoyata| | | |2013-05-22T16:10:47.0000000Z
f2t33|iniciarmezcla| | | |2013-05-22T16:11:22.0000000Z
f2t52|finmezcla| |f2t34-f2t35-f2t36-f2t37-f2t38-f2t39-f2t40-f2t41| |2013-05-22T16:11:32.0000000Z
f2t53|soltarpipetaamarilla| | | |2013-05-22T16:11:46.0000000Z
f2t54|entregartubomezcla| | | |2013-05-22T16:12:02.0000000Z
f2t55|abrirpcr| | | |2013-05-22T16:12:20.0000000Z
f2t56|soltarmezcla| | | |2013-05-22T16:12:37.0000000Z
f2t57|cerrarpcr| | | |2013-05-22T16:12:44.0000000Z
f2t58|amplificarfragmento| | | |2013-05-22T16:12:47.0000000Z
f2t59|entregarmezclapcr| | | |2013-05-22T16:13:26.0000000Z
f2t60|guardarpcr| | | |2013-05-22T16:14:33.0000000Z
f2t61|soltartubonevera| | | |2013-05-22T16:14:46.0000000Z
f3t1|encendertermobloque| | | |2013-05-22T16:15:51.0000000Z
f3t4|calentartermobloque| | | |2013-05-22T16:15:53.0000000Z
f3t5|entregarbandejahielo| | | |2013-05-22T16:16:09.0000000Z
f3t24|agregariaa| | | |2013-05-22T16:19:26.0000000Z
f3t10|tomarenzimaligasa| | | |2013-05-22T16:19:55.0000000Z
f3t9|tomartamponligasa| | | |2013-05-22T16:20:01.0000000Z
f3t14|tomartamponpolimerasa| | | |2013-05-22T16:20:07.0000000Z
f3t13|tomaroligonucleicoder| | | |2013-05-22T16:20:09.0000000Z
f3t27|soltarbandejapoyata| | | |2013-05-22T16:20:48.0000000Z
f3t26|soltarbandejapoyataprimeravez| | | |2013-05-22T16:20:52.0000000Z
f3t28|sacartuboligacion| | | |2013-05-22T16:21:24.0000000Z
f3t29|entregarpipetaamarilla| | | |2013-05-22T16:21:32.0000000Z
f3t31|cargarpuntaamarilla| | | |2013-05-22T16:21:46.0000000Z
f3t2|releerfundamentos| | | |2013-05-22T16:22:51.0000000Z
f3t2|releerfundamentos| | | |2013-05-22T16:22:53.0000000Z
f3t2|releerfundamentos| | | |2013-05-22T16:26:17.0000000Z
f3t32|iniciarmezcla| | | |2013-05-22T16:26:48.0000000Z
f3t52|finmezcla| |f3t33-f3t34-f3t35-f3t36-f3t37| |2013-05-22T16:26:53.0000000Z
f3t53|soltarpipetaamarilla| | | |2013-05-22T16:27:12.0000000Z
f3t54|entregartubomezcla| | | |2013-05-22T16:27:18.0000000Z
f3t55|abrirtermobloque| | | |2013-05-22T16:27:43.0000000Z
f3t56|soltarmezcla| | | |2013-05-22T16:27:49.0000000Z
f3t57|cerrartermobloque| | | |2013-05-22T16:27:49.0000000Z

f3t58|amplificarfragmento| | | |2013-05-22T16:28:01.0000000Z
f3t59|entregarmezclaligacion| | | |2013-05-22T16:28:09.0000000Z
f3t60|guardarligacion| | | |2013-05-22T16:29:02.0000000Z
f3t61|soltartubonevera| | | |2013-05-22T16:29:13.0000000Z
