accionrealizada|f0t1|entregarbata|entregarbata|2013-05-10T14:52:45.0000000Z
accionrealizada|f0t1|entregarbata|entregarbata|2013-05-10T14:53:22.0000000Z
accionrealizada|f0t8|entregarguantes|entregarguantes|2013-05-10T15:08:10.0000000Z
accionrealizada|f1t13|agregarsacarosa|agregarsacarosa|2013-05-10T15:13:34.0000000Z
accionnoencontrada| |tomaragrobacterium| |2013-05-10T15:13:41.0000000Z
accionrealizada|f1t12|agregarmys|agregarmys|2013-05-10T15:13:48.0000000Z
dependenciasnobloq|f1t20|apagaragitador| f1t14-f1t16|2013-05-10T15:14:02.0000000Z
accionrealizada|f1t23|movermezclaabotella|movermezclaabotella|2013-05-10T15:15:45.0000000Z
accionrealizada|f1t23|movermezclaabotella|movermezclaabotella|2013-05-10T15:15:49.0000000Z
accionnoencontrada| |entregarchopocrecido| |2013-05-10T15:38:49.0000000Z
dependenciabloq|f2t57|cerrarpcr|f2t56|2013-05-10T15:45:26.0000000Z
dependenciabloq|f2t57|cerrarpcr|f2t56|2013-05-10T15:50:04.0000000Z
dependenciabloq|f3t1|encendertermobloque|f2t60|2013-05-10T15:50:10.0000000Z
accionrealizada|f2t5|entregarbandejahielo|entregarbandejahielo|2013-05-10T15:51:14.0000000Z
accionrealizada|f2t5|entregarbandejahielo|entregarbandejahielo|2013-05-10T15:51:18.0000000Z
accionrealizada|f2t5|entregarbandejahielo|entregarbandejahielo|2013-05-10T15:51:32.0000000Z
accionrealizada|f2t30|entregarpipetaamarilla|entregarpipetaamarilla|2013-05-10T15:57:16.0000000Z
dependenciabloq|f2t33|iniciarmezcla|f2t31|2013-05-10T15:57:17.0000000Z
dependenciabloq|f2t33|iniciarmezcla|f2t32|2013-05-10T15:57:27.0000000Z
accionrealizada|f2t33|iniciarmezcla|iniciarmezcla|2013-05-10T15:58:06.0000000Z
dependenciasnobloq|f2t52|finmezcla|f2t34-f2t35-f2t36-f2t37-f2t38-f2t39-f2t40-f2t41|2013-05-10T15:58:11.0000000Z
accionnoencontrada| |sacartuboligacion| |2013-05-10T15:58:38.0000000Z
dependenciabloq|f2t57|cerrarpcr|f2t56|2013-05-10T15:59:22.0000000Z
dependenciabloq|f2t57|cerrarpcr|f2t56|2013-05-10T15:59:29.0000000Z
dependenciabloq|f3t1|encendertermobloque|f2t60|2013-05-10T15:59:34.0000000Z
dependenciabloq|f2t59|entregarmezclapcr|f2t58|2013-05-10T16:00:37.0000000Z
dependenciabloq|f2t59|entregarmezclapcr|f2t58|2013-05-10T16:01:08.0000000Z
dependenciabloq|f2t59|entregarmezclapcr|f2t58|2013-05-10T16:01:10.0000000Z
dependenciabloq|f2t59|entregarmezclapcr|f2t58|2013-05-10T16:01:48.0000000Z
dependenciabloq|f2t59|entregarmezclapcr|f2t58|2013-05-10T16:01:50.0000000Z
dependenciabloq|f2t59|entregarmezclapcr|f2t58|2013-05-10T16:02:44.0000000Z
dependenciabloq|f3t1|encendertermobloque|f2t60|2013-05-10T16:04:01.0000000Z
accionnoencontrada| |sacartuboligacion| |2013-05-10T16:04:49.0000000Z
dependenciabloq|f2t59|entregarmezclapcr|f2t58|2013-05-10T16:06:09.0000000Z
dependenciabloq|f2t60|guardarpcr|f2t59|2013-05-10T16:07:54.0000000Z
dependenciabloq|f2t59|entregarmezclapcr|f2t58|2013-05-10T16:08:29.0000000Z
dependenciabloq|f3t1|encendertermobloque|f2t60|2013-05-10T16:08:38.0000000Z
dependenciabloq|f3t1|encendertermobloque|f2t60|2013-05-10T16:08:41.0000000Z
accionnoencontrada| |encenderpcr| |2013-05-10T16:10:30.0000000Z
accionnoencontrada| |agregaragrobacterium| |2013-05-10T16:24:03.0000000Z
accionrealizada|f3t41|agregaroligonucleicoder|agregaroligonucleicoder|2013-05-10T16:25:13.0000000Z
accionrealizada|f3t29|entregarpipetaamarilla|entregarpipetaamarilla|2013-05-10T16:31:02.0000000Z
dependenciabloq|f3t32|iniciarmezcla|f3t30|2013-05-10T16:31:04.0000000Z
accionrealizada|f3t29|entregarpipetaamarilla|entregarpipetaamarilla|2013-05-10T16:31:08.0000000Z
dependenciasnobloq|f3t52|finmezcla|f3t33-f3t34-f3t35-f3t36-f3t37|2013-05-10T16:31:22.0000000Z
incompatibilidadnobloq|f3t52|finmezcla|f3t39-f3t41-f3t42|2013-05-10T16:31:23.0000000Z
accionnoencontrada| |encenderpcr| |2013-05-10T16:32:35.0000000Z
accionnoencontrada| |encenderpcr| |2013-05-10T16:32:37.0000000Z
accionnoencontrada| |encenderpcr| |2013-05-10T16:32:56.0000000Z
accionnoencontrada| |encenderpcr| |2013-05-10T16:36:29.0000000Z
dependenciabloq|f3t56|soltarmezcla|f3t55|2013-05-10T16:39:28.0000000Z
accionnoencontrada| |encenderpcr| |2013-05-10T16:39:34.0000000Z
accionnoencontrada| |encenderpcr| |2013-05-10T16:39:36.0000000Z
accionnoencontrada| |encenderpcr| |2013-05-10T16:44:06.0000000Z
accionnoencontrada| |encenderpcr| |2013-05-10T16:44:11.0000000Z
