dependenciabloq|f0t7|lavarsemanos|f0t4|2014-05-19T17:25:07.0000000Z
dependenciabloq|f0t5|releerfundamentos|f0t3|2014-05-19T17:26:00.0000000Z
dependenciabloq|f0t5|releerfundamentos|f0t3|2014-05-19T17:26:10.0000000Z
dependenciabloq|f0t5|releerfundamentos|f0t3|2014-05-19T17:26:13.0000000Z
dependenciabloq|f0t5|releerfundamentos|f0t3|2014-05-19T17:26:15.0000000Z
dependenciabloq|f0t6|releerprotocolo|f0t4|2014-05-19T17:26:18.0000000Z
dependenciabloq|f0t5|releerfundamentos|f0t3|2014-05-19T17:26:30.0000000Z
dependenciabloq|f0t5|releerfundamentos|f0t3|2014-05-19T17:26:33.0000000Z
dependenciabloq|f0t5|releerfundamentos|f0t3|2014-05-19T17:26:35.0000000Z
dependenciabloq|f0t5|releerfundamentos|f0t3|2014-05-19T17:26:38.0000000Z
dependenciabloq|f0t5|releerfundamentos|f0t3|2014-05-19T17:26:41.0000000Z
dependenciabloq|f0t5|releerfundamentos|f0t3|2014-05-19T17:26:45.0000000Z
dependenciabloq|f0t5|releerfundamentos|f0t3|2014-05-19T17:27:00.0000000Z
dependenciabloq|f0t5|releerfundamentos|f0t3|2014-05-19T17:27:03.0000000Z
dependenciabloq|f0t5|releerfundamentos|f0t3|2014-05-19T17:27:11.0000000Z
dependenciabloq|f0t5|releerfundamentos|f0t3|2014-05-19T17:27:14.0000000Z
dependenciabloq|f0t5|releerfundamentos|f0t3|2014-05-19T17:27:17.0000000Z
dependenciabloq|f0t5|releerfundamentos|f0t3|2014-05-19T17:27:20.0000000Z
dependenciabloq|f0t6|releerprotocolo|f0t4|2014-05-19T17:28:15.0000000Z
dependenciabloq|f0t6|releerprotocolo|f0t4|2014-05-19T17:28:20.0000000Z
dependenciabloq|f0t6|releerprotocolo|f0t4|2014-05-19T17:28:23.0000000Z
dependenciabloq|f0t6|releerprotocolo|f0t4|2014-05-19T17:28:26.0000000Z
dependenciabloq|f0t6|releerprotocolo|f0t4|2014-05-19T17:28:46.0000000Z
dependenciabloq|f0t6|releerprotocolo|f0t4|2014-05-19T17:28:49.0000000Z
dependenciabloq|f0t6|releerprotocolo|f0t4|2014-05-19T17:28:52.0000000Z
dependenciabloq|f0t6|releerprotocolo|f0t4|2014-05-19T17:29:01.0000000Z
dependenciabloq|f0t2|bloquearpoyata|f0t1|2014-05-19T17:30:20.0000000Z
dependenciabloq|f0t2|bloquearpoyata|f0t1|2014-05-19T17:30:36.0000000Z
accionrealizada|f1t6|llenarvasoconagua|llenarvasoconagua|2014-05-19T17:36:33.0000000Z
accionrealizada|f1t6|llenarvasoconagua|llenarvasoconagua|2014-05-19T17:36:39.0000000Z
accionrealizada|f1t6|llenarvasoconagua|llenarvasoconagua|2014-05-19T17:36:42.0000000Z
dependenciabloq|f1t12|agregarmys|f1t11|2014-05-19T17:37:37.0000000Z
dependenciabloq|f1t13|agregarsacarosa|f1t11|2014-05-19T17:37:56.0000000Z
dependenciasnobloq|f1t14|ajustarph| f1t12-f1t13|2014-05-19T17:38:57.0000000Z
accionrealizada|f1t14|ajustarph|ajustarph|2014-05-19T17:39:02.0000000Z
accionrealizada|f1t14|ajustarph|ajustarph|2014-05-19T17:39:17.0000000Z
accionnoencontrada| |agregaragarosa| |2014-05-19T17:39:53.0000000Z
dependenciasnobloq|f1t20|apagaragitador| f1t12-f1t13-f1t16|2014-05-19T17:40:19.0000000Z
accionrealizada|f1t20|apagaragitador|apagaragitador|2014-05-19T17:40:34.0000000Z
accionrealizada|f1t20|apagaragitador|apagaragitador|2014-05-19T17:40:37.0000000Z
accionrealizada|f1t20|apagaragitador|apagaragitador|2014-05-19T17:40:40.0000000Z
accionrealizada|f1t20|apagaragitador|apagaragitador|2014-05-19T17:40:45.0000000Z
accionrealizada|f1t20|apagaragitador|apagaragitador|2014-05-19T17:40:48.0000000Z
accionrealizada|f1t11|encenderagitador|encenderagitador|2014-05-19T17:41:54.0000000Z
accionrealizada|f1t11|encenderagitador|encenderagitador|2014-05-19T17:41:57.0000000Z
accionrealizada|f1t23|movermezclaabotella|movermezclaabotella|2014-05-19T17:43:50.0000000Z
accionrealizada|f1t23|movermezclaabotella|movermezclaabotella|2014-05-19T17:43:53.0000000Z
accionrealizada|f1t23|movermezclaabotella|movermezclaabotella|2014-05-19T17:44:04.0000000Z
accionrealizada|f1t11|encenderagitador|encenderagitador|2014-05-19T17:44:15.0000000Z
accionrealizada|f1t23|movermezclaabotella|movermezclaabotella|2014-05-19T17:44:30.0000000Z
accionrealizada|f1t27|autoclavar|autoclavar|2014-05-19T17:47:59.0000000Z
accionrealizada|f1t27|autoclavar|autoclavar|2014-05-19T17:48:02.0000000Z
dependenciabloq|f1t28|entregarbotellaautoclavada|f1t27|2014-05-19T17:48:04.0000000Z
dependenciabloq|f1t28|entregarbotellaautoclavada|f1t27|2014-05-19T17:51:21.0000000Z
accionrealizada|f1t28|entregarbotellaautoclavada|entregarbotellaautoclavada|2014-05-19T17:53:22.0000000Z
accionrealizada|f1t28|entregarbotellaautoclavada|entregarbotellaautoclavada|2014-05-19T17:53:25.0000000Z
accionrealizada|f1t28|entregarbotellaautoclavada|entregarbotellaautoclavada|2014-05-19T17:53:33.0000000Z
accionrealizada|f1t28|entregarbotellaautoclavada|entregarbotellaautoclavada|2014-05-19T17:53:41.0000000Z
accionrealizada|f1t36|llenarbotes|llenarbotes|2014-05-19T17:58:20.0000000Z
accionrealizada|f1t36|llenarbotes|llenarbotes|2014-05-19T17:58:24.0000000Z
accionrealizada|f1t41|adjuntarbandeja|adjuntarbandeja|2014-05-19T18:02:24.0000000Z
accionrealizada|f1t41|adjuntarbandeja|adjuntarbandeja|2014-05-19T18:02:40.0000000Z
accionrealizada|f1t41|adjuntarbandeja|adjuntarbandeja|2014-05-19T18:02:43.0000000Z
accionrealizada|f1t41|adjuntarbandeja|adjuntarbandeja|2014-05-19T18:02:46.0000000Z
accionrealizada|f1t42|apagarcabina|apagarcabina|2014-05-19T18:03:36.0000000Z
accionrealizada|f1t42|apagarcabina|apagarcabina|2014-05-19T18:03:43.0000000Z
accionnoencontrada| |encenderpcr| |2014-05-19T18:12:44.0000000Z
accionrealizada|f2t5|entregarbandejahielo|entregarbandejahielo|2014-05-19T18:14:16.0000000Z
accionnoencontrada| |tomaradnplasmidico| |2014-05-19T18:18:43.0000000Z
accionnoencontrada| |tomaradnplasmidico| |2014-05-19T18:23:12.0000000Z
accionrealizada|f2t26|soltarbandejapoyata|soltarbandejapoyata|2014-05-19T18:24:24.0000000Z
accionrealizada|f2t26|soltarbandejapoyata|soltarbandejapoyata|2014-05-19T18:24:43.0000000Z
dependenciabloq|f2t33|iniciarmezcla|f2t29|2014-05-19T18:25:14.0000000Z
dependenciabloq|f2t33|iniciarmezcla|f2t29|2014-05-19T18:25:46.0000000Z
accionrealizada|f2t27|entregarboteeppendorf|entregarboteeppendorf|2014-05-19T18:26:55.0000000Z
accionrealizada|f2t28|soltarboteeppendorf|soltarboteeppendorf|2014-05-19T18:28:14.0000000Z
dependenciabloq|f2t33|iniciarmezcla|f2t29|2014-05-19T18:28:27.0000000Z
dependenciabloq|f2t33|iniciarmezcla|f2t29|2014-05-19T18:28:47.0000000Z
accionrealizada|f2t29|sacartuboeppendorf|sacartuboeppendorf|2014-05-19T18:29:12.0000000Z
accionrealizada|f2t29|sacartuboeppendorf|sacartuboeppendorf|2014-05-19T18:29:16.0000000Z
dependenciabloq|f2t32|cargarpuntaamarilla|f2t31|2014-05-19T18:29:55.0000000Z
dependenciabloq|f2t32|cargarpuntaamarilla|f2t31|2014-05-19T18:30:00.0000000Z
dependenciabloq|f2t32|cargarpuntaamarilla|f2t31|2014-05-19T18:30:06.0000000Z
dependenciabloq|f2t32|cargarpuntaamarilla|f2t31|2014-05-19T18:30:25.0000000Z
dependenciabloq|f2t32|cargarpuntaamarilla|f2t31|2014-05-19T18:31:06.0000000Z
dependenciabloq|f2t32|cargarpuntaamarilla|f2t31|2014-05-19T18:31:12.0000000Z
dependenciabloq|f2t32|cargarpuntaamarilla|f2t31|2014-05-19T18:31:54.0000000Z
accionnoencontrada| |sacartuboligacion| |2014-05-19T18:32:07.0000000Z
accionnoencontrada| |sacartuboligacion| |2014-05-19T18:32:12.0000000Z
accionnoencontrada| |sacartuboligacion| |2014-05-19T18:32:16.0000000Z
accionnoencontrada| |sacartuboligacion| |2014-05-19T18:32:20.0000000Z
accionnoencontrada| |sacartuboligacion| |2014-05-19T18:32:25.0000000Z
accionnoencontrada| |sacartuboligacion| |2014-05-19T18:32:29.0000000Z
accionnoencontrada| |sacartuboligacion| |2014-05-19T18:32:34.0000000Z
accionnoencontrada| |sacartuboligacion| |2014-05-19T18:32:44.0000000Z
accionnoencontrada| |sacartuboligacion| |2014-05-19T18:32:48.0000000Z
accionnoencontrada| |sacartuboligacion| |2014-05-19T18:32:52.0000000Z
accionnoencontrada| |sacartuboligacion| |2014-05-19T18:33:35.0000000Z
accionnoencontrada| |sacartuboligacion| |2014-05-19T18:33:39.0000000Z
accionnoencontrada| |sacartuboligacion| |2014-05-19T18:33:44.0000000Z
accionnoencontrada| |sacartuboligacion| |2014-05-19T18:34:21.0000000Z
accionnoencontrada| |sacartuboligacion| |2014-05-19T18:35:36.0000000Z
accionnoencontrada| |sacartuboligacion| |2014-05-19T18:35:41.0000000Z
accionnoencontrada| |sacartuboligacion| |2014-05-19T18:35:45.0000000Z
accionnoencontrada| |sacartuboligacion| |2014-05-19T18:36:08.0000000Z
accionnoencontrada| |sacartuboligacion| |2014-05-19T18:36:18.0000000Z
dependenciabloq|f2t32|cargarpuntaamarilla|f2t31|2014-05-19T18:36:41.0000000Z
accionrealizada|f2t30|entregarpipetaamarilla|entregarpipetaamarilla|2014-05-19T18:38:14.0000000Z
dependenciabloq|f2t32|cargarpuntaamarilla|f2t31|2014-05-19T18:38:24.0000000Z
accionrealizada|f2t30|entregarpipetaamarilla|entregarpipetaamarilla|2014-05-19T18:38:39.0000000Z
accionrealizada|f2t30|entregarpipetaamarilla|entregarpipetaamarilla|2014-05-19T18:38:58.0000000Z
accionrealizada|f2t30|entregarpipetaamarilla|entregarpipetaamarilla|2014-05-19T18:39:41.0000000Z
accionrealizada|f2t32|cargarpuntaamarilla|cargarpuntaamarilla|2014-05-19T18:42:50.0000000Z
accionrealizada|f2t33|iniciarmezcla|iniciarmezcla|2014-05-19T18:43:14.0000000Z
accionrealizada|f2t33|iniciarmezcla|iniciarmezcla|2014-05-19T18:43:38.0000000Z
accionrealizada|f2t33|iniciarmezcla|iniciarmezcla|2014-05-19T18:43:42.0000000Z
accionrealizada|f2t33|iniciarmezcla|iniciarmezcla|2014-05-19T18:44:22.0000000Z
accionrealizada|f2t33|iniciarmezcla|iniciarmezcla|2014-05-19T18:45:42.0000000Z
accionrealizada|f2t33|iniciarmezcla|iniciarmezcla|2014-05-19T18:45:55.0000000Z
accionrealizada|f2t33|iniciarmezcla|iniciarmezcla|2014-05-19T18:46:32.0000000Z
accionrealizada|f2t33|iniciarmezcla|iniciarmezcla|2014-05-19T18:46:36.0000000Z
accionrealizada|f2t33|iniciarmezcla|iniciarmezcla|2014-05-19T18:47:06.0000000Z
accionrealizada|f2t33|iniciarmezcla|iniciarmezcla|2014-05-19T18:47:24.0000000Z
accionrealizada|f2t33|iniciarmezcla|iniciarmezcla|2014-05-19T18:47:28.0000000Z
accionrealizada|f2t33|iniciarmezcla|iniciarmezcla|2014-05-19T18:47:32.0000000Z
accionrealizada|f2t33|iniciarmezcla|iniciarmezcla|2014-05-19T18:47:37.0000000Z
accionrealizada|f2t33|iniciarmezcla|iniciarmezcla|2014-05-19T18:47:51.0000000Z
accionrealizada|f2t32|cargarpuntaamarilla|cargarpuntaamarilla|2014-05-19T18:47:56.0000000Z
accionrealizada|f2t33|iniciarmezcla|iniciarmezcla|2014-05-19T18:48:00.0000000Z
accionrealizada|f2t33|iniciarmezcla|iniciarmezcla|2014-05-19T18:48:20.0000000Z
accionrealizada|f2t33|iniciarmezcla|iniciarmezcla|2014-05-19T18:48:24.0000000Z
accionrealizada|f2t33|iniciarmezcla|iniciarmezcla|2014-05-19T18:48:28.0000000Z
accionrealizada|f2t33|iniciarmezcla|iniciarmezcla|2014-05-19T18:48:33.0000000Z
accionrealizada|f2t33|iniciarmezcla|iniciarmezcla|2014-05-19T18:48:37.0000000Z
accionrealizada|f2t33|iniciarmezcla|iniciarmezcla|2014-05-19T18:48:42.0000000Z
accionrealizada|f2t33|iniciarmezcla|iniciarmezcla|2014-05-19T18:48:46.0000000Z
dependenciasnobloq|f2t52|finmezcla|f2t34-f2t35-f2t37-f2t38-f2t39-f2t40-f2t41|2014-05-19T18:49:35.0000000Z
accionrealizada|f2t26|soltarbandejapoyata|soltarbandejapoyata|2014-05-19T18:49:54.0000000Z
dependenciabloq|f2t33|iniciarmezcla|f2t31|2014-05-19T18:50:39.0000000Z
dependenciabloq|f2t33|iniciarmezcla|f2t31|2014-05-19T18:50:46.0000000Z
dependenciabloq|f2t33|iniciarmezcla|f2t31|2014-05-19T18:50:58.0000000Z
dependenciabloq|f2t33|iniciarmezcla|f2t31|2014-05-19T18:51:05.0000000Z
dependenciabloq|f2t33|iniciarmezcla|f2t31|2014-05-19T18:51:12.0000000Z
accionrealizada|f2t30|entregarpipetaamarilla|entregarpipetaamarilla|2014-05-19T18:51:19.0000000Z
accionrealizada|f2t32|cargarpuntaamarilla|cargarpuntaamarilla|2014-05-19T18:52:45.0000000Z
dependenciabloq|f2t33|iniciarmezcla|f2t31|2014-05-19T18:52:51.0000000Z
dependenciabloq|f2t33|iniciarmezcla|f2t31|2014-05-19T18:53:10.0000000Z
dependenciabloq|f2t33|iniciarmezcla|f2t31|2014-05-19T18:53:26.0000000Z
dependenciabloq|f2t33|iniciarmezcla|f2t31|2014-05-19T18:53:38.0000000Z
accionrealizada|f2t30|entregarpipetaamarilla|entregarpipetaamarilla|2014-05-19T18:53:49.0000000Z
dependenciabloq|f2t33|iniciarmezcla|f2t31|2014-05-19T18:53:54.0000000Z
dependenciabloq|f2t33|iniciarmezcla|f2t31|2014-05-19T18:54:14.0000000Z
accionrealizada|f2t30|entregarpipetaamarilla|entregarpipetaamarilla|2014-05-19T18:55:32.0000000Z
dependenciabloq|f2t33|iniciarmezcla|f2t31|2014-05-19T18:56:01.0000000Z
accionrealizada|f2t30|entregarpipetaamarilla|entregarpipetaamarilla|2014-05-19T18:56:17.0000000Z
dependenciabloq|f2t33|iniciarmezcla|f2t31|2014-05-19T18:57:17.0000000Z
dependenciabloq|f2t33|iniciarmezcla|f2t31|2014-05-19T18:57:29.0000000Z
dependenciabloq|f2t33|iniciarmezcla|f2t31|2014-05-19T18:57:36.0000000Z
dependenciabloq|f2t33|iniciarmezcla|f2t31|2014-05-19T18:57:51.0000000Z
dependenciabloq|f2t33|iniciarmezcla|f2t31|2014-05-19T18:58:03.0000000Z
dependenciabloq|f2t33|iniciarmezcla|f2t31|2014-05-19T18:58:11.0000000Z
dependenciabloq|f2t33|iniciarmezcla|f2t31|2014-05-19T18:58:18.0000000Z
dependenciabloq|f2t33|iniciarmezcla|f2t31|2014-05-19T18:58:26.0000000Z
dependenciabloq|f2t33|iniciarmezcla|f2t31|2014-05-19T19:01:08.0000000Z
accionnoencontrada| |sacartuboligacion| |2014-05-19T19:01:14.0000000Z
accionnoencontrada| |sacartuboligacion| |2014-05-19T19:01:26.0000000Z
accionnoencontrada| |sacartuboligacion| |2014-05-19T19:01:31.0000000Z
accionnoencontrada| |sacartuboligacion| |2014-05-19T19:01:43.0000000Z
dependenciabloq|f2t33|iniciarmezcla|f2t31|2014-05-19T19:02:03.0000000Z
accionnoencontrada| |sacartuboligacion| |2014-05-19T19:02:15.0000000Z
accionnoencontrada| |sacartuboligacion| |2014-05-19T19:02:19.0000000Z
accionnoencontrada| |sacartuboligacion| |2014-05-19T19:02:23.0000000Z
accionnoencontrada| |sacartuboligacion| |2014-05-19T19:02:28.0000000Z
accionnoencontrada| |sacartuboligacion| |2014-05-19T19:02:32.0000000Z
accionnoencontrada| |sacartuboligacion| |2014-05-19T19:02:36.0000000Z
dependenciabloq|f2t33|iniciarmezcla|f2t31|2014-05-19T19:02:42.0000000Z
dependenciabloq|f2t33|iniciarmezcla|f2t31|2014-05-19T19:02:50.0000000Z
dependenciabloq|f2t33|iniciarmezcla|f2t31|2014-05-19T19:02:57.0000000Z
accionnoencontrada| |sacartuboligacion| |2014-05-19T19:04:14.0000000Z
accionnoencontrada| |sacartuboligacion| |2014-05-19T19:04:38.0000000Z
accionnoencontrada| |sacartuboligacion| |2014-05-19T19:04:43.0000000Z
accionrealizada|f2t33|iniciarmezcla|iniciarmezcla|2014-05-19T19:04:47.0000000Z
accionnoencontrada| |sacartuboligacion| |2014-05-19T19:04:57.0000000Z
accionnoencontrada| |sacartuboligacion| |2014-05-19T19:05:01.0000000Z
accionrealizada|f2t33|iniciarmezcla|iniciarmezcla|2014-05-19T19:06:50.0000000Z
accionrealizada|f2t52|finmezcla|finmezcla|2014-05-19T19:07:52.0000000Z
accionnoencontrada| |sacartuboligacion| |2014-05-19T19:07:56.0000000Z
accionnoencontrada| |sacartuboligacion| |2014-05-19T19:08:00.0000000Z
accionnoencontrada| |sacartuboligacion| |2014-05-19T19:09:16.0000000Z
accionrealizada|f2t52|finmezcla|finmezcla|2014-05-19T19:09:42.0000000Z
accionrealizada|f2t52|finmezcla|finmezcla|2014-05-19T19:11:23.0000000Z
accionrealizada|f2t30|entregarpipetaamarilla|entregarpipetaamarilla|2014-05-19T19:20:21.0000000Z
accionrealizada|f2t30|entregarpipetaamarilla|entregarpipetaamarilla|2014-05-19T19:23:38.0000000Z
accionrealizada|f2t33|iniciarmezcla|iniciarmezcla|2014-05-19T19:24:11.0000000Z
accionrealizada|f2t33|iniciarmezcla|iniciarmezcla|2014-05-19T19:24:16.0000000Z
accionrealizada|f2t33|iniciarmezcla|iniciarmezcla|2014-05-19T19:24:21.0000000Z
accionrealizada|f2t33|iniciarmezcla|iniciarmezcla|2014-05-19T19:24:26.0000000Z
accionrealizada|f2t33|iniciarmezcla|iniciarmezcla|2014-05-19T19:24:30.0000000Z
accionnoencontrada| |sacartuboligacion| |2014-05-19T19:24:35.0000000Z
accionnoencontrada| |sacartuboligacion| |2014-05-19T19:24:39.0000000Z
dependenciasnobloq|f2t52|finmezcla|f2t34-f2t35-f2t40|2014-05-19T19:26:04.0000000Z
accionrealizada|f2t54|entregartubomezcla|entregartubomezcla|2014-05-19T19:27:32.0000000Z
accionrealizada|f2t54|entregartubomezcla|entregartubomezcla|2014-05-19T19:27:37.0000000Z
accionnoencontrada| |sacartuboligacion| |2014-05-19T19:27:52.0000000Z
