f0crearLog|crearLog| | | |2016-05-30T15:32:03.0000000Z
f0t1|entregarbata| | | |2016-05-30T15:32:30.0000000Z
f0t2|bloquearpoyata| | | |2016-05-30T15:33:13.0000000Z
f0t3|leerfundamentos| | | |2016-05-30T15:33:50.0000000Z
f0t4|leerprotocolo| | | |2016-05-30T15:34:40.0000000Z
f0t7|lavarsemanos| | | |2016-05-30T15:35:13.0000000Z
f0t8|entregarguantes| | | |2016-05-30T15:35:20.0000000Z
f0t6|releerprotocolo| | | |2016-05-30T15:38:16.0000000Z
f1t1|entregarvaso| | | |2016-05-30T15:41:19.0000000Z
f1t4|soltarvasofregadero| | | |2016-05-30T15:44:33.0000000Z
f1t5|bloquearfregadero| | | |2016-05-30T15:44:37.0000000Z
f1t6|llenarvasoconagua| | | |2016-05-30T15:44:41.0000000Z
f1t7|desbloquearfregadero| | | |2016-05-30T15:44:59.0000000Z
f1t8|soltarvasoagitador| | | |2016-05-30T15:45:16.0000000Z
f1t9|bloquearagitador| | | |2016-05-30T15:45:20.0000000Z
f1t10|bloquearphmetro| | | |2016-05-30T15:45:24.0000000Z
f1t3|releerprotocolo| | | |2016-05-30T15:47:53.0000000Z
f1t2|releerfundamentos| | | |2016-05-30T15:48:43.0000000Z
f1t11|encenderagitador| | | |2016-05-30T15:50:23.0000000Z
f1t12|agregarmys| | | |2016-05-30T15:52:37.0000000Z
f1t13|agregarsacarosa| | | |2016-05-30T15:52:48.0000000Z
f1t14|ajustarph| | | |2016-05-30T15:53:29.0000000Z
f1t15|desbloquearphmetro| | | |2016-05-30T15:53:30.0000000Z
f1t21|entregarbotella| | | |2016-05-30T15:55:35.0000000Z
f1t22|soltarbotellaagitador| | | |2016-05-30T15:55:57.0000000Z
f1t20|apagaragitador| | f1t16| |2016-05-30T15:57:18.0000000Z
f1t23|movermezclaabotella| | | |2016-05-30T15:57:24.0000000Z
f1t24|desbloquearagitador| | | |2016-05-30T15:57:36.0000000Z
f1t25|insetarbotellaenautoclave| | | |2016-05-30T15:58:45.0000000Z
f1t26|bloquearautoclave| | | |2016-05-30T15:58:49.0000000Z
f1t27|autoclavar| | | |2016-05-30T15:58:53.0000000Z
f1t30|encendercabina| | | |2016-05-30T16:00:00.0000000Z
f1t31|contartiempocabina| | | |2016-05-30T16:00:04.0000000Z
f1t28|entregarbotellaautoclavada| | | |2016-05-30T16:00:40.0000000Z
f1t29|enfriarbotella| | | |2016-05-30T16:00:54.0000000Z
f1t32|soltarbotellacabina| | | |2016-05-30T16:01:47.0000000Z
f1t33|agregariaa| | | |2016-05-30T16:07:18.0000000Z
f1t34|entregarbandeja| | | |2016-05-30T16:08:30.0000000Z
f1t35|soltarbandeja| | | |2016-05-30T16:09:13.0000000Z
f1t36|llenarbotes| | | |2016-05-30T16:09:19.0000000Z
f1t37|esterilizar| | | |2016-05-30T16:09:32.0000000Z
f1t38|entregarchopo| | | |2016-05-30T16:10:19.0000000Z
f1t39|soltarchopocabina| | | |2016-05-30T16:11:09.0000000Z
f1t40|cortarplanta| | | |2016-05-30T16:11:26.0000000Z
f1t41|adjuntarbandeja| | | |2016-05-30T16:11:40.0000000Z
f1t42|apagarcabina| | | |2016-05-30T16:11:46.0000000Z
f1t44|bloquearbasefitotron| | | |2016-05-30T16:12:45.0000000Z
f1t43|soltarbandcrecimiento| | | |2016-05-30T16:12:49.0000000Z
f1t45|crecerchopo| | | |2016-05-30T16:13:04.0000000Z
f1t46|fincrecimiento| | | |2016-05-30T16:14:06.0000000Z
f2t1|encenderpcr| | | |2016-05-30T16:14:48.0000000Z
f2t4|calentartermobloque| | | |2016-05-30T16:14:49.0000000Z
f2t3|releerprotocolo| | | |2016-05-30T16:14:55.0000000Z
f2t5|entregarbandejahielo| | | |2016-05-30T16:17:42.0000000Z
f2t7|tomaradn| | | |2016-05-30T16:22:21.0000000Z
f2t9|tomaroligonucleicoder| | | |2016-05-30T16:22:44.0000000Z
f2t8|tomaroligonucleicoizq| | | |2016-05-30T16:22:59.0000000Z
f2t10|tomartamponpolimerasa| | | |2016-05-30T16:23:10.0000000Z
f2t11|tomarmgcl| | | |2016-05-30T16:23:19.0000000Z
f2t12|tomardntp| | | |2016-05-30T16:23:39.0000000Z
f2t13|tomarpolimerasa| | | |2016-05-30T16:23:49.0000000Z
f2t14|tomaraguadestilada| | | |2016-05-30T16:24:42.0000000Z
f2t26|soltarbandejapoyata| | | |2016-05-30T16:25:32.0000000Z
f2t25|soltarbandejapoyataprimeravez| | | |2016-05-30T16:25:35.0000000Z
f2t27|entregarboteeppendorf| | | |2016-05-30T16:25:56.0000000Z
f2t28|soltarboteeppendorf| | | |2016-05-30T16:26:20.0000000Z
f2t29|sacartuboeppendorf| | | |2016-05-30T16:26:30.0000000Z
f2t30|entregarpipetaamarilla| | | |2016-05-30T16:26:49.0000000Z
f2t32|cargarpuntaamarilla| | | |2016-05-30T16:27:15.0000000Z
f2t33|iniciarmezcla| | | |2016-05-30T16:28:06.0000000Z
f2t52|finmezcla| |f2t34-f2t35-f2t36-f2t37-f2t38-f2t39-f2t40-f2t41| |2016-05-30T16:28:24.0000000Z
f2t53|soltarpipetaamarilla| | | |2016-05-30T16:28:53.0000000Z
f2t54|entregartubomezcla| | | |2016-05-30T16:29:08.0000000Z
f2t55|abrirpcr| | | |2016-05-30T16:31:58.0000000Z
f2t56|soltarmezcla| | | |2016-05-30T16:32:06.0000000Z
f2t57|cerrarpcr| | | |2016-05-30T16:32:12.0000000Z
f2t58|amplificarfragmento| | | |2016-05-30T16:32:22.0000000Z
f2t59|entregarmezclapcr| | | |2016-05-30T16:33:20.0000000Z
f2t60|guardarpcr| | | |2016-05-30T16:33:53.0000000Z
f2t61|soltartubonevera| | | |2016-05-30T16:34:11.0000000Z
f3t1|encendertermobloque| | | |2016-05-30T16:36:41.0000000Z
f3t4|calentartermobloque| | | |2016-05-30T16:36:42.0000000Z
f3t5|entregarbandejahielo| | | |2016-05-30T16:36:57.0000000Z
f3t7|tomaradnplasmidico| | | |2016-05-30T16:37:50.0000000Z
f3t8|tomarmezclapcr| | | |2016-05-30T16:38:07.0000000Z
f3t9|tomartamponligasa| | | |2016-05-30T16:38:15.0000000Z
f3t10|tomarenzimaligasa| | | |2016-05-30T16:38:21.0000000Z
f3t11|tomaraguadestilada| | | |2016-05-30T16:38:43.0000000Z
f3t26|soltarbandejapoyataprimeravez| | | |2016-05-30T16:39:09.0000000Z
f3t28|sacartuboligacion| | | |2016-05-30T16:39:24.0000000Z
f3t29|entregarpipetaamarilla| | | |2016-05-30T16:39:34.0000000Z
f3t31|cargarpuntaamarilla| | | |2016-05-30T16:39:55.0000000Z
f3t27|soltarbandejapoyata| | | |2016-05-30T16:40:14.0000000Z
f3t32|iniciarmezcla| | | |2016-05-30T16:40:23.0000000Z
f3t33|agregaradnplasmidico| | | |2016-05-30T16:40:32.0000000Z
f3t34|agregarmezclapcr| | | |2016-05-30T16:40:48.0000000Z
f3t35|agregartamponligasa| | | |2016-05-30T16:40:52.0000000Z
f3t36|agregarenzimaligasa| | | |2016-05-30T16:40:57.0000000Z
f3t37|agregaraguadestilada| | | |2016-05-30T16:41:05.0000000Z
f3t52|finmezcla| | | |2016-05-30T16:41:24.0000000Z
f3t53|soltarpipetaamarilla| | | |2016-05-30T16:45:02.0000000Z
f3t54|entregartubomezcla| | | |2016-05-30T16:45:33.0000000Z
f3t55|abrirtermobloque| | | |2016-05-30T16:46:08.0000000Z
f3t56|soltarmezcla| | | |2016-05-30T16:46:17.0000000Z
f3t57|cerrartermobloque| | | |2016-05-30T16:46:19.0000000Z

f3t58|amplificarfragmento| | | |2016-05-30T16:46:41.0000000Z
f3t59|entregarmezclaligacion| | | |2016-05-30T16:46:48.0000000Z
f3t60|guardarligacion| | | |2016-05-30T16:47:08.0000000Z
f3t61|soltartubonevera| | | |2016-05-30T16:47:21.0000000Z
