f0crearLog|crearLog| | | |2016-05-30T14:19:46.0000000Z
f0t1|entregarbata| | | |2016-05-30T14:20:55.0000000Z
f0t2|bloquearpoyata| | | |2016-05-30T14:23:02.0000000Z
f0t3|leerfundamentos| | | |2016-05-30T14:26:49.0000000Z
f0t4|leerprotocolo| | | |2016-05-30T14:33:07.0000000Z
f0t6|releerprotocolo| | | |2016-05-30T14:33:35.0000000Z
f0t7|lavarsemanos| | | |2016-05-30T14:34:24.0000000Z
f0t8|entregarguantes| | | |2016-05-30T14:35:00.0000000Z
f1t1|entregarvaso| | | |2016-05-30T14:38:01.0000000Z
f1t4|soltarvasofregadero| | | |2016-05-30T14:38:41.0000000Z
f1t5|bloquearfregadero| | | |2016-05-30T14:38:45.0000000Z
f1t6|llenarvasoconagua| | | |2016-05-30T14:38:48.0000000Z
f1t7|desbloquearfregadero| | | |2016-05-30T14:39:15.0000000Z
f1t8|soltarvasoagitador| | | |2016-05-30T14:39:33.0000000Z
f1t9|bloquearagitador| | | |2016-05-30T14:39:37.0000000Z
f1t10|bloquearphmetro| | | |2016-05-30T14:39:40.0000000Z
f1t11|encenderagitador| | | |2016-05-30T14:39:56.0000000Z
f1t14|ajustarph| | f1t12-f1t13| |2016-05-30T14:40:15.0000000Z
f1t15|desbloquearphmetro| | | |2016-05-30T14:40:15.0000000Z
f1t16|agregaragar| | f1t12-f1t13-ord_f1t16| |2016-05-30T14:40:53.0000000Z
f1t20|apagaragitador| | f1t12-f1t13| |2016-05-30T14:41:56.0000000Z
f1t21|entregarbotella| | | |2016-05-30T14:42:35.0000000Z
f1t22|soltarbotellaagitador| | | |2016-05-30T14:42:59.0000000Z
f1t23|movermezclaabotella| | | |2016-05-30T14:43:08.0000000Z
f1t24|desbloquearagitador| | | |2016-05-30T14:43:20.0000000Z
f1t25|insetarbotellaenautoclave| | | |2016-05-30T14:44:23.0000000Z
f1t26|bloquearautoclave| | | |2016-05-30T14:44:27.0000000Z
f1t27|autoclavar| | | |2016-05-30T14:44:33.0000000Z
f1t28|entregarbotellaautoclavada| | | |2016-05-30T14:45:10.0000000Z
f1t29|enfriarbotella| | | |2016-05-30T14:45:11.0000000Z
f1t30|encendercabina| | | |2016-05-30T14:48:54.0000000Z
f1t31|contartiempocabina| | | |2016-05-30T14:48:58.0000000Z
f1t32|soltarbotellacabina| |f1t31| |2016-05-30T14:49:15.0000000Z
f1t33|agregariaa| | | |2016-05-30T14:51:49.0000000Z
f1t34|entregarbandeja| | | |2016-05-30T14:53:26.0000000Z
f1t35|soltarbandeja| | | |2016-05-30T14:54:15.0000000Z
f1t36|llenarbotes| | | |2016-05-30T14:54:26.0000000Z
f1t37|esterilizar| | | |2016-05-30T14:57:32.0000000Z
f1t38|entregarchopo| | | |2016-05-30T14:58:31.0000000Z
f1t39|soltarchopocabina| | | |2016-05-30T15:00:13.0000000Z
f1t40|cortarplanta| | | |2016-05-30T15:00:27.0000000Z
f1t41|adjuntarbandeja| | | |2016-05-30T15:00:33.0000000Z
f1t42|apagarcabina| | | |2016-05-30T15:00:43.0000000Z
f1t44|bloquearbasefitotron| | | |2016-05-30T15:01:28.0000000Z
f1t43|soltarbandcrecimiento| | | |2016-05-30T15:01:32.0000000Z
f1t45|crecerchopo| | | |2016-05-30T15:01:54.0000000Z
f1t46|fincrecimiento| | | |2016-05-30T15:02:47.0000000Z
f2t1|encenderpcr| | | |2016-05-30T15:04:28.0000000Z
f2t4|calentartermobloque| | | |2016-05-30T15:04:29.0000000Z
f2t3|releerprotocolo| | | |2016-05-30T15:04:55.0000000Z
f2t2|releerfundamentos| | | |2016-05-30T15:05:09.0000000Z
f2t5|entregarbandejahielo| | | |2016-05-30T15:07:16.0000000Z
f2t13|tomarpolimerasa| | | |2016-05-30T15:17:50.0000000Z
f2t9|tomaroligonucleicoder| | | |2016-05-30T15:20:35.0000000Z
f2t10|tomartamponpolimerasa| | | |2016-05-30T15:20:54.0000000Z
f2t11|tomarmgcl| | | |2016-05-30T15:21:22.0000000Z
f2t7|tomaradn| | | |2016-05-30T15:21:46.0000000Z
f2t12|tomardntp| | | |2016-05-30T15:22:11.0000000Z
f2t14|tomaraguadestilada| | | |2016-05-30T15:24:08.0000000Z
f2t25|soltarbandejapoyataprimeravez| | | |2016-05-30T15:24:35.0000000Z
f2t27|entregarboteeppendorf| | | |2016-05-30T15:25:39.0000000Z
f2t28|soltarboteeppendorf| | | |2016-05-30T15:26:32.0000000Z
f2t29|sacartuboeppendorf| | | |2016-05-30T15:26:50.0000000Z
f2t30|entregarpipetaamarilla| | | |2016-05-30T15:27:40.0000000Z
f2t31|adjuntarpipetaamarilla| | | |2016-05-30T15:28:03.0000000Z
f2t32|cargarpuntaamarilla| | | |2016-05-30T15:28:38.0000000Z
f2t26|soltarbandejapoyata| | | |2016-05-30T15:29:14.0000000Z
f2t33|iniciarmezcla| | | |2016-05-30T15:29:41.0000000Z
f2t40|agregarpolimerasa| | | |2016-05-30T15:30:01.0000000Z
f2t36|agregaroligonucleicoder| | | |2016-05-30T15:30:17.0000000Z
f2t37|agregartamponpolimerasa| | | |2016-05-30T15:30:23.0000000Z
f2t38|agregarmgcl| | | |2016-05-30T15:30:33.0000000Z
f2t34|agregaradn| | | |2016-05-30T15:30:41.0000000Z
f2t39|agregardntp| | | |2016-05-30T15:30:56.0000000Z
f2t41|agregaraguadestilada| | | |2016-05-30T15:31:02.0000000Z
f2t52|finmezcla| |f2t35| |2016-05-30T15:47:09.0000000Z
f2t53|soltarpipetaamarilla| | | |2016-05-30T15:31:02.0000000Z
f2t54|entregartubomezcla| | | |2016-05-30T15:52:17.0000000Z
f2t55|abrirpcr| | | |2016-05-30T15:52:59.0000000Z
f2t56|soltarmezcla| | | |2016-05-30T15:53:09.0000000Z
f2t57|cerrarpcr| | | |2016-05-30T15:53:14.0000000Z
f2t58|amplificarfragmento| | | |2016-05-30T15:53:26.0000000Z
f2t59|entregarmezclapcr| | | |2016-05-30T15:54:01.0000000Z
f2t60|guardarpcr| | | |2016-05-30T15:54:32.0000000Z
f2t61|soltartubonevera| | | |2016-05-30T15:54:50.0000000Z
f3t1|encendertermobloque| | | |2016-05-30T15:55:21.0000000Z
f3t4|calentartermobloque| | | |2016-05-30T15:55:22.0000000Z
f3t3|releerprotocolo| | | |2016-05-30T15:55:37.0000000Z
f3t5|entregarbandejahielo| | | |2016-05-30T15:59:19.0000000Z
f3t7|tomaradnplasmidico| | | |2016-05-30T16:00:12.0000000Z
f3t8|tomarmezclapcr| | | |2016-05-30T16:00:26.0000000Z
f3t9|tomartamponligasa| | | |2016-05-30T16:00:49.0000000Z
f3t10|tomarenzimaligasa| | | |2016-05-30T16:01:02.0000000Z
f3t11|tomaraguadestilada| | | |2016-05-30T16:01:16.0000000Z
f3t27|soltarbandejapoyata| | | |2016-05-30T16:01:33.0000000Z
f3t26|soltarbandejapoyataprimeravez| | | |2016-05-30T16:01:37.0000000Z
f3t28|sacartuboligacion| | | |2016-05-30T16:01:58.0000000Z
f3t29|entregarpipetaamarilla| | | |2016-05-30T16:02:07.0000000Z
f3t31|cargarpuntaamarilla| | | |2016-05-30T16:03:11.0000000Z
f3t32|iniciarmezcla| | | |2016-05-30T16:03:50.0000000Z
f3t33|agregaradnplasmidico| | | |2016-05-30T16:04:32.0000000Z
f3t34|agregarmezclapcr| | | |2016-05-30T16:04:44.0000000Z
f3t35|agregartamponligasa| | | |2016-05-30T16:04:49.0000000Z
f3t36|agregarenzimaligasa| | | |2016-05-30T16:04:53.0000000Z
f3t37|agregaraguadestilada| | | |2016-05-30T16:04:58.0000000Z
f3t52|finmezcla| | | |2016-05-30T16:05:14.0000000Z
f3t53|soltarpipetaamarilla| | | |2016-05-30T16:05:30.0000000Z
f3t54|entregartubomezcla| | | |2016-05-30T16:05:38.0000000Z
f3t55|abrirtermobloque| | | |2016-05-30T16:06:37.0000000Z
f3t56|soltarmezcla| | | |2016-05-30T16:06:45.0000000Z
f3t57|cerrartermobloque| | | |2016-05-30T16:06:49.0000000Z

f3t58|amplificarfragmento| | | |2016-05-30T16:07:08.0000000Z
f3t59|entregarmezclaligacion| | | |2016-05-30T16:07:26.0000000Z
f3t60|guardarligacion| | | |2016-05-30T16:08:10.0000000Z
f3t61|soltartubonevera| | | |2016-05-30T16:08:24.0000000Z
