f0crearLog|crearLog| | | |2016-05-23T14:00:40.0000000Z
f0t1|entregarbata| | | |2016-05-23T14:01:41.0000000Z
f0t2|bloquearpoyata| | | |2016-05-23T14:02:44.0000000Z
f0t3|leerfundamentos| | | |2016-05-23T14:07:11.0000000Z
f0t5|releerfundamentos| | | |2016-05-23T14:07:17.0000000Z
f0t4|leerprotocolo| | | |2016-05-23T14:08:08.0000000Z
f0t6|releerprotocolo| | | |2016-05-23T14:08:11.0000000Z
f0t7|lavarsemanos| | | |2016-05-23T14:11:04.0000000Z
f0t8|entregarguantes| | | |2016-05-23T14:11:17.0000000Z
f1t1|entregarvaso| | | |2016-05-23T14:14:20.0000000Z
f1t4|soltarvasofregadero| | | |2016-05-23T14:17:33.0000000Z
f1t5|bloquearfregadero| | | |2016-05-23T14:17:37.0000000Z
f1t6|llenarvasoconagua| | | |2016-05-23T14:17:38.0000000Z
f1t7|desbloquearfregadero| | | |2016-05-23T14:17:56.0000000Z
f1t8|soltarvasoagitador| | | |2016-05-23T14:18:22.0000000Z
f1t9|bloquearagitador| | | |2016-05-23T14:18:26.0000000Z
f1t10|bloquearphmetro| | | |2016-05-23T14:18:29.0000000Z
f1t11|encenderagitador| | | |2016-05-23T14:18:40.0000000Z
f1t3|releerprotocolo| | | |2016-05-23T14:19:15.0000000Z
f1t12|agregarmys| | | |2016-05-23T14:20:54.0000000Z
f1t13|agregarsacarosa| | | |2016-05-23T14:21:01.0000000Z
f1t20|apagaragitador| | f1t14-f1t16| |2016-05-23T14:21:31.0000000Z
f1t21|entregarbotella| | | |2016-05-23T14:22:18.0000000Z
f1t22|soltarbotellaagitador| | | |2016-05-23T14:22:56.0000000Z
f1t23|movermezclaabotella| | | |2016-05-23T14:23:07.0000000Z
f1t24|desbloquearagitador| | | |2016-05-23T14:23:19.0000000Z
f1t15|desbloquearphmetro| | | |2016-05-23T14:23:20.0000000Z
f1t25|insetarbotellaenautoclave| | | |2016-05-23T14:24:16.0000000Z
f1t26|bloquearautoclave| | | |2016-05-23T14:24:20.0000000Z
f1t27|autoclavar| | | |2016-05-23T14:24:28.0000000Z
f1t28|entregarbotellaautoclavada| | | |2016-05-23T14:25:22.0000000Z
f1t29|enfriarbotella| | | |2016-05-23T14:25:23.0000000Z
f1t30|encendercabina| | | |2016-05-23T14:26:12.0000000Z
f1t31|contartiempocabina| | | |2016-05-23T14:26:13.0000000Z
f1t32|soltarbotellacabina| |f1t31| |2016-05-23T14:26:35.0000000Z
f1t33|agregariaa| | | |2016-05-23T14:30:11.0000000Z
f1t34|entregarbandeja| | | |2016-05-23T14:31:09.0000000Z
f1t35|soltarbandeja| | | |2016-05-23T14:32:06.0000000Z
f1t36|llenarbotes| | | |2016-05-23T14:32:14.0000000Z
f1t37|esterilizar| | | |2016-05-23T14:32:49.0000000Z
f1t38|entregarchopo| | | |2016-05-23T14:33:32.0000000Z
f1t39|soltarchopocabina| | | |2016-05-23T14:34:25.0000000Z
f1t40|cortarplanta| | | |2016-05-23T14:34:35.0000000Z
f1t41|adjuntarbandeja| | | |2016-05-23T14:34:42.0000000Z
f1t42|apagarcabina| | | |2016-05-23T14:34:48.0000000Z
f1t44|bloquearbasefitotron| | | |2016-05-23T14:35:31.0000000Z
f1t43|soltarbandcrecimiento| | | |2016-05-23T14:35:35.0000000Z
f1t45|crecerchopo| | | |2016-05-23T14:35:52.0000000Z
f1t46|fincrecimiento| | | |2016-05-23T14:36:54.0000000Z
f2t1|encenderpcr| | | |2016-05-23T14:37:46.0000000Z
f2t4|calentartermobloque| | | |2016-05-23T14:37:47.0000000Z
f2t3|releerprotocolo| | | |2016-05-23T14:38:03.0000000Z
f2t5|entregarbandejahielo| | | |2016-05-23T14:40:51.0000000Z
f2t10|tomartamponpolimerasa| | | |2016-05-23T14:45:17.0000000Z
f2t9|tomaroligonucleicoder| | | |2016-05-23T14:45:27.0000000Z
f2t14|tomaraguadestilada| | | |2016-05-23T14:46:04.0000000Z
f2t13|tomarpolimerasa| | | |2016-05-23T14:46:44.0000000Z
f2t8|tomaroligonucleicoizq| | | |2016-05-23T14:51:35.0000000Z
f2t11|tomarmgcl| | | |2016-05-23T14:51:43.0000000Z
f2t7|tomaradn| | | |2016-05-23T14:51:55.0000000Z
f2t12|tomardntp| | | |2016-05-23T14:52:37.0000000Z
f2t26|soltarbandejapoyata| | | |2016-05-23T14:53:15.0000000Z
f2t25|soltarbandejapoyataprimeravez| | | |2016-05-23T14:53:19.0000000Z
f2t27|entregarboteeppendorf| | | |2016-05-23T14:54:08.0000000Z
f2t28|soltarboteeppendorf| | | |2016-05-23T14:54:49.0000000Z
f2t29|sacartuboeppendorf| | | |2016-05-23T14:55:01.0000000Z
f2t30|entregarpipetaamarilla| | | |2016-05-23T14:55:44.0000000Z
f2t32|cargarpuntaamarilla| | | |2016-05-23T14:56:06.0000000Z
f2t33|iniciarmezcla| | | |2016-05-23T14:56:28.0000000Z
f2t34|agregaradn| | | |2016-05-23T14:56:48.0000000Z
f2t36|agregaroligonucleicoder| | | |2016-05-23T14:57:09.0000000Z
f2t35|agregaroligonucleicoizq| | | |2016-05-23T14:57:18.0000000Z
f2t38|agregarmgcl| | | |2016-05-23T14:57:26.0000000Z
f2t39|agregardntp| | | |2016-05-23T14:57:43.0000000Z
f2t40|agregarpolimerasa| | | |2016-05-23T14:57:54.0000000Z
f2t41|agregaraguadestilada| | | |2016-05-23T14:58:05.0000000Z
f2t52|finmezcla| |f2t37| |2016-05-23T14:58:15.0000000Z
f2t53|soltarpipetaamarilla| | | |2016-05-23T14:58:26.0000000Z
f2t54|entregartubomezcla| | | |2016-05-23T14:58:36.0000000Z
f2t55|abrirpcr| | | |2016-05-23T14:59:06.0000000Z
f2t56|soltarmezcla| | | |2016-05-23T14:59:21.0000000Z
f2t57|cerrarpcr| | | |2016-05-23T14:59:35.0000000Z
f2t58|amplificarfragmento| | | |2016-05-23T14:59:40.0000000Z
f2t59|entregarmezclapcr| | | |2016-05-23T15:00:17.0000000Z
f2t60|guardarpcr| | | |2016-05-23T15:01:50.0000000Z
f2t61|soltartubonevera| | | |2016-05-23T15:02:05.0000000Z
f3t1|encendertermobloque| | | |2016-05-23T15:02:34.0000000Z
f3t4|calentartermobloque| | | |2016-05-23T15:02:43.0000000Z
f3t3|releerprotocolo| | | |2016-05-23T15:03:02.0000000Z
f3t5|entregarbandejahielo| | | |2016-05-23T15:05:18.0000000Z
f3t7|tomaradnplasmidico| | | |2016-05-23T15:06:06.0000000Z
f3t8|tomarmezclapcr| | | |2016-05-23T15:06:26.0000000Z
f3t9|tomartamponligasa| | | |2016-05-23T15:06:39.0000000Z
f3t10|tomarenzimaligasa| | | |2016-05-23T15:06:46.0000000Z
f3t11|tomaraguadestilada| | | |2016-05-23T15:07:22.0000000Z
f3t27|soltarbandejapoyata| | | |2016-05-23T15:07:59.0000000Z
f3t26|soltarbandejapoyataprimeravez| | | |2016-05-23T15:08:03.0000000Z
f3t28|sacartuboligacion| | | |2016-05-23T15:08:19.0000000Z
f3t29|entregarpipetaamarilla| | | |2016-05-23T15:08:47.0000000Z
f3t31|cargarpuntaamarilla| | | |2016-05-23T15:09:45.0000000Z
f3t32|iniciarmezcla| | | |2016-05-23T15:10:09.0000000Z
f3t33|agregaradnplasmidico| | | |2016-05-23T15:10:22.0000000Z
f3t34|agregarmezclapcr| | | |2016-05-23T15:10:29.0000000Z
f3t35|agregartamponligasa| | | |2016-05-23T15:10:42.0000000Z
f3t36|agregarenzimaligasa| | | |2016-05-23T15:11:11.0000000Z
f3t37|agregaraguadestilada| | | |2016-05-23T15:11:15.0000000Z
f3t52|finmezcla| | | |2016-05-23T15:11:32.0000000Z
f3t53|soltarpipetaamarilla| | | |2016-05-23T15:11:50.0000000Z
f3t54|entregartubomezcla| | | |2016-05-23T15:12:00.0000000Z
f3t55|abrirtermobloque| | | |2016-05-23T15:12:27.0000000Z
f3t56|soltarmezcla| | | |2016-05-23T15:12:36.0000000Z
f3t57|cerrartermobloque| | | |2016-05-23T15:12:57.0000000Z

f3t58|amplificarfragmento| | | |2016-05-23T15:13:43.0000000Z
f3t59|entregarmezclaligacion| | | |2016-05-23T15:14:07.0000000Z
f3t60|guardarligacion| | | |2016-05-23T15:14:34.0000000Z
f3t61|soltartubonevera| | | |2016-05-23T15:15:03.0000000Z
