accionrealizada|f0t1|entregarbata|entregarbata|2016-05-27T14:01:39.0000000Z
accionrealizada|f0t3|leerfundamentos|leerfundamentos|2016-05-27T14:07:54.0000000Z
accionrealizada|f0t3|leerfundamentos|leerfundamentos|2016-05-27T14:07:56.0000000Z
dependenciabloq|f0t7|lavarsemanos|f0t4|2016-05-27T14:22:36.0000000Z
dependenciabloq|f0t8|entregarguantes|f0t7|2016-05-27T14:22:59.0000000Z
dependenciabloq|f0t7|lavarsemanos|f0t4|2016-05-27T14:23:06.0000000Z
accionrealizada|f0t4|leerprotocolo|leerprotocolo|2016-05-27T14:23:24.0000000Z
accionrealizada|f0t4|leerprotocolo|leerprotocolo|2016-05-27T14:23:26.0000000Z
dependenciabloq|f0t8|entregarguantes|f0t7|2016-05-27T14:23:44.0000000Z
accionnoencontrada| |lavarsemanos| |2016-05-27T14:28:15.0000000Z
accionrealizada|f1t6|llenarvasoconagua|llenarvasoconagua|2016-05-27T14:29:08.0000000Z
dependenciasnobloq|f1t14|ajustarph| f1t12-f1t13|2016-05-27T14:30:26.0000000Z
incompatibilidadnobloq|f1t12|agregarmys|f1t14|2016-05-27T14:31:30.0000000Z
incompatibilidadnobloq|f1t13|agregarsacarosa|f1t14|2016-05-27T14:31:38.0000000Z
dependenciasnobloq|f1t20|apagaragitador| f1t16-ord_f1t20|2016-05-27T14:32:20.0000000Z
accionrealizada|f1t11|encenderagitador|encenderagitador|2016-05-27T14:32:40.0000000Z
accionrealizada|f1t11|encenderagitador|encenderagitador|2016-05-27T14:32:42.0000000Z
accionrealizada|f1t11|encenderagitador|encenderagitador|2016-05-27T14:33:30.0000000Z
accionrealizada|f1t11|encenderagitador|encenderagitador|2016-05-27T14:33:33.0000000Z
accionrealizada|f1t11|encenderagitador|encenderagitador|2016-05-27T14:33:35.0000000Z
accionnoencontrada| |entregarbandejahielo| |2016-05-27T14:42:08.0000000Z
accionnoencontrada| |entregarbandejahielo| |2016-05-27T14:44:21.0000000Z
accionnoencontrada| |entregarbandejahielo| |2016-05-27T14:44:28.0000000Z
dependenciabloq|f1t40|cortarplanta|f1t39|2016-05-27T14:47:55.0000000Z
accionrealizada|f1t30|encendercabina|encendercabina|2016-05-27T14:48:23.0000000Z
accionrealizada|f1t30|encendercabina|encendercabina|2016-05-27T14:48:30.0000000Z
accionrealizada|f1t30|encendercabina|encendercabina|2016-05-27T14:48:33.0000000Z
accionrealizada|f1t30|encendercabina|encendercabina|2016-05-27T14:49:00.0000000Z
accionrealizada|f1t30|encendercabina|encendercabina|2016-05-27T14:50:13.0000000Z
accionrealizada|f1t31|contartiempocabina|contartiempocabina|2016-05-27T14:53:10.0000000Z
accionnoencontrada| |BandejaBotes| |2016-05-27T14:59:02.0000000Z
accionrealizada|f2t54|entregartubomezcla|entregartubomezcla|2016-05-27T15:15:25.0000000Z
accionrealizada|f3t32|iniciarmezcla|iniciarmezcla|2016-05-27T15:26:44.0000000Z
accionrealizada|f3t52|finmezcla|finmezcla|2016-05-27T15:28:13.0000000Z
accionrealizada|f3t54|entregartubomezcla|entregartubomezcla|2016-05-27T15:28:46.0000000Z
