dependenciabloq|f0t8|entregarguantes|f0t7|2016-05-23T14:50:42.0000000Z
accionrealizada|f0t8|entregarguantes|entregarguantes|2016-05-23T14:57:43.0000000Z
dependenciasnobloq|f1t20|apagaragitador| f1t14-f1t16|2016-05-23T15:02:13.0000000Z
accionnoencontrada| |entregarvaso| |2016-05-23T15:04:28.0000000Z
dependenciabloq|f1t40|cortarplanta|f1t39|2016-05-23T15:11:00.0000000Z
dependenciabloq|f1t40|cortarplanta|f1t39|2016-05-23T15:11:49.0000000Z
dependenciabloq|f1t40|cortarplanta|f1t39|2016-05-23T15:12:47.0000000Z
accionrealizada|f1t37|esterilizar|esterilizar|2016-05-23T15:12:51.0000000Z
accionnoencontrada| |BandejaBotes| |2016-05-23T15:16:44.0000000Z
accionrealizada|f2t5|entregarbandejahielo|entregarbandejahielo|2016-05-23T15:17:52.0000000Z
accionrealizada|f2t5|entregarbandejahielo|entregarbandejahielo|2016-05-23T15:18:07.0000000Z
dependenciabloq|f2t10|tomartamponpolimerasa|f2t6|2016-05-23T15:20:00.0000000Z
accionrealizada|f2t5|entregarbandejahielo|entregarbandejahielo|2016-05-23T15:20:13.0000000Z
accionnoencontrada| |entregarpipetaazul| |2016-05-23T15:26:40.0000000Z
dependenciabloq|f2t32|cargarpuntaamarilla|f2t31|2016-05-23T15:26:51.0000000Z
accionrealizada|f2t30|entregarpipetaamarilla|entregarpipetaamarilla|2016-05-23T15:28:10.0000000Z
accionrealizada|f2t54|entregartubomezcla|entregartubomezcla|2016-05-23T15:30:37.0000000Z
accionnoencontrada| |encenderpcr| |2016-05-23T15:31:01.0000000Z
accionnoencontrada| |encenderpcr| |2016-05-23T15:31:13.0000000Z
accionnoencontrada| |encenderpcr| |2016-05-23T15:31:20.0000000Z
accionnoencontrada| |encenderpcr| |2016-05-23T15:32:18.0000000Z
accionnoencontrada| |encenderpcr| |2016-05-23T15:32:21.0000000Z
accionnoencontrada| |encenderpcr| |2016-05-23T15:32:42.0000000Z
accionnoencontrada| |encenderpcr| |2016-05-23T15:32:44.0000000Z
accionnoencontrada| |encenderpcr| |2016-05-23T15:32:47.0000000Z
accionnoencontrada| |encenderpcr| |2016-05-23T15:32:50.0000000Z
accionnoencontrada| |encenderpcr| |2016-05-23T15:32:52.0000000Z
accionnoencontrada| |encenderpcr| |2016-05-23T15:32:55.0000000Z
accionnoencontrada| |encenderpcr| |2016-05-23T15:32:58.0000000Z
accionnoencontrada| |encenderpcr| |2016-05-23T15:33:00.0000000Z
accionnoencontrada| |encenderpcr| |2016-05-23T15:33:03.0000000Z
accionnoencontrada| |encenderpcr| |2016-05-23T15:33:31.0000000Z
accionrealizada|f2t57|cerrarpcr|cerrarpcr|2016-05-23T15:34:05.0000000Z
dependenciabloq|f2t59|entregarmezclapcr|f2t58|2016-05-23T15:34:28.0000000Z
accionrealizada|f2t60|guardarpcr|guardarpcr|2016-05-23T15:35:45.0000000Z
accionrealizada|f2t60|guardarpcr|guardarpcr|2016-05-23T15:36:08.0000000Z
accionrealizada|f2t60|guardarpcr|guardarpcr|2016-05-23T15:36:38.0000000Z
accionrealizada|f2t60|guardarpcr|guardarpcr|2016-05-23T15:38:08.0000000Z
accionrealizada|f2t60|guardarpcr|guardarpcr|2016-05-23T15:38:32.0000000Z
accionrealizada|f2t60|guardarpcr|guardarpcr|2016-05-23T15:40:32.0000000Z
accionrealizada|f3t52|finmezcla|finmezcla|2016-05-23T15:50:25.0000000Z
accionrealizada|f3t54|entregartubomezcla|entregartubomezcla|2016-05-23T15:50:43.0000000Z
accionrealizada|f3t54|entregartubomezcla|entregartubomezcla|2016-05-23T15:50:46.0000000Z
