f0crearLog|crearLog| | | |2016-05-23T14:40:48.0000000Z
f0t1|entregarbata| | | |2016-05-23T14:41:30.0000000Z
f0t2|bloquearpoyata| | | |2016-05-23T14:42:43.0000000Z
f0t3|leerfundamentos| | | |2016-05-23T14:43:47.0000000Z
f0t5|releerfundamentos| | | |2016-05-23T14:43:49.0000000Z
f0t4|leerprotocolo| | | |2016-05-23T14:48:11.0000000Z
f0t6|releerprotocolo| | | |2016-05-23T14:48:18.0000000Z
f0t7|lavarsemanos| | | |2016-05-23T14:56:13.0000000Z
f0t8|entregarguantes| | | |2016-05-23T14:56:28.0000000Z
f1t1|entregarvaso| | | |2016-05-23T14:59:21.0000000Z
f1t4|soltarvasofregadero| | | |2016-05-23T14:59:53.0000000Z
f1t5|bloquearfregadero| | | |2016-05-23T14:59:57.0000000Z
f1t6|llenarvasoconagua| | | |2016-05-23T15:00:01.0000000Z
f1t7|desbloquearfregadero| | | |2016-05-23T15:00:19.0000000Z
f1t8|soltarvasoagitador| | | |2016-05-23T15:01:03.0000000Z
f1t9|bloquearagitador| | | |2016-05-23T15:01:07.0000000Z
f1t10|bloquearphmetro| | | |2016-05-23T15:01:11.0000000Z
f1t11|encenderagitador| | | |2016-05-23T15:01:19.0000000Z
f1t12|agregarmys| | | |2016-05-23T15:01:48.0000000Z
f1t13|agregarsacarosa| | | |2016-05-23T15:02:02.0000000Z
f1t20|apagaragitador| | f1t14-f1t16| |2016-05-23T15:02:19.0000000Z
f1t21|entregarbotella| | | |2016-05-23T15:02:44.0000000Z
f1t22|soltarbotellaagitador| | | |2016-05-23T15:03:04.0000000Z
f1t23|movermezclaabotella| | | |2016-05-23T15:03:13.0000000Z
f1t24|desbloquearagitador| | | |2016-05-23T15:03:26.0000000Z
f1t15|desbloquearphmetro| | | |2016-05-23T15:03:26.0000000Z
f1t25|insetarbotellaenautoclave| | | |2016-05-23T15:06:52.0000000Z
f1t26|bloquearautoclave| | | |2016-05-23T15:06:56.0000000Z
f1t27|autoclavar| | | |2016-05-23T15:06:58.0000000Z
f1t30|encendercabina| | | |2016-05-23T15:07:57.0000000Z
f1t31|contartiempocabina| | | |2016-05-23T15:07:58.0000000Z
f1t28|entregarbotellaautoclavada| | | |2016-05-23T15:08:32.0000000Z
f1t29|enfriarbotella| | | |2016-05-23T15:08:33.0000000Z
f1t32|soltarbotellacabina| | | |2016-05-23T15:09:17.0000000Z
f1t33|agregariaa| | | |2016-05-23T15:09:55.0000000Z
f1t34|entregarbandeja| | | |2016-05-23T15:10:13.0000000Z
f1t35|soltarbandeja| | | |2016-05-23T15:10:35.0000000Z
f1t36|llenarbotes| | | |2016-05-23T15:10:44.0000000Z
f1t37|esterilizar| | | |2016-05-23T15:12:46.0000000Z
f1t38|entregarchopo| | | |2016-05-23T15:13:33.0000000Z
f1t39|soltarchopocabina| | | |2016-05-23T15:14:18.0000000Z
f1t40|cortarplanta| | | |2016-05-23T15:14:31.0000000Z
f1t41|adjuntarbandeja| | | |2016-05-23T15:14:38.0000000Z
f1t42|apagarcabina| | | |2016-05-23T15:14:46.0000000Z
f1t44|bloquearbasefitotron| | | |2016-05-23T15:15:24.0000000Z
f1t43|soltarbandcrecimiento| | | |2016-05-23T15:15:28.0000000Z
f1t45|crecerchopo| | | |2016-05-23T15:15:44.0000000Z
f1t46|fincrecimiento| | | |2016-05-23T15:16:33.0000000Z
f2t1|encenderpcr| | | |2016-05-23T15:17:24.0000000Z
f2t4|calentartermobloque| | | |2016-05-23T15:17:25.0000000Z
f2t5|entregarbandejahielo| | | |2016-05-23T15:17:43.0000000Z
f2t7|tomaradn| | | |2016-05-23T15:20:54.0000000Z
f2t9|tomaroligonucleicoder| | | |2016-05-23T15:22:17.0000000Z
f2t8|tomaroligonucleicoizq| | | |2016-05-23T15:22:23.0000000Z
f2t10|tomartamponpolimerasa| | | |2016-05-23T15:22:31.0000000Z
f2t11|tomarmgcl| | | |2016-05-23T15:22:45.0000000Z
f2t12|tomardntp| | | |2016-05-23T15:22:59.0000000Z
f2t13|tomarpolimerasa| | | |2016-05-23T15:23:06.0000000Z
f2t14|tomaraguadestilada| | | |2016-05-23T15:23:15.0000000Z
f2t3|releerprotocolo| | | |2016-05-23T15:23:58.0000000Z
f2t30|entregarpipetaamarilla| | | |2016-05-23T15:26:37.0000000Z
f2t26|soltarbandejapoyata| | | |2016-05-23T15:26:53.0000000Z
f2t25|soltarbandejapoyataprimeravez| | | |2016-05-23T15:26:57.0000000Z
f2t27|entregarboteeppendorf| | | |2016-05-23T15:27:21.0000000Z
f2t28|soltarboteeppendorf| | | |2016-05-23T15:27:46.0000000Z
f2t29|sacartuboeppendorf| | | |2016-05-23T15:28:01.0000000Z
f2t32|cargarpuntaamarilla| | | |2016-05-23T15:28:30.0000000Z
f2t33|iniciarmezcla| | | |2016-05-23T15:28:47.0000000Z
f2t34|agregaradn| | | |2016-05-23T15:29:01.0000000Z
f2t36|agregaroligonucleicoder| | | |2016-05-23T15:29:18.0000000Z
f2t35|agregaroligonucleicoizq| | | |2016-05-23T15:29:24.0000000Z
f2t37|agregartamponpolimerasa| | | |2016-05-23T15:29:32.0000000Z
f2t38|agregarmgcl| | | |2016-05-23T15:29:40.0000000Z
f2t39|agregardntp| | | |2016-05-23T15:29:47.0000000Z
f2t40|agregarpolimerasa| | | |2016-05-23T15:29:54.0000000Z
f2t41|agregaraguadestilada| | | |2016-05-23T15:30:00.0000000Z
f2t52|finmezcla| | | |2016-05-23T15:30:14.0000000Z
f2t53|soltarpipetaamarilla| | | |2016-05-23T15:30:26.0000000Z
f2t54|entregartubomezcla| | | |2016-05-23T15:30:34.0000000Z
f2t55|abrirpcr| | | |2016-05-23T15:33:46.0000000Z
f2t56|soltarmezcla| | | |2016-05-23T15:33:57.0000000Z
f2t57|cerrarpcr| | | |2016-05-23T15:34:02.0000000Z
f2t58|amplificarfragmento| | | |2016-05-23T15:34:07.0000000Z
f2t59|entregarmezclapcr| | | |2016-05-23T15:34:43.0000000Z
f2t60|guardarpcr| | | |2016-05-23T15:43:48.0000000Z
f2t61|soltartubonevera| | | |2016-05-23T15:44:00.0000000Z
f3t1|encendertermobloque| | | |2016-05-23T15:44:43.0000000Z
f3t4|calentartermobloque| | | |2016-05-23T15:44:44.0000000Z
f3t2|releerfundamentos| | | |2016-05-23T15:44:59.0000000Z
f3t3|releerprotocolo| | | |2016-05-23T15:45:21.0000000Z
f3t5|entregarbandejahielo| | | |2016-05-23T15:45:54.0000000Z
f3t7|tomaradnplasmidico| | | |2016-05-23T15:46:55.0000000Z
f3t8|tomarmezclapcr| | | |2016-05-23T15:47:26.0000000Z
f3t9|tomartamponligasa| | | |2016-05-23T15:47:39.0000000Z
f3t10|tomarenzimaligasa| | | |2016-05-23T15:47:51.0000000Z
f3t11|tomaraguadestilada| | | |2016-05-23T15:48:04.0000000Z
f3t27|soltarbandejapoyata| | | |2016-05-23T15:48:22.0000000Z
f3t26|soltarbandejapoyataprimeravez| | | |2016-05-23T15:48:27.0000000Z
f3t28|sacartuboligacion| | | |2016-05-23T15:48:40.0000000Z
f3t29|entregarpipetaamarilla| | | |2016-05-23T15:48:49.0000000Z
f3t31|cargarpuntaamarilla| | | |2016-05-23T15:49:01.0000000Z
f3t32|iniciarmezcla| | | |2016-05-23T15:49:09.0000000Z
f3t33|agregaradnplasmidico| | | |2016-05-23T15:49:21.0000000Z
f3t34|agregarmezclapcr| | | |2016-05-23T15:49:31.0000000Z
f3t35|agregartamponligasa| | | |2016-05-23T15:49:47.0000000Z
f3t36|agregarenzimaligasa| | | |2016-05-23T15:49:55.0000000Z
f3t37|agregaraguadestilada| | | |2016-05-23T15:50:01.0000000Z
f3t52|finmezcla| | | |2016-05-23T15:50:21.0000000Z
f3t53|soltarpipetaamarilla| | | |2016-05-23T15:50:32.0000000Z
f3t54|entregartubomezcla| | | |2016-05-23T15:50:39.0000000Z
f3t55|abrirtermobloque| | | |2016-05-23T15:51:01.0000000Z
f3t56|soltarmezcla| | | |2016-05-23T15:51:08.0000000Z
f3t57|cerrartermobloque| | | |2016-05-23T15:51:12.0000000Z

f3t58|amplificarfragmento| | | |2016-05-23T15:51:33.0000000Z
f3t59|entregarmezclaligacion| | | |2016-05-23T15:51:44.0000000Z
f3t60|guardarligacion| | | |2016-05-23T15:52:06.0000000Z
f3t61|soltartubonevera| | | |2016-05-23T15:52:24.0000000Z
