f0crearLog|crearLog| | | |2016-05-30T14:59:45.0000000Z
f0t1|entregarbata| | | |2016-05-30T15:00:40.0000000Z
f0t2|bloquearpoyata| | | |2016-05-30T15:01:22.0000000Z
f0t3|leerfundamentos| | | |2016-05-30T15:01:59.0000000Z
f0t4|leerprotocolo| | | |2016-05-30T15:02:37.0000000Z
f0t7|lavarsemanos| | | |2016-05-30T15:02:55.0000000Z
f0t8|entregarguantes| | | |2016-05-30T15:03:02.0000000Z
f1t1|entregarvaso| | | |2016-05-30T15:03:43.0000000Z
f1t4|soltarvasofregadero| | | |2016-05-30T15:04:18.0000000Z
f1t5|bloquearfregadero| | | |2016-05-30T15:04:22.0000000Z
f1t6|llenarvasoconagua| | | |2016-05-30T15:04:30.0000000Z
f1t7|desbloquearfregadero| | | |2016-05-30T15:04:48.0000000Z
f1t8|soltarvasoagitador| | | |2016-05-30T15:05:22.0000000Z
f1t9|bloquearagitador| | | |2016-05-30T15:05:26.0000000Z
f1t10|bloquearphmetro| | | |2016-05-30T15:05:30.0000000Z
f1t11|encenderagitador| | | |2016-05-30T15:05:35.0000000Z
f1t14|ajustarph| | f1t12-f1t13| |2016-05-30T15:05:41.0000000Z
f1t15|desbloquearphmetro| | | |2016-05-30T15:05:41.0000000Z
f1t16|agregaragar| | f1t12-f1t13-ord_f1t16| |2016-05-30T15:06:05.0000000Z
f1t20|apagaragitador| | f1t12-f1t13| |2016-05-30T15:06:23.0000000Z
f1t21|entregarbotella| | | |2016-05-30T15:06:43.0000000Z
f1t22|soltarbotellaagitador| | | |2016-05-30T15:07:10.0000000Z
f1t23|movermezclaabotella| | | |2016-05-30T15:07:20.0000000Z
f1t24|desbloquearagitador| | | |2016-05-30T15:07:32.0000000Z
f1t25|insetarbotellaenautoclave| | | |2016-05-30T15:08:18.0000000Z
f1t26|bloquearautoclave| | | |2016-05-30T15:08:23.0000000Z
f1t27|autoclavar| | | |2016-05-30T15:08:27.0000000Z
f1t28|entregarbotellaautoclavada| | | |2016-05-30T15:08:56.0000000Z
f1t29|enfriarbotella| | | |2016-05-30T15:08:57.0000000Z
f1t30|encendercabina| | | |2016-05-30T15:14:34.0000000Z
f1t31|contartiempocabina| | | |2016-05-30T15:14:35.0000000Z
f1t32|soltarbotellacabina| | | |2016-05-30T15:15:11.0000000Z
f1t33|agregariaa| | | |2016-05-30T15:17:20.0000000Z
f1t34|entregarbandeja| | | |2016-05-30T15:18:05.0000000Z
f1t35|soltarbandeja| | | |2016-05-30T15:18:55.0000000Z
f1t36|llenarbotes| | | |2016-05-30T15:19:06.0000000Z
f1t37|esterilizar| | | |2016-05-30T15:19:14.0000000Z
f1t38|entregarchopo| | | |2016-05-30T15:20:06.0000000Z
f1t39|soltarchopocabina| | | |2016-05-30T15:21:01.0000000Z
f1t40|cortarplanta| | | |2016-05-30T15:21:12.0000000Z
f1t41|adjuntarbandeja| | | |2016-05-30T15:21:17.0000000Z
f1t42|apagarcabina| | | |2016-05-30T15:21:26.0000000Z
f1t44|bloquearbasefitotron| | | |2016-05-30T15:22:28.0000000Z
f1t43|soltarbandcrecimiento| | | |2016-05-30T15:22:32.0000000Z
f1t45|crecerchopo| | | |2016-05-30T15:22:48.0000000Z
f1t46|fincrecimiento| | | |2016-05-30T15:23:18.0000000Z
f1t3|releerprotocolo| | | |2016-05-30T15:24:16.0000000Z
f1t2|releerfundamentos| | | |2016-05-30T15:25:01.0000000Z
f2t1|encenderpcr| | | |2016-05-30T15:28:02.0000000Z
f2t4|calentartermobloque| | | |2016-05-30T15:28:04.0000000Z
f2t5|entregarbandejahielo| | | |2016-05-30T15:28:15.0000000Z
f2t13|tomarpolimerasa| | | |2016-05-30T15:29:34.0000000Z
f2t9|tomaroligonucleicoder| | | |2016-05-30T15:29:49.0000000Z
f2t10|tomartamponpolimerasa| | | |2016-05-30T15:29:58.0000000Z
f2t11|tomarmgcl| | | |2016-05-30T15:31:11.0000000Z
f2t12|tomardntp| | | |2016-05-30T15:31:35.0000000Z
f2t14|tomaraguadestilada| | | |2016-05-30T15:32:25.0000000Z
f2t55|abrirpcr| | | |2016-05-30T15:32:50.0000000Z
f2t7|tomaradn| | | |2016-05-30T15:34:25.0000000Z
f2t8|tomaroligonucleicoizq| | | |2016-05-30T15:34:46.0000000Z
f2t23|tomarmezclapcr| | | |2016-05-30T15:39:45.0000000Z
f2t3|releerprotocolo| | | |2016-05-30T15:42:32.0000000Z
f2t25|soltarbandejapoyataprimeravez| | | |2016-05-30T15:51:54.0000000Z
f2t27|entregarboteeppendorf| | | |2016-05-30T15:52:54.0000000Z
f2t28|soltarboteeppendorf| | | |2016-05-30T15:53:37.0000000Z
f2t29|sacartuboeppendorf| | | |2016-05-30T15:53:46.0000000Z
f2t30|entregarpipetaamarilla| | | |2016-05-30T15:54:27.0000000Z
f2t32|cargarpuntaamarilla| | | |2016-05-30T15:55:03.0000000Z
f2t41|agregaraguadestilada| | | |2016-05-30T15:56:00.0000000Z
f2t40|agregarpolimerasa| | | |2016-05-30T15:56:12.0000000Z
f2t39|agregardntp| | | |2016-05-30T15:56:17.0000000Z
f2t38|agregarmgcl| | | |2016-05-30T15:56:25.0000000Z
f2t37|agregartamponpolimerasa| | | |2016-05-30T15:56:32.0000000Z
f2t36|agregaroligonucleicoder| | | |2016-05-30T15:56:41.0000000Z
f2t34|agregaradn| | | |2016-05-30T15:56:54.0000000Z
f2t26|soltarbandejapoyata| | | |2016-05-30T15:57:41.0000000Z
f2t33|iniciarmezcla| | | |2016-05-30T15:57:47.0000000Z
f2t35|agregaroligonucleicoizq| | | |2016-05-30T15:58:13.0000000Z
f2t52|finmezcla| | | |2016-05-30T15:58:26.0000000Z
f2t53|soltarpipetaamarilla| | | |2016-05-30T15:59:07.0000000Z
f2t54|entregartubomezcla| | | |2016-05-30T15:59:31.0000000Z
f2t56|soltarmezcla| | | |2016-05-30T16:00:20.0000000Z
f2t57|cerrarpcr| | | |2016-05-30T16:00:31.0000000Z
f2t58|amplificarfragmento| | | |2016-05-30T16:00:45.0000000Z
f2t59|entregarmezclapcr| | | |2016-05-30T16:01:23.0000000Z
f2t60|guardarpcr| | | |2016-05-30T16:02:22.0000000Z
f2t61|soltartubonevera| | | |2016-05-30T16:02:37.0000000Z
f3t1|encendertermobloque| | | |2016-05-30T16:03:00.0000000Z
f3t4|calentartermobloque| | | |2016-05-30T16:03:06.0000000Z
f3t5|entregarbandejahielo| | | |2016-05-30T16:24:06.0000000Z
f3t7|tomaradnplasmidico| | | |2016-05-30T16:27:00.0000000Z
f3t8|tomarmezclapcr| | | |2016-05-30T16:27:11.0000000Z
f3t9|tomartamponligasa| | | |2016-05-30T16:27:21.0000000Z
f3t10|tomarenzimaligasa| | | |2016-05-30T16:27:27.0000000Z
f3t11|tomaraguadestilada| | | |2016-05-30T16:27:38.0000000Z
f3t27|soltarbandejapoyata| | | |2016-05-30T16:27:56.0000000Z
f3t26|soltarbandejapoyataprimeravez| | | |2016-05-30T16:28:00.0000000Z
f3t28|sacartuboligacion| | | |2016-05-30T16:28:41.0000000Z
f3t29|entregarpipetaamarilla| | | |2016-05-30T16:29:02.0000000Z
f3t31|cargarpuntaamarilla| | | |2016-05-30T16:29:31.0000000Z
f3t32|iniciarmezcla| | | |2016-05-30T16:29:41.0000000Z
f3t37|agregaraguadestilada| | | |2016-05-30T16:29:51.0000000Z
f3t36|agregarenzimaligasa| | | |2016-05-30T16:29:59.0000000Z
f3t35|agregartamponligasa| | | |2016-05-30T16:30:20.0000000Z
f3t34|agregarmezclapcr| | | |2016-05-30T16:30:30.0000000Z
f3t33|agregaradnplasmidico| | | |2016-05-30T16:30:38.0000000Z
f3t52|finmezcla| | | |2016-05-30T16:30:55.0000000Z
f3t53|soltarpipetaamarilla| | | |2016-05-30T16:31:15.0000000Z
f3t54|entregartubomezcla| | | |2016-05-30T16:31:23.0000000Z
f3t55|abrirtermobloque| | | |2016-05-30T16:32:18.0000000Z
f3t56|soltarmezcla| | | |2016-05-30T16:32:27.0000000Z
f3t57|cerrartermobloque| | | |2016-05-30T16:32:30.0000000Z

f3t58|amplificarfragmento| | | |2016-05-30T16:32:55.0000000Z
f3t59|entregarmezclaligacion| | | |2016-05-30T16:33:13.0000000Z
f3t60|guardarligacion| | | |2016-05-30T16:33:35.0000000Z
f3t61|soltartubonevera| | | |2016-05-30T16:33:48.0000000Z
