lavarsemanos|avatarlejosdelavamanos|Lavamanos|2016-05-30T14:33:06.0000000Z
soltarbotellacabina|noseencuentracabina|Botella|2016-05-30T14:47:23.0000000Z
soltarbotellacabina|noseencuentracabina|Botella|2016-05-30T14:47:40.0000000Z
soltarbotellacabina|noseencuentracabina|Botella|2016-05-30T14:47:58.0000000Z
lavarsemanos|avatarlejosdelavamanos|Lavamanos|2016-05-30T15:01:02.0000000Z
soltarbotellaagitador|avatarlejosdeagitador|Botella|2016-05-30T15:07:00.0000000Z
soltarbotellacabina|noseencuentracabina|Botella|2016-05-30T15:09:46.0000000Z
soltarbotellacabina|noseencuentracabina|Botella|2016-05-30T15:10:09.0000000Z
soltarbotellacabina|noseencuentracabina|Botella|2016-05-30T15:10:34.0000000Z
soltarbotellacabina|noseencuentracabina|Botella|2016-05-30T15:10:58.0000000Z
soltarbotellacabina|noseencuentracabina|Botella|2016-05-30T15:11:17.0000000Z
soltarbotellacabina|noseencuentracabina|Botella|2016-05-30T15:11:53.0000000Z
soltarbotellacabina|noseencuentracabina|Botella|2016-05-30T15:12:18.0000000Z
soltarbotellacabina|noseencuentracabina|Botella|2016-05-30T15:12:52.0000000Z
soltarbotellacabina|noseencuentracabina|Botella|2016-05-30T15:13:13.0000000Z
soltarbotellacabina|noseencuentracabina|Botella|2016-05-30T15:13:40.0000000Z
soltarbotellacabina|noseencuentracabina|Botella|2016-05-30T15:14:04.0000000Z
soltarbotellacabina|noseencuentracabina|Botella|2016-05-30T15:14:27.0000000Z
soltarbotellacabina|noseencuentracabina|Botella|2016-05-30T15:15:04.0000000Z
soltarbandejapoyata|noseencuentrapoyata|BandejaHielo|2016-05-30T15:32:59.0000000Z
soltarbandejapoyata|noseencuentrapoyata|BandejaHielo|2016-05-30T15:33:01.0000000Z
soltarbandejapoyata|noseencuentrapoyata|BandejaHielo|2016-05-30T15:35:58.0000000Z
soltarbandejapoyata|noseencuentrapoyata|BandejaHielo|2016-05-30T15:36:21.0000000Z
soltarbandejapoyata|noseencuentrapoyata|BandejaHielo|2016-05-30T15:37:27.0000000Z
soltarbandejapoyata|noseencuentrapoyata|BandejaHielo|2016-05-30T15:37:44.0000000Z
soltarbandejapoyata|noseencuentrapoyata|BandejaHielo|2016-05-30T15:40:15.0000000Z
soltarbandejapoyata|noseencuentrapoyata|BandejaHielo|2016-05-30T15:40:18.0000000Z
soltarbandejapoyata|noseencuentrapoyata|BandejaHielo|2016-05-30T15:45:02.0000000Z
soltarbandejapoyata|noseencuentrapoyata|BandejaHielo|2016-05-30T15:51:32.0000000Z
soltarbandejapoyata|noseencuentrapoyata|BandejaHielo|2016-05-30T16:09:58.0000000Z
iniciarmezcla|noseencuentrapipeta|BandejaHielo|2016-05-30T16:25:24.0000000Z
