accionnoencontrada| |lavarsemanos| |2016-05-23T14:47:22.0000000Z
accionnoencontrada| |lavarsemanos| |2016-05-23T14:51:32.0000000Z
accionnoencontrada| |lavarsemanos| |2016-05-23T14:51:37.0000000Z
dependenciasnobloq|f1t14|ajustarph| f1t12-f1t13|2016-05-23T14:54:52.0000000Z
dependenciasnobloq|f1t16|agregaragar| f1t12-f1t13|2016-05-23T14:59:09.0000000Z
dependenciasnobloq|f1t20|apagaragitador| f1t12-f1t13|2016-05-23T14:59:49.0000000Z
accionrealizada|f1t27|autoclavar|autoclavar|2016-05-23T15:02:52.0000000Z
accionnoencontrada| |bloquearpoyata| |2016-05-23T15:40:05.0000000Z
accionrealizada|f2t10|tomartamponpolimerasa|tomartamponpolimerasa|2016-05-23T16:43:14.0000000Z
dependenciasnobloq|f2t52|finmezcla|f2t40-f2t41|2016-05-23T16:50:17.0000000Z
dependenciabloq|f2t54|entregartubomezcla|f2t53|2016-05-23T16:51:03.0000000Z
accionrealizada|f2t30|entregarpipetaamarilla|entregarpipetaamarilla|2016-05-23T16:51:21.0000000Z
accionrealizada|f2t53|soltarpipetaamarilla|soltarpipetaamarilla|2016-05-23T16:51:39.0000000Z
accionrealizada|f2t53|soltarpipetaamarilla|soltarpipetaamarilla|2016-05-23T16:51:42.0000000Z
accionnoencontrada| |sacartuboligacion| |2016-05-23T16:53:11.0000000Z
accionrealizada|f2t30|entregarpipetaamarilla|entregarpipetaamarilla|2016-05-23T16:53:22.0000000Z
dependenciabloq|f2t57|cerrarpcr|f2t56|2016-05-23T16:53:49.0000000Z
dependenciabloq|f3t1|encendertermobloque|f2t60|2016-05-23T16:54:02.0000000Z
dependenciabloq|f2t14|tomaraguadestilada|f2t6|2016-05-23T16:54:31.0000000Z
accionrealizada|f2t5|entregarbandejahielo|entregarbandejahielo|2016-05-23T16:54:55.0000000Z
dependenciabloq|f2t57|cerrarpcr|f2t56|2016-05-23T16:55:49.0000000Z
dependenciabloq|f2t60|guardarpcr|f2t59|2016-05-23T16:56:13.0000000Z
accionnoencontrada| |guardarligacion| |2016-05-23T16:56:30.0000000Z
accionnoencontrada| |entregarbandeja| |2016-05-23T16:57:28.0000000Z
dependenciabloq|f2t57|cerrarpcr|f2t56|2016-05-23T17:01:12.0000000Z
dependenciabloq|f3t1|encendertermobloque|f2t60|2016-05-23T17:01:16.0000000Z
accionnoencontrada| |guardarligacion| |2016-05-23T17:01:41.0000000Z
dependenciabloq|f2t60|guardarpcr|f2t59|2016-05-23T17:04:02.0000000Z
accionnoencontrada| |guardarligacion| |2016-05-23T17:04:27.0000000Z
dependenciabloq|f2t14|tomaraguadestilada|f2t6|2016-05-23T17:04:38.0000000Z
dependenciabloq|f2t57|cerrarpcr|f2t56|2016-05-23T17:08:56.0000000Z
dependenciabloq|f2t57|cerrarpcr|f2t56|2016-05-23T17:09:20.0000000Z
accionnoencontrada| |encenderpcr| |2016-05-23T17:09:25.0000000Z
accionnoencontrada| |encenderpcr| |2016-05-23T17:09:30.0000000Z
dependenciabloq|f2t60|guardarpcr|f2t59|2016-05-23T17:10:45.0000000Z
accionrealizada|f2t30|entregarpipetaamarilla|entregarpipetaamarilla|2016-05-23T17:12:42.0000000Z
dependenciabloq|f2t59|entregarmezclapcr|f2t58|2016-05-23T17:13:34.0000000Z
accionrealizada|f3t58|amplificarfragmento|amplificarfragmento|2016-05-23T17:21:44.0000000Z
