f0crearLog|crearLog| | | |2016-05-30T15:39:39.0000000Z
f0t1|entregarbata| | | |2016-05-30T15:43:49.0000000Z
f0t2|bloquearpoyata| | | |2016-05-30T15:44:41.0000000Z
f0t3|leerfundamentos| | | |2016-05-30T15:45:56.0000000Z
f0t5|releerfundamentos| | | |2016-05-30T15:45:59.0000000Z
f0t4|leerprotocolo| | | |2016-05-30T15:47:51.0000000Z
f0t6|releerprotocolo| | | |2016-05-30T15:50:36.0000000Z
f0t7|lavarsemanos| | | |2016-05-30T16:15:45.0000000Z
f1t1|entregarvaso| | f0t8| |2016-05-30T16:16:34.0000000Z
f1t4|soltarvasofregadero| | | |2016-05-30T16:23:42.0000000Z
f1t5|bloquearfregadero| | | |2016-05-30T16:23:46.0000000Z
f1t6|llenarvasoconagua| | | |2016-05-30T16:23:50.0000000Z
f1t7|desbloquearfregadero| | | |2016-05-30T16:24:12.0000000Z
f1t8|soltarvasoagitador| | | |2016-05-30T16:25:57.0000000Z
f1t9|bloquearagitador| | | |2016-05-30T16:26:01.0000000Z
f1t10|bloquearphmetro| | | |2016-05-30T16:26:05.0000000Z
f1t11|encenderagitador| | | |2016-05-30T16:28:47.0000000Z
f1t14|ajustarph| | f1t12-f1t13| |2016-05-30T16:29:14.0000000Z
f1t15|desbloquearphmetro| | | |2016-05-30T16:29:26.0000000Z
f1t12|agregarmys| | |f1t14|2016-05-30T16:29:53.0000000Z
f1t13|agregarsacarosa| | |f1t14|2016-05-30T16:30:04.0000000Z
f1t20|apagaragitador| | f1t16-ord_f1t20| |2016-05-30T16:31:01.0000000Z
f1t21|entregarbotella| |f0t8| |2016-05-30T16:31:29.0000000Z
f1t22|soltarbotellaagitador| | | |2016-05-30T16:31:54.0000000Z
f1t23|movermezclaabotella| | | |2016-05-30T16:32:44.0000000Z
f1t24|desbloquearagitador| | | |2016-05-30T16:33:05.0000000Z
f1t25|insetarbotellaenautoclave| | | |2016-05-30T16:33:56.0000000Z
f1t26|bloquearautoclave| | | |2016-05-30T16:34:00.0000000Z
f1t27|autoclavar| | | |2016-05-30T16:34:11.0000000Z
f1t28|entregarbotellaautoclavada| | | |2016-05-30T16:35:56.0000000Z
f1t30|encendercabina| | | |2016-05-30T16:46:01.0000000Z
f1t31|contartiempocabina| | | |2016-05-30T16:46:02.0000000Z
f1t32|soltarbotellacabina| | | |2016-05-30T16:46:52.0000000Z
f1t33|agregariaa| | | |2016-05-30T16:56:00.0000000Z
f1t34|entregarbandeja| | | |2016-05-30T16:59:15.0000000Z
f1t35|soltarbandeja| | | |2016-05-30T17:01:40.0000000Z
f1t36|llenarbotes| |f1t29| |2016-05-30T17:02:02.0000000Z
f1t38|entregarchopo| | | |2016-05-30T17:14:12.0000000Z
f1t39|soltarchopocabina| | | |2016-05-30T17:19:13.0000000Z
f1t40|cortarplanta| |f1t37| |2016-05-30T17:19:28.0000000Z
f1t41|adjuntarbandeja| | | |2016-05-30T17:19:33.0000000Z
f1t42|apagarcabina| | | |2016-05-30T17:19:47.0000000Z
f1t44|bloquearbasefitotron| | | |2016-05-30T17:20:45.0000000Z
f1t43|soltarbandcrecimiento| | | |2016-05-30T17:20:49.0000000Z
f1t45|crecerchopo| | | |2016-05-30T17:21:26.0000000Z
f1t46|fincrecimiento| | | |2016-05-30T17:22:30.0000000Z
f2t1|encenderpcr| | | |2016-05-30T17:24:40.0000000Z
f2t4|calentartermobloque| | | |2016-05-30T17:24:44.0000000Z
f2t55|abrirpcr| | | |2016-05-30T17:31:11.0000000Z
f2t3|releerprotocolo| | | |2016-05-30T17:31:22.0000000Z
f2t5|entregarbandejahielo| | | |2016-05-30T17:40:05.0000000Z
f2t13|tomarpolimerasa| | | |2016-05-30T17:42:35.0000000Z
f2t9|tomaroligonucleicoder| | | |2016-05-30T17:42:51.0000000Z
f2t8|tomaroligonucleicoizq| | | |2016-05-30T17:43:00.0000000Z
f2t10|tomartamponpolimerasa| | | |2016-05-30T17:43:09.0000000Z
f2t11|tomarmgcl| | | |2016-05-30T17:43:29.0000000Z
f2t12|tomardntp| | | |2016-05-30T17:43:44.0000000Z
f2t23|tomarmezclapcr| | | |2016-05-30T17:45:07.0000000Z
f2t7|tomaradn| | | |2016-05-30T17:49:22.0000000Z
f2t27|entregarboteeppendorf| | | |2016-05-30T17:50:29.0000000Z
f2t28|soltarboteeppendorf| | | |2016-05-30T17:51:46.0000000Z
f2t29|sacartuboeppendorf| | | |2016-05-30T17:51:59.0000000Z
f2t30|entregarpipetaamarilla| | | |2016-05-30T17:52:18.0000000Z
f2t32|cargarpuntaamarilla| | | |2016-05-30T17:52:32.0000000Z
f2t26|soltarbandejapoyata| | | |2016-05-30T17:53:01.0000000Z
f2t25|soltarbandejapoyataprimeravez| | | |2016-05-30T17:53:04.0000000Z
f2t33|iniciarmezcla| | | |2016-05-30T17:53:37.0000000Z
f2t34|agregaradn| | | |2016-05-30T17:54:04.0000000Z
f2t36|agregaroligonucleicoder| | | |2016-05-30T17:54:26.0000000Z
f2t35|agregaroligonucleicoizq| | | |2016-05-30T17:54:32.0000000Z
f2t37|agregartamponpolimerasa| | | |2016-05-30T17:54:44.0000000Z
f2t38|agregarmgcl| | | |2016-05-30T17:54:58.0000000Z
f2t39|agregardntp| | | |2016-05-30T17:55:09.0000000Z
f2t40|agregarpolimerasa| | | |2016-05-30T17:55:19.0000000Z
f2t52|finmezcla| |f2t41| |2016-05-30T17:55:36.0000000Z
f2t53|soltarpipetaamarilla| | | |2016-05-30T17:56:06.0000000Z
f2t54|entregartubomezcla| | | |2016-05-30T17:56:22.0000000Z
f2t56|soltarmezcla| | | |2016-05-30T17:56:50.0000000Z
f2t57|cerrarpcr| | | |2016-05-30T17:56:56.0000000Z
f2t58|amplificarfragmento| | | |2016-05-30T17:57:01.0000000Z
f2t59|entregarmezclapcr| | | |2016-05-30T17:57:36.0000000Z
f2t60|guardarpcr| | | |2016-05-30T17:58:16.0000000Z
f2t61|soltartubonevera| | | |2016-05-30T17:58:44.0000000Z
f3t1|encendertermobloque| | | |2016-05-30T17:59:15.0000000Z
f3t4|calentartermobloque| | | |2016-05-30T17:59:16.0000000Z
f3t5|entregarbandejahielo| | | |2016-05-30T17:59:49.0000000Z
f3t7|tomaradnplasmidico| | | |2016-05-30T18:00:38.0000000Z
f3t8|tomarmezclapcr| | | |2016-05-30T18:00:56.0000000Z
f3t9|tomartamponligasa| | | |2016-05-30T18:01:08.0000000Z
f3t10|tomarenzimaligasa| | | |2016-05-30T18:01:18.0000000Z
f3t27|soltarbandejapoyata| | | |2016-05-30T18:02:34.0000000Z
f3t26|soltarbandejapoyataprimeravez| | | |2016-05-30T18:02:38.0000000Z
f3t28|sacartuboligacion| | | |2016-05-30T18:02:45.0000000Z
f3t29|entregarpipetaamarilla| | | |2016-05-30T18:05:37.0000000Z
f3t31|cargarpuntaamarilla| | | |2016-05-30T18:05:57.0000000Z
f3t32|iniciarmezcla| | | |2016-05-30T18:06:20.0000000Z
f3t33|agregaradnplasmidico| | | |2016-05-30T18:06:33.0000000Z
f3t34|agregarmezclapcr| | | |2016-05-30T18:06:45.0000000Z
f3t35|agregartamponligasa| | | |2016-05-30T18:06:57.0000000Z
f3t36|agregarenzimaligasa| | | |2016-05-30T18:07:05.0000000Z
f3t52|finmezcla| |f3t37| |2016-05-30T18:07:23.0000000Z
f3t53|soltarpipetaamarilla| | | |2016-05-30T18:07:42.0000000Z
f3t54|entregartubomezcla| | | |2016-05-30T18:07:50.0000000Z
f3t55|abrirtermobloque| | | |2016-05-30T18:13:28.0000000Z
f3t56|soltarmezcla| | | |2016-05-30T18:13:40.0000000Z
f3t57|cerrartermobloque| | | |2016-05-30T18:13:44.0000000Z

f3t58|amplificarfragmento| | | |2016-05-30T18:14:03.0000000Z
f3t59|entregarmezclaligacion| | | |2016-05-30T18:14:20.0000000Z
f3t60|guardarligacion| | | |2016-05-30T18:14:42.0000000Z
f3t61|soltartubonevera| | | |2016-05-30T18:14:56.0000000Z
