f0crearLog|crearLog| | | |2016-05-31T14:29:05.0000000Z
f0t1|entregarbata| | | |2016-05-31T14:29:43.0000000Z
f0t2|bloquearpoyata| | | |2016-05-31T14:32:06.0000000Z
f0t3|leerfundamentos| | | |2016-05-31T14:34:30.0000000Z
f0t5|releerfundamentos| | | |2016-05-31T14:42:17.0000000Z
f0t4|leerprotocolo| | | |2016-05-31T14:46:21.0000000Z
f0t7|lavarsemanos| | | |2016-05-31T14:46:49.0000000Z
f0t8|entregarguantes| | | |2016-05-31T14:47:05.0000000Z
f1t1|entregarvaso| | | |2016-05-31T14:49:48.0000000Z
f1t4|soltarvasofregadero| | | |2016-05-31T14:52:29.0000000Z
f1t5|bloquearfregadero| | | |2016-05-31T14:52:34.0000000Z
f1t6|llenarvasoconagua| | | |2016-05-31T14:52:38.0000000Z
f1t7|desbloquearfregadero| | | |2016-05-31T14:53:01.0000000Z
f1t8|soltarvasoagitador| | | |2016-05-31T14:53:17.0000000Z
f1t9|bloquearagitador| | | |2016-05-31T14:53:24.0000000Z
f1t10|bloquearphmetro| | | |2016-05-31T14:53:27.0000000Z
f1t3|releerprotocolo| | | |2016-05-31T14:54:14.0000000Z
f1t11|encenderagitador| | | |2016-05-31T14:55:54.0000000Z
f1t13|agregarsacarosa| | | |2016-05-31T14:57:03.0000000Z
f1t12|agregarmys| | | |2016-05-31T14:57:17.0000000Z
f1t16|agregaragar| | f1t14-ord_f1t16| |2016-05-31T14:57:20.0000000Z
f1t20|apagaragitador| | f1t14-ord_f1t20| |2016-05-31T14:58:00.0000000Z
f1t21|entregarbotella| | | |2016-05-31T14:58:21.0000000Z
f1t22|soltarbotellaagitador| | | |2016-05-31T14:59:08.0000000Z
f1t23|movermezclaabotella| | | |2016-05-31T14:59:21.0000000Z
f1t24|desbloquearagitador| | | |2016-05-31T14:59:33.0000000Z
f1t15|desbloquearphmetro| | | |2016-05-31T14:59:35.0000000Z
f1t25|insetarbotellaenautoclave| | | |2016-05-31T15:01:29.0000000Z
f1t26|bloquearautoclave| | | |2016-05-31T15:01:33.0000000Z
f1t27|autoclavar| | | |2016-05-31T15:01:43.0000000Z
f1t30|encendercabina| | | |2016-05-31T15:03:18.0000000Z
f1t31|contartiempocabina| | | |2016-05-31T15:03:19.0000000Z
f1t28|entregarbotellaautoclavada| | | |2016-05-31T15:03:55.0000000Z
f1t29|enfriarbotella| | | |2016-05-31T15:03:59.0000000Z
f1t32|soltarbotellacabina| | | |2016-05-31T15:04:31.0000000Z
f1t33|agregariaa| | | |2016-05-31T15:06:16.0000000Z
f1t34|entregarbandeja| | | |2016-05-31T15:07:00.0000000Z
f1t35|soltarbandeja| | | |2016-05-31T15:07:39.0000000Z
f1t36|llenarbotes| | | |2016-05-31T15:07:48.0000000Z
f1t37|esterilizar| | | |2016-05-31T15:08:24.0000000Z
f1t38|entregarchopo| | | |2016-05-31T15:09:21.0000000Z
f1t39|soltarchopocabina| | | |2016-05-31T15:09:56.0000000Z
f1t40|cortarplanta| | | |2016-05-31T15:10:08.0000000Z
f1t41|adjuntarbandeja| | | |2016-05-31T15:10:25.0000000Z
f1t42|apagarcabina| | | |2016-05-31T15:10:43.0000000Z
f1t44|bloquearbasefitotron| | | |2016-05-31T15:11:37.0000000Z
f1t43|soltarbandcrecimiento| | | |2016-05-31T15:11:44.0000000Z
f1t45|crecerchopo| | | |2016-05-31T15:12:06.0000000Z
f1t46|fincrecimiento| | | |2016-05-31T15:13:03.0000000Z
f2t1|encenderpcr| | | |2016-05-31T15:14:17.0000000Z
f2t4|calentartermobloque| | | |2016-05-31T15:14:37.0000000Z
f2t5|entregarbandejahielo| | | |2016-05-31T15:18:57.0000000Z
f2t3|releerprotocolo| | | |2016-05-31T15:20:51.0000000Z
f2t13|tomarpolimerasa| | | |2016-05-31T15:23:44.0000000Z
f2t9|tomaroligonucleicoder| | | |2016-05-31T15:23:55.0000000Z
f2t7|tomaradn| | | |2016-05-31T15:30:54.0000000Z
f2t8|tomaroligonucleicoizq| | | |2016-05-31T15:31:22.0000000Z
f2t10|tomartamponpolimerasa| | | |2016-05-31T15:31:43.0000000Z
f2t12|tomardntp| | | |2016-05-31T15:32:04.0000000Z
f2t11|tomarmgcl| | | |2016-05-31T15:33:00.0000000Z
f2t14|tomaraguadestilada| | | |2016-05-31T15:33:33.0000000Z
f2t26|soltarbandejapoyata| | | |2016-05-31T15:34:11.0000000Z
f2t25|soltarbandejapoyataprimeravez| | | |2016-05-31T15:34:15.0000000Z
f2t27|entregarboteeppendorf| | | |2016-05-31T15:34:46.0000000Z
f2t28|soltarboteeppendorf| | | |2016-05-31T15:35:11.0000000Z
f2t29|sacartuboeppendorf| | | |2016-05-31T15:35:18.0000000Z
f2t30|entregarpipetaamarilla| | | |2016-05-31T15:43:12.0000000Z
f2t32|cargarpuntaamarilla| | | |2016-05-31T15:43:32.0000000Z
f2t33|iniciarmezcla| | | |2016-05-31T15:43:43.0000000Z
f2t34|agregaradn| | | |2016-05-31T15:44:20.0000000Z
f2t36|agregaroligonucleicoder| | | |2016-05-31T15:44:37.0000000Z
f2t35|agregaroligonucleicoizq| | | |2016-05-31T15:44:46.0000000Z
f2t37|agregartamponpolimerasa| | | |2016-05-31T15:44:56.0000000Z
f2t38|agregarmgcl| | | |2016-05-31T15:45:04.0000000Z
f2t39|agregardntp| | | |2016-05-31T15:45:13.0000000Z
f2t40|agregarpolimerasa| | | |2016-05-31T15:45:20.0000000Z
f2t41|agregaraguadestilada| | | |2016-05-31T15:45:27.0000000Z
f2t52|finmezcla| | | |2016-05-31T15:45:42.0000000Z
f2t53|soltarpipetaamarilla| | | |2016-05-31T15:45:54.0000000Z
f2t54|entregartubomezcla| | | |2016-05-31T15:46:06.0000000Z
f2t55|abrirpcr| | | |2016-05-31T15:47:03.0000000Z
f2t56|soltarmezcla| | | |2016-05-31T15:47:08.0000000Z
f2t57|cerrarpcr| | | |2016-05-31T15:47:16.0000000Z
f2t58|amplificarfragmento| | | |2016-05-31T15:47:24.0000000Z
f2t59|entregarmezclapcr| | | |2016-05-31T15:48:07.0000000Z
f2t60|guardarpcr| | | |2016-05-31T15:48:37.0000000Z
f2t61|soltartubonevera| | | |2016-05-31T15:48:51.0000000Z
f3t1|encendertermobloque| | | |2016-05-31T15:49:34.0000000Z
f3t4|calentartermobloque| | | |2016-05-31T15:49:35.0000000Z
f3t5|entregarbandejahielo| | | |2016-05-31T15:49:47.0000000Z
f3t3|releerprotocolo| | | |2016-05-31T15:50:56.0000000Z
f3t26|soltarbandejapoyataprimeravez| | | |2016-05-31T15:52:35.0000000Z
f3t28|sacartuboligacion| | | |2016-05-31T15:57:41.0000000Z
f3t29|entregarpipetaamarilla| | | |2016-05-31T15:57:52.0000000Z
f3t31|cargarpuntaamarilla| | | |2016-05-31T15:58:09.0000000Z
f3t7|tomaradnplasmidico| | | |2016-05-31T15:59:46.0000000Z
f3t8|tomarmezclapcr| | | |2016-05-31T16:00:02.0000000Z
f3t9|tomartamponligasa| | | |2016-05-31T16:00:13.0000000Z
f3t10|tomarenzimaligasa| | | |2016-05-31T16:00:20.0000000Z
f3t11|tomaraguadestilada| | | |2016-05-31T16:00:28.0000000Z
f3t32|iniciarmezcla| | | |2016-05-31T16:01:37.0000000Z
f3t33|agregaradnplasmidico| | | |2016-05-31T16:02:30.0000000Z
f3t34|agregarmezclapcr| | | |2016-05-31T16:02:38.0000000Z
f3t35|agregartamponligasa| | | |2016-05-31T16:02:46.0000000Z
f3t36|agregarenzimaligasa| | | |2016-05-31T16:02:51.0000000Z
f3t37|agregaraguadestilada| | | |2016-05-31T16:02:56.0000000Z
f3t2|releerfundamentos| | | |2016-05-31T16:06:01.0000000Z
f3t55|abrirtermobloque| | | |2016-05-31T16:07:03.0000000Z
f3t27|soltarbandejapoyata| | | |2016-05-31T16:11:31.0000000Z
f3t52|finmezcla| | | |2016-05-31T16:18:34.0000000Z
f3t53|soltarpipetaamarilla| | | |2016-05-31T16:18:47.0000000Z
f3t54|entregartubomezcla| | | |2016-05-31T16:18:55.0000000Z
f3t56|soltarmezcla| | | |2016-05-31T16:19:39.0000000Z
f3t57|cerrartermobloque| | | |2016-05-31T16:19:41.0000000Z

f3t58|amplificarfragmento| | | |2016-05-31T16:19:58.0000000Z
f3t59|entregarmezclaligacion| | | |2016-05-31T16:20:06.0000000Z
f3t60|guardarligacion| | | |2016-05-31T16:20:28.0000000Z
f3t61|soltartubonevera| | | |2016-05-31T16:20:45.0000000Z
