f0crearLog|crearLog| | | |2016-05-23T14:24:34.0000000Z
f0t1|entregarbata| | | |2016-05-23T14:25:09.0000000Z
f0t2|bloquearpoyata| | | |2016-05-23T14:25:52.0000000Z
f0t3|leerfundamentos| | | |2016-05-23T14:41:01.0000000Z
f0t5|releerfundamentos| | | |2016-05-23T14:41:12.0000000Z
f0t4|leerprotocolo| | | |2016-05-23T14:41:48.0000000Z
f0t7|lavarsemanos| | | |2016-05-23T14:45:14.0000000Z
f0t8|entregarguantes| | | |2016-05-23T14:45:33.0000000Z
f1t1|entregarvaso| | | |2016-05-23T14:46:22.0000000Z
f1t4|soltarvasofregadero| | | |2016-05-23T14:53:08.0000000Z
f1t5|bloquearfregadero| | | |2016-05-23T14:53:12.0000000Z
f1t6|llenarvasoconagua| | | |2016-05-23T14:53:19.0000000Z
f1t7|desbloquearfregadero| | | |2016-05-23T14:53:37.0000000Z
f1t8|soltarvasoagitador| | | |2016-05-23T14:54:08.0000000Z
f1t9|bloquearagitador| | | |2016-05-23T14:54:15.0000000Z
f1t10|bloquearphmetro| | | |2016-05-23T14:54:28.0000000Z
f1t11|encenderagitador| | | |2016-05-23T14:54:40.0000000Z
f1t14|ajustarph| | f1t12-f1t13| |2016-05-23T14:54:54.0000000Z
f1t15|desbloquearphmetro| | | |2016-05-23T14:54:57.0000000Z
f1t3|releerprotocolo| | | |2016-05-23T14:55:13.0000000Z
f1t16|agregaragar| | f1t12-f1t13| |2016-05-23T14:59:11.0000000Z
f1t20|apagaragitador| | f1t12-f1t13| |2016-05-23T14:59:54.0000000Z
f1t21|entregarbotella| | | |2016-05-23T15:00:23.0000000Z
f1t22|soltarbotellaagitador| | | |2016-05-23T15:00:51.0000000Z
f1t23|movermezclaabotella| | | |2016-05-23T15:01:07.0000000Z
f1t24|desbloquearagitador| | | |2016-05-23T15:01:19.0000000Z
f1t25|insetarbotellaenautoclave| | | |2016-05-23T15:02:23.0000000Z
f1t26|bloquearautoclave| | | |2016-05-23T15:02:28.0000000Z
f1t27|autoclavar| | | |2016-05-23T15:02:42.0000000Z
f1t28|entregarbotellaautoclavada| | | |2016-05-23T15:03:37.0000000Z
f1t29|enfriarbotella| | | |2016-05-23T15:03:38.0000000Z
f1t30|encendercabina| | | |2016-05-23T15:04:41.0000000Z
f1t31|contartiempocabina| | | |2016-05-23T15:04:57.0000000Z
f1t32|soltarbotellacabina| | | |2016-05-23T15:05:36.0000000Z
f1t33|agregariaa| | | |2016-05-23T15:15:30.0000000Z
f1t34|entregarbandeja| | | |2016-05-23T15:16:15.0000000Z
f1t35|soltarbandeja| | | |2016-05-23T15:16:39.0000000Z
f1t36|llenarbotes| | | |2016-05-23T15:16:48.0000000Z
f1t37|esterilizar| | | |2016-05-23T15:17:06.0000000Z
f1t38|entregarchopo| | | |2016-05-23T15:18:31.0000000Z
f1t39|soltarchopocabina| | | |2016-05-23T15:19:31.0000000Z
f1t40|cortarplanta| | | |2016-05-23T15:19:59.0000000Z
f1t41|adjuntarbandeja| | | |2016-05-23T15:20:21.0000000Z
f1t42|apagarcabina| | | |2016-05-23T15:20:50.0000000Z
f1t44|bloquearbasefitotron| | | |2016-05-23T15:21:27.0000000Z
f1t43|soltarbandcrecimiento| | | |2016-05-23T15:21:32.0000000Z
f1t45|crecerchopo| | | |2016-05-23T15:22:00.0000000Z
f1t46|fincrecimiento| | | |2016-05-23T15:23:46.0000000Z
f2t1|encenderpcr| | | |2016-05-23T15:24:58.0000000Z
f2t4|calentartermobloque| | | |2016-05-23T15:24:59.0000000Z
f2t2|releerfundamentos| | | |2016-05-23T15:25:20.0000000Z
f2t3|releerprotocolo| | | |2016-05-23T15:31:47.0000000Z
f2t5|entregarbandejahielo| | | |2016-05-23T15:36:05.0000000Z
f2t25|soltarbandejapoyataprimeravez| | | |2016-05-23T15:39:10.0000000Z
f2t27|entregarboteeppendorf| | | |2016-05-23T15:39:39.0000000Z
f2t28|soltarboteeppendorf| | | |2016-05-23T15:40:33.0000000Z
f2t29|sacartuboeppendorf| | | |2016-05-23T15:40:42.0000000Z
f2t30|entregarpipetaamarilla| | | |2016-05-23T15:40:51.0000000Z
f2t32|cargarpuntaamarilla| | | |2016-05-23T15:41:35.0000000Z
f2t7|tomaradn| | | |2016-05-23T16:30:03.0000000Z
f2t9|tomaroligonucleicoder| | | |2016-05-23T16:30:21.0000000Z
f2t8|tomaroligonucleicoizq| | | |2016-05-23T16:30:31.0000000Z
f2t11|tomarmgcl| | | |2016-05-23T16:30:42.0000000Z
f2t10|tomartamponpolimerasa| | | |2016-05-23T16:42:31.0000000Z
f2t12|tomardntp| | | |2016-05-23T16:42:53.0000000Z
f2t13|tomarpolimerasa| | | |2016-05-23T16:43:02.0000000Z
f2t26|soltarbandejapoyata| | | |2016-05-23T16:44:06.0000000Z
f2t33|iniciarmezcla| | | |2016-05-23T16:44:14.0000000Z
f2t34|agregaradn| | | |2016-05-23T16:44:48.0000000Z
f2t36|agregaroligonucleicoder| | | |2016-05-23T16:45:04.0000000Z
f2t35|agregaroligonucleicoizq| | | |2016-05-23T16:45:13.0000000Z
f2t38|agregarmgcl| | | |2016-05-23T16:45:36.0000000Z
f2t39|agregardntp| | | |2016-05-23T16:45:56.0000000Z
f2t37|agregartamponpolimerasa| | | |2016-05-23T16:46:08.0000000Z
f2t52|finmezcla| |f2t40-f2t41| |2016-05-23T16:50:22.0000000Z
f2t53|soltarpipetaamarilla| | | |2016-05-23T16:51:35.0000000Z
f2t54|entregartubomezcla| | | |2016-05-23T16:51:48.0000000Z
f2t55|abrirpcr| | | |2016-05-23T16:52:36.0000000Z
f2t56|soltarmezcla| | | |2016-05-23T17:13:04.0000000Z
f2t57|cerrarpcr| | | |2016-05-23T17:13:11.0000000Z
f2t58|amplificarfragmento| | | |2016-05-23T17:13:15.0000000Z
f2t59|entregarmezclapcr| | | |2016-05-23T17:13:51.0000000Z
f2t60|guardarpcr| | | |2016-05-23T17:14:12.0000000Z
f2t61|soltartubonevera| | | |2016-05-23T17:14:26.0000000Z
f3t1|encendertermobloque| | | |2016-05-23T17:14:50.0000000Z
f3t4|calentartermobloque| | | |2016-05-23T17:14:51.0000000Z
f3t3|releerprotocolo| | | |2016-05-23T17:15:05.0000000Z
f3t5|entregarbandejahielo| | | |2016-05-23T17:16:37.0000000Z
f3t7|tomaradnplasmidico| | | |2016-05-23T17:17:18.0000000Z
f3t8|tomarmezclapcr| | | |2016-05-23T17:17:28.0000000Z
f3t9|tomartamponligasa| | | |2016-05-23T17:17:40.0000000Z
f3t10|tomarenzimaligasa| | | |2016-05-23T17:18:09.0000000Z
f3t11|tomaraguadestilada| | | |2016-05-23T17:18:25.0000000Z
f3t27|soltarbandejapoyata| | | |2016-05-23T17:18:50.0000000Z
f3t26|soltarbandejapoyataprimeravez| | | |2016-05-23T17:18:55.0000000Z
f3t28|sacartuboligacion| | | |2016-05-23T17:19:04.0000000Z
f3t29|entregarpipetaamarilla| | | |2016-05-23T17:19:14.0000000Z
f3t31|cargarpuntaamarilla| | | |2016-05-23T17:19:29.0000000Z
f3t32|iniciarmezcla| | | |2016-05-23T17:19:36.0000000Z
f3t33|agregaradnplasmidico| | | |2016-05-23T17:19:50.0000000Z
f3t34|agregarmezclapcr| | | |2016-05-23T17:19:56.0000000Z
f3t35|agregartamponligasa| | | |2016-05-23T17:20:01.0000000Z
f3t36|agregarenzimaligasa| | | |2016-05-23T17:20:06.0000000Z
f3t37|agregaraguadestilada| | | |2016-05-23T17:20:10.0000000Z
f3t52|finmezcla| | | |2016-05-23T17:20:23.0000000Z
f3t53|soltarpipetaamarilla| | | |2016-05-23T17:20:34.0000000Z
f3t54|entregartubomezcla| | | |2016-05-23T17:20:44.0000000Z
f3t55|abrirtermobloque| | | |2016-05-23T17:21:11.0000000Z
f3t56|soltarmezcla| | | |2016-05-23T17:21:18.0000000Z
f3t57|cerrartermobloque| | | |2016-05-23T17:21:23.0000000Z

f3t58|amplificarfragmento| | | |2016-05-23T17:21:40.0000000Z
f3t59|entregarmezclaligacion| | | |2016-05-23T17:21:51.0000000Z
f3t60|guardarligacion| | | |2016-05-23T17:22:13.0000000Z
f3t61|soltartubonevera| | | |2016-05-23T17:22:31.0000000Z
