lavarsemanos|avatarlejosdelavamanos|Lavamanos|2016-05-30T16:15:29.0000000Z
lavarsemanos|avatarlejosdelavamanos|Lavamanos|2016-05-30T16:15:31.0000000Z
lavarsemanos|avatarlejosdelavamanos|Lavamanos|2016-05-30T16:20:46.0000000Z
soltarvasoagitador|avatarlejosdebasevaso|Vaso|2016-05-30T16:24:52.0000000Z
soltarvasoagitador|avatarlejosdebasevaso|Vaso|2016-05-30T16:24:57.0000000Z
soltarvasoagitador|avatarlejosdebasevaso|Vaso|2016-05-30T16:25:15.0000000Z
soltarvasoagitador|avatarlejosdebasevaso|Vaso|2016-05-30T16:25:31.0000000Z
soltarbotellacabina|noseencuentracabina|Botella|2016-05-30T16:36:39.0000000Z
soltarbotellacabina|noseencuentracabina|Botella|2016-05-30T16:36:56.0000000Z
soltarbotellacabina|noseencuentracabina|Botella|2016-05-30T16:37:11.0000000Z
soltarbotellacabina|noseencuentracabina|Botella|2016-05-30T16:37:30.0000000Z
soltarbotellacabina|noseencuentracabina|Botella|2016-05-30T16:37:59.0000000Z
soltarbotellacabina|noseencuentracabina|Botella|2016-05-30T16:38:38.0000000Z
soltarbotellacabina|noseencuentracabina|Botella|2016-05-30T16:38:54.0000000Z
soltarbotellacabina|noseencuentracabina|Botella|2016-05-30T16:39:22.0000000Z
soltarbotellacabina|noseencuentracabina|Botella|2016-05-30T16:40:23.0000000Z
soltarbandeja|noseencuentracabina|BandejaBotes|2016-05-30T17:01:08.0000000Z
soltarchopocabina|noseencuentracabina|BotePlanta|2016-05-30T17:18:52.0000000Z
soltarbandejapoyata|noseencuentrapoyata|BandejaHielo|2016-05-30T17:45:36.0000000Z
soltarbandejapoyata|noseencuentrapoyata|BandejaHielo|2016-05-30T17:45:54.0000000Z
soltarbandejapoyata|noseencuentrapoyata|BandejaHielo|2016-05-30T17:46:19.0000000Z
soltarboteeppendorf|noseencuentrapoyata|BoteTubosEppendorf|2016-05-30T17:50:45.0000000Z
soltarboteeppendorf|noseencuentrapoyata|BoteTubosEppendorf|2016-05-30T17:50:59.0000000Z
soltarboteeppendorf|noseencuentrapoyata|BoteTubosEppendorf|2016-05-30T17:51:04.0000000Z
soltarboteeppendorf|noseencuentrapoyata|BoteTubosEppendorf|2016-05-30T17:51:17.0000000Z
soltarboteeppendorf|noseencuentrapoyata|BoteTubosEppendorf|2016-05-30T17:51:27.0000000Z
soltarbandejapoyata|noseencuentrapoyata|BandejaHielo|2016-05-30T18:01:53.0000000Z
soltarbandejapoyata|noseencuentrapoyata|BandejaHielo|2016-05-30T18:02:17.0000000Z
iniciarmezcla|noseencuentrapipeta|BandejaHielo|2016-05-30T18:05:57.0000000Z
iniciarmezcla|noseencuentrapipeta|BandejaHielo|2016-05-30T18:06:05.0000000Z
