f0crearLog|crearLog| | | |2016-05-27T15:14:22.0000000Z
f0t1|entregarbata| | | |2016-05-27T15:15:22.0000000Z
f0t2|bloquearpoyata| | | |2016-05-27T15:16:02.0000000Z
f0t3|leerfundamentos| | | |2016-05-27T15:16:20.0000000Z
f0t4|leerprotocolo| | | |2016-05-27T15:18:39.0000000Z
f0t7|lavarsemanos| | | |2016-05-27T15:21:03.0000000Z
f0t8|entregarguantes| | | |2016-05-27T15:21:26.0000000Z
f1t1|entregarvaso| | | |2016-05-27T15:26:59.0000000Z
f1t4|soltarvasofregadero| | | |2016-05-27T15:28:13.0000000Z
f1t5|bloquearfregadero| | | |2016-05-27T15:28:25.0000000Z
f1t6|llenarvasoconagua| | | |2016-05-27T15:28:40.0000000Z
f1t7|desbloquearfregadero| | | |2016-05-27T15:29:07.0000000Z
f1t8|soltarvasoagitador| | | |2016-05-27T15:30:00.0000000Z
f1t9|bloquearagitador| | | |2016-05-27T15:30:11.0000000Z
f1t10|bloquearphmetro| | | |2016-05-27T15:30:28.0000000Z
f1t11|encenderagitador| | | |2016-05-27T15:31:02.0000000Z
f1t14|ajustarph| | f1t12-f1t13| |2016-05-27T15:31:18.0000000Z
f1t15|desbloquearphmetro| | | |2016-05-27T15:31:31.0000000Z
f1t20|apagaragitador| | f1t12-f1t13-f1t16| |2016-05-27T15:31:45.0000000Z
f1t34|entregarbandeja| | | |2016-05-27T15:32:59.0000000Z
f1t21|entregarbotella| | | |2016-05-27T15:42:42.0000000Z
f1t22|soltarbotellaagitador| | | |2016-05-27T15:43:24.0000000Z
f1t23|movermezclaabotella| | | |2016-05-27T15:43:41.0000000Z
f1t24|desbloquearagitador| | | |2016-05-27T15:43:53.0000000Z
f1t25|insetarbotellaenautoclave| | | |2016-05-27T15:45:31.0000000Z
f1t26|bloquearautoclave| | | |2016-05-27T15:45:35.0000000Z
f1t27|autoclavar| | | |2016-05-27T15:45:54.0000000Z
f1t30|encendercabina| | | |2016-05-27T15:49:25.0000000Z
f1t31|contartiempocabina| | | |2016-05-27T15:49:25.0000000Z
f1t28|entregarbotellaautoclavada| | | |2016-05-27T15:52:53.0000000Z
f1t29|enfriarbotella| | | |2016-05-27T15:52:54.0000000Z
f1t32|soltarbotellacabina| | | |2016-05-27T15:53:37.0000000Z
f1t33|agregariaa| | | |2016-05-27T15:54:14.0000000Z
f1t35|soltarbandeja| | | |2016-05-27T15:58:05.0000000Z
f1t36|llenarbotes| | | |2016-05-27T15:58:14.0000000Z
f1t37|esterilizar| | | |2016-05-27T15:58:42.0000000Z
f1t38|entregarchopo| | | |2016-05-27T16:00:07.0000000Z
f1t39|soltarchopocabina| | | |2016-05-27T16:01:40.0000000Z
f1t40|cortarplanta| | | |2016-05-27T16:01:59.0000000Z
f1t41|adjuntarbandeja| | | |2016-05-27T16:02:10.0000000Z
f1t42|apagarcabina| | | |2016-05-27T16:03:08.0000000Z
f1t44|bloquearbasefitotron| | | |2016-05-27T16:04:23.0000000Z
f1t43|soltarbandcrecimiento| | | |2016-05-27T16:04:27.0000000Z
f1t45|crecerchopo| | | |2016-05-27T16:04:50.0000000Z
f1t46|fincrecimiento| | | |2016-05-27T16:06:16.0000000Z
f2t1|encenderpcr| | | |2016-05-27T16:07:11.0000000Z
f2t4|calentartermobloque| | | |2016-05-27T16:07:12.0000000Z
f2t3|releerprotocolo| | | |2016-05-27T16:07:26.0000000Z
f2t5|entregarbandejahielo| | | |2016-05-27T16:15:09.0000000Z
f2t7|tomaradn| | | |2016-05-27T16:16:50.0000000Z
f2t9|tomaroligonucleicoder| | | |2016-05-27T16:17:00.0000000Z
f2t8|tomaroligonucleicoizq| | | |2016-05-27T16:17:09.0000000Z
f2t10|tomartamponpolimerasa| | | |2016-05-27T16:17:15.0000000Z
f2t11|tomarmgcl| | | |2016-05-27T16:17:25.0000000Z
f2t13|tomarpolimerasa| | | |2016-05-27T16:17:31.0000000Z
f2t14|tomaraguadestilada| | | |2016-05-27T16:17:46.0000000Z
f2t25|soltarbandejapoyataprimeravez| | | |2016-05-27T16:18:54.0000000Z
f2t27|entregarboteeppendorf| | | |2016-05-27T16:19:52.0000000Z
f2t28|soltarboteeppendorf| | | |2016-05-27T16:20:43.0000000Z
f2t29|sacartuboeppendorf| | | |2016-05-27T16:20:50.0000000Z
f2t30|entregarpipetaamarilla| | | |2016-05-27T16:21:00.0000000Z
f2t32|cargarpuntaamarilla| | | |2016-05-27T16:21:19.0000000Z
f2t34|agregaradn| | | |2016-05-27T16:21:55.0000000Z
f2t36|agregaroligonucleicoder| | | |2016-05-27T16:22:01.0000000Z
f2t35|agregaroligonucleicoizq| | | |2016-05-27T16:22:05.0000000Z
f2t37|agregartamponpolimerasa| | | |2016-05-27T16:22:09.0000000Z
f2t38|agregarmgcl| | | |2016-05-27T16:22:12.0000000Z
f2t12|tomardntp| | | |2016-05-27T16:24:00.0000000Z
f2t26|soltarbandejapoyata| | | |2016-05-27T16:24:13.0000000Z
f2t33|iniciarmezcla| | | |2016-05-27T16:24:17.0000000Z
f2t39|agregardntp| | | |2016-05-27T16:24:26.0000000Z
f2t40|agregarpolimerasa| | | |2016-05-27T16:24:35.0000000Z
f2t41|agregaraguadestilada| | | |2016-05-27T16:24:40.0000000Z
f2t52|finmezcla| | | |2016-05-27T16:24:51.0000000Z
f2t53|soltarpipetaamarilla| | | |2016-05-27T16:25:07.0000000Z
f2t54|entregartubomezcla| | | |2016-05-27T16:25:17.0000000Z
f2t55|abrirpcr| | | |2016-05-27T16:28:36.0000000Z
f2t56|soltarmezcla| | | |2016-05-27T16:28:41.0000000Z
f2t57|cerrarpcr| | | |2016-05-27T16:28:54.0000000Z
f2t58|amplificarfragmento| | | |2016-05-27T16:28:57.0000000Z
f2t59|entregarmezclapcr| | | |2016-05-27T16:29:40.0000000Z
f2t60|guardarpcr| | | |2016-05-27T16:30:10.0000000Z
f2t61|soltartubonevera| | | |2016-05-27T16:30:23.0000000Z
f3t1|encendertermobloque| | | |2016-05-27T16:30:52.0000000Z
f3t4|calentartermobloque| | | |2016-05-27T16:30:53.0000000Z
f3t5|entregarbandejahielo| | | |2016-05-27T16:31:15.0000000Z
f3t19|tomarplasmidomirna| | | |2016-05-27T16:34:28.0000000Z
f3t10|tomarenzimaligasa| | | |2016-05-27T16:35:23.0000000Z
f3t9|tomartamponligasa| | | |2016-05-27T16:35:35.0000000Z
f3t11|tomaraguadestilada| | | |2016-05-27T16:35:43.0000000Z
f3t8|tomarmezclapcr| | | |2016-05-27T16:36:03.0000000Z
f3t27|soltarbandejapoyata| | | |2016-05-27T16:36:23.0000000Z
f3t26|soltarbandejapoyataprimeravez| | | |2016-05-27T16:36:27.0000000Z
f3t28|sacartuboligacion| | | |2016-05-27T16:36:40.0000000Z
f3t29|entregarpipetaamarilla| | | |2016-05-27T16:36:49.0000000Z
f3t31|cargarpuntaamarilla| | | |2016-05-27T16:37:05.0000000Z
f3t32|iniciarmezcla| | | |2016-05-27T16:37:13.0000000Z
f3t44|agregarplasmidomirna| | | |2016-05-27T16:37:29.0000000Z
f3t34|agregarmezclapcr| | | |2016-05-27T16:37:35.0000000Z
f3t36|agregarenzimaligasa| | | |2016-05-27T16:37:41.0000000Z
f3t35|agregartamponligasa| | | |2016-05-27T16:37:46.0000000Z
f3t37|agregaraguadestilada| | | |2016-05-27T16:37:51.0000000Z
f3t52|finmezcla| |f3t33|f3t44|2016-05-27T16:38:07.0000000Z
f3t53|soltarpipetaamarilla| | | |2016-05-27T16:38:21.0000000Z
f3t54|entregartubomezcla| | | |2016-05-27T16:38:29.0000000Z
f3t55|abrirtermobloque| | | |2016-05-27T16:39:10.0000000Z
f3t56|soltarmezcla| | | |2016-05-27T16:39:20.0000000Z
f3t57|cerrartermobloque| | | |2016-05-27T16:39:24.0000000Z

f3t58|amplificarfragmento| | | |2016-05-27T16:39:42.0000000Z
f3t59|entregarmezclaligacion| | | |2016-05-27T16:39:53.0000000Z
f3t60|guardarligacion| | | |2016-05-27T16:40:11.0000000Z
f3t61|soltartubonevera| | | |2016-05-27T16:40:25.0000000Z
