f0crearLog|crearLog| | | |2016-05-23T15:02:32.0000000Z
f0t1|entregarbata| | | |2016-05-23T15:04:07.0000000Z
f0t2|bloquearpoyata| | | |2016-05-23T15:06:07.0000000Z
f0t3|leerfundamentos| | | |2016-05-23T15:12:17.0000000Z
f0t4|leerprotocolo| | | |2016-05-23T15:12:40.0000000Z
f0t6|releerprotocolo| | | |2016-05-23T15:12:54.0000000Z
f0t5|releerfundamentos| | | |2016-05-23T15:14:05.0000000Z
f0t7|lavarsemanos| | | |2016-05-23T15:21:21.0000000Z
f0t8|entregarguantes| | | |2016-05-23T15:21:44.0000000Z
f1t1|entregarvaso| | | |2016-05-23T15:23:12.0000000Z
f1t4|soltarvasofregadero| | | |2016-05-23T15:26:25.0000000Z
f1t5|bloquearfregadero| | | |2016-05-23T15:26:29.0000000Z
f1t6|llenarvasoconagua| | | |2016-05-23T15:26:32.0000000Z
f1t7|desbloquearfregadero| | | |2016-05-23T15:26:50.0000000Z
f1t8|soltarvasoagitador| | | |2016-05-23T15:27:05.0000000Z
f1t9|bloquearagitador| | | |2016-05-23T15:27:09.0000000Z
f1t10|bloquearphmetro| | | |2016-05-23T15:27:13.0000000Z
f1t3|releerprotocolo| | | |2016-05-23T15:27:55.0000000Z
f1t11|encenderagitador| | | |2016-05-23T15:32:07.0000000Z
f1t16|agregaragar| | f1t12-f1t13-f1t14| |2016-05-23T15:33:06.0000000Z
f1t20|apagaragitador| | f1t12-f1t13-f1t14| |2016-05-23T15:33:52.0000000Z
f1t21|entregarbotella| | | |2016-05-23T15:34:48.0000000Z
f1t22|soltarbotellaagitador| | | |2016-05-23T15:35:20.0000000Z
f1t23|movermezclaabotella| | | |2016-05-23T15:35:29.0000000Z
f1t24|desbloquearagitador| | | |2016-05-23T15:35:41.0000000Z
f1t15|desbloquearphmetro| | | |2016-05-23T15:35:42.0000000Z
f1t25|insetarbotellaenautoclave| | | |2016-05-23T15:37:57.0000000Z
f1t26|bloquearautoclave| | | |2016-05-23T15:38:01.0000000Z
f1t30|encendercabina| | | |2016-05-23T15:39:53.0000000Z
f1t31|contartiempocabina| | | |2016-05-23T15:39:54.0000000Z
f1t27|autoclavar| | | |2016-05-23T15:42:31.0000000Z
f1t28|entregarbotellaautoclavada| | | |2016-05-23T15:43:02.0000000Z
f1t29|enfriarbotella| | | |2016-05-23T15:43:03.0000000Z
f1t32|soltarbotellacabina| | | |2016-05-23T15:44:04.0000000Z
f1t33|agregariaa| | | |2016-05-23T15:47:22.0000000Z
f1t34|entregarbandeja| | | |2016-05-23T15:50:09.0000000Z
f1t35|soltarbandeja| | | |2016-05-23T15:51:25.0000000Z
f1t36|llenarbotes| | | |2016-05-23T15:51:37.0000000Z
f1t37|esterilizar| | | |2016-05-23T15:52:30.0000000Z
f1t38|entregarchopo| | | |2016-05-23T15:53:42.0000000Z
f1t39|soltarchopocabina| | | |2016-05-23T15:54:53.0000000Z
f1t40|cortarplanta| | | |2016-05-23T15:55:00.0000000Z
f1t41|adjuntarbandeja| | | |2016-05-23T15:55:05.0000000Z
f1t42|apagarcabina| | | |2016-05-23T15:55:16.0000000Z
f1t44|bloquearbasefitotron| | | |2016-05-23T15:56:16.0000000Z
f1t43|soltarbandcrecimiento| | | |2016-05-23T15:56:20.0000000Z
f1t45|crecerchopo| | | |2016-05-23T15:56:38.0000000Z
f1t46|fincrecimiento| | | |2016-05-23T15:58:09.0000000Z
f2t1|encenderpcr| | | |2016-05-23T15:59:23.0000000Z
f2t4|calentartermobloque| | | |2016-05-23T15:59:24.0000000Z
f2t2|releerfundamentos| | | |2016-05-23T15:59:43.0000000Z
f2t5|entregarbandejahielo| | | |2016-05-23T16:01:46.0000000Z
f2t3|releerprotocolo| | | |2016-05-23T16:04:09.0000000Z
f2t55|abrirpcr| | | |2016-05-23T16:06:18.0000000Z
f2t16|tomartamponligasa| | | |2016-05-23T16:37:59.0000000Z
f2t15|tomarenzimaligasa| | | |2016-05-23T16:38:09.0000000Z
f2t23|tomarmezclapcr| | | |2016-05-23T16:38:30.0000000Z
f2t25|soltarbandejapoyataprimeravez| | | |2016-05-23T16:45:55.0000000Z
f2t27|entregarboteeppendorf| | | |2016-05-23T16:46:33.0000000Z
f2t28|soltarboteeppendorf| | | |2016-05-23T16:47:29.0000000Z
f2t29|sacartuboeppendorf| | | |2016-05-23T16:47:50.0000000Z
f2t30|entregarpipetaamarilla| | | |2016-05-23T16:48:07.0000000Z
f2t32|cargarpuntaamarilla| | | |2016-05-23T16:48:24.0000000Z
f2t26|soltarbandejapoyata| | | |2016-05-23T16:50:56.0000000Z
f2t33|iniciarmezcla| | | |2016-05-23T16:51:00.0000000Z
f2t50|agregarmezclapcr| | | |2016-05-23T16:51:09.0000000Z
f2t42|agregarenzimaligasa| | | |2016-05-23T16:51:23.0000000Z
f2t43|agregartamponligasa| | | |2016-05-23T16:51:38.0000000Z
f2t52|finmezcla| |f2t34-f2t35-f2t36-f2t37-f2t38-f2t39-f2t40-f2t41|f2t42-f2t43-f2t50|2016-05-23T16:51:54.0000000Z
f2t53|soltarpipetaamarilla| | | |2016-05-23T17:06:03.0000000Z
f2t54|entregartubomezcla| | | |2016-05-23T17:06:15.0000000Z
f2t56|soltarmezcla| | | |2016-05-23T17:07:55.0000000Z
f2t57|cerrarpcr| | | |2016-05-23T17:08:00.0000000Z
f2t58|amplificarfragmento| | | |2016-05-23T17:08:09.0000000Z
f2t59|entregarmezclapcr| | | |2016-05-23T17:08:42.0000000Z
f2t60|guardarpcr| | | |2016-05-23T17:09:09.0000000Z
f2t61|soltartubonevera| | | |2016-05-23T17:09:24.0000000Z
f3t1|encendertermobloque| | | |2016-05-23T17:10:02.0000000Z
f3t4|calentartermobloque| | | |2016-05-23T17:10:03.0000000Z
f3t2|releerfundamentos| | | |2016-05-23T17:11:12.0000000Z
f3t5|entregarbandejahielo| | | |2016-05-23T17:12:04.0000000Z
f3t25|tomarmezclaligacion| | | |2016-05-23T17:13:49.0000000Z
f3t27|soltarbandejapoyata| | | |2016-05-23T17:14:28.0000000Z
f3t26|soltarbandejapoyataprimeravez| | | |2016-05-23T17:14:32.0000000Z
f3t28|sacartuboligacion| | | |2016-05-23T17:15:02.0000000Z
f3t29|entregarpipetaamarilla| | | |2016-05-23T17:15:12.0000000Z
f3t31|cargarpuntaamarilla| | | |2016-05-23T17:15:30.0000000Z
f3t32|iniciarmezcla| | | |2016-05-23T17:15:40.0000000Z
f3t52|finmezcla| |f3t33-f3t34-f3t35-f3t36-f3t37| |2016-05-23T17:15:59.0000000Z
f3t53|soltarpipetaamarilla| | | |2016-05-23T17:16:10.0000000Z
f3t54|entregartubomezcla| | | |2016-05-23T17:16:20.0000000Z
f3t55|abrirtermobloque| | | |2016-05-23T17:16:42.0000000Z
f3t56|soltarmezcla| | | |2016-05-23T17:16:49.0000000Z
f3t57|cerrartermobloque| | | |2016-05-23T17:16:53.0000000Z

f3t58|amplificarfragmento| | | |2016-05-23T17:17:11.0000000Z
f3t59|entregarmezclaligacion| | | |2016-05-23T17:17:21.0000000Z
f3t60|guardarligacion| | | |2016-05-23T17:17:49.0000000Z
f3t61|soltartubonevera| | | |2016-05-23T17:18:02.0000000Z
