f0crearLog|crearLog| | | |2016-05-23T14:06:03.0000000Z
f0t1|entregarbata| | | |2016-05-23T14:06:58.0000000Z
f0t2|bloquearpoyata| | | |2016-05-23T14:07:43.0000000Z
f0t3|leerfundamentos| | | |2016-05-23T14:09:36.0000000Z
f0t5|releerfundamentos| | | |2016-05-23T14:09:43.0000000Z
f0t4|leerprotocolo| | | |2016-05-23T14:09:50.0000000Z
f0t6|releerprotocolo| | | |2016-05-23T14:10:03.0000000Z
f0t7|lavarsemanos| | | |2016-05-23T14:18:17.0000000Z
f0t8|entregarguantes| | | |2016-05-23T14:18:35.0000000Z
f1t1|entregarvaso| | | |2016-05-23T14:19:15.0000000Z
f1t4|soltarvasofregadero| | | |2016-05-23T14:22:08.0000000Z
f1t5|bloquearfregadero| | | |2016-05-23T14:22:12.0000000Z
f1t6|llenarvasoconagua| | | |2016-05-23T14:22:18.0000000Z
f1t7|desbloquearfregadero| | | |2016-05-23T14:22:36.0000000Z
f1t8|soltarvasoagitador| | | |2016-05-23T14:22:44.0000000Z
f1t9|bloquearagitador| | | |2016-05-23T14:22:49.0000000Z
f1t10|bloquearphmetro| | | |2016-05-23T14:22:52.0000000Z
f1t11|encenderagitador| | | |2016-05-23T14:23:01.0000000Z
f1t2|releerfundamentos| | | |2016-05-23T14:23:36.0000000Z
f1t13|agregarsacarosa| | | |2016-05-23T14:26:41.0000000Z
f1t12|agregarmys| | | |2016-05-23T14:26:50.0000000Z
f1t16|agregaragar| | f1t14-ord_f1t16| |2016-05-23T14:26:59.0000000Z
f1t14|ajustarph| | |f1t16|2016-05-23T14:27:19.0000000Z
f1t15|desbloquearphmetro| | | |2016-05-23T14:27:20.0000000Z
f1t20|apagaragitador| | ord_f1t20| |2016-05-23T14:27:31.0000000Z
f1t21|entregarbotella| | | |2016-05-23T14:32:38.0000000Z
f1t22|soltarbotellaagitador| | | |2016-05-23T14:33:21.0000000Z
f1t23|movermezclaabotella| | | |2016-05-23T14:33:27.0000000Z
f1t24|desbloquearagitador| | | |2016-05-23T14:33:44.0000000Z
f1t25|insetarbotellaenautoclave| | | |2016-05-23T14:36:49.0000000Z
f1t26|bloquearautoclave| | | |2016-05-23T14:36:58.0000000Z
f1t27|autoclavar| | | |2016-05-23T14:37:02.0000000Z
f1t30|encendercabina| | | |2016-05-23T14:38:00.0000000Z
f1t31|contartiempocabina| | | |2016-05-23T14:38:01.0000000Z
f1t28|entregarbotellaautoclavada| | | |2016-05-23T14:39:03.0000000Z
f1t29|enfriarbotella| | | |2016-05-23T14:39:04.0000000Z
f1t32|soltarbotellacabina| | | |2016-05-23T14:39:57.0000000Z
f1t33|agregariaa| | | |2016-05-23T14:41:32.0000000Z
f1t34|entregarbandeja| | | |2016-05-23T14:42:56.0000000Z
f1t35|soltarbandeja| | | |2016-05-23T14:44:00.0000000Z
f1t36|llenarbotes| | | |2016-05-23T14:44:07.0000000Z
f1t37|esterilizar| | | |2016-05-23T14:44:27.0000000Z
f1t38|entregarchopo| | | |2016-05-23T14:45:39.0000000Z
f1t39|soltarchopocabina| | | |2016-05-23T14:46:53.0000000Z
f1t40|cortarplanta| | | |2016-05-23T14:47:00.0000000Z
f1t41|adjuntarbandeja| | | |2016-05-23T14:47:04.0000000Z
f1t42|apagarcabina| | | |2016-05-23T14:47:16.0000000Z
f1t44|bloquearbasefitotron| | | |2016-05-23T14:48:37.0000000Z
f1t43|soltarbandcrecimiento| | | |2016-05-23T14:48:41.0000000Z
f1t45|crecerchopo| | | |2016-05-23T14:49:07.0000000Z
f1t46|fincrecimiento| | | |2016-05-23T14:53:49.0000000Z
f2t1|encenderpcr| | | |2016-05-23T14:55:50.0000000Z
f2t4|calentartermobloque| | | |2016-05-23T14:55:56.0000000Z
f2t3|releerprotocolo| | | |2016-05-23T14:57:09.0000000Z
f2t5|entregarbandejahielo| | | |2016-05-23T14:59:27.0000000Z
f2t7|tomaradn| | | |2016-05-23T15:00:34.0000000Z
f2t9|tomaroligonucleicoder| | | |2016-05-23T15:00:47.0000000Z
f2t8|tomaroligonucleicoizq| | | |2016-05-23T15:01:00.0000000Z
f2t10|tomartamponpolimerasa| | | |2016-05-23T15:01:03.0000000Z
f2t12|tomardntp| | | |2016-05-23T15:01:27.0000000Z
f2t13|tomarpolimerasa| | | |2016-05-23T15:01:37.0000000Z
f2t14|tomaraguadestilada| | | |2016-05-23T15:03:16.0000000Z
f2t25|soltarbandejapoyataprimeravez| | | |2016-05-23T15:03:42.0000000Z
f2t27|entregarboteeppendorf| | | |2016-05-23T15:04:11.0000000Z
f2t28|soltarboteeppendorf| | | |2016-05-23T15:04:45.0000000Z
f2t29|sacartuboeppendorf| | | |2016-05-23T15:05:01.0000000Z
f2t30|entregarpipetaamarilla| | | |2016-05-23T15:05:23.0000000Z
f2t32|cargarpuntaamarilla| | | |2016-05-23T15:06:12.0000000Z
f2t34|agregaradn| | | |2016-05-23T15:06:51.0000000Z
f2t36|agregaroligonucleicoder| | | |2016-05-23T15:06:59.0000000Z
f2t35|agregaroligonucleicoizq| | | |2016-05-23T15:07:03.0000000Z
f2t37|agregartamponpolimerasa| | | |2016-05-23T15:07:13.0000000Z
f2t11|tomarmgcl| | | |2016-05-23T15:08:41.0000000Z
f2t26|soltarbandejapoyata| | | |2016-05-23T15:09:08.0000000Z
f2t33|iniciarmezcla| | | |2016-05-23T15:09:12.0000000Z
f2t38|agregarmgcl| | | |2016-05-23T15:09:25.0000000Z
f2t40|agregarpolimerasa| | | |2016-05-23T15:09:34.0000000Z
f2t41|agregaraguadestilada| | | |2016-05-23T15:09:40.0000000Z
f2t52|finmezcla| |f2t39| |2016-05-23T15:09:57.0000000Z
f2t2|releerfundamentos| | | |2016-05-23T15:10:04.0000000Z
f2t53|soltarpipetaamarilla| | | |2016-05-23T15:13:14.0000000Z
f2t54|entregartubomezcla| | | |2016-05-23T15:13:35.0000000Z
f2t55|abrirpcr| | | |2016-05-23T15:14:22.0000000Z
f2t56|soltarmezcla| | | |2016-05-23T15:14:39.0000000Z
f2t57|cerrarpcr| | | |2016-05-23T15:14:52.0000000Z
f2t58|amplificarfragmento| | | |2016-05-23T15:15:25.0000000Z
f2t59|entregarmezclapcr| | | |2016-05-23T15:16:05.0000000Z
f2t60|guardarpcr| | | |2016-05-23T15:17:12.0000000Z
f2t61|soltartubonevera| | | |2016-05-23T15:17:27.0000000Z
f3t1|encendertermobloque| | | |2016-05-23T15:18:00.0000000Z
f3t4|calentartermobloque| | | |2016-05-23T15:18:04.0000000Z
f3t2|releerfundamentos| | | |2016-05-23T15:18:25.0000000Z
f3t5|entregarbandejahielo| | | |2016-05-23T15:19:27.0000000Z
f3t3|releerprotocolo| | | |2016-05-23T15:19:43.0000000Z
f3t7|tomaradnplasmidico| | | |2016-05-23T15:28:45.0000000Z
f3t8|tomarmezclapcr| | | |2016-05-23T15:29:14.0000000Z
f3t9|tomartamponligasa| | | |2016-05-23T15:29:29.0000000Z
f3t10|tomarenzimaligasa| | | |2016-05-23T15:29:43.0000000Z
f3t11|tomaraguadestilada| | | |2016-05-23T15:29:47.0000000Z
f3t27|soltarbandejapoyata| | | |2016-05-23T15:30:08.0000000Z
f3t26|soltarbandejapoyataprimeravez| | | |2016-05-23T15:30:12.0000000Z
f3t28|sacartuboligacion| | | |2016-05-23T15:30:27.0000000Z
f3t29|entregarpipetaamarilla| | | |2016-05-23T15:30:35.0000000Z
f3t31|cargarpuntaamarilla| | | |2016-05-23T15:30:53.0000000Z
f3t32|iniciarmezcla| | | |2016-05-23T15:31:01.0000000Z
f3t33|agregaradnplasmidico| | | |2016-05-23T15:31:12.0000000Z
f3t34|agregarmezclapcr| | | |2016-05-23T15:31:17.0000000Z
f3t35|agregartamponligasa| | | |2016-05-23T15:31:24.0000000Z
f3t36|agregarenzimaligasa| | | |2016-05-23T15:31:29.0000000Z
f3t37|agregaraguadestilada| | | |2016-05-23T15:31:33.0000000Z
f3t52|finmezcla| | | |2016-05-23T15:31:46.0000000Z
f3t53|soltarpipetaamarilla| | | |2016-05-23T15:31:59.0000000Z
f3t54|entregartubomezcla| | | |2016-05-23T15:32:07.0000000Z
f3t55|abrirtermobloque| | | |2016-05-23T15:32:42.0000000Z
f3t56|soltarmezcla| | | |2016-05-23T15:33:03.0000000Z
f3t57|cerrartermobloque| | | |2016-05-23T15:33:06.0000000Z

f3t58|amplificarfragmento| | | |2016-05-23T15:33:23.0000000Z
f3t59|entregarmezclaligacion| | | |2016-05-23T15:33:33.0000000Z
f3t60|guardarligacion| | | |2016-05-23T15:33:57.0000000Z
f3t61|soltartubonevera| | | |2016-05-23T15:34:12.0000000Z
