f0crearLog|crearLog| | | |2016-05-27T14:21:23.0000000Z
f0t1|entregarbata| | | |2016-05-27T14:30:57.0000000Z
f0t2|bloquearpoyata| | | |2016-05-27T14:32:16.0000000Z
f0t3|leerfundamentos| | | |2016-05-27T14:36:40.0000000Z
f0t5|releerfundamentos| | | |2016-05-27T14:37:36.0000000Z
f0t4|leerprotocolo| | | |2016-05-27T14:38:15.0000000Z
f0t6|releerprotocolo| | | |2016-05-27T14:38:36.0000000Z
f0t7|lavarsemanos| | | |2016-05-27T14:42:30.0000000Z
f0t8|entregarguantes| | | |2016-05-27T14:42:57.0000000Z
f1t1|entregarvaso| | | |2016-05-27T14:45:04.0000000Z
f1t4|soltarvasofregadero| | | |2016-05-27T14:48:24.0000000Z
f1t5|bloquearfregadero| | | |2016-05-27T14:48:28.0000000Z
f1t6|llenarvasoconagua| | | |2016-05-27T14:48:33.0000000Z
f1t7|desbloquearfregadero| | | |2016-05-27T14:48:51.0000000Z
f1t8|soltarvasoagitador| | | |2016-05-27T14:49:35.0000000Z
f1t9|bloquearagitador| | | |2016-05-27T14:49:39.0000000Z
f1t10|bloquearphmetro| | | |2016-05-27T14:49:43.0000000Z
f1t11|encenderagitador| | | |2016-05-27T14:49:53.0000000Z
f1t20|apagaragitador| | f1t12-f1t13-f1t14-f1t16| |2016-05-27T14:50:06.0000000Z
f1t3|releerprotocolo| | | |2016-05-27T14:50:54.0000000Z
f1t12|agregarmys| | | |2016-05-27T14:52:47.0000000Z
f1t13|agregarsacarosa| | | |2016-05-27T14:52:51.0000000Z
f1t21|entregarbotella| | | |2016-05-27T14:54:05.0000000Z
f1t22|soltarbotellaagitador| | | |2016-05-27T14:54:52.0000000Z
f1t23|movermezclaabotella| | | |2016-05-27T14:55:13.0000000Z
f1t24|desbloquearagitador| | | |2016-05-27T14:55:29.0000000Z
f1t15|desbloquearphmetro| | | |2016-05-27T14:55:34.0000000Z
f1t25|insetarbotellaenautoclave| | | |2016-05-27T14:56:36.0000000Z
f1t26|bloquearautoclave| | | |2016-05-27T14:56:40.0000000Z
f1t27|autoclavar| | | |2016-05-27T14:56:46.0000000Z
f1t30|encendercabina| | | |2016-05-27T14:58:56.0000000Z
f1t31|contartiempocabina| | | |2016-05-27T14:58:57.0000000Z
f1t28|entregarbotellaautoclavada| | | |2016-05-27T15:00:30.0000000Z
f1t29|enfriarbotella| | | |2016-05-27T15:00:31.0000000Z
f1t32|soltarbotellacabina| | | |2016-05-27T15:01:34.0000000Z
f1t33|agregariaa| | | |2016-05-27T15:02:40.0000000Z
f1t34|entregarbandeja| | | |2016-05-27T15:04:03.0000000Z
f1t35|soltarbandeja| | | |2016-05-27T15:04:23.0000000Z
f1t36|llenarbotes| | | |2016-05-27T15:04:29.0000000Z
f1t37|esterilizar| | | |2016-05-27T15:04:44.0000000Z
f1t38|entregarchopo| | | |2016-05-27T15:05:50.0000000Z
f1t39|soltarchopocabina| | | |2016-05-27T15:06:46.0000000Z
f1t40|cortarplanta| | | |2016-05-27T15:06:52.0000000Z
f1t41|adjuntarbandeja| | | |2016-05-27T15:07:02.0000000Z
f1t42|apagarcabina| | | |2016-05-27T15:07:14.0000000Z
f1t44|bloquearbasefitotron| | | |2016-05-27T15:08:36.0000000Z
f1t43|soltarbandcrecimiento| | | |2016-05-27T15:08:40.0000000Z
f1t45|crecerchopo| | | |2016-05-27T15:08:56.0000000Z
f1t46|fincrecimiento| | | |2016-05-27T15:10:26.0000000Z
f2t1|encenderpcr| | | |2016-05-27T15:11:13.0000000Z
f2t4|calentartermobloque| | | |2016-05-27T15:11:15.0000000Z
f2t5|entregarbandejahielo| | | |2016-05-27T15:11:28.0000000Z
f2t3|releerprotocolo| | | |2016-05-27T15:12:37.0000000Z
f2t22|tomartampote| | | |2016-05-27T15:16:07.0000000Z
f2t14|tomaraguadestilada| | | |2016-05-27T15:16:10.0000000Z
f2t13|tomarpolimerasa| | | |2016-05-27T15:16:34.0000000Z
f2t9|tomaroligonucleicoder| | | |2016-05-27T15:16:44.0000000Z
f2t8|tomaroligonucleicoizq| | | |2016-05-27T15:17:47.0000000Z
f2t11|tomarmgcl| | | |2016-05-27T15:18:00.0000000Z
f2t12|tomardntp| | | |2016-05-27T15:18:22.0000000Z
f2t7|tomaradn| | | |2016-05-27T15:18:26.0000000Z
f2t26|soltarbandejapoyata| | | |2016-05-27T15:19:18.0000000Z
f2t25|soltarbandejapoyataprimeravez| | | |2016-05-27T15:19:22.0000000Z
f2t27|entregarboteeppendorf| | | |2016-05-27T15:21:14.0000000Z
f2t28|soltarboteeppendorf| | | |2016-05-27T15:21:58.0000000Z
f2t29|sacartuboeppendorf| | | |2016-05-27T15:22:08.0000000Z
f2t30|entregarpipetaamarilla| | | |2016-05-27T15:22:28.0000000Z
f2t32|cargarpuntaamarilla| | | |2016-05-27T15:22:53.0000000Z
f2t33|iniciarmezcla| | | |2016-05-27T15:23:04.0000000Z
f2t52|finmezcla| |f2t34-f2t35-f2t36-f2t37-f2t38-f2t39-f2t40-f2t41| |2016-05-27T15:23:22.0000000Z
f2t53|soltarpipetaamarilla| | | |2016-05-27T15:23:32.0000000Z
f2t54|entregartubomezcla| | | |2016-05-27T15:23:44.0000000Z
f2t55|abrirpcr| | | |2016-05-27T15:24:28.0000000Z
f2t56|soltarmezcla| | | |2016-05-27T15:24:42.0000000Z
f2t57|cerrarpcr| | | |2016-05-27T15:24:52.0000000Z
f2t58|amplificarfragmento| | | |2016-05-27T15:25:00.0000000Z
f2t59|entregarmezclapcr| | | |2016-05-27T15:25:39.0000000Z
f2t60|guardarpcr| | | |2016-05-27T15:26:08.0000000Z
f2t61|soltartubonevera| | | |2016-05-27T15:26:31.0000000Z
f3t1|encendertermobloque| | | |2016-05-27T15:27:20.0000000Z
f3t4|calentartermobloque| | | |2016-05-27T15:27:48.0000000Z
f3t2|releerfundamentos| | | |2016-05-27T15:28:02.0000000Z
f3t5|entregarbandejahielo| | | |2016-05-27T15:30:25.0000000Z
f3t3|releerprotocolo| | | |2016-05-27T15:32:38.0000000Z
f3t18|tomarplasmido35s| | | |2016-05-27T15:40:37.0000000Z
f3t19|tomarplasmidomirna| | | |2016-05-27T15:40:47.0000000Z
f3t27|soltarbandejapoyata| | | |2016-05-27T15:43:12.0000000Z
f3t26|soltarbandejapoyataprimeravez| | | |2016-05-27T15:43:16.0000000Z
f3t28|sacartuboligacion| | | |2016-05-27T15:43:46.0000000Z
f3t29|entregarpipetaamarilla| | | |2016-05-27T15:43:59.0000000Z
f3t31|cargarpuntaamarilla| | | |2016-05-27T15:44:43.0000000Z
f3t32|iniciarmezcla| | | |2016-05-27T15:44:53.0000000Z
f3t52|finmezcla| |f3t33-f3t34-f3t35-f3t36-f3t37| |2016-05-27T15:45:27.0000000Z
f3t53|soltarpipetaamarilla| | | |2016-05-27T15:45:54.0000000Z
f3t54|entregartubomezcla| | | |2016-05-27T15:46:04.0000000Z
f3t55|abrirtermobloque| | | |2016-05-27T15:46:33.0000000Z
f3t56|soltarmezcla| | | |2016-05-27T15:46:41.0000000Z
f3t57|cerrartermobloque| | | |2016-05-27T15:47:21.0000000Z

f3t58|amplificarfragmento| | | |2016-05-27T15:47:41.0000000Z
f3t59|entregarmezclaligacion| | | |2016-05-27T15:47:54.0000000Z
f3t60|guardarligacion| | | |2016-05-27T15:48:21.0000000Z
f3t61|soltartubonevera| | | |2016-05-27T15:48:34.0000000Z
