f0crearLog|crearLog| | | |2016-05-31T14:12:37.0000000Z
f0t1|entregarbata| | | |2016-05-31T14:13:05.0000000Z
f0t2|bloquearpoyata| | | |2016-05-31T14:13:59.0000000Z
f0t3|leerfundamentos| | | |2016-05-31T14:16:40.0000000Z
f0t5|releerfundamentos| | | |2016-05-31T14:19:20.0000000Z
f0t4|leerprotocolo| | | |2016-05-31T14:25:37.0000000Z
f0t7|lavarsemanos| | | |2016-05-31T14:29:38.0000000Z
f0t8|entregarguantes| | | |2016-05-31T14:29:55.0000000Z
f1t1|entregarvaso| | | |2016-05-31T14:32:20.0000000Z
f1t4|soltarvasofregadero| | | |2016-05-31T14:33:17.0000000Z
f1t5|bloquearfregadero| | | |2016-05-31T14:33:21.0000000Z
f1t6|llenarvasoconagua| | | |2016-05-31T14:33:27.0000000Z
f1t7|desbloquearfregadero| | | |2016-05-31T14:33:45.0000000Z
f1t8|soltarvasoagitador| | | |2016-05-31T14:34:35.0000000Z
f1t9|bloquearagitador| | | |2016-05-31T14:34:39.0000000Z
f1t10|bloquearphmetro| | | |2016-05-31T14:34:43.0000000Z
f1t11|encenderagitador| | | |2016-05-31T14:34:51.0000000Z
f1t16|agregaragar| | f1t12-f1t13-f1t14| |2016-05-31T14:36:40.0000000Z
f1t12|agregarmys| | | |2016-05-31T14:37:05.0000000Z
f1t13|agregarsacarosa| | | |2016-05-31T14:37:19.0000000Z
f1t3|releerprotocolo| | | |2016-05-31T14:38:54.0000000Z
f1t2|releerfundamentos| | | |2016-05-31T14:39:10.0000000Z
f1t14|ajustarph| | |f1t16|2016-05-31T14:43:44.0000000Z
f1t15|desbloquearphmetro| | | |2016-05-31T14:43:45.0000000Z
f1t20|apagaragitador| | ord_f1t20| |2016-05-31T14:44:17.0000000Z
f1t21|entregarbotella| | | |2016-05-31T14:44:49.0000000Z
f1t22|soltarbotellaagitador| | | |2016-05-31T14:45:08.0000000Z
f1t23|movermezclaabotella| | | |2016-05-31T14:45:52.0000000Z
f1t24|desbloquearagitador| | | |2016-05-31T14:46:04.0000000Z
f1t25|insetarbotellaenautoclave| | | |2016-05-31T14:46:55.0000000Z
f1t26|bloquearautoclave| | | |2016-05-31T14:46:59.0000000Z
f1t30|encendercabina| | | |2016-05-31T14:47:57.0000000Z
f1t31|contartiempocabina| | | |2016-05-31T14:47:58.0000000Z
f1t27|autoclavar| | | |2016-05-31T14:48:43.0000000Z
f1t28|entregarbotellaautoclavada| | | |2016-05-31T14:49:42.0000000Z
f1t29|enfriarbotella| | | |2016-05-31T14:49:43.0000000Z
f1t32|soltarbotellacabina| | | |2016-05-31T14:50:37.0000000Z
f1t33|agregariaa| | | |2016-05-31T14:51:16.0000000Z
f1t34|entregarbandeja| | | |2016-05-31T14:51:57.0000000Z
f1t35|soltarbandeja| | | |2016-05-31T14:52:37.0000000Z
f1t36|llenarbotes| | | |2016-05-31T14:52:47.0000000Z
f1t37|esterilizar| | | |2016-05-31T14:53:07.0000000Z
f1t38|entregarchopo| | | |2016-05-31T14:54:22.0000000Z
f1t39|soltarchopocabina| | | |2016-05-31T14:55:40.0000000Z
f1t40|cortarplanta| | | |2016-05-31T14:55:59.0000000Z
f1t41|adjuntarbandeja| | | |2016-05-31T14:56:04.0000000Z
f1t42|apagarcabina| | | |2016-05-31T14:56:11.0000000Z
f1t44|bloquearbasefitotron| | | |2016-05-31T14:56:52.0000000Z
f1t43|soltarbandcrecimiento| | | |2016-05-31T14:57:01.0000000Z
f1t45|crecerchopo| | | |2016-05-31T14:57:15.0000000Z
f1t46|fincrecimiento| | | |2016-05-31T14:58:27.0000000Z
f2t1|encenderpcr| | | |2016-05-31T14:59:18.0000000Z
f2t4|calentartermobloque| | | |2016-05-31T14:59:22.0000000Z
f2t3|releerprotocolo| | | |2016-05-31T15:00:19.0000000Z
f2t2|releerfundamentos| | | |2016-05-31T15:00:25.0000000Z
f2t5|entregarbandejahielo| | | |2016-05-31T15:00:53.0000000Z
f2t7|tomaradn| | | |2016-05-31T15:04:27.0000000Z
f2t9|tomaroligonucleicoder| | | |2016-05-31T15:05:07.0000000Z
f2t8|tomaroligonucleicoizq| | | |2016-05-31T15:05:15.0000000Z
f2t10|tomartamponpolimerasa| | | |2016-05-31T15:05:25.0000000Z
f2t11|tomarmgcl| | | |2016-05-31T15:05:51.0000000Z
f2t12|tomardntp| | | |2016-05-31T15:06:07.0000000Z
f2t13|tomarpolimerasa| | | |2016-05-31T15:06:25.0000000Z
f2t14|tomaraguadestilada| | | |2016-05-31T15:06:36.0000000Z
f2t25|soltarbandejapoyataprimeravez| | | |2016-05-31T15:07:05.0000000Z
f2t27|entregarboteeppendorf| | | |2016-05-31T15:07:31.0000000Z
f2t28|soltarboteeppendorf| | | |2016-05-31T15:08:31.0000000Z
f2t29|sacartuboeppendorf| | | |2016-05-31T15:08:38.0000000Z
f2t30|entregarpipetaamarilla| | | |2016-05-31T15:08:48.0000000Z
f2t32|cargarpuntaamarilla| | | |2016-05-31T15:08:59.0000000Z
f2t33|iniciarmezcla| | | |2016-05-31T15:09:01.0000000Z
f2t34|agregaradn| | | |2016-05-31T15:09:25.0000000Z
f2t36|agregaroligonucleicoder| | | |2016-05-31T15:09:31.0000000Z
f2t35|agregaroligonucleicoizq| | | |2016-05-31T15:09:35.0000000Z
f2t37|agregartamponpolimerasa| | | |2016-05-31T15:09:38.0000000Z
f2t38|agregarmgcl| | | |2016-05-31T15:09:42.0000000Z
f2t39|agregardntp| | | |2016-05-31T15:10:00.0000000Z
f2t40|agregarpolimerasa| | | |2016-05-31T15:10:04.0000000Z
f2t41|agregaraguadestilada| | | |2016-05-31T15:10:21.0000000Z
f2t26|soltarbandejapoyata| | | |2016-05-31T15:10:54.0000000Z
f2t52|finmezcla| | | |2016-05-31T15:11:36.0000000Z
f2t53|soltarpipetaamarilla| | | |2016-05-31T15:11:57.0000000Z
f2t54|entregartubomezcla| | | |2016-05-31T15:12:13.0000000Z
f2t55|abrirpcr| | | |2016-05-31T15:12:45.0000000Z
f2t56|soltarmezcla| | | |2016-05-31T15:13:13.0000000Z
f2t57|cerrarpcr| | | |2016-05-31T15:13:18.0000000Z
f2t58|amplificarfragmento| | | |2016-05-31T15:13:25.0000000Z
f2t59|entregarmezclapcr| | | |2016-05-31T15:14:24.0000000Z
f2t60|guardarpcr| | | |2016-05-31T15:14:59.0000000Z
f2t61|soltartubonevera| | | |2016-05-31T15:15:17.0000000Z
f3t1|encendertermobloque| | | |2016-05-31T15:16:10.0000000Z
f3t4|calentartermobloque| | | |2016-05-31T15:16:11.0000000Z
f3t5|entregarbandejahielo| | | |2016-05-31T15:16:23.0000000Z
f3t7|tomaradnplasmidico| | | |2016-05-31T15:19:01.0000000Z
f3t8|tomarmezclapcr| | | |2016-05-31T15:19:13.0000000Z
f3t9|tomartamponligasa| | | |2016-05-31T15:19:23.0000000Z
f3t10|tomarenzimaligasa| | | |2016-05-31T15:19:31.0000000Z
f3t11|tomaraguadestilada| | | |2016-05-31T15:19:38.0000000Z
f3t27|soltarbandejapoyata| | | |2016-05-31T15:20:18.0000000Z
f3t26|soltarbandejapoyataprimeravez| | | |2016-05-31T15:20:22.0000000Z
f3t28|sacartuboligacion| | | |2016-05-31T15:20:50.0000000Z
f3t29|entregarpipetaamarilla| | | |2016-05-31T15:21:01.0000000Z
f3t31|cargarpuntaamarilla| | | |2016-05-31T15:21:25.0000000Z
f3t32|iniciarmezcla| | | |2016-05-31T15:21:31.0000000Z
f3t33|agregaradnplasmidico| | | |2016-05-31T15:21:43.0000000Z
f3t34|agregarmezclapcr| | | |2016-05-31T15:21:49.0000000Z
f3t35|agregartamponligasa| | | |2016-05-31T15:21:54.0000000Z
f3t36|agregarenzimaligasa| | | |2016-05-31T15:22:03.0000000Z
f3t37|agregaraguadestilada| | | |2016-05-31T15:22:12.0000000Z
f3t52|finmezcla| | | |2016-05-31T15:22:28.0000000Z
f3t53|soltarpipetaamarilla| | | |2016-05-31T15:22:39.0000000Z
f3t54|entregartubomezcla| | | |2016-05-31T15:23:04.0000000Z
f3t55|abrirtermobloque| | | |2016-05-31T15:23:30.0000000Z
f3t56|soltarmezcla| | | |2016-05-31T15:24:00.0000000Z
f3t57|cerrartermobloque| | | |2016-05-31T15:24:15.0000000Z

f3t58|amplificarfragmento| | | |2016-05-31T15:24:39.0000000Z
f3t59|entregarmezclaligacion| | | |2016-05-31T15:25:00.0000000Z
f3t60|guardarligacion| | | |2016-05-31T15:25:18.0000000Z
f3t61|soltartubonevera| | | |2016-05-31T15:26:10.0000000Z
