f0crearLog|crearLog| | | |2016-05-31T14:37:34.0000000Z
f0t1|entregarbata| | | |2016-05-31T14:38:25.0000000Z
f0t2|bloquearpoyata| | | |2016-05-31T14:39:48.0000000Z
f0t3|leerfundamentos| | | |2016-05-31T14:41:54.0000000Z
f0t4|leerprotocolo| | | |2016-05-31T14:43:20.0000000Z
f0t6|releerprotocolo| | | |2016-05-31T14:43:26.0000000Z
f0t7|lavarsemanos| | | |2016-05-31T14:48:56.0000000Z
f0t8|entregarguantes| | | |2016-05-31T14:49:14.0000000Z
f1t1|entregarvaso| | | |2016-05-31T14:51:08.0000000Z
f1t4|soltarvasofregadero| | | |2016-05-31T14:52:13.0000000Z
f1t5|bloquearfregadero| | | |2016-05-31T14:52:17.0000000Z
f1t6|llenarvasoconagua| | | |2016-05-31T14:52:38.0000000Z
f1t7|desbloquearfregadero| | | |2016-05-31T14:52:55.0000000Z
f1t8|soltarvasoagitador| | | |2016-05-31T14:53:12.0000000Z
f1t9|bloquearagitador| | | |2016-05-31T14:53:16.0000000Z
f1t10|bloquearphmetro| | | |2016-05-31T14:53:20.0000000Z
f1t11|encenderagitador| | | |2016-05-31T14:54:30.0000000Z
f1t16|agregaragar| | f1t12-f1t13-f1t14| |2016-05-31T14:55:03.0000000Z
f1t12|agregarmys| | | |2016-05-31T14:55:12.0000000Z
f1t13|agregarsacarosa| | | |2016-05-31T14:55:18.0000000Z
f1t20|apagaragitador| | f1t14-ord_f1t20| |2016-05-31T14:56:27.0000000Z
f1t21|entregarbotella| | | |2016-05-31T14:56:57.0000000Z
f1t22|soltarbotellaagitador| | | |2016-05-31T14:57:26.0000000Z
f1t23|movermezclaabotella| | | |2016-05-31T14:57:33.0000000Z
f1t24|desbloquearagitador| | | |2016-05-31T14:57:46.0000000Z
f1t15|desbloquearphmetro| | | |2016-05-31T14:57:47.0000000Z
f1t25|insetarbotellaenautoclave| | | |2016-05-31T14:59:23.0000000Z
f1t26|bloquearautoclave| | | |2016-05-31T14:59:27.0000000Z
f1t27|autoclavar| | | |2016-05-31T14:59:35.0000000Z
f1t28|entregarbotellaautoclavada| | | |2016-05-31T15:00:09.0000000Z
f1t29|enfriarbotella| | | |2016-05-31T15:00:10.0000000Z
f1t30|encendercabina| | | |2016-05-31T15:03:33.0000000Z
f1t31|contartiempocabina| | | |2016-05-31T15:03:34.0000000Z
f1t32|soltarbotellacabina| | | |2016-05-31T15:04:09.0000000Z
f1t33|agregariaa| | | |2016-05-31T15:04:40.0000000Z
f1t34|entregarbandeja| | | |2016-05-31T15:06:22.0000000Z
f1t35|soltarbandeja| | | |2016-05-31T15:07:35.0000000Z
f1t36|llenarbotes| | | |2016-05-31T15:07:44.0000000Z
f1t37|esterilizar| | | |2016-05-31T15:08:18.0000000Z
f1t38|entregarchopo| | | |2016-05-31T15:09:16.0000000Z
f1t39|soltarchopocabina| | | |2016-05-31T15:10:14.0000000Z
f1t40|cortarplanta| | | |2016-05-31T15:10:29.0000000Z
f1t41|adjuntarbandeja| | | |2016-05-31T15:10:36.0000000Z
f1t42|apagarcabina| | | |2016-05-31T15:10:57.0000000Z
f1t44|bloquearbasefitotron| | | |2016-05-31T15:11:37.0000000Z
f1t43|soltarbandcrecimiento| | | |2016-05-31T15:11:48.0000000Z
f1t45|crecerchopo| | | |2016-05-31T15:12:22.0000000Z
f1t46|fincrecimiento| | | |2016-05-31T15:13:34.0000000Z
f2t1|encenderpcr| | | |2016-05-31T15:14:11.0000000Z
f2t4|calentartermobloque| | | |2016-05-31T15:14:31.0000000Z
f2t55|abrirpcr| | | |2016-05-31T15:15:54.0000000Z
f2t3|releerprotocolo| | | |2016-05-31T15:18:07.0000000Z
f2t5|entregarbandejahielo| | | |2016-05-31T15:30:19.0000000Z
f2t7|tomaradn| | | |2016-05-31T15:36:33.0000000Z
f2t9|tomaroligonucleicoder| | | |2016-05-31T15:36:40.0000000Z
f2t8|tomaroligonucleicoizq| | | |2016-05-31T15:36:48.0000000Z
f2t10|tomartamponpolimerasa| | | |2016-05-31T15:36:57.0000000Z
f2t11|tomarmgcl| | | |2016-05-31T15:37:08.0000000Z
f2t12|tomardntp| | | |2016-05-31T15:37:29.0000000Z
f2t13|tomarpolimerasa| | | |2016-05-31T15:37:40.0000000Z
f2t14|tomaraguadestilada| | | |2016-05-31T15:37:49.0000000Z
f2t26|soltarbandejapoyata| | | |2016-05-31T15:38:28.0000000Z
f2t25|soltarbandejapoyataprimeravez| | | |2016-05-31T15:38:31.0000000Z
f2t27|entregarboteeppendorf| | | |2016-05-31T15:40:15.0000000Z
f2t28|soltarboteeppendorf| | | |2016-05-31T15:41:04.0000000Z
f2t29|sacartuboeppendorf| | | |2016-05-31T15:41:16.0000000Z
f2t30|entregarpipetaamarilla| | | |2016-05-31T15:41:40.0000000Z
f2t32|cargarpuntaamarilla| | | |2016-05-31T15:41:57.0000000Z
f2t33|iniciarmezcla| | | |2016-05-31T15:42:08.0000000Z
f2t52|finmezcla| |f2t34-f2t35-f2t36-f2t37-f2t38-f2t39-f2t40-f2t41| |2016-05-31T15:42:23.0000000Z
f2t53|soltarpipetaamarilla| | | |2016-05-31T15:42:52.0000000Z
f2t54|entregartubomezcla| | | |2016-05-31T15:46:45.0000000Z
f2t56|soltarmezcla| | | |2016-05-31T15:47:55.0000000Z
f2t57|cerrarpcr| | | |2016-05-31T15:48:25.0000000Z
f2t58|amplificarfragmento| | | |2016-05-31T15:48:38.0000000Z
f2t59|entregarmezclapcr| | | |2016-05-31T15:49:15.0000000Z
f2t60|guardarpcr| | | |2016-05-31T15:49:40.0000000Z
f2t61|soltartubonevera| | | |2016-05-31T15:49:58.0000000Z
f3t1|encendertermobloque| | | |2016-05-31T15:50:26.0000000Z
f3t4|calentartermobloque| | | |2016-05-31T15:50:27.0000000Z
f3t3|releerprotocolo| | | |2016-05-31T15:50:50.0000000Z
f3t55|abrirtermobloque| | | |2016-05-31T15:52:17.0000000Z
f3t5|entregarbandejahielo| | | |2016-05-31T15:53:26.0000000Z
f3t7|tomaradnplasmidico| | | |2016-05-31T15:57:19.0000000Z
f3t8|tomarmezclapcr| | | |2016-05-31T15:57:34.0000000Z
f3t9|tomartamponligasa| | | |2016-05-31T15:57:45.0000000Z
f3t10|tomarenzimaligasa| | | |2016-05-31T15:57:55.0000000Z
f3t11|tomaraguadestilada| | | |2016-05-31T15:58:13.0000000Z
f3t27|soltarbandejapoyata| | | |2016-05-31T15:58:55.0000000Z
f3t26|soltarbandejapoyataprimeravez| | | |2016-05-31T15:59:13.0000000Z
f3t28|sacartuboligacion| | | |2016-05-31T15:59:23.0000000Z
f3t29|entregarpipetaamarilla| | | |2016-05-31T15:59:40.0000000Z
f3t31|cargarpuntaamarilla| | | |2016-05-31T15:59:58.0000000Z
f3t32|iniciarmezcla| | | |2016-05-31T16:00:09.0000000Z
f3t33|agregaradnplasmidico| | | |2016-05-31T16:00:24.0000000Z
f3t34|agregarmezclapcr| | | |2016-05-31T16:00:33.0000000Z
f3t35|agregartamponligasa| | | |2016-05-31T16:00:38.0000000Z
f3t36|agregarenzimaligasa| | | |2016-05-31T16:00:42.0000000Z
f3t37|agregaraguadestilada| | | |2016-05-31T16:00:47.0000000Z
f3t52|finmezcla| | | |2016-05-31T16:01:47.0000000Z
f3t53|soltarpipetaamarilla| | | |2016-05-31T16:01:57.0000000Z
f3t54|entregartubomezcla| | | |2016-05-31T16:02:06.0000000Z
f3t56|soltarmezcla| | | |2016-05-31T16:03:01.0000000Z
f3t57|cerrartermobloque| | | |2016-05-31T16:03:07.0000000Z

f3t58|amplificarfragmento| | | |2016-05-31T16:03:34.0000000Z
f3t59|entregarmezclaligacion| | | |2016-05-31T16:03:54.0000000Z
f3t60|guardarligacion| | | |2016-05-31T16:04:19.0000000Z
f3t61|soltartubonevera| | | |2016-05-31T16:04:32.0000000Z
