accionrealizada|f1t6|llenarvasoconagua|llenarvasoconagua|2016-05-23T14:17:18.0000000Z
dependenciabloq|f1t33|agregariaa|f1t32|2016-05-23T14:29:36.0000000Z
dependenciabloq|f1t33|agregariaa|f1t32|2016-05-23T14:29:52.0000000Z
dependenciabloq|f1t28|entregarbotellaautoclavada|f1t27|2016-05-23T14:33:21.0000000Z
dependenciabloq|f1t40|cortarplanta|f1t39|2016-05-23T14:40:44.0000000Z
accionrealizada|f1t38|entregarchopo|entregarchopo|2016-05-23T14:45:22.0000000Z
accionrealizada|f2t5|entregarbandejahielo|entregarbandejahielo|2016-05-23T14:47:45.0000000Z
dependenciabloq|f2t22|tomartampote|f2t6|2016-05-23T14:53:26.0000000Z
dependenciabloq|f2t33|iniciarmezcla|f2t29|2016-05-23T14:53:50.0000000Z
dependenciabloq|f2t33|iniciarmezcla|f2t29|2016-05-23T14:53:53.0000000Z
dependenciabloq|f2t33|iniciarmezcla|f2t29|2016-05-23T14:53:58.0000000Z
dependenciabloq|f2t33|iniciarmezcla|f2t29|2016-05-23T14:54:09.0000000Z
dependenciabloq|f2t33|iniciarmezcla|f2t29|2016-05-23T14:54:16.0000000Z
dependenciabloq|f2t33|iniciarmezcla|f2t29|2016-05-23T14:54:19.0000000Z
dependenciabloq|f2t33|iniciarmezcla|f2t29|2016-05-23T14:54:22.0000000Z
accionrealizada|f2t5|entregarbandejahielo|entregarbandejahielo|2016-05-23T14:54:43.0000000Z
accionrealizada|f2t5|entregarbandejahielo|entregarbandejahielo|2016-05-23T14:54:51.0000000Z
accionrealizada|f2t31|adjuntarpipetaamarilla|adjuntarpipetaamarilla|2016-05-23T14:57:14.0000000Z
accionrealizada|f2t31|adjuntarpipetaamarilla|adjuntarpipetaamarilla|2016-05-23T14:57:22.0000000Z
accionrealizada|f2t33|iniciarmezcla|iniciarmezcla|2016-05-23T14:57:32.0000000Z
accionrealizada|f2t33|iniciarmezcla|iniciarmezcla|2016-05-23T14:57:35.0000000Z
accionrealizada|f2t31|adjuntarpipetaamarilla|adjuntarpipetaamarilla|2016-05-23T14:58:58.0000000Z
accionrealizada|f2t32|cargarpuntaamarilla|cargarpuntaamarilla|2016-05-23T14:59:02.0000000Z
accionrealizada|f2t33|iniciarmezcla|iniciarmezcla|2016-05-23T14:59:14.0000000Z
accionrealizada|f2t33|iniciarmezcla|iniciarmezcla|2016-05-23T14:59:17.0000000Z
accionrealizada|f2t49|agregartampote|agregartampote|2016-05-23T15:00:10.0000000Z
dependenciasnobloq|f2t52|finmezcla|f2t34-f2t35-f2t37-f2t38-f2t39-f2t41|2016-05-23T15:00:27.0000000Z
incompatibilidadnobloq|f2t52|finmezcla|f2t49|2016-05-23T15:00:28.0000000Z
accionrealizada|f2t52|finmezcla|finmezcla|2016-05-23T15:00:37.0000000Z
accionrealizada|f2t55|abrirpcr|abrirpcr|2016-05-23T15:01:30.0000000Z
accionrealizada|f2t57|cerrarpcr|cerrarpcr|2016-05-23T15:01:45.0000000Z
accionnoencontrada| |encendertermobloque| |2016-05-23T15:05:50.0000000Z
accionrealizada|f3t11|tomaraguadestilada|tomaraguadestilada|2016-05-23T15:11:53.0000000Z
accionrealizada|f3t8|tomarmezclapcr|tomarmezclapcr|2016-05-23T15:12:16.0000000Z
accionrealizada|f3t55|abrirtermobloque|abrirtermobloque|2016-05-23T15:13:23.0000000Z
accionrealizada|f3t27|soltarbandejapoyata|soltarbandejapoyata|2016-05-23T15:13:59.0000000Z
accionrealizada|f3t27|soltarbandejapoyata|soltarbandejapoyata|2016-05-23T15:14:10.0000000Z
accionrealizada|f3t28|sacartuboligacion|sacartuboligacion|2016-05-23T15:14:47.0000000Z
dependenciabloq|f3t32|iniciarmezcla|f3t31|2016-05-23T15:16:21.0000000Z
accionrealizada|f3t31|cargarpuntaamarilla|cargarpuntaamarilla|2016-05-23T15:16:33.0000000Z
accionrealizada|f3t33|agregaradnplasmidico|agregaradnplasmidico|2016-05-23T15:18:03.0000000Z
accionrealizada|f3t54|entregartubomezcla|entregartubomezcla|2016-05-23T15:18:52.0000000Z
dependenciabloq|f3t57|cerrartermobloque|f3t56|2016-05-23T15:19:10.0000000Z
dependenciabloq|f3t57|cerrartermobloque|f3t56|2016-05-23T15:19:33.0000000Z
