f0crearLog|crearLog| | | |2016-05-23T14:03:16.0000000Z
f0t1|entregarbata| | | |2016-05-23T14:04:20.0000000Z
f0t2|bloquearpoyata| | | |2016-05-23T14:05:28.0000000Z
f0t3|leerfundamentos| | | |2016-05-23T14:06:31.0000000Z
f0t4|leerprotocolo| | | |2016-05-23T14:12:09.0000000Z
f0t7|lavarsemanos| | | |2016-05-23T14:14:29.0000000Z
f0t8|entregarguantes| | | |2016-05-23T14:14:52.0000000Z
f1t1|entregarvaso| | | |2016-05-23T14:16:21.0000000Z
f1t4|soltarvasofregadero| | | |2016-05-23T14:17:04.0000000Z
f1t5|bloquearfregadero| | | |2016-05-23T14:17:08.0000000Z
f1t6|llenarvasoconagua| | | |2016-05-23T14:17:13.0000000Z
f1t7|desbloquearfregadero| | | |2016-05-23T14:17:30.0000000Z
f1t8|soltarvasoagitador| | | |2016-05-23T14:17:41.0000000Z
f1t9|bloquearagitador| | | |2016-05-23T14:17:45.0000000Z
f1t10|bloquearphmetro| | | |2016-05-23T14:17:49.0000000Z
f1t11|encenderagitador| | | |2016-05-23T14:18:01.0000000Z
f1t12|agregarmys| | | |2016-05-23T14:19:01.0000000Z
f1t13|agregarsacarosa| | | |2016-05-23T14:19:09.0000000Z
f1t14|ajustarph| | | |2016-05-23T14:19:36.0000000Z
f1t15|desbloquearphmetro| | | |2016-05-23T14:19:37.0000000Z
f1t16|agregaragar| | | |2016-05-23T14:20:03.0000000Z
f1t3|releerprotocolo| | | |2016-05-23T14:21:03.0000000Z
f1t20|apagaragitador| | | |2016-05-23T14:30:21.0000000Z
f1t21|entregarbotella| | | |2016-05-23T14:30:43.0000000Z
f1t22|soltarbotellaagitador| | | |2016-05-23T14:31:12.0000000Z
f1t23|movermezclaabotella| | | |2016-05-23T14:31:20.0000000Z
f1t24|desbloquearagitador| | | |2016-05-23T14:31:33.0000000Z
f1t25|insetarbotellaenautoclave| | | |2016-05-23T14:33:03.0000000Z
f1t26|bloquearautoclave| | | |2016-05-23T14:33:08.0000000Z
f1t27|autoclavar| | | |2016-05-23T14:33:15.0000000Z
f1t30|encendercabina| | | |2016-05-23T14:34:30.0000000Z
f1t31|contartiempocabina| | | |2016-05-23T14:34:31.0000000Z
f1t28|entregarbotellaautoclavada| | | |2016-05-23T14:36:21.0000000Z
f1t29|enfriarbotella| | | |2016-05-23T14:36:22.0000000Z
f1t32|soltarbotellacabina| | | |2016-05-23T14:37:21.0000000Z
f1t33|agregariaa| | | |2016-05-23T14:37:54.0000000Z
f1t34|entregarbandeja| | | |2016-05-23T14:39:11.0000000Z
f1t35|soltarbandeja| | | |2016-05-23T14:39:53.0000000Z
f1t36|llenarbotes| | | |2016-05-23T14:40:05.0000000Z
f1t37|esterilizar| | | |2016-05-23T14:41:07.0000000Z
f1t38|entregarchopo| | | |2016-05-23T14:42:11.0000000Z
f1t39|soltarchopocabina| | | |2016-05-23T14:43:16.0000000Z
f1t40|cortarplanta| | | |2016-05-23T14:43:29.0000000Z
f1t41|adjuntarbandeja| | | |2016-05-23T14:43:34.0000000Z
f1t42|apagarcabina| | | |2016-05-23T14:44:02.0000000Z
f1t44|bloquearbasefitotron| | | |2016-05-23T14:44:47.0000000Z
f1t43|soltarbandcrecimiento| | | |2016-05-23T14:44:51.0000000Z
f1t45|crecerchopo| | | |2016-05-23T14:45:08.0000000Z
f1t46|fincrecimiento| | | |2016-05-23T14:46:13.0000000Z
f2t1|encenderpcr| | | |2016-05-23T14:47:10.0000000Z
f2t4|calentartermobloque| | | |2016-05-23T14:47:11.0000000Z
f2t5|entregarbandejahielo| | | |2016-05-23T14:47:28.0000000Z
f2t3|releerprotocolo| | | |2016-05-23T14:48:41.0000000Z
f2t25|soltarbandejapoyataprimeravez| | | |2016-05-23T14:52:32.0000000Z
f2t27|entregarboteeppendorf| | | |2016-05-23T14:55:29.0000000Z
f2t28|soltarboteeppendorf| | | |2016-05-23T14:55:55.0000000Z
f2t29|sacartuboeppendorf| | | |2016-05-23T14:56:02.0000000Z
f2t30|entregarpipetaamarilla| | | |2016-05-23T14:56:25.0000000Z
f2t32|cargarpuntaamarilla| | | |2016-05-23T14:56:57.0000000Z
f2t22|tomartampote| | | |2016-05-23T14:58:01.0000000Z
f2t13|tomarpolimerasa| | | |2016-05-23T14:58:18.0000000Z
f2t9|tomaroligonucleicoder| | | |2016-05-23T14:58:30.0000000Z
f2t26|soltarbandejapoyata| | | |2016-05-23T14:58:47.0000000Z
f2t33|iniciarmezcla| | | |2016-05-23T14:59:08.0000000Z
f2t40|agregarpolimerasa| | | |2016-05-23T14:59:31.0000000Z
f2t36|agregaroligonucleicoder| | | |2016-05-23T14:59:48.0000000Z
f2t49|agregartampote| | | |2016-05-23T14:59:58.0000000Z
f2t52|finmezcla| |f2t34-f2t35-f2t37-f2t38-f2t39-f2t41|f2t49|2016-05-23T15:00:31.0000000Z
f2t53|soltarpipetaamarilla| | | |2016-05-23T15:00:44.0000000Z
f2t54|entregartubomezcla| | | |2016-05-23T15:00:57.0000000Z
f2t55|abrirpcr| | | |2016-05-23T15:01:24.0000000Z
f2t56|soltarmezcla| | | |2016-05-23T15:01:34.0000000Z
f2t57|cerrarpcr| | | |2016-05-23T15:01:42.0000000Z
f2t58|amplificarfragmento| | | |2016-05-23T15:02:07.0000000Z
f2t59|entregarmezclapcr| | | |2016-05-23T15:02:49.0000000Z
f2t60|guardarpcr| | | |2016-05-23T15:04:36.0000000Z
f2t61|soltartubonevera| | | |2016-05-23T15:04:56.0000000Z
f3t1|encendertermobloque| | | |2016-05-23T15:05:43.0000000Z
f3t4|calentartermobloque| | | |2016-05-23T15:05:51.0000000Z
f3t3|releerprotocolo| | | |2016-05-23T15:06:07.0000000Z
f3t5|entregarbandejahielo| | | |2016-05-23T15:07:52.0000000Z
f3t10|tomarenzimaligasa| | | |2016-05-23T15:10:04.0000000Z
f3t9|tomartamponligasa| | | |2016-05-23T15:10:18.0000000Z
f3t8|tomarmezclapcr| | | |2016-05-23T15:11:19.0000000Z
f3t11|tomaraguadestilada| | | |2016-05-23T15:11:35.0000000Z
f3t7|tomaradnplasmidico| | | |2016-05-23T15:11:42.0000000Z
f3t55|abrirtermobloque| | | |2016-05-23T15:12:51.0000000Z
f3t27|soltarbandejapoyata| | | |2016-05-23T15:13:50.0000000Z
f3t26|soltarbandejapoyataprimeravez| | | |2016-05-23T15:14:17.0000000Z
f3t28|sacartuboligacion| | | |2016-05-23T15:14:43.0000000Z
f3t29|entregarpipetaamarilla| | | |2016-05-23T15:15:15.0000000Z
f3t31|cargarpuntaamarilla| | | |2016-05-23T15:16:30.0000000Z
f3t32|iniciarmezcla| | | |2016-05-23T15:16:44.0000000Z
f3t34|agregarmezclapcr| | | |2016-05-23T15:17:00.0000000Z
f3t37|agregaraguadestilada| | | |2016-05-23T15:17:17.0000000Z
f3t33|agregaradnplasmidico| | | |2016-05-23T15:17:32.0000000Z
f3t36|agregarenzimaligasa| | | |2016-05-23T15:17:42.0000000Z
f3t35|agregartamponligasa| | | |2016-05-23T15:17:53.0000000Z
f3t52|finmezcla| | | |2016-05-23T15:18:24.0000000Z
f3t53|soltarpipetaamarilla| | | |2016-05-23T15:18:41.0000000Z
f3t54|entregartubomezcla| | | |2016-05-23T15:18:48.0000000Z
f3t56|soltarmezcla| | | |2016-05-23T15:19:40.0000000Z
f3t57|cerrartermobloque| | | |2016-05-23T15:19:45.0000000Z

f3t58|amplificarfragmento| | | |2016-05-23T15:20:06.0000000Z
f3t59|entregarmezclaligacion| | | |2016-05-23T15:20:16.0000000Z
f3t60|guardarligacion| | | |2016-05-23T15:20:35.0000000Z
f3t61|soltartubonevera| | | |2016-05-23T15:20:47.0000000Z
